[2026-05-19T17:38:49.137+0000] {local_task_job_runner.py:120} INFO - ::group::Pre task execution logs
[2026-05-19T17:38:49.219+0000] {taskinstance.py:2076} INFO - Dependencies all met for dep_context=non-requeueable deps ti=<TaskInstance: weekly_data_pipeline.run_booking_scraper manual__2026-05-19T17:38:35.676858+00:00 [queued]>
[2026-05-19T17:38:49.268+0000] {taskinstance.py:2076} INFO - Dependencies all met for dep_context=requeueable deps ti=<TaskInstance: weekly_data_pipeline.run_booking_scraper manual__2026-05-19T17:38:35.676858+00:00 [queued]>
[2026-05-19T17:38:49.273+0000] {taskinstance.py:2306} INFO - Starting attempt 1 of 2
[2026-05-19T17:38:49.443+0000] {taskinstance.py:2330} INFO - Executing <Task(BashOperator): run_booking_scraper> on 2026-05-19 17:38:35.676858+00:00
[2026-05-19T17:38:49.478+0000] {warnings.py:110} WARNING - /home/***/.local/lib/python3.12/site-packages/***/task/task_runner/standard_task_runner.py:61: DeprecationWarning: This process (pid=2147) is multi-threaded, use of fork() may lead to deadlocks in the child.
  pid = os.fork()

[2026-05-19T17:38:49.474+0000] {standard_task_runner.py:90} INFO - Running: ['***', 'tasks', 'run', 'weekly_data_pipeline', 'run_booking_scraper', 'manual__2026-05-19T17:38:35.676858+00:00', '--job-id', '15', '--raw', '--subdir', 'DAGS_FOLDER/weekly_pipeline.py', '--cfg-path', '/tmp/tmpb2xr1uwq']
[2026-05-19T17:38:49.493+0000] {standard_task_runner.py:63} INFO - Started process 2149 to run task
[2026-05-19T17:38:49.504+0000] {standard_task_runner.py:91} INFO - Job 15: Subtask run_booking_scraper
[2026-05-19T17:38:49.676+0000] {task_command.py:426} INFO - Running <TaskInstance: weekly_data_pipeline.run_booking_scraper manual__2026-05-19T17:38:35.676858+00:00 [running]> on host 241dc414be10
[2026-05-19T17:38:49.969+0000] {taskinstance.py:2648} INFO - Exporting env vars: AIRFLOW_CTX_DAG_OWNER='koka' AIRFLOW_CTX_DAG_ID='weekly_data_pipeline' AIRFLOW_CTX_TASK_ID='run_booking_scraper' AIRFLOW_CTX_EXECUTION_DATE='2026-05-19T17:38:35.676858+00:00' AIRFLOW_CTX_TRY_NUMBER='1' AIRFLOW_CTX_DAG_RUN_ID='manual__2026-05-19T17:38:35.676858+00:00'
[2026-05-19T17:38:49.970+0000] {taskinstance.py:430} INFO - ::endgroup::
[2026-05-19T17:38:50.004+0000] {subprocess.py:63} INFO - Tmp dir root location: /tmp
[2026-05-19T17:38:50.007+0000] {subprocess.py:75} INFO - Running command: ['/usr/bin/bash', '-c', 'python /opt/***/scripts/booking_scraper.py']
[2026-05-19T17:38:50.033+0000] {subprocess.py:86} INFO - Output:
[2026-05-19T18:00:40.559+0000] {subprocess.py:93} INFO - 
[2026-05-19T18:00:40.616+0000] {subprocess.py:93} INFO - ==================================================
[2026-05-19T18:00:40.620+0000] {subprocess.py:93} INFO - 🏙️  Scraping: Alexandria
[2026-05-19T18:00:40.624+0000] {subprocess.py:93} INFO - ==================================================
[2026-05-19T18:00:40.627+0000] {subprocess.py:93} INFO - 🔌 Connecting to Selenium Grid (attempt 1/5)...
[2026-05-19T18:00:40.629+0000] {subprocess.py:93} INFO - ✅ Connected to Selenium Grid.
[2026-05-19T18:00:40.632+0000] {subprocess.py:93} INFO - 🌍 Opening search: https://www.booking.com/searchresults.html?ss=Alexandria&checkin=2026-07-10&checkout=2026-07-15&group_adults=2&no_rooms=1&group_children=0&selected_currency=USD&lang=en-us&soz=1
[2026-05-19T18:00:40.635+0000] {subprocess.py:93} INFO - 🏨 Loaded cards: 25
[2026-05-19T18:00:40.637+0000] {subprocess.py:93} INFO - ✅ Reached target of 25 hotels.
[2026-05-19T18:00:40.639+0000] {subprocess.py:93} INFO - 🔍 Found 25 hotel cards on current page
[2026-05-19T18:00:40.642+0000] {subprocess.py:93} INFO - 🔌 Connecting to Selenium Grid (attempt 1/5)...
[2026-05-19T18:00:40.643+0000] {subprocess.py:93} INFO - 🔌 Connecting to Selenium Grid (attempt 1/5)...
[2026-05-19T18:00:40.644+0000] {subprocess.py:93} INFO - 🔌 Connecting to Selenium Grid (attempt 1/5)...
[2026-05-19T18:00:40.646+0000] {subprocess.py:93} INFO - ✅ Connected to Selenium Grid.
[2026-05-19T18:00:40.648+0000] {subprocess.py:93} INFO - ✅ Connected to Selenium Grid.
[2026-05-19T18:00:40.650+0000] {subprocess.py:93} INFO - ✅ Connected to Selenium Grid.
[2026-05-19T18:00:40.652+0000] {subprocess.py:93} INFO - 🔌 Connecting to Selenium Grid (attempt 1/5)...
[2026-05-19T18:00:40.654+0000] {subprocess.py:93} INFO - 🔌 Connecting to Selenium Grid (attempt 1/5)...
[2026-05-19T18:00:40.657+0000] {subprocess.py:93} INFO - ✅ Connected to Selenium Grid.
[2026-05-19T18:00:40.658+0000] {subprocess.py:93} INFO - ✅ Connected to Selenium Grid.
[2026-05-19T18:00:40.659+0000] {subprocess.py:93} INFO - 🔌 Connecting to Selenium Grid (attempt 1/5)...
[2026-05-19T18:00:40.661+0000] {subprocess.py:93} INFO - ✅ Connected to Selenium Grid.
[2026-05-19T18:00:40.663+0000] {subprocess.py:93} INFO - 🔌 Connecting to Selenium Grid (attempt 1/5)...
[2026-05-19T18:00:40.702+0000] {subprocess.py:93} INFO - ✅ Connected to Selenium Grid.
[2026-05-19T18:00:40.704+0000] {subprocess.py:93} INFO - 🔌 Connecting to Selenium Grid (attempt 1/5)...
[2026-05-19T18:00:40.705+0000] {subprocess.py:93} INFO - ✅ Connected to Selenium Grid.
[2026-05-19T18:00:40.707+0000] {subprocess.py:93} INFO - 🔌 Connecting to Selenium Grid (attempt 1/5)...
[2026-05-19T18:00:40.708+0000] {subprocess.py:93} INFO - 🔌 Connecting to Selenium Grid (attempt 1/5)...
[2026-05-19T18:00:40.709+0000] {subprocess.py:93} INFO - ✅ Connected to Selenium Grid.
[2026-05-19T18:00:40.709+0000] {subprocess.py:93} INFO - ✅ Connected to Selenium Grid.
[2026-05-19T18:00:40.710+0000] {subprocess.py:93} INFO - 🔌 Connecting to Selenium Grid (attempt 1/5)...
[2026-05-19T18:00:40.711+0000] {subprocess.py:93} INFO - ✅ Connected to Selenium Grid.
[2026-05-19T18:00:40.712+0000] {subprocess.py:93} INFO - 🔌 Connecting to Selenium Grid (attempt 1/5)...
[2026-05-19T18:00:40.714+0000] {subprocess.py:93} INFO - ✅ Connected to Selenium Grid.
[2026-05-19T18:00:40.714+0000] {subprocess.py:93} INFO - 🔌 Connecting to Selenium Grid (attempt 1/5)...
[2026-05-19T18:00:40.715+0000] {subprocess.py:93} INFO - ✅ Connected to Selenium Grid.
[2026-05-19T18:00:40.716+0000] {subprocess.py:93} INFO - 🔌 Connecting to Selenium Grid (attempt 1/5)...
[2026-05-19T18:00:40.717+0000] {subprocess.py:93} INFO - ✅ Connected to Selenium Grid.
[2026-05-19T18:00:40.718+0000] {subprocess.py:93} INFO - 🔌 Connecting to Selenium Grid (attempt 1/5)...
[2026-05-19T18:00:40.719+0000] {subprocess.py:93} INFO - ✅ Connected to Selenium Grid.
[2026-05-19T18:00:40.719+0000] {subprocess.py:93} INFO - 🔌 Connecting to Selenium Grid (attempt 1/5)...
[2026-05-19T18:00:40.720+0000] {subprocess.py:93} INFO - ✅ Connected to Selenium Grid.
[2026-05-19T18:00:40.721+0000] {subprocess.py:93} INFO - 🔌 Connecting to Selenium Grid (attempt 1/5)...
[2026-05-19T18:00:40.722+0000] {subprocess.py:93} INFO - ✅ Connected to Selenium Grid.
[2026-05-19T18:00:40.723+0000] {subprocess.py:93} INFO - 🔌 Connecting to Selenium Grid (attempt 1/5)...
[2026-05-19T18:00:40.723+0000] {subprocess.py:93} INFO - ✅ Connected to Selenium Grid.
[2026-05-19T18:00:40.724+0000] {subprocess.py:93} INFO - 🔌 Connecting to Selenium Grid (attempt 1/5)...
[2026-05-19T18:00:40.726+0000] {subprocess.py:93} INFO - ✅ Connected to Selenium Grid.
[2026-05-19T18:00:40.727+0000] {subprocess.py:93} INFO - 🔌 Connecting to Selenium Grid (attempt 1/5)...
[2026-05-19T18:00:40.728+0000] {subprocess.py:93} INFO - ✅ Connected to Selenium Grid.
[2026-05-19T18:00:40.729+0000] {subprocess.py:93} INFO - 🔌 Connecting to Selenium Grid (attempt 1/5)...
[2026-05-19T18:00:40.729+0000] {subprocess.py:93} INFO - ✅ Connected to Selenium Grid.
[2026-05-19T18:00:40.730+0000] {subprocess.py:93} INFO - 🔌 Connecting to Selenium Grid (attempt 1/5)...
[2026-05-19T18:00:40.731+0000] {subprocess.py:93} INFO - ✅ Connected to Selenium Grid.
[2026-05-19T18:00:40.731+0000] {subprocess.py:93} INFO - 🔌 Connecting to Selenium Grid (attempt 1/5)...
[2026-05-19T18:00:40.732+0000] {subprocess.py:93} INFO - ✅ Connected to Selenium Grid.
[2026-05-19T18:00:40.733+0000] {subprocess.py:93} INFO - 🔌 Connecting to Selenium Grid (attempt 1/5)...
[2026-05-19T18:00:40.734+0000] {subprocess.py:93} INFO - ✅ Connected to Selenium Grid.
[2026-05-19T18:00:40.734+0000] {subprocess.py:93} INFO - 🔌 Connecting to Selenium Grid (attempt 1/5)...
[2026-05-19T18:00:40.735+0000] {subprocess.py:93} INFO - ✅ Connected to Selenium Grid.
[2026-05-19T18:00:40.736+0000] {subprocess.py:93} INFO - 
[2026-05-19T18:00:40.736+0000] {subprocess.py:93} INFO - 💾 Saved 25 hotels   → Alexandria_2026-05-19_booking.csv
[2026-05-19T18:00:40.737+0000] {subprocess.py:93} INFO - 💾 Saved 140 room rows → Alexandria_2026-05-19_booking_rooms.csv
[2026-05-19T18:00:40.738+0000] {subprocess.py:93} INFO -                                      Hotel Name  Price  ...  Longitude Distance (km)
[2026-05-19T18:00:40.739+0000] {subprocess.py:93} INFO - 0                        Tolip Hotel Alexandria    465  ...  29.946027        180.59
[2026-05-19T18:00:40.740+0000] {subprocess.py:93} INFO - 1  grey l studio apartments Corniche Alexandria    155  ...  29.901481        181.23
[2026-05-19T18:00:40.741+0000] {subprocess.py:93} INFO - 2                  Palestine Montaza Alexandria    535  ...  30.017722        180.63
[2026-05-19T18:00:40.742+0000] {subprocess.py:93} INFO - 3                      Rixos Montaza Alexandria    764  ...  30.015993        180.78
[2026-05-19T18:00:40.743+0000] {subprocess.py:93} INFO - 4                                Alex inn Rooms     68  ...        NaN           N/A
[2026-05-19T18:00:40.744+0000] {subprocess.py:93} INFO - 
[2026-05-19T18:00:40.750+0000] {subprocess.py:93} INFO - [5 rows x 8 columns]
[2026-05-19T18:00:40.750+0000] {subprocess.py:93} INFO - 
[2026-05-19T18:00:40.751+0000] {subprocess.py:93} INFO - --- Rooms preview ---
[2026-05-19T18:00:40.752+0000] {subprocess.py:93} INFO -                                      Hotel Name  ...                                       Your choices
[2026-05-19T18:00:40.753+0000] {subprocess.py:93} INFO - 0                  Palestine Montaza Alexandria  ...  Good breakfast included Free cancellation befo...
[2026-05-19T18:00:40.753+0000] {subprocess.py:93} INFO - 1                  Palestine Montaza Alexandria  ...  Good breakfast included Free cancellation befo...
[2026-05-19T18:00:40.754+0000] {subprocess.py:93} INFO - 2  grey l studio apartments Corniche Alexandria  ...                                                N/A
[2026-05-19T18:00:40.755+0000] {subprocess.py:93} INFO - 3  grey l studio apartments Corniche Alexandria  ...                                                N/A
[2026-05-19T18:00:40.755+0000] {subprocess.py:93} INFO - 4  grey l studio apartments Corniche Alexandria  ...                                                N/A
[2026-05-19T18:00:40.756+0000] {subprocess.py:93} INFO - 
[2026-05-19T18:00:40.756+0000] {subprocess.py:93} INFO - [5 rows x 6 columns]
[2026-05-19T18:00:40.757+0000] {subprocess.py:93} INFO - 
[2026-05-19T18:00:40.758+0000] {subprocess.py:93} INFO - ==================================================
[2026-05-19T18:00:40.759+0000] {subprocess.py:93} INFO - 🏙️  Scraping: Cairo
[2026-05-19T18:00:40.759+0000] {subprocess.py:93} INFO - ==================================================
[2026-05-19T18:00:40.761+0000] {subprocess.py:93} INFO - 🔌 Connecting to Selenium Grid (attempt 1/5)...
[2026-05-19T18:00:40.761+0000] {subprocess.py:93} INFO - ✅ Connected to Selenium Grid.
[2026-05-19T18:00:40.762+0000] {subprocess.py:93} INFO - 🌍 Opening search: https://www.booking.com/searchresults.html?ss=Cairo&checkin=2026-07-10&checkout=2026-07-15&group_adults=2&no_rooms=1&group_children=0&selected_currency=USD&lang=en-us&soz=1
[2026-05-19T18:00:40.763+0000] {subprocess.py:93} INFO - 🏨 Loaded cards: 25
[2026-05-19T18:00:40.764+0000] {subprocess.py:93} INFO - ✅ Reached target of 25 hotels.
[2026-05-19T18:00:40.765+0000] {subprocess.py:93} INFO - 🔍 Found 25 hotel cards on current page
[2026-05-19T18:00:40.765+0000] {subprocess.py:93} INFO - 🔌 Connecting to Selenium Grid (attempt 1/5)...
[2026-05-19T18:00:40.766+0000] {subprocess.py:93} INFO - 🔌 Connecting to Selenium Grid (attempt 1/5)...
[2026-05-19T18:00:40.767+0000] {subprocess.py:93} INFO - 🔌 Connecting to Selenium Grid (attempt 1/5)...
[2026-05-19T18:00:40.768+0000] {subprocess.py:93} INFO - ✅ Connected to Selenium Grid.
[2026-05-19T18:00:40.768+0000] {subprocess.py:93} INFO - ✅ Connected to Selenium Grid.
[2026-05-19T18:00:40.770+0000] {subprocess.py:93} INFO - ✅ Connected to Selenium Grid.
[2026-05-19T18:00:40.771+0000] {subprocess.py:93} INFO - 🔌 Connecting to Selenium Grid (attempt 1/5)...
[2026-05-19T18:00:40.771+0000] {subprocess.py:93} INFO - ✅ Connected to Selenium Grid.
[2026-05-19T18:00:40.772+0000] {subprocess.py:93} INFO - 🔌 Connecting to Selenium Grid (attempt 1/5)...
[2026-05-19T18:00:40.773+0000] {subprocess.py:93} INFO - ✅ Connected to Selenium Grid.
[2026-05-19T18:00:40.777+0000] {subprocess.py:93} INFO - 🔌 Connecting to Selenium Grid (attempt 1/5)...
[2026-05-19T18:00:40.778+0000] {subprocess.py:93} INFO - ✅ Connected to Selenium Grid.
[2026-05-19T18:00:40.782+0000] {subprocess.py:93} INFO - 🔌 Connecting to Selenium Grid (attempt 1/5)...
[2026-05-19T18:00:40.783+0000] {subprocess.py:93} INFO - ✅ Connected to Selenium Grid.
[2026-05-19T18:00:40.784+0000] {subprocess.py:93} INFO - 🔌 Connecting to Selenium Grid (attempt 1/5)...
[2026-05-19T18:00:40.785+0000] {subprocess.py:93} INFO - ✅ Connected to Selenium Grid.
[2026-05-19T18:00:40.786+0000] {subprocess.py:93} INFO - 🔌 Connecting to Selenium Grid (attempt 1/5)...
[2026-05-19T18:00:40.787+0000] {subprocess.py:93} INFO - ✅ Connected to Selenium Grid.
[2026-05-19T18:00:40.787+0000] {subprocess.py:93} INFO - 🔌 Connecting to Selenium Grid (attempt 1/5)...
[2026-05-19T18:00:40.788+0000] {subprocess.py:93} INFO - ✅ Connected to Selenium Grid.
[2026-05-19T18:00:40.788+0000] {subprocess.py:93} INFO - 🔌 Connecting to Selenium Grid (attempt 1/5)...
[2026-05-19T18:00:40.790+0000] {subprocess.py:93} INFO - ✅ Connected to Selenium Grid.
[2026-05-19T18:00:40.790+0000] {subprocess.py:93} INFO - 🔌 Connecting to Selenium Grid (attempt 1/5)...
[2026-05-19T18:00:40.791+0000] {subprocess.py:93} INFO - ✅ Connected to Selenium Grid.
[2026-05-19T18:00:40.792+0000] {subprocess.py:93} INFO - 🔌 Connecting to Selenium Grid (attempt 1/5)...
[2026-05-19T18:00:40.793+0000] {subprocess.py:93} INFO - ✅ Connected to Selenium Grid.
[2026-05-19T18:00:40.793+0000] {subprocess.py:93} INFO - 🔌 Connecting to Selenium Grid (attempt 1/5)...
[2026-05-19T18:00:40.794+0000] {subprocess.py:93} INFO - ✅ Connected to Selenium Grid.
[2026-05-19T18:00:40.794+0000] {subprocess.py:93} INFO - 🔌 Connecting to Selenium Grid (attempt 1/5)...
[2026-05-19T18:00:40.795+0000] {subprocess.py:93} INFO - ✅ Connected to Selenium Grid.
[2026-05-19T18:00:40.796+0000] {subprocess.py:93} INFO - 🔌 Connecting to Selenium Grid (attempt 1/5)...
[2026-05-19T18:00:40.796+0000] {subprocess.py:93} INFO - ✅ Connected to Selenium Grid.
[2026-05-19T18:00:40.797+0000] {subprocess.py:93} INFO - 🔌 Connecting to Selenium Grid (attempt 1/5)...
[2026-05-19T18:00:40.798+0000] {subprocess.py:93} INFO - ✅ Connected to Selenium Grid.
[2026-05-19T18:00:40.798+0000] {subprocess.py:93} INFO - 🔌 Connecting to Selenium Grid (attempt 1/5)...
[2026-05-19T18:00:40.799+0000] {subprocess.py:93} INFO - ✅ Connected to Selenium Grid.
[2026-05-19T18:00:40.800+0000] {subprocess.py:93} INFO - 🔌 Connecting to Selenium Grid (attempt 1/5)...
[2026-05-19T18:00:40.800+0000] {subprocess.py:93} INFO - ✅ Connected to Selenium Grid.
[2026-05-19T18:00:40.801+0000] {subprocess.py:93} INFO - 🔌 Connecting to Selenium Grid (attempt 1/5)...
[2026-05-19T18:00:40.801+0000] {subprocess.py:93} INFO - ✅ Connected to Selenium Grid.
[2026-05-19T18:00:40.802+0000] {subprocess.py:93} INFO - 🔌 Connecting to Selenium Grid (attempt 1/5)...
[2026-05-19T18:00:40.802+0000] {subprocess.py:93} INFO - ✅ Connected to Selenium Grid.
[2026-05-19T18:00:40.803+0000] {subprocess.py:93} INFO - 🔌 Connecting to Selenium Grid (attempt 1/5)...
[2026-05-19T18:00:40.803+0000] {subprocess.py:93} INFO - ✅ Connected to Selenium Grid.
[2026-05-19T18:00:40.804+0000] {subprocess.py:93} INFO - 🔌 Connecting to Selenium Grid (attempt 1/5)...
[2026-05-19T18:00:40.804+0000] {subprocess.py:93} INFO - ✅ Connected to Selenium Grid.
[2026-05-19T18:00:40.805+0000] {subprocess.py:93} INFO - 🔌 Connecting to Selenium Grid (attempt 1/5)...
[2026-05-19T18:00:40.805+0000] {subprocess.py:93} INFO - ✅ Connected to Selenium Grid.
[2026-05-19T18:00:40.806+0000] {subprocess.py:93} INFO - 🔌 Connecting to Selenium Grid (attempt 1/5)...
[2026-05-19T18:00:40.807+0000] {subprocess.py:93} INFO - ✅ Connected to Selenium Grid.
[2026-05-19T18:00:40.807+0000] {subprocess.py:93} INFO - 
[2026-05-19T18:00:40.808+0000] {subprocess.py:93} INFO - 💾 Saved 25 hotels   → Cairo_2026-05-19_booking.csv
[2026-05-19T18:00:40.809+0000] {subprocess.py:93} INFO - 💾 Saved 183 room rows → Cairo_2026-05-19_booking_rooms.csv
[2026-05-19T18:00:40.809+0000] {subprocess.py:93} INFO -                     Hotel Name  Price  ...  Longitude Distance (km)
[2026-05-19T18:00:40.810+0000] {subprocess.py:93} INFO - 0  Familio Prince Pyramids INn     82  ...  31.142301         11.86
[2026-05-19T18:00:40.811+0000] {subprocess.py:93} INFO - 1      Hilton Cairo Grand Nile    510  ...  31.227007          1.44
[2026-05-19T18:00:40.811+0000] {subprocess.py:93} INFO - 2  Square Hotel El-Tahrir View    330  ...  31.236659          0.09
[2026-05-19T18:00:40.812+0000] {subprocess.py:93} INFO - 3        La Mira Pyramids View    112  ...  31.141074         11.87
[2026-05-19T18:00:40.812+0000] {subprocess.py:93} INFO - 4  Lotus Hotel - Golden Square    364  ...  31.519158         27.61
[2026-05-19T18:00:40.813+0000] {subprocess.py:93} INFO - 
[2026-05-19T18:00:40.814+0000] {subprocess.py:93} INFO - [5 rows x 8 columns]
[2026-05-19T18:00:40.814+0000] {subprocess.py:93} INFO - 
[2026-05-19T18:00:40.815+0000] {subprocess.py:93} INFO - --- Rooms preview ---
[2026-05-19T18:00:40.815+0000] {subprocess.py:93} INFO -                     Hotel Name  ...                                       Your choices
[2026-05-19T18:00:40.816+0000] {subprocess.py:93} INFO - 0  Familio Prince Pyramids INn  ...  Continental breakfast included Free cancellati...
[2026-05-19T18:00:40.816+0000] {subprocess.py:93} INFO - 1  Familio Prince Pyramids INn  ...  Continental breakfast included Free cancellati...
[2026-05-19T18:00:40.817+0000] {subprocess.py:93} INFO - 2  Familio Prince Pyramids INn  ...  Continental breakfast included Free cancellati...
[2026-05-19T18:00:40.817+0000] {subprocess.py:93} INFO - 3  Square Hotel El-Tahrir View  ...  Continental breakfast included Free cancellati...
[2026-05-19T18:00:40.818+0000] {subprocess.py:93} INFO - 4  Square Hotel El-Tahrir View  ...  Continental breakfast included Free cancellati...
[2026-05-19T18:00:40.819+0000] {subprocess.py:93} INFO - 
[2026-05-19T18:00:40.819+0000] {subprocess.py:93} INFO - [5 rows x 6 columns]
[2026-05-19T18:00:40.826+0000] {subprocess.py:93} INFO - 
[2026-05-19T18:00:40.827+0000] {subprocess.py:93} INFO - ==================================================
[2026-05-19T18:00:40.828+0000] {subprocess.py:93} INFO - 🏙️  Scraping: Luxor
[2026-05-19T18:00:40.828+0000] {subprocess.py:93} INFO - ==================================================
[2026-05-19T18:00:40.829+0000] {subprocess.py:93} INFO - 🔌 Connecting to Selenium Grid (attempt 1/5)...
[2026-05-19T18:00:40.829+0000] {subprocess.py:93} INFO - ✅ Connected to Selenium Grid.
[2026-05-19T18:00:40.829+0000] {subprocess.py:93} INFO - 🌍 Opening search: https://www.booking.com/searchresults.html?ss=Luxor&checkin=2026-07-10&checkout=2026-07-15&group_adults=2&no_rooms=1&group_children=0&selected_currency=USD&lang=en-us&soz=1
[2026-05-19T18:00:40.831+0000] {subprocess.py:93} INFO - 🏨 Loaded cards: 25
[2026-05-19T18:00:40.831+0000] {subprocess.py:93} INFO - ✅ Reached target of 25 hotels.
[2026-05-19T18:00:40.832+0000] {subprocess.py:93} INFO - 🔍 Found 25 hotel cards on current page
[2026-05-19T18:00:40.833+0000] {subprocess.py:93} INFO - 🔌 Connecting to Selenium Grid (attempt 1/5)...
[2026-05-19T18:00:40.833+0000] {subprocess.py:93} INFO - 🔌 Connecting to Selenium Grid (attempt 1/5)...
[2026-05-19T18:22:25.015+0000] {subprocess.py:93} INFO - 🔌 Connecting to Selenium Grid (attempt 1/5)...
[2026-05-19T18:22:25.016+0000] {subprocess.py:93} INFO - ✅ Connected to Selenium Grid.
[2026-05-19T18:22:25.017+0000] {subprocess.py:93} INFO - ✅ Connected to Selenium Grid.
[2026-05-19T18:22:25.018+0000] {subprocess.py:93} INFO - ✅ Connected to Selenium Grid.
[2026-05-19T18:22:25.019+0000] {subprocess.py:93} INFO - 🔌 Connecting to Selenium Grid (attempt 1/5)...
[2026-05-19T18:22:25.020+0000] {subprocess.py:93} INFO - ✅ Connected to Selenium Grid.
[2026-05-19T18:22:25.020+0000] {subprocess.py:93} INFO - 🔌 Connecting to Selenium Grid (attempt 1/5)...
[2026-05-19T18:22:25.021+0000] {subprocess.py:93} INFO - ✅ Connected to Selenium Grid.
[2026-05-19T18:22:25.022+0000] {subprocess.py:93} INFO - 🔌 Connecting to Selenium Grid (attempt 1/5)...
[2026-05-19T18:22:25.022+0000] {subprocess.py:93} INFO - ✅ Connected to Selenium Grid.
[2026-05-19T18:22:25.023+0000] {subprocess.py:93} INFO - 🔌 Connecting to Selenium Grid (attempt 1/5)...
[2026-05-19T18:22:25.025+0000] {subprocess.py:93} INFO - ✅ Connected to Selenium Grid.
[2026-05-19T18:22:25.025+0000] {subprocess.py:93} INFO - 🔌 Connecting to Selenium Grid (attempt 1/5)...
[2026-05-19T18:22:25.026+0000] {subprocess.py:93} INFO - ✅ Connected to Selenium Grid.
[2026-05-19T18:22:25.027+0000] {subprocess.py:93} INFO - 🔌 Connecting to Selenium Grid (attempt 1/5)...
[2026-05-19T18:22:25.028+0000] {subprocess.py:93} INFO - ✅ Connected to Selenium Grid.
[2026-05-19T18:22:25.028+0000] {subprocess.py:93} INFO - 🔌 Connecting to Selenium Grid (attempt 1/5)...
[2026-05-19T18:22:25.029+0000] {subprocess.py:93} INFO - ✅ Connected to Selenium Grid.
[2026-05-19T18:22:25.029+0000] {subprocess.py:93} INFO - 🔌 Connecting to Selenium Grid (attempt 1/5)...
[2026-05-19T18:22:25.030+0000] {subprocess.py:93} INFO - ✅ Connected to Selenium Grid.
[2026-05-19T18:22:25.030+0000] {subprocess.py:93} INFO - 🔌 Connecting to Selenium Grid (attempt 1/5)...
[2026-05-19T18:22:25.031+0000] {subprocess.py:93} INFO - ✅ Connected to Selenium Grid.
[2026-05-19T18:22:25.032+0000] {subprocess.py:93} INFO - 🔌 Connecting to Selenium Grid (attempt 1/5)...
[2026-05-19T18:22:25.032+0000] {subprocess.py:93} INFO - ✅ Connected to Selenium Grid.
[2026-05-19T18:22:25.033+0000] {subprocess.py:93} INFO - 🔌 Connecting to Selenium Grid (attempt 1/5)...
[2026-05-19T18:22:25.034+0000] {subprocess.py:93} INFO - ✅ Connected to Selenium Grid.
[2026-05-19T18:22:25.034+0000] {subprocess.py:93} INFO - 🔌 Connecting to Selenium Grid (attempt 1/5)...
[2026-05-19T18:22:25.035+0000] {subprocess.py:93} INFO - ✅ Connected to Selenium Grid.
[2026-05-19T18:22:25.036+0000] {subprocess.py:93} INFO - 🔌 Connecting to Selenium Grid (attempt 1/5)...
[2026-05-19T18:22:25.037+0000] {subprocess.py:93} INFO - ✅ Connected to Selenium Grid.
[2026-05-19T18:22:25.038+0000] {subprocess.py:93} INFO - 🔌 Connecting to Selenium Grid (attempt 1/5)...
[2026-05-19T18:22:25.038+0000] {subprocess.py:93} INFO - ✅ Connected to Selenium Grid.
[2026-05-19T18:22:25.039+0000] {subprocess.py:93} INFO - 🔌 Connecting to Selenium Grid (attempt 1/5)...
[2026-05-19T18:22:25.040+0000] {subprocess.py:93} INFO - ✅ Connected to Selenium Grid.
[2026-05-19T18:22:25.040+0000] {subprocess.py:93} INFO - 🔌 Connecting to Selenium Grid (attempt 1/5)...
[2026-05-19T18:22:25.041+0000] {subprocess.py:93} INFO - ✅ Connected to Selenium Grid.
[2026-05-19T18:22:25.042+0000] {subprocess.py:93} INFO - 🔌 Connecting to Selenium Grid (attempt 1/5)...
[2026-05-19T18:22:25.042+0000] {subprocess.py:93} INFO - ✅ Connected to Selenium Grid.
[2026-05-19T18:22:25.043+0000] {subprocess.py:93} INFO - 🔌 Connecting to Selenium Grid (attempt 1/5)...
[2026-05-19T18:22:25.043+0000] {subprocess.py:93} INFO - ✅ Connected to Selenium Grid.
[2026-05-19T18:22:25.044+0000] {subprocess.py:93} INFO - 🔌 Connecting to Selenium Grid (attempt 1/5)...
[2026-05-19T18:22:25.044+0000] {subprocess.py:93} INFO - ✅ Connected to Selenium Grid.
[2026-05-19T18:22:25.045+0000] {subprocess.py:93} INFO - 🔌 Connecting to Selenium Grid (attempt 1/5)...
[2026-05-19T18:22:25.046+0000] {subprocess.py:93} INFO - ✅ Connected to Selenium Grid.
[2026-05-19T18:22:25.046+0000] {subprocess.py:93} INFO - 🔌 Connecting to Selenium Grid (attempt 1/5)...
[2026-05-19T18:22:25.047+0000] {subprocess.py:93} INFO - ✅ Connected to Selenium Grid.
[2026-05-19T18:22:25.048+0000] {subprocess.py:93} INFO - 
[2026-05-19T18:22:25.049+0000] {subprocess.py:93} INFO - 💾 Saved 25 hotels   → Luxor_2026-05-19_booking.csv
[2026-05-19T18:22:25.049+0000] {subprocess.py:93} INFO - 💾 Saved 164 room rows → Luxor_2026-05-19_booking_rooms.csv
[2026-05-19T18:22:25.050+0000] {subprocess.py:93} INFO -                                           Hotel Name  ... Distance (km)
[2026-05-19T18:22:25.051+0000] {subprocess.py:93} INFO - 0                              Nefertiti Hotel Luxor  ...        500.79
[2026-05-19T18:22:25.051+0000] {subprocess.py:93} INFO - 1                                                N/A  ...           N/A
[2026-05-19T18:22:25.052+0000] {subprocess.py:93} INFO - 2  Steigenberger Nile Palace Luxor - Convention C...  ...        502.02
[2026-05-19T18:22:25.054+0000] {subprocess.py:93} INFO - 3                                                     ...        501.53
[2026-05-19T18:22:25.054+0000] {subprocess.py:93} INFO - 4                                                     ...        498.12
[2026-05-19T18:22:25.055+0000] {subprocess.py:93} INFO - 
[2026-05-19T18:22:25.055+0000] {subprocess.py:93} INFO - [5 rows x 8 columns]
[2026-05-19T18:22:25.056+0000] {subprocess.py:93} INFO - 
[2026-05-19T18:22:25.056+0000] {subprocess.py:93} INFO - --- Rooms preview ---
[2026-05-19T18:22:25.057+0000] {subprocess.py:93} INFO -               Hotel Name  ...                                       Your choices
[2026-05-19T18:22:25.057+0000] {subprocess.py:93} INFO - 0                         ...                                                N/A
[2026-05-19T18:22:25.058+0000] {subprocess.py:93} INFO - 1                         ...                                                N/A
[2026-05-19T18:22:25.058+0000] {subprocess.py:93} INFO - 2                         ...  Exceptional breakfast included Free cancellati...
[2026-05-19T18:22:25.059+0000] {subprocess.py:93} INFO - 3                         ...  Exceptional breakfast included Free cancellati...
[2026-05-19T18:22:25.059+0000] {subprocess.py:93} INFO - 4  Nefertiti Hotel Luxor  ...                                                N/A
[2026-05-19T18:22:25.060+0000] {subprocess.py:93} INFO - 
[2026-05-19T18:22:25.060+0000] {subprocess.py:93} INFO - [5 rows x 6 columns]
[2026-05-19T18:22:25.061+0000] {subprocess.py:93} INFO - 
[2026-05-19T18:22:25.061+0000] {subprocess.py:93} INFO - ==================================================
[2026-05-19T18:22:25.062+0000] {subprocess.py:93} INFO - 🏙️  Scraping: Sharm El Sheikh
[2026-05-19T18:22:25.062+0000] {subprocess.py:93} INFO - ==================================================
[2026-05-19T18:22:25.063+0000] {subprocess.py:93} INFO - 🔌 Connecting to Selenium Grid (attempt 1/5)...
[2026-05-19T18:22:25.064+0000] {subprocess.py:93} INFO - ✅ Connected to Selenium Grid.
[2026-05-19T18:22:25.065+0000] {subprocess.py:93} INFO - 🌍 Opening search: https://www.booking.com/searchresults.html?ss=Sharm+El+Sheikh&checkin=2026-07-10&checkout=2026-07-15&group_adults=2&no_rooms=1&group_children=0&selected_currency=USD&lang=en-us&soz=1
[2026-05-19T18:22:25.067+0000] {subprocess.py:93} INFO - 🏨 Loaded cards: 25
[2026-05-19T18:22:25.067+0000] {subprocess.py:93} INFO - ✅ Reached target of 25 hotels.
[2026-05-19T18:22:25.068+0000] {subprocess.py:93} INFO - 🔍 Found 25 hotel cards on current page
[2026-05-19T18:22:25.069+0000] {subprocess.py:93} INFO - 🔌 Connecting to Selenium Grid (attempt 1/5)...
[2026-05-19T18:22:25.069+0000] {subprocess.py:93} INFO - 🔌 Connecting to Selenium Grid (attempt 1/5)...
[2026-05-19T18:22:25.070+0000] {subprocess.py:93} INFO - 🔌 Connecting to Selenium Grid (attempt 1/5)...
[2026-05-19T18:22:25.070+0000] {subprocess.py:93} INFO - ✅ Connected to Selenium Grid.
[2026-05-19T18:22:25.071+0000] {subprocess.py:93} INFO - ✅ Connected to Selenium Grid.
[2026-05-19T18:22:25.071+0000] {subprocess.py:93} INFO - ✅ Connected to Selenium Grid.
[2026-05-19T18:22:25.072+0000] {subprocess.py:93} INFO - 🔌 Connecting to Selenium Grid (attempt 1/5)...
[2026-05-19T18:22:25.072+0000] {subprocess.py:93} INFO - ✅ Connected to Selenium Grid.
[2026-05-19T18:22:25.073+0000] {subprocess.py:93} INFO - 🔌 Connecting to Selenium Grid (attempt 1/5)...
[2026-05-19T18:22:25.073+0000] {subprocess.py:93} INFO - ✅ Connected to Selenium Grid.
[2026-05-19T18:22:25.074+0000] {subprocess.py:93} INFO - 🔌 Connecting to Selenium Grid (attempt 1/5)...
[2026-05-19T18:22:25.074+0000] {subprocess.py:93} INFO - ✅ Connected to Selenium Grid.
[2026-05-19T18:22:25.076+0000] {subprocess.py:93} INFO - 🔌 Connecting to Selenium Grid (attempt 1/5)...
[2026-05-19T18:22:25.076+0000] {subprocess.py:93} INFO - ✅ Connected to Selenium Grid.
[2026-05-19T18:22:25.077+0000] {subprocess.py:93} INFO - 🔌 Connecting to Selenium Grid (attempt 1/5)...
[2026-05-19T18:22:25.077+0000] {subprocess.py:93} INFO - ✅ Connected to Selenium Grid.
[2026-05-19T18:22:25.078+0000] {subprocess.py:93} INFO - 🔌 Connecting to Selenium Grid (attempt 1/5)...
[2026-05-19T18:22:25.078+0000] {subprocess.py:93} INFO - ✅ Connected to Selenium Grid.
[2026-05-19T18:22:25.079+0000] {subprocess.py:93} INFO - 🔌 Connecting to Selenium Grid (attempt 1/5)...
[2026-05-19T18:22:25.079+0000] {subprocess.py:93} INFO - ✅ Connected to Selenium Grid.
[2026-05-19T18:22:25.080+0000] {subprocess.py:93} INFO - 🔌 Connecting to Selenium Grid (attempt 1/5)...
[2026-05-19T18:22:25.080+0000] {subprocess.py:93} INFO - ✅ Connected to Selenium Grid.
[2026-05-19T18:22:25.080+0000] {subprocess.py:93} INFO - 🔌 Connecting to Selenium Grid (attempt 1/5)...
[2026-05-19T18:22:25.081+0000] {subprocess.py:93} INFO - ✅ Connected to Selenium Grid.
[2026-05-19T18:22:25.082+0000] {subprocess.py:93} INFO - 🔌 Connecting to Selenium Grid (attempt 1/5)...
[2026-05-19T18:22:25.082+0000] {subprocess.py:93} INFO - ✅ Connected to Selenium Grid.
[2026-05-19T18:22:25.082+0000] {subprocess.py:93} INFO - 🔌 Connecting to Selenium Grid (attempt 1/5)...
[2026-05-19T18:22:25.083+0000] {subprocess.py:93} INFO - ✅ Connected to Selenium Grid.
[2026-05-19T18:22:25.083+0000] {subprocess.py:93} INFO - 🔌 Connecting to Selenium Grid (attempt 1/5)...
[2026-05-19T18:22:25.084+0000] {subprocess.py:93} INFO - ✅ Connected to Selenium Grid.
[2026-05-19T18:22:25.084+0000] {subprocess.py:93} INFO - 🔌 Connecting to Selenium Grid (attempt 1/5)...
[2026-05-19T18:22:25.085+0000] {subprocess.py:93} INFO - ✅ Connected to Selenium Grid.
[2026-05-19T18:22:25.085+0000] {subprocess.py:93} INFO - 🔌 Connecting to Selenium Grid (attempt 1/5)...
[2026-05-19T18:22:25.086+0000] {subprocess.py:93} INFO - ✅ Connected to Selenium Grid.
[2026-05-19T18:22:25.086+0000] {subprocess.py:93} INFO - 🔌 Connecting to Selenium Grid (attempt 1/5)...
[2026-05-19T18:22:25.087+0000] {subprocess.py:93} INFO - ✅ Connected to Selenium Grid.
[2026-05-19T18:22:25.087+0000] {subprocess.py:93} INFO - 🔌 Connecting to Selenium Grid (attempt 1/5)...
[2026-05-19T18:22:25.088+0000] {subprocess.py:93} INFO - ✅ Connected to Selenium Grid.
[2026-05-19T18:22:25.088+0000] {subprocess.py:93} INFO - 🔌 Connecting to Selenium Grid (attempt 1/5)...
[2026-05-19T18:22:25.089+0000] {subprocess.py:93} INFO - ✅ Connected to Selenium Grid.
[2026-05-19T18:22:25.089+0000] {subprocess.py:93} INFO - 🔌 Connecting to Selenium Grid (attempt 1/5)...
[2026-05-19T18:22:25.090+0000] {subprocess.py:93} INFO - ✅ Connected to Selenium Grid.
[2026-05-19T18:22:25.090+0000] {subprocess.py:93} INFO - 🔌 Connecting to Selenium Grid (attempt 1/5)...
[2026-05-19T18:22:25.091+0000] {subprocess.py:93} INFO - 🔌 Connecting to Selenium Grid (attempt 1/5)...
[2026-05-19T18:22:25.091+0000] {subprocess.py:93} INFO - ✅ Connected to Selenium Grid.
[2026-05-19T18:22:25.092+0000] {subprocess.py:93} INFO - ✅ Connected to Selenium Grid.
[2026-05-19T18:22:25.092+0000] {subprocess.py:93} INFO - 🔌 Connecting to Selenium Grid (attempt 1/5)...
[2026-05-19T18:22:25.092+0000] {subprocess.py:93} INFO - ✅ Connected to Selenium Grid.
[2026-05-19T18:22:25.093+0000] {subprocess.py:93} INFO - 🔌 Connecting to Selenium Grid (attempt 1/5)...
[2026-05-19T18:22:25.093+0000] {subprocess.py:93} INFO - ✅ Connected to Selenium Grid.
[2026-05-19T18:22:25.094+0000] {subprocess.py:93} INFO - 
[2026-05-19T18:22:25.094+0000] {subprocess.py:93} INFO - 💾 Saved 25 hotels   → Sharm El Sheikh_2026-05-19_booking.csv
[2026-05-19T18:22:25.094+0000] {subprocess.py:93} INFO - 💾 Saved 257 room rows → Sharm El Sheikh_2026-05-19_booking_rooms.csv
[2026-05-19T18:22:25.095+0000] {subprocess.py:93} INFO -                                        Hotel Name  ...  Distance (km)
[2026-05-19T18:22:25.095+0000] {subprocess.py:93} INFO - 0            Royal Monte-Carlo Sharm Resort & SPA  ...         385.52
[2026-05-19T18:22:25.096+0000] {subprocess.py:93} INFO - 1  DoubleTree by Hilton Sharm El Sheikh Sharm Bay  ...         384.83
[2026-05-19T18:22:25.096+0000] {subprocess.py:93} INFO - 2                  Continental Plaza Beach Resort  ...         384.65
[2026-05-19T18:22:25.097+0000] {subprocess.py:93} INFO - 3                   Hotel Novotel Sharm El-Sheikh  ...         382.92
[2026-05-19T18:22:25.097+0000] {subprocess.py:93} INFO - 4                     Charmillion Sea Life Resort  ...         384.87
[2026-05-19T18:22:25.098+0000] {subprocess.py:93} INFO - 
[2026-05-19T18:22:25.098+0000] {subprocess.py:93} INFO - [5 rows x 8 columns]
[2026-05-19T18:22:25.098+0000] {subprocess.py:93} INFO - 
[2026-05-19T18:22:25.099+0000] {subprocess.py:93} INFO - --- Rooms preview ---
[2026-05-19T18:22:25.099+0000] {subprocess.py:93} INFO -                        Hotel Name  ... Your choices
[2026-05-19T18:22:25.100+0000] {subprocess.py:93} INFO - 0  Continental Plaza Beach Resort  ...          N/A
[2026-05-19T18:22:25.100+0000] {subprocess.py:93} INFO - 1  Continental Plaza Beach Resort  ...          N/A
[2026-05-19T18:22:25.101+0000] {subprocess.py:93} INFO - 2  Continental Plaza Beach Resort  ...          N/A
[2026-05-19T18:22:25.101+0000] {subprocess.py:93} INFO - 3  Continental Plaza Beach Resort  ...          N/A
[2026-05-19T18:22:25.101+0000] {subprocess.py:93} INFO - 4  Continental Plaza Beach Resort  ...          N/A
[2026-05-19T18:22:25.102+0000] {subprocess.py:93} INFO - 
[2026-05-19T18:22:25.102+0000] {subprocess.py:93} INFO - [5 rows x 6 columns]
[2026-05-19T18:22:25.103+0000] {subprocess.py:93} INFO - 
[2026-05-19T18:22:25.103+0000] {subprocess.py:93} INFO - ✅ Booking scraping complete.
[2026-05-19T18:22:25.507+0000] {subprocess.py:97} INFO - Command exited with return code 0
[2026-05-19T18:22:25.540+0000] {taskinstance.py:441} INFO - ::group::Post task execution logs
[2026-05-19T18:22:25.934+0000] {taskinstance.py:1206} INFO - Marking task as SUCCESS. dag_id=weekly_data_pipeline, task_id=run_booking_scraper, run_id=manual__2026-05-19T17:38:35.676858+00:00, execution_date=20260519T173835, start_date=20260519T173849, end_date=20260519T182225
[2026-05-19T18:22:26.063+0000] {local_task_job_runner.py:240} INFO - Task exited with return code 0
[2026-05-19T18:22:26.281+0000] {taskinstance.py:3498} INFO - 1 downstream tasks scheduled from follow-on schedule check
[2026-05-19T18:22:26.284+0000] {local_task_job_runner.py:222} INFO - ::endgroup::
