[2026-05-19T12:06:23.981+0000] {local_task_job_runner.py:120} INFO - ::group::Pre task execution logs
[2026-05-19T12:06:24.022+0000] {taskinstance.py:2076} INFO - Dependencies all met for dep_context=non-requeueable deps ti=<TaskInstance: weekly_data_pipeline.run_transform scheduled__2026-05-11T08:00:00+00:00 [queued]>
[2026-05-19T12:06:24.034+0000] {taskinstance.py:2076} INFO - Dependencies all met for dep_context=requeueable deps ti=<TaskInstance: weekly_data_pipeline.run_transform scheduled__2026-05-11T08:00:00+00:00 [queued]>
[2026-05-19T12:06:24.035+0000] {taskinstance.py:2306} INFO - Starting attempt 1 of 2
[2026-05-19T12:06:24.054+0000] {taskinstance.py:2330} INFO - Executing <Task(BashOperator): run_transform> on 2026-05-11 08:00:00+00:00
[2026-05-19T12:06:24.064+0000] {warnings.py:110} WARNING - /home/***/.local/lib/python3.12/site-packages/***/task/task_runner/standard_task_runner.py:61: DeprecationWarning: This process (pid=1238) is multi-threaded, use of fork() may lead to deadlocks in the child.
  pid = os.fork()

[2026-05-19T12:06:24.067+0000] {standard_task_runner.py:63} INFO - Started process 1239 to run task
[2026-05-19T12:06:24.067+0000] {standard_task_runner.py:90} INFO - Running: ['***', 'tasks', 'run', 'weekly_data_pipeline', 'run_transform', 'scheduled__2026-05-11T08:00:00+00:00', '--job-id', '11', '--raw', '--subdir', 'DAGS_FOLDER/weekly_pipeline.py', '--cfg-path', '/tmp/tmp4khedm_s']
[2026-05-19T12:06:24.069+0000] {standard_task_runner.py:91} INFO - Job 11: Subtask run_transform
[2026-05-19T12:06:24.161+0000] {task_command.py:426} INFO - Running <TaskInstance: weekly_data_pipeline.run_transform scheduled__2026-05-11T08:00:00+00:00 [running]> on host 241dc414be10
[2026-05-19T12:06:24.296+0000] {taskinstance.py:2648} INFO - Exporting env vars: AIRFLOW_CTX_DAG_OWNER='koka' AIRFLOW_CTX_DAG_ID='weekly_data_pipeline' AIRFLOW_CTX_TASK_ID='run_transform' AIRFLOW_CTX_EXECUTION_DATE='2026-05-11T08:00:00+00:00' AIRFLOW_CTX_TRY_NUMBER='1' AIRFLOW_CTX_DAG_RUN_ID='scheduled__2026-05-11T08:00:00+00:00'
[2026-05-19T12:06:24.297+0000] {taskinstance.py:430} INFO - ::endgroup::
[2026-05-19T12:06:24.328+0000] {subprocess.py:63} INFO - Tmp dir root location: /tmp
[2026-05-19T12:06:24.330+0000] {subprocess.py:75} INFO - Running command: ['/usr/bin/bash', '-c', 'python /opt/***/scripts/transformation_script.py']
[2026-05-19T12:06:24.347+0000] {subprocess.py:86} INFO - Output:
[2026-05-19T12:06:26.557+0000] {subprocess.py:93} INFO - 🚀 Starting transformation pipeline...
[2026-05-19T12:06:26.557+0000] {subprocess.py:93} INFO -    Scraping dir : /opt/***/scraping_scripts/Data_files
[2026-05-19T12:06:26.558+0000] {subprocess.py:93} INFO -    Database dir : /opt/***/database/Data_files
[2026-05-19T12:06:26.559+0000] {subprocess.py:93} INFO - 
[2026-05-19T12:06:26.559+0000] {subprocess.py:93} INFO - 📂 Preparing: restaurants
[2026-05-19T12:06:26.560+0000] {subprocess.py:93} INFO -   ✔ Loaded [alexandria]: alex_2026-05-19_talabat.csv
[2026-05-19T12:06:26.560+0000] {subprocess.py:93} INFO -   ✔ Loaded [cairo]: cairo_2026-05-19_talabat.csv
[2026-05-19T12:06:26.561+0000] {subprocess.py:93} INFO -   ✔ Saved 60 rows → restaurants.csv
[2026-05-19T12:06:26.561+0000] {subprocess.py:93} INFO - 
[2026-05-19T12:06:26.562+0000] {subprocess.py:93} INFO - 📂 Preparing: hotels
[2026-05-19T12:06:26.563+0000] {subprocess.py:93} INFO -   ✔ Loaded [alexandria]: Alexandria_2026-05-19_booking.csv
[2026-05-19T12:06:26.563+0000] {subprocess.py:93} INFO -   ✔ Loaded [cairo]: Cairo_2026-05-19_booking.csv
[2026-05-19T12:06:26.564+0000] {subprocess.py:93} INFO -   ✔ Loaded [luxor]: Luxor_2026-05-19_booking.csv
[2026-05-19T12:06:26.564+0000] {subprocess.py:93} INFO -   ✔ Loaded [sharm]: Sharm El Sheikh_2026-05-19_booking.csv
[2026-05-19T12:06:26.565+0000] {subprocess.py:93} INFO -   ✔ Saved 100 rows → hotels.csv
[2026-05-19T12:06:26.565+0000] {subprocess.py:93} INFO - 
[2026-05-19T12:06:26.566+0000] {subprocess.py:93} INFO - 📂 Preparing: room_hotels
[2026-05-19T12:06:26.567+0000] {subprocess.py:93} INFO -   ✔ Loaded [alexandria]: Alexandria_2026-05-19_booking_rooms.csv
[2026-05-19T12:06:26.568+0000] {subprocess.py:93} INFO -   ✔ Loaded [cairo]: Cairo_2026-05-19_booking_rooms.csv
[2026-05-19T12:06:26.569+0000] {subprocess.py:93} INFO -   ✔ Loaded [luxor]: Luxor_2026-05-19_booking_rooms.csv
[2026-05-19T12:06:26.569+0000] {subprocess.py:93} INFO -   ✔ Loaded [sharm]: Sharm El Sheikh_2026-05-19_booking_rooms.csv
[2026-05-19T12:06:26.570+0000] {subprocess.py:93} INFO -   ✔ Saved 727 rows → room_hotels.csv
[2026-05-19T12:06:26.571+0000] {subprocess.py:93} INFO - 
[2026-05-19T12:06:26.572+0000] {subprocess.py:93} INFO - 📂 Preparing: places (column rename only)
[2026-05-19T12:06:26.572+0000] {subprocess.py:93} INFO -   ✔ Saved 391 rows → places.csv
[2026-05-19T12:06:26.573+0000] {subprocess.py:93} INFO - 
[2026-05-19T12:06:26.574+0000] {subprocess.py:93} INFO - ✅ All transformations complete.
[2026-05-19T12:06:26.649+0000] {subprocess.py:97} INFO - Command exited with return code 0
[2026-05-19T12:06:26.651+0000] {taskinstance.py:441} INFO - ::group::Post task execution logs
[2026-05-19T12:06:26.689+0000] {taskinstance.py:1206} INFO - Marking task as SUCCESS. dag_id=weekly_data_pipeline, task_id=run_transform, run_id=scheduled__2026-05-11T08:00:00+00:00, execution_date=20260511T080000, start_date=20260519T120624, end_date=20260519T120626
[2026-05-19T12:06:26.739+0000] {local_task_job_runner.py:240} INFO - Task exited with return code 0
[2026-05-19T12:06:26.780+0000] {taskinstance.py:3498} INFO - 1 downstream tasks scheduled from follow-on schedule check
[2026-05-19T12:06:26.782+0000] {local_task_job_runner.py:222} INFO - ::endgroup::
