[2026-05-19T18:22:32.770+0000] {local_task_job_runner.py:120} INFO - ::group::Pre task execution logs
[2026-05-19T18:22:32.807+0000] {taskinstance.py:2076} INFO - Dependencies all met for dep_context=non-requeueable deps ti=<TaskInstance: weekly_data_pipeline.run_save_to_supabase manual__2026-05-19T17:38:35.676858+00:00 [queued]>
[2026-05-19T18:22:32.822+0000] {taskinstance.py:2076} INFO - Dependencies all met for dep_context=requeueable deps ti=<TaskInstance: weekly_data_pipeline.run_save_to_supabase manual__2026-05-19T17:38:35.676858+00:00 [queued]>
[2026-05-19T18:22:32.823+0000] {taskinstance.py:2306} INFO - Starting attempt 1 of 2
[2026-05-19T18:22:32.846+0000] {taskinstance.py:2330} INFO - Executing <Task(BashOperator): run_save_to_supabase> on 2026-05-19 17:38:35.676858+00:00
[2026-05-19T18:22:32.855+0000] {warnings.py:110} WARNING - /home/***/.local/lib/python3.12/site-packages/***/task/task_runner/standard_task_runner.py:61: DeprecationWarning: This process (pid=2662) is multi-threaded, use of fork() may lead to deadlocks in the child.
  pid = os.fork()

[2026-05-19T18:22:32.858+0000] {standard_task_runner.py:63} INFO - Started process 2663 to run task
[2026-05-19T18:22:32.858+0000] {standard_task_runner.py:90} INFO - Running: ['***', 'tasks', 'run', 'weekly_data_pipeline', 'run_save_to_supabase', 'manual__2026-05-19T17:38:35.676858+00:00', '--job-id', '18', '--raw', '--subdir', 'DAGS_FOLDER/weekly_pipeline.py', '--cfg-path', '/tmp/tmpugf5zhmw']
[2026-05-19T18:22:32.860+0000] {standard_task_runner.py:91} INFO - Job 18: Subtask run_save_to_supabase
[2026-05-19T18:22:32.968+0000] {task_command.py:426} INFO - Running <TaskInstance: weekly_data_pipeline.run_save_to_supabase manual__2026-05-19T17:38:35.676858+00:00 [running]> on host 241dc414be10
[2026-05-19T18:22:33.164+0000] {taskinstance.py:2648} INFO - Exporting env vars: AIRFLOW_CTX_DAG_OWNER='koka' AIRFLOW_CTX_DAG_ID='weekly_data_pipeline' AIRFLOW_CTX_TASK_ID='run_save_to_supabase' AIRFLOW_CTX_EXECUTION_DATE='2026-05-19T17:38:35.676858+00:00' AIRFLOW_CTX_TRY_NUMBER='1' AIRFLOW_CTX_DAG_RUN_ID='manual__2026-05-19T17:38:35.676858+00:00'
[2026-05-19T18:22:33.171+0000] {taskinstance.py:430} INFO - ::endgroup::
[2026-05-19T18:22:33.212+0000] {subprocess.py:63} INFO - Tmp dir root location: /tmp
[2026-05-19T18:22:33.214+0000] {subprocess.py:75} INFO - Running command: ['/usr/bin/bash', '-c', 'python /opt/***/supabase/supabase_loader.py']
[2026-05-19T18:22:33.235+0000] {subprocess.py:86} INFO - Output:
[2026-05-19T18:22:42.794+0000] {subprocess.py:93} INFO - Loading dim_hotels...
[2026-05-19T18:22:42.795+0000] {subprocess.py:93} INFO -   ✅ dim_hotels — 100 rows loaded
[2026-05-19T18:22:42.796+0000] {subprocess.py:93} INFO - Loading dim_room_hotel...
[2026-05-19T18:22:42.796+0000] {subprocess.py:93} INFO -   ✅ dim_room_hotel — 744 rows loaded
[2026-05-19T18:22:42.797+0000] {subprocess.py:93} INFO - Loading dim_restaurants...
[2026-05-19T18:22:42.797+0000] {subprocess.py:93} INFO -   ✅ dim_restaurants — 60 rows loaded
[2026-05-19T18:22:42.798+0000] {subprocess.py:93} INFO - Loading dim_places...
[2026-05-19T18:22:42.798+0000] {subprocess.py:93} INFO -   ✅ dim_places — 391 rows loaded
[2026-05-19T18:22:42.799+0000] {subprocess.py:93} INFO - 
[2026-05-19T18:22:42.800+0000] {subprocess.py:93} INFO - 🎉 All 4 tables loaded successfully!
[2026-05-19T18:22:43.226+0000] {subprocess.py:97} INFO - Command exited with return code 0
[2026-05-19T18:22:43.229+0000] {taskinstance.py:441} INFO - ::group::Post task execution logs
[2026-05-19T18:22:43.289+0000] {taskinstance.py:1206} INFO - Marking task as SUCCESS. dag_id=weekly_data_pipeline, task_id=run_save_to_supabase, run_id=manual__2026-05-19T17:38:35.676858+00:00, execution_date=20260519T173835, start_date=20260519T182232, end_date=20260519T182243
[2026-05-19T18:22:43.351+0000] {local_task_job_runner.py:240} INFO - Task exited with return code 0
[2026-05-19T18:22:43.376+0000] {taskinstance.py:3498} INFO - 0 downstream tasks scheduled from follow-on schedule check
[2026-05-19T18:22:43.378+0000] {local_task_job_runner.py:222} INFO - ::endgroup::
