[2026-05-09T14:52:03.909+0000] {local_task_job_runner.py:120} INFO - ::group::Pre task execution logs
[2026-05-09T14:52:03.953+0000] {taskinstance.py:2076} INFO - Dependencies all met for dep_context=non-requeueable deps ti=<TaskInstance: weekly_data_pipeline.run_booking_scraper manual__2026-05-09T14:51:49.218083+00:00 [queued]>
[2026-05-09T14:52:03.970+0000] {taskinstance.py:2076} INFO - Dependencies all met for dep_context=requeueable deps ti=<TaskInstance: weekly_data_pipeline.run_booking_scraper manual__2026-05-09T14:51:49.218083+00:00 [queued]>
[2026-05-09T14:52:03.971+0000] {taskinstance.py:2306} INFO - Starting attempt 1 of 2
[2026-05-09T14:52:03.997+0000] {taskinstance.py:2330} INFO - Executing <Task(BashOperator): run_booking_scraper> on 2026-05-09 14:51:49.218083+00:00
[2026-05-09T14:52:04.010+0000] {warnings.py:110} WARNING - /home/***/.local/lib/python3.12/site-packages/***/task/task_runner/standard_task_runner.py:61: DeprecationWarning: This process (pid=372) is multi-threaded, use of fork() may lead to deadlocks in the child.
  pid = os.fork()

[2026-05-09T14:52:04.014+0000] {standard_task_runner.py:63} INFO - Started process 379 to run task
[2026-05-09T14:52:04.014+0000] {standard_task_runner.py:90} INFO - Running: ['***', 'tasks', 'run', 'weekly_data_pipeline', 'run_booking_scraper', 'manual__2026-05-09T14:51:49.218083+00:00', '--job-id', '4', '--raw', '--subdir', 'DAGS_FOLDER/weekly_pipeline.py', '--cfg-path', '/tmp/tmpy6efxxmc']
[2026-05-09T14:52:04.020+0000] {standard_task_runner.py:91} INFO - Job 4: Subtask run_booking_scraper
[2026-05-09T14:52:04.291+0000] {task_command.py:426} INFO - Running <TaskInstance: weekly_data_pipeline.run_booking_scraper manual__2026-05-09T14:51:49.218083+00:00 [running]> on host 2d60b0fb0b5b
[2026-05-09T14:52:04.534+0000] {taskinstance.py:2648} INFO - Exporting env vars: AIRFLOW_CTX_DAG_OWNER='koka' AIRFLOW_CTX_DAG_ID='weekly_data_pipeline' AIRFLOW_CTX_TASK_ID='run_booking_scraper' AIRFLOW_CTX_EXECUTION_DATE='2026-05-09T14:51:49.218083+00:00' AIRFLOW_CTX_TRY_NUMBER='1' AIRFLOW_CTX_DAG_RUN_ID='manual__2026-05-09T14:51:49.218083+00:00'
[2026-05-09T14:52:04.539+0000] {taskinstance.py:430} INFO - ::endgroup::
[2026-05-09T14:52:04.541+0000] {subprocess.py:63} INFO - Tmp dir root location: /tmp
[2026-05-09T14:52:04.544+0000] {subprocess.py:75} INFO - Running command: ['/usr/bin/bash', '-c', 'python /opt/***/scripts/booking_scraper.py']
[2026-05-09T14:52:04.573+0000] {subprocess.py:86} INFO - Output:
[2026-05-09T14:52:06.744+0000] {subprocess.py:93} INFO - Traceback (most recent call last):
[2026-05-09T14:52:06.745+0000] {subprocess.py:93} INFO -   File "/opt/***/scripts/booking_scraper.py", line 19, in <module>
[2026-05-09T14:52:06.747+0000] {subprocess.py:93} INFO -     from geopy.distance import geodesic
[2026-05-09T14:52:06.748+0000] {subprocess.py:93} INFO - ModuleNotFoundError: No module named 'geopy'
[2026-05-09T14:52:06.886+0000] {subprocess.py:97} INFO - Command exited with return code 1
[2026-05-09T14:52:06.888+0000] {taskinstance.py:441} INFO - ::group::Post task execution logs
[2026-05-09T14:52:06.912+0000] {taskinstance.py:2905} ERROR - Task failed with exception
Traceback (most recent call last):
  File "/home/airflow/.local/lib/python3.12/site-packages/airflow/models/taskinstance.py", line 465, in _execute_task
    result = _execute_callable(context=context, **execute_callable_kwargs)
             ^^^^^^^^^^^^^^^^^^^^^^^^^^^^^^^^^^^^^^^^^^^^^^^^^^^^^^^^^^^^^
  File "/home/airflow/.local/lib/python3.12/site-packages/airflow/models/taskinstance.py", line 432, in _execute_callable
    return execute_callable(context=context, **execute_callable_kwargs)
           ^^^^^^^^^^^^^^^^^^^^^^^^^^^^^^^^^^^^^^^^^^^^^^^^^^^^^^^^^^^^
  File "/home/airflow/.local/lib/python3.12/site-packages/airflow/models/baseoperator.py", line 400, in wrapper
    return func(self, *args, **kwargs)
           ^^^^^^^^^^^^^^^^^^^^^^^^^^^
  File "/home/airflow/.local/lib/python3.12/site-packages/airflow/operators/bash.py", line 243, in execute
    raise AirflowException(
airflow.exceptions.AirflowException: Bash command failed. The command returned a non-zero exit code 1.
[2026-05-09T14:52:06.922+0000] {taskinstance.py:1206} INFO - Marking task as UP_FOR_RETRY. dag_id=weekly_data_pipeline, task_id=run_booking_scraper, run_id=manual__2026-05-09T14:51:49.218083+00:00, execution_date=20260509T145149, start_date=20260509T145203, end_date=20260509T145206
[2026-05-09T14:52:06.956+0000] {standard_task_runner.py:110} ERROR - Failed to execute job 4 for task run_booking_scraper (Bash command failed. The command returned a non-zero exit code 1.; 379)
[2026-05-09T14:52:07.014+0000] {local_task_job_runner.py:240} INFO - Task exited with return code 1
[2026-05-09T14:52:07.149+0000] {taskinstance.py:3498} INFO - 0 downstream tasks scheduled from follow-on schedule check
[2026-05-09T14:52:07.172+0000] {local_task_job_runner.py:222} INFO - ::endgroup::
