[2026-05-09T17:35:18.521+0000] {local_task_job_runner.py:120} INFO - ::group::Pre task execution logs
[2026-05-09T17:35:18.561+0000] {taskinstance.py:2076} INFO - Dependencies all met for dep_context=non-requeueable deps ti=<TaskInstance: weekly_data_pipeline.run_booking_scraper manual__2026-05-09T17:24:50.690507+00:00 [queued]>
[2026-05-09T17:35:18.573+0000] {taskinstance.py:2076} INFO - Dependencies all met for dep_context=requeueable deps ti=<TaskInstance: weekly_data_pipeline.run_booking_scraper manual__2026-05-09T17:24:50.690507+00:00 [queued]>
[2026-05-09T17:35:18.573+0000] {taskinstance.py:2306} INFO - Starting attempt 2 of 2
[2026-05-09T17:35:18.600+0000] {taskinstance.py:2330} INFO - Executing <Task(BashOperator): run_booking_scraper> on 2026-05-09 17:24:50.690507+00:00
[2026-05-09T17:35:18.613+0000] {warnings.py:110} WARNING - /home/***/.local/lib/python3.12/site-packages/***/task/task_runner/standard_task_runner.py:61: DeprecationWarning: This process (pid=289) is multi-threaded, use of fork() may lead to deadlocks in the child.
  pid = os.fork()

[2026-05-09T17:35:18.617+0000] {standard_task_runner.py:63} INFO - Started process 291 to run task
[2026-05-09T17:35:18.616+0000] {standard_task_runner.py:90} INFO - Running: ['***', 'tasks', 'run', 'weekly_data_pipeline', 'run_booking_scraper', 'manual__2026-05-09T17:24:50.690507+00:00', '--job-id', '35', '--raw', '--subdir', 'DAGS_FOLDER/weekly_pipeline.py', '--cfg-path', '/tmp/tmprd82_vwt']
[2026-05-09T17:35:18.623+0000] {standard_task_runner.py:91} INFO - Job 35: Subtask run_booking_scraper
[2026-05-09T17:35:18.733+0000] {task_command.py:426} INFO - Running <TaskInstance: weekly_data_pipeline.run_booking_scraper manual__2026-05-09T17:24:50.690507+00:00 [running]> on host 8e55f43f1209
[2026-05-09T17:35:18.881+0000] {taskinstance.py:2648} INFO - Exporting env vars: AIRFLOW_CTX_DAG_OWNER='koka' AIRFLOW_CTX_DAG_ID='weekly_data_pipeline' AIRFLOW_CTX_TASK_ID='run_booking_scraper' AIRFLOW_CTX_EXECUTION_DATE='2026-05-09T17:24:50.690507+00:00' AIRFLOW_CTX_TRY_NUMBER='2' AIRFLOW_CTX_DAG_RUN_ID='manual__2026-05-09T17:24:50.690507+00:00'
[2026-05-09T17:35:18.884+0000] {taskinstance.py:430} INFO - ::endgroup::
[2026-05-09T17:35:18.885+0000] {subprocess.py:63} INFO - Tmp dir root location: /tmp
[2026-05-09T17:35:18.887+0000] {subprocess.py:75} INFO - Running command: ['/usr/bin/bash', '-c', 'python /opt/***/scripts/booking_scraper.py']
[2026-05-09T17:35:18.913+0000] {subprocess.py:86} INFO - Output:
[2026-05-09T17:40:20.835+0000] {subprocess.py:93} INFO - 
[2026-05-09T17:40:20.836+0000] {subprocess.py:93} INFO - ==================================================
[2026-05-09T17:40:20.837+0000] {subprocess.py:93} INFO - 🏙️  Scraping: Alexandria
[2026-05-09T17:40:20.838+0000] {subprocess.py:93} INFO - ==================================================
[2026-05-09T17:40:20.838+0000] {subprocess.py:93} INFO - Traceback (most recent call last):
[2026-05-09T17:40:20.839+0000] {subprocess.py:93} INFO -   File "/opt/***/scripts/booking_scraper.py", line 599, in <module>
[2026-05-09T17:40:20.840+0000] {subprocess.py:93} INFO -     hotels_df, rooms_df = run_scraping(city, CHECKIN, CHECKOUT, hotel_limit=LIMIT)
[2026-05-09T17:40:20.841+0000] {subprocess.py:93} INFO -                           ^^^^^^^^^^^^^^^^^^^^^^^^^^^^^^^^^^^^^^^^^^^^^^^^^^^^^^^^
[2026-05-09T17:40:20.841+0000] {subprocess.py:93} INFO -   File "/opt/***/scripts/booking_scraper.py", line 531, in run_scraping
[2026-05-09T17:40:20.846+0000] {subprocess.py:93} INFO -     driver = create_driver()
[2026-05-09T17:40:20.846+0000] {subprocess.py:93} INFO -              ^^^^^^^^^^^^^^^
[2026-05-09T17:40:20.847+0000] {subprocess.py:93} INFO -   File "/opt/***/scripts/booking_scraper.py", line 57, in create_driver
[2026-05-09T17:40:20.849+0000] {subprocess.py:93} INFO -     driver = webdriver.Remote(command_executor="http://selenium-chrome:4444/wd/hub", options=options)
[2026-05-09T17:40:20.850+0000] {subprocess.py:93} INFO -              ^^^^^^^^^^^^^^^^^^^^^^^^^^^^^^^^^^^^^^^^^^^^^^^^^^^^^^^^^^^^^^^^^^^^^^^^^^^^^^^^^^^^^^^^
[2026-05-09T17:40:20.850+0000] {subprocess.py:93} INFO -   File "/home/***/.local/lib/python3.12/site-packages/selenium/webdriver/remote/webdriver.py", line 274, in __init__
[2026-05-09T17:40:20.851+0000] {subprocess.py:93} INFO -     self.start_session(capabilities)
[2026-05-09T17:40:20.852+0000] {subprocess.py:93} INFO -   File "/home/***/.local/lib/python3.12/site-packages/selenium/webdriver/remote/webdriver.py", line 370, in start_session
[2026-05-09T17:40:20.852+0000] {subprocess.py:93} INFO -     response = self.execute(Command.NEW_SESSION, caps)["value"]
[2026-05-09T17:40:20.853+0000] {subprocess.py:93} INFO -                ^^^^^^^^^^^^^^^^^^^^^^^^^^^^^^^^^^^^^^^
[2026-05-09T17:40:20.854+0000] {subprocess.py:93} INFO -   File "/home/***/.local/lib/python3.12/site-packages/selenium/webdriver/remote/webdriver.py", line 450, in execute
[2026-05-09T17:40:20.854+0000] {subprocess.py:93} INFO -     self.error_handler.check_response(response)
[2026-05-09T17:40:20.855+0000] {subprocess.py:93} INFO -   File "/home/***/.local/lib/python3.12/site-packages/selenium/webdriver/remote/errorhandler.py", line 232, in check_response
[2026-05-09T17:40:20.856+0000] {subprocess.py:93} INFO -     raise exception_class(message, screen, stacktrace)
[2026-05-09T17:40:20.857+0000] {subprocess.py:93} INFO - selenium.common.exceptions.SessionNotCreatedException: Message: Could not start a new session. New session request timed out
[2026-05-09T17:40:20.857+0000] {subprocess.py:93} INFO - Host info: host: '996af0390fef', ip: '172.18.0.4'
[2026-05-09T17:40:20.858+0000] {subprocess.py:93} INFO - Build info: version: '4.43.0', revision: 'dd0f534'
[2026-05-09T17:40:20.859+0000] {subprocess.py:93} INFO - System info: os.name: 'Linux', os.arch: 'amd64', os.version: '6.6.87.2-microsoft-standard-WSL2', java.version: '21.0.10'
[2026-05-09T17:40:20.859+0000] {subprocess.py:93} INFO - Driver info: driver.version: unknown; For documentation on this error, please visit: https://www.selenium.dev/documentation/webdriver/troubleshooting/errors#sessionnotcreatedexception
[2026-05-09T17:40:20.860+0000] {subprocess.py:93} INFO - Stacktrace:
[2026-05-09T17:40:20.860+0000] {subprocess.py:93} INFO -     at org.openqa.selenium.grid.sessionqueue.local.LocalNewSessionQueue.addToQueue (LocalNewSessionQueue.java:228)
[2026-05-09T17:40:20.861+0000] {subprocess.py:93} INFO -     at org.openqa.selenium.grid.sessionqueue.NewSessionQueue.lambda$new$1 (NewSessionQueue.java:68)
[2026-05-09T17:40:20.862+0000] {subprocess.py:93} INFO -     at org.openqa.selenium.remote.http.Route$TemplatizedRoute.handle (Route.java:192)
[2026-05-09T17:40:20.862+0000] {subprocess.py:93} INFO -     at org.openqa.selenium.remote.http.Route.execute (Route.java:69)
[2026-05-09T17:40:20.863+0000] {subprocess.py:93} INFO -     at org.openqa.selenium.remote.http.Route$CombinedRoute.handle (Route.java:361)
[2026-05-09T17:40:20.863+0000] {subprocess.py:93} INFO -     at org.openqa.selenium.remote.http.Route.execute (Route.java:69)
[2026-05-09T17:40:20.864+0000] {subprocess.py:93} INFO -     at org.openqa.selenium.grid.sessionqueue.NewSessionQueue.execute (NewSessionQueue.java:128)
[2026-05-09T17:40:20.865+0000] {subprocess.py:93} INFO -     at org.openqa.selenium.remote.tracing.SpanWrappedHttpHandler.execute (SpanWrappedHttpHandler.java:87)
[2026-05-09T17:40:20.866+0000] {subprocess.py:93} INFO -     at org.openqa.selenium.remote.http.Filter$1.execute (Filter.java:63)
[2026-05-09T17:40:20.866+0000] {subprocess.py:93} INFO -     at org.openqa.selenium.remote.http.Route$CombinedRoute.handle (Route.java:361)
[2026-05-09T17:40:20.867+0000] {subprocess.py:93} INFO -     at org.openqa.selenium.remote.http.Route.execute (Route.java:69)
[2026-05-09T17:40:20.868+0000] {subprocess.py:93} INFO -     at org.openqa.selenium.grid.router.Router.execute (Router.java:89)
[2026-05-09T17:40:20.868+0000] {subprocess.py:93} INFO -     at org.openqa.selenium.grid.web.EnsureSpecCompliantResponseHeaders.lambda$apply$0 (EnsureSpecCompliantResponseHeaders.java:34)
[2026-05-09T17:40:20.869+0000] {subprocess.py:93} INFO -     at org.openqa.selenium.remote.http.Filter$1.execute (Filter.java:63)
[2026-05-09T17:40:20.870+0000] {subprocess.py:93} INFO -     at org.openqa.selenium.remote.http.Route$CombinedRoute.handle (Route.java:361)
[2026-05-09T17:40:20.870+0000] {subprocess.py:93} INFO -     at org.openqa.selenium.remote.http.Route.execute (Route.java:69)
[2026-05-09T17:40:20.871+0000] {subprocess.py:93} INFO -     at org.openqa.selenium.remote.http.Route$NestedRoute.handle (Route.java:271)
[2026-05-09T17:40:20.872+0000] {subprocess.py:93} INFO -     at org.openqa.selenium.remote.http.Route.execute (Route.java:69)
[2026-05-09T17:40:20.873+0000] {subprocess.py:93} INFO -     at org.openqa.selenium.remote.http.Route$CombinedRoute.handle (Route.java:361)
[2026-05-09T17:40:20.873+0000] {subprocess.py:93} INFO -     at org.openqa.selenium.remote.http.Route.execute (Route.java:69)
[2026-05-09T17:40:20.874+0000] {subprocess.py:93} INFO -     at org.openqa.selenium.remote.AddWebDriverSpecHeaders.lambda$apply$0 (AddWebDriverSpecHeaders.java:35)
[2026-05-09T17:40:20.875+0000] {subprocess.py:93} INFO -     at org.openqa.selenium.remote.ErrorFilter.lambda$apply$0 (ErrorFilter.java:44)
[2026-05-09T17:40:20.875+0000] {subprocess.py:93} INFO -     at org.openqa.selenium.remote.http.Filter$1.execute (Filter.java:63)
[2026-05-09T17:40:20.876+0000] {subprocess.py:93} INFO -     at org.openqa.selenium.remote.ErrorFilter.lambda$apply$0 (ErrorFilter.java:44)
[2026-05-09T17:40:20.876+0000] {subprocess.py:93} INFO -     at org.openqa.selenium.remote.http.Filter$1.execute (Filter.java:63)
[2026-05-09T17:40:20.877+0000] {subprocess.py:93} INFO -     at org.openqa.selenium.netty.server.SeleniumHandler.lambda$channelRead0$0 (SeleniumHandler.java:49)
[2026-05-09T17:40:20.878+0000] {subprocess.py:93} INFO -     at java.util.concurrent.Executors$RunnableAdapter.call (Executors.java:572)
[2026-05-09T17:40:20.878+0000] {subprocess.py:93} INFO -     at java.util.concurrent.FutureTask.run (FutureTask.java:317)
[2026-05-09T17:40:20.879+0000] {subprocess.py:93} INFO -     at java.util.concurrent.ThreadPoolExecutor.runWorker (ThreadPoolExecutor.java:1144)
[2026-05-09T17:40:20.880+0000] {subprocess.py:93} INFO -     at java.util.concurrent.ThreadPoolExecutor$Worker.run (ThreadPoolExecutor.java:642)
[2026-05-09T17:40:20.880+0000] {subprocess.py:93} INFO -     at java.lang.Thread.run (Thread.java:1583)
[2026-05-09T17:40:21.030+0000] {subprocess.py:97} INFO - Command exited with return code 1
[2026-05-09T17:40:21.032+0000] {taskinstance.py:441} INFO - ::group::Post task execution logs
[2026-05-09T17:40:21.060+0000] {taskinstance.py:2905} ERROR - Task failed with exception
Traceback (most recent call last):
  File "/home/airflow/.local/lib/python3.12/site-packages/airflow/models/taskinstance.py", line 465, in _execute_task
    result = _execute_callable(context=context, **execute_callable_kwargs)
             ^^^^^^^^^^^^^^^^^^^^^^^^^^^^^^^^^^^^^^^^^^^^^^^^^^^^^^^^^^^^^
  File "/home/airflow/.local/lib/python3.12/site-packages/airflow/models/taskinstance.py", line 432, in _execute_callable
    return execute_callable(context=context, **execute_callable_kwargs)
           ^^^^^^^^^^^^^^^^^^^^^^^^^^^^^^^^^^^^^^^^^^^^^^^^^^^^^^^^^^^^
  File "/home/airflow/.local/lib/python3.12/site-packages/airflow/models/baseoperator.py", line 400, in wrapper
    return func(self, *args, **kwargs)
           ^^^^^^^^^^^^^^^^^^^^^^^^^^^
  File "/home/airflow/.local/lib/python3.12/site-packages/airflow/operators/bash.py", line 243, in execute
    raise AirflowException(
airflow.exceptions.AirflowException: Bash command failed. The command returned a non-zero exit code 1.
[2026-05-09T17:40:21.070+0000] {taskinstance.py:1206} INFO - Marking task as FAILED. dag_id=weekly_data_pipeline, task_id=run_booking_scraper, run_id=manual__2026-05-09T17:24:50.690507+00:00, execution_date=20260509T172450, start_date=20260509T173518, end_date=20260509T174021
[2026-05-09T17:40:21.099+0000] {standard_task_runner.py:110} ERROR - Failed to execute job 35 for task run_booking_scraper (Bash command failed. The command returned a non-zero exit code 1.; 291)
[2026-05-09T17:40:21.124+0000] {local_task_job_runner.py:240} INFO - Task exited with return code 1
[2026-05-09T17:40:21.172+0000] {taskinstance.py:3498} INFO - 0 downstream tasks scheduled from follow-on schedule check
[2026-05-09T17:40:21.177+0000] {local_task_job_runner.py:222} INFO - ::endgroup::
