[2026-05-09T17:25:09.040+0000] {local_task_job_runner.py:120} INFO - ::group::Pre task execution logs
[2026-05-09T17:25:09.094+0000] {taskinstance.py:2076} INFO - Dependencies all met for dep_context=non-requeueable deps ti=<TaskInstance: weekly_data_pipeline.run_booking_scraper manual__2026-05-09T17:24:50.690507+00:00 [queued]>
[2026-05-09T17:25:09.110+0000] {taskinstance.py:2076} INFO - Dependencies all met for dep_context=requeueable deps ti=<TaskInstance: weekly_data_pipeline.run_booking_scraper manual__2026-05-09T17:24:50.690507+00:00 [queued]>
[2026-05-09T17:25:09.110+0000] {taskinstance.py:2306} INFO - Starting attempt 1 of 2
[2026-05-09T17:25:09.139+0000] {taskinstance.py:2330} INFO - Executing <Task(BashOperator): run_booking_scraper> on 2026-05-09 17:24:50.690507+00:00
[2026-05-09T17:25:09.152+0000] {warnings.py:110} WARNING - /home/***/.local/lib/python3.12/site-packages/***/task/task_runner/standard_task_runner.py:61: DeprecationWarning: This process (pid=147) is multi-threaded, use of fork() may lead to deadlocks in the child.
  pid = os.fork()

[2026-05-09T17:25:09.159+0000] {standard_task_runner.py:63} INFO - Started process 151 to run task
[2026-05-09T17:25:09.160+0000] {standard_task_runner.py:90} INFO - Running: ['***', 'tasks', 'run', 'weekly_data_pipeline', 'run_booking_scraper', 'manual__2026-05-09T17:24:50.690507+00:00', '--job-id', '34', '--raw', '--subdir', 'DAGS_FOLDER/weekly_pipeline.py', '--cfg-path', '/tmp/tmpqszynff1']
[2026-05-09T17:25:09.167+0000] {standard_task_runner.py:91} INFO - Job 34: Subtask run_booking_scraper
[2026-05-09T17:25:09.305+0000] {task_command.py:426} INFO - Running <TaskInstance: weekly_data_pipeline.run_booking_scraper manual__2026-05-09T17:24:50.690507+00:00 [running]> on host 8e55f43f1209
[2026-05-09T17:25:09.490+0000] {taskinstance.py:2648} INFO - Exporting env vars: AIRFLOW_CTX_DAG_OWNER='koka' AIRFLOW_CTX_DAG_ID='weekly_data_pipeline' AIRFLOW_CTX_TASK_ID='run_booking_scraper' AIRFLOW_CTX_EXECUTION_DATE='2026-05-09T17:24:50.690507+00:00' AIRFLOW_CTX_TRY_NUMBER='1' AIRFLOW_CTX_DAG_RUN_ID='manual__2026-05-09T17:24:50.690507+00:00'
[2026-05-09T17:25:09.500+0000] {taskinstance.py:430} INFO - ::endgroup::
[2026-05-09T17:25:09.503+0000] {subprocess.py:63} INFO - Tmp dir root location: /tmp
[2026-05-09T17:25:09.504+0000] {subprocess.py:75} INFO - Running command: ['/usr/bin/bash', '-c', 'python /opt/***/scripts/booking_scraper.py']
[2026-05-09T17:25:09.532+0000] {subprocess.py:86} INFO - Output:
[2026-05-09T17:30:13.721+0000] {subprocess.py:93} INFO - 
[2026-05-09T17:30:13.747+0000] {subprocess.py:93} INFO - ==================================================
[2026-05-09T17:30:13.749+0000] {subprocess.py:93} INFO - 🏙️  Scraping: Alexandria
[2026-05-09T17:30:13.751+0000] {subprocess.py:93} INFO - ==================================================
[2026-05-09T17:30:13.752+0000] {subprocess.py:93} INFO - Traceback (most recent call last):
[2026-05-09T17:30:13.753+0000] {subprocess.py:93} INFO -   File "/opt/***/scripts/booking_scraper.py", line 599, in <module>
[2026-05-09T17:30:13.757+0000] {subprocess.py:93} INFO -     hotels_df, rooms_df = run_scraping(city, CHECKIN, CHECKOUT, hotel_limit=LIMIT)
[2026-05-09T17:30:13.758+0000] {subprocess.py:93} INFO -                           ^^^^^^^^^^^^^^^^^^^^^^^^^^^^^^^^^^^^^^^^^^^^^^^^^^^^^^^^
[2026-05-09T17:30:13.759+0000] {subprocess.py:93} INFO -   File "/opt/***/scripts/booking_scraper.py", line 531, in run_scraping
[2026-05-09T17:30:13.760+0000] {subprocess.py:93} INFO -     driver = create_driver()
[2026-05-09T17:30:13.762+0000] {subprocess.py:93} INFO -              ^^^^^^^^^^^^^^^
[2026-05-09T17:30:13.762+0000] {subprocess.py:93} INFO -   File "/opt/***/scripts/booking_scraper.py", line 57, in create_driver
[2026-05-09T17:30:13.763+0000] {subprocess.py:93} INFO -     driver = webdriver.Remote(command_executor="http://selenium-chrome:4444/wd/hub", options=options)
[2026-05-09T17:30:13.764+0000] {subprocess.py:93} INFO -              ^^^^^^^^^^^^^^^^^^^^^^^^^^^^^^^^^^^^^^^^^^^^^^^^^^^^^^^^^^^^^^^^^^^^^^^^^^^^^^^^^^^^^^^^
[2026-05-09T17:30:13.765+0000] {subprocess.py:93} INFO -   File "/home/***/.local/lib/python3.12/site-packages/selenium/webdriver/remote/webdriver.py", line 274, in __init__
[2026-05-09T17:30:13.766+0000] {subprocess.py:93} INFO -     self.start_session(capabilities)
[2026-05-09T17:30:13.767+0000] {subprocess.py:93} INFO -   File "/home/***/.local/lib/python3.12/site-packages/selenium/webdriver/remote/webdriver.py", line 370, in start_session
[2026-05-09T17:30:13.768+0000] {subprocess.py:93} INFO -     response = self.execute(Command.NEW_SESSION, caps)["value"]
[2026-05-09T17:30:13.769+0000] {subprocess.py:93} INFO -                ^^^^^^^^^^^^^^^^^^^^^^^^^^^^^^^^^^^^^^^
[2026-05-09T17:30:13.770+0000] {subprocess.py:93} INFO -   File "/home/***/.local/lib/python3.12/site-packages/selenium/webdriver/remote/webdriver.py", line 450, in execute
[2026-05-09T17:30:13.771+0000] {subprocess.py:93} INFO -     self.error_handler.check_response(response)
[2026-05-09T17:30:13.772+0000] {subprocess.py:93} INFO -   File "/home/***/.local/lib/python3.12/site-packages/selenium/webdriver/remote/errorhandler.py", line 232, in check_response
[2026-05-09T17:30:13.773+0000] {subprocess.py:93} INFO -     raise exception_class(message, screen, stacktrace)
[2026-05-09T17:30:13.774+0000] {subprocess.py:93} INFO - selenium.common.exceptions.SessionNotCreatedException: Message: Could not start a new session. New session request timed out
[2026-05-09T17:30:13.775+0000] {subprocess.py:93} INFO - Host info: host: '996af0390fef', ip: '172.18.0.4'
[2026-05-09T17:30:13.775+0000] {subprocess.py:93} INFO - Build info: version: '4.43.0', revision: 'dd0f534'
[2026-05-09T17:30:13.776+0000] {subprocess.py:93} INFO - System info: os.name: 'Linux', os.arch: 'amd64', os.version: '6.6.87.2-microsoft-standard-WSL2', java.version: '21.0.10'
[2026-05-09T17:30:13.777+0000] {subprocess.py:93} INFO - Driver info: driver.version: unknown; For documentation on this error, please visit: https://www.selenium.dev/documentation/webdriver/troubleshooting/errors#sessionnotcreatedexception
[2026-05-09T17:30:13.778+0000] {subprocess.py:93} INFO - Stacktrace:
[2026-05-09T17:30:13.779+0000] {subprocess.py:93} INFO -     at org.openqa.selenium.grid.sessionqueue.local.LocalNewSessionQueue.addToQueue (LocalNewSessionQueue.java:228)
[2026-05-09T17:30:13.780+0000] {subprocess.py:93} INFO -     at org.openqa.selenium.grid.sessionqueue.NewSessionQueue.lambda$new$1 (NewSessionQueue.java:68)
[2026-05-09T17:30:13.781+0000] {subprocess.py:93} INFO -     at org.openqa.selenium.remote.http.Route$TemplatizedRoute.handle (Route.java:192)
[2026-05-09T17:30:13.781+0000] {subprocess.py:93} INFO -     at org.openqa.selenium.remote.http.Route.execute (Route.java:69)
[2026-05-09T17:30:13.782+0000] {subprocess.py:93} INFO -     at org.openqa.selenium.remote.http.Route$CombinedRoute.handle (Route.java:361)
[2026-05-09T17:30:13.783+0000] {subprocess.py:93} INFO -     at org.openqa.selenium.remote.http.Route.execute (Route.java:69)
[2026-05-09T17:30:13.783+0000] {subprocess.py:93} INFO -     at org.openqa.selenium.grid.sessionqueue.NewSessionQueue.execute (NewSessionQueue.java:128)
[2026-05-09T17:30:13.784+0000] {subprocess.py:93} INFO -     at org.openqa.selenium.remote.tracing.SpanWrappedHttpHandler.execute (SpanWrappedHttpHandler.java:87)
[2026-05-09T17:30:13.785+0000] {subprocess.py:93} INFO -     at org.openqa.selenium.remote.http.Filter$1.execute (Filter.java:63)
[2026-05-09T17:30:13.786+0000] {subprocess.py:93} INFO -     at org.openqa.selenium.remote.http.Route$CombinedRoute.handle (Route.java:361)
[2026-05-09T17:30:13.786+0000] {subprocess.py:93} INFO -     at org.openqa.selenium.remote.http.Route.execute (Route.java:69)
[2026-05-09T17:30:13.787+0000] {subprocess.py:93} INFO -     at org.openqa.selenium.grid.router.Router.execute (Router.java:89)
[2026-05-09T17:30:13.788+0000] {subprocess.py:93} INFO -     at org.openqa.selenium.grid.web.EnsureSpecCompliantResponseHeaders.lambda$apply$0 (EnsureSpecCompliantResponseHeaders.java:34)
[2026-05-09T17:30:13.788+0000] {subprocess.py:93} INFO -     at org.openqa.selenium.remote.http.Filter$1.execute (Filter.java:63)
[2026-05-09T17:30:13.789+0000] {subprocess.py:93} INFO -     at org.openqa.selenium.remote.http.Route$CombinedRoute.handle (Route.java:361)
[2026-05-09T17:30:13.790+0000] {subprocess.py:93} INFO -     at org.openqa.selenium.remote.http.Route.execute (Route.java:69)
[2026-05-09T17:30:13.790+0000] {subprocess.py:93} INFO -     at org.openqa.selenium.remote.http.Route$NestedRoute.handle (Route.java:271)
[2026-05-09T17:30:13.791+0000] {subprocess.py:93} INFO -     at org.openqa.selenium.remote.http.Route.execute (Route.java:69)
[2026-05-09T17:30:13.792+0000] {subprocess.py:93} INFO -     at org.openqa.selenium.remote.http.Route$CombinedRoute.handle (Route.java:361)
[2026-05-09T17:30:13.792+0000] {subprocess.py:93} INFO -     at org.openqa.selenium.remote.http.Route.execute (Route.java:69)
[2026-05-09T17:30:13.793+0000] {subprocess.py:93} INFO -     at org.openqa.selenium.remote.AddWebDriverSpecHeaders.lambda$apply$0 (AddWebDriverSpecHeaders.java:35)
[2026-05-09T17:30:13.794+0000] {subprocess.py:93} INFO -     at org.openqa.selenium.remote.ErrorFilter.lambda$apply$0 (ErrorFilter.java:44)
[2026-05-09T17:30:13.794+0000] {subprocess.py:93} INFO -     at org.openqa.selenium.remote.http.Filter$1.execute (Filter.java:63)
[2026-05-09T17:30:13.795+0000] {subprocess.py:93} INFO -     at org.openqa.selenium.remote.ErrorFilter.lambda$apply$0 (ErrorFilter.java:44)
[2026-05-09T17:30:13.795+0000] {subprocess.py:93} INFO -     at org.openqa.selenium.remote.http.Filter$1.execute (Filter.java:63)
[2026-05-09T17:30:13.796+0000] {subprocess.py:93} INFO -     at org.openqa.selenium.netty.server.SeleniumHandler.lambda$channelRead0$0 (SeleniumHandler.java:49)
[2026-05-09T17:30:13.797+0000] {subprocess.py:93} INFO -     at java.util.concurrent.Executors$RunnableAdapter.call (Executors.java:572)
[2026-05-09T17:30:13.797+0000] {subprocess.py:93} INFO -     at java.util.concurrent.FutureTask.run (FutureTask.java:317)
[2026-05-09T17:30:13.798+0000] {subprocess.py:93} INFO -     at java.util.concurrent.ThreadPoolExecutor.runWorker (ThreadPoolExecutor.java:1144)
[2026-05-09T17:30:13.798+0000] {subprocess.py:93} INFO -     at java.util.concurrent.ThreadPoolExecutor$Worker.run (ThreadPoolExecutor.java:642)
[2026-05-09T17:30:13.799+0000] {subprocess.py:93} INFO -     at java.lang.Thread.run (Thread.java:1583)
[2026-05-09T17:30:14.197+0000] {subprocess.py:97} INFO - Command exited with return code 1
[2026-05-09T17:30:14.207+0000] {taskinstance.py:441} INFO - ::group::Post task execution logs
[2026-05-09T17:30:14.332+0000] {taskinstance.py:2905} ERROR - Task failed with exception
Traceback (most recent call last):
  File "/home/airflow/.local/lib/python3.12/site-packages/airflow/models/taskinstance.py", line 465, in _execute_task
    result = _execute_callable(context=context, **execute_callable_kwargs)
             ^^^^^^^^^^^^^^^^^^^^^^^^^^^^^^^^^^^^^^^^^^^^^^^^^^^^^^^^^^^^^
  File "/home/airflow/.local/lib/python3.12/site-packages/airflow/models/taskinstance.py", line 432, in _execute_callable
    return execute_callable(context=context, **execute_callable_kwargs)
           ^^^^^^^^^^^^^^^^^^^^^^^^^^^^^^^^^^^^^^^^^^^^^^^^^^^^^^^^^^^^
  File "/home/airflow/.local/lib/python3.12/site-packages/airflow/models/baseoperator.py", line 400, in wrapper
    return func(self, *args, **kwargs)
           ^^^^^^^^^^^^^^^^^^^^^^^^^^^
  File "/home/airflow/.local/lib/python3.12/site-packages/airflow/operators/bash.py", line 243, in execute
    raise AirflowException(
airflow.exceptions.AirflowException: Bash command failed. The command returned a non-zero exit code 1.
[2026-05-09T17:30:14.375+0000] {taskinstance.py:1206} INFO - Marking task as UP_FOR_RETRY. dag_id=weekly_data_pipeline, task_id=run_booking_scraper, run_id=manual__2026-05-09T17:24:50.690507+00:00, execution_date=20260509T172450, start_date=20260509T172509, end_date=20260509T173014
[2026-05-09T17:30:14.481+0000] {standard_task_runner.py:110} ERROR - Failed to execute job 34 for task run_booking_scraper (Bash command failed. The command returned a non-zero exit code 1.; 151)
[2026-05-09T17:30:14.563+0000] {local_task_job_runner.py:240} INFO - Task exited with return code 1
[2026-05-09T17:30:14.673+0000] {taskinstance.py:3498} INFO - 0 downstream tasks scheduled from follow-on schedule check
[2026-05-09T17:30:14.675+0000] {local_task_job_runner.py:222} INFO - ::endgroup::
