[2026-05-09T15:09:58.591+0000] {local_task_job_runner.py:120} INFO - ::group::Pre task execution logs
[2026-05-09T15:09:58.642+0000] {taskinstance.py:2076} INFO - Dependencies all met for dep_context=non-requeueable deps ti=<TaskInstance: weekly_data_pipeline.run_booking_scraper scheduled__2026-04-27T08:00:00+00:00 [queued]>
[2026-05-09T15:09:58.659+0000] {taskinstance.py:2076} INFO - Dependencies all met for dep_context=requeueable deps ti=<TaskInstance: weekly_data_pipeline.run_booking_scraper scheduled__2026-04-27T08:00:00+00:00 [queued]>
[2026-05-09T15:09:58.660+0000] {taskinstance.py:2306} INFO - Starting attempt 2 of 2
[2026-05-09T15:09:58.692+0000] {taskinstance.py:2330} INFO - Executing <Task(BashOperator): run_booking_scraper> on 2026-04-27 08:00:00+00:00
[2026-05-09T15:09:58.706+0000] {warnings.py:110} WARNING - /home/***/.local/lib/python3.12/site-packages/***/task/task_runner/standard_task_runner.py:61: DeprecationWarning: This process (pid=271) is multi-threaded, use of fork() may lead to deadlocks in the child.
  pid = os.fork()

[2026-05-09T15:09:58.710+0000] {standard_task_runner.py:63} INFO - Started process 307 to run task
[2026-05-09T15:09:58.711+0000] {standard_task_runner.py:90} INFO - Running: ['***', 'tasks', 'run', 'weekly_data_pipeline', 'run_booking_scraper', 'scheduled__2026-04-27T08:00:00+00:00', '--job-id', '18', '--raw', '--subdir', 'DAGS_FOLDER/weekly_pipeline.py', '--cfg-path', '/tmp/tmpgnzhh_wb']
[2026-05-09T15:09:58.719+0000] {standard_task_runner.py:91} INFO - Job 18: Subtask run_booking_scraper
[2026-05-09T15:09:58.845+0000] {task_command.py:426} INFO - Running <TaskInstance: weekly_data_pipeline.run_booking_scraper scheduled__2026-04-27T08:00:00+00:00 [running]> on host 710e9dbf822b
[2026-05-09T15:09:59.004+0000] {taskinstance.py:2648} INFO - Exporting env vars: AIRFLOW_CTX_DAG_OWNER='koka' AIRFLOW_CTX_DAG_ID='weekly_data_pipeline' AIRFLOW_CTX_TASK_ID='run_booking_scraper' AIRFLOW_CTX_EXECUTION_DATE='2026-04-27T08:00:00+00:00' AIRFLOW_CTX_TRY_NUMBER='2' AIRFLOW_CTX_DAG_RUN_ID='scheduled__2026-04-27T08:00:00+00:00'
[2026-05-09T15:09:59.007+0000] {taskinstance.py:430} INFO - ::endgroup::
[2026-05-09T15:09:59.010+0000] {subprocess.py:63} INFO - Tmp dir root location: /tmp
[2026-05-09T15:09:59.012+0000] {subprocess.py:75} INFO - Running command: ['/usr/bin/bash', '-c', 'python /opt/***/scripts/booking_scraper.py']
[2026-05-09T15:09:59.055+0000] {subprocess.py:86} INFO - Output:
[2026-05-09T15:10:00.434+0000] {subprocess.py:93} INFO - Traceback (most recent call last):
[2026-05-09T15:10:00.435+0000] {subprocess.py:93} INFO -   File "/opt/***/scripts/booking_scraper.py", line 19, in <module>
[2026-05-09T15:10:00.439+0000] {subprocess.py:93} INFO -     from geopy.distance import geodesic
[2026-05-09T15:10:00.440+0000] {subprocess.py:93} INFO - ModuleNotFoundError: No module named 'geopy'
[2026-05-09T15:10:00.557+0000] {subprocess.py:97} INFO - Command exited with return code 1
[2026-05-09T15:10:00.561+0000] {taskinstance.py:441} INFO - ::group::Post task execution logs
[2026-05-09T15:10:00.577+0000] {taskinstance.py:2905} ERROR - Task failed with exception
Traceback (most recent call last):
  File "/home/airflow/.local/lib/python3.12/site-packages/airflow/models/taskinstance.py", line 465, in _execute_task
    result = _execute_callable(context=context, **execute_callable_kwargs)
             ^^^^^^^^^^^^^^^^^^^^^^^^^^^^^^^^^^^^^^^^^^^^^^^^^^^^^^^^^^^^^
  File "/home/airflow/.local/lib/python3.12/site-packages/airflow/models/taskinstance.py", line 432, in _execute_callable
    return execute_callable(context=context, **execute_callable_kwargs)
           ^^^^^^^^^^^^^^^^^^^^^^^^^^^^^^^^^^^^^^^^^^^^^^^^^^^^^^^^^^^^
  File "/home/airflow/.local/lib/python3.12/site-packages/airflow/models/baseoperator.py", line 400, in wrapper
    return func(self, *args, **kwargs)
           ^^^^^^^^^^^^^^^^^^^^^^^^^^^
  File "/home/airflow/.local/lib/python3.12/site-packages/airflow/operators/bash.py", line 243, in execute
    raise AirflowException(
airflow.exceptions.AirflowException: Bash command failed. The command returned a non-zero exit code 1.
[2026-05-09T15:10:00.585+0000] {taskinstance.py:1206} INFO - Marking task as FAILED. dag_id=weekly_data_pipeline, task_id=run_booking_scraper, run_id=scheduled__2026-04-27T08:00:00+00:00, execution_date=20260427T080000, start_date=20260509T150958, end_date=20260509T151000
[2026-05-09T15:10:00.608+0000] {standard_task_runner.py:110} ERROR - Failed to execute job 18 for task run_booking_scraper (Bash command failed. The command returned a non-zero exit code 1.; 307)
[2026-05-09T15:10:00.624+0000] {local_task_job_runner.py:240} INFO - Task exited with return code 1
[2026-05-09T15:10:00.652+0000] {taskinstance.py:3498} INFO - 0 downstream tasks scheduled from follow-on schedule check
[2026-05-09T15:10:00.654+0000] {local_task_job_runner.py:222} INFO - ::endgroup::
