[2026-05-09T14:52:03.911+0000] {local_task_job_runner.py:120} INFO - ::group::Pre task execution logs
[2026-05-09T14:52:03.955+0000] {taskinstance.py:2076} INFO - Dependencies all met for dep_context=non-requeueable deps ti=<TaskInstance: weekly_data_pipeline.run_booking_scraper scheduled__2026-04-27T08:00:00+00:00 [queued]>
[2026-05-09T14:52:03.971+0000] {taskinstance.py:2076} INFO - Dependencies all met for dep_context=requeueable deps ti=<TaskInstance: weekly_data_pipeline.run_booking_scraper scheduled__2026-04-27T08:00:00+00:00 [queued]>
[2026-05-09T14:52:03.972+0000] {taskinstance.py:2306} INFO - Starting attempt 1 of 2
[2026-05-09T14:52:04.000+0000] {taskinstance.py:2330} INFO - Executing <Task(BashOperator): run_booking_scraper> on 2026-04-27 08:00:00+00:00
[2026-05-09T14:52:04.018+0000] {warnings.py:110} WARNING - /home/***/.local/lib/python3.12/site-packages/***/task/task_runner/standard_task_runner.py:61: DeprecationWarning: This process (pid=373) is multi-threaded, use of fork() may lead to deadlocks in the child.
  pid = os.fork()

[2026-05-09T14:52:04.022+0000] {standard_task_runner.py:63} INFO - Started process 380 to run task
[2026-05-09T14:52:04.022+0000] {standard_task_runner.py:90} INFO - Running: ['***', 'tasks', 'run', 'weekly_data_pipeline', 'run_booking_scraper', 'scheduled__2026-04-27T08:00:00+00:00', '--job-id', '6', '--raw', '--subdir', 'DAGS_FOLDER/weekly_pipeline.py', '--cfg-path', '/tmp/tmpur_nv751']
[2026-05-09T14:52:04.028+0000] {standard_task_runner.py:91} INFO - Job 6: Subtask run_booking_scraper
[2026-05-09T14:52:04.283+0000] {task_command.py:426} INFO - Running <TaskInstance: weekly_data_pipeline.run_booking_scraper scheduled__2026-04-27T08:00:00+00:00 [running]> on host 2d60b0fb0b5b
[2026-05-09T14:52:04.537+0000] {taskinstance.py:2648} INFO - Exporting env vars: AIRFLOW_CTX_DAG_OWNER='koka' AIRFLOW_CTX_DAG_ID='weekly_data_pipeline' AIRFLOW_CTX_TASK_ID='run_booking_scraper' AIRFLOW_CTX_EXECUTION_DATE='2026-04-27T08:00:00+00:00' AIRFLOW_CTX_TRY_NUMBER='1' AIRFLOW_CTX_DAG_RUN_ID='scheduled__2026-04-27T08:00:00+00:00'
[2026-05-09T14:52:04.541+0000] {taskinstance.py:430} INFO - ::endgroup::
[2026-05-09T14:52:04.543+0000] {subprocess.py:63} INFO - Tmp dir root location: /tmp
[2026-05-09T14:52:04.545+0000] {subprocess.py:75} INFO - Running command: ['/usr/bin/bash', '-c', 'python /opt/***/scripts/booking_scraper.py']
[2026-05-09T14:52:04.573+0000] {subprocess.py:86} INFO - Output:
[2026-05-09T14:52:06.702+0000] {subprocess.py:93} INFO - Traceback (most recent call last):
[2026-05-09T14:52:06.703+0000] {subprocess.py:93} INFO -   File "/opt/***/scripts/booking_scraper.py", line 19, in <module>
[2026-05-09T14:52:06.705+0000] {subprocess.py:93} INFO -     from geopy.distance import geodesic
[2026-05-09T14:52:06.706+0000] {subprocess.py:93} INFO - ModuleNotFoundError: No module named 'geopy'
[2026-05-09T14:52:06.876+0000] {subprocess.py:97} INFO - Command exited with return code 1
[2026-05-09T14:52:06.886+0000] {taskinstance.py:441} INFO - ::group::Post task execution logs
[2026-05-09T14:52:06.909+0000] {taskinstance.py:2905} ERROR - Task failed with exception
Traceback (most recent call last):
  File "/home/airflow/.local/lib/python3.12/site-packages/airflow/models/taskinstance.py", line 465, in _execute_task
    result = _execute_callable(context=context, **execute_callable_kwargs)
             ^^^^^^^^^^^^^^^^^^^^^^^^^^^^^^^^^^^^^^^^^^^^^^^^^^^^^^^^^^^^^
  File "/home/airflow/.local/lib/python3.12/site-packages/airflow/models/taskinstance.py", line 432, in _execute_callable
    return execute_callable(context=context, **execute_callable_kwargs)
           ^^^^^^^^^^^^^^^^^^^^^^^^^^^^^^^^^^^^^^^^^^^^^^^^^^^^^^^^^^^^
  File "/home/airflow/.local/lib/python3.12/site-packages/airflow/models/baseoperator.py", line 400, in wrapper
    return func(self, *args, **kwargs)
           ^^^^^^^^^^^^^^^^^^^^^^^^^^^
  File "/home/airflow/.local/lib/python3.12/site-packages/airflow/operators/bash.py", line 243, in execute
    raise AirflowException(
airflow.exceptions.AirflowException: Bash command failed. The command returned a non-zero exit code 1.
[2026-05-09T14:52:06.923+0000] {taskinstance.py:1206} INFO - Marking task as UP_FOR_RETRY. dag_id=weekly_data_pipeline, task_id=run_booking_scraper, run_id=scheduled__2026-04-27T08:00:00+00:00, execution_date=20260427T080000, start_date=20260509T145203, end_date=20260509T145206
[2026-05-09T14:52:06.957+0000] {standard_task_runner.py:110} ERROR - Failed to execute job 6 for task run_booking_scraper (Bash command failed. The command returned a non-zero exit code 1.; 380)
[2026-05-09T14:52:06.985+0000] {local_task_job_runner.py:240} INFO - Task exited with return code 1
[2026-05-09T14:52:07.097+0000] {taskinstance.py:3498} INFO - 0 downstream tasks scheduled from follow-on schedule check
[2026-05-09T14:52:07.143+0000] {local_task_job_runner.py:222} INFO - ::endgroup::
[2026-05-09T15:04:43.465+0000] {local_task_job_runner.py:120} INFO - ::group::Pre task execution logs
[2026-05-09T15:04:43.526+0000] {taskinstance.py:2076} INFO - Dependencies all met for dep_context=non-requeueable deps ti=<TaskInstance: weekly_data_pipeline.run_booking_scraper scheduled__2026-04-27T08:00:00+00:00 [queued]>
[2026-05-09T15:04:43.540+0000] {taskinstance.py:2076} INFO - Dependencies all met for dep_context=requeueable deps ti=<TaskInstance: weekly_data_pipeline.run_booking_scraper scheduled__2026-04-27T08:00:00+00:00 [queued]>
[2026-05-09T15:04:43.541+0000] {taskinstance.py:2306} INFO - Starting attempt 1 of 2
[2026-05-09T15:04:43.568+0000] {taskinstance.py:2330} INFO - Executing <Task(BashOperator): run_booking_scraper> on 2026-04-27 08:00:00+00:00
[2026-05-09T15:04:43.600+0000] {warnings.py:110} WARNING - /home/***/.local/lib/python3.12/site-packages/***/task/task_runner/standard_task_runner.py:61: DeprecationWarning: This process (pid=158) is multi-threaded, use of fork() may lead to deadlocks in the child.
  pid = os.fork()

[2026-05-09T15:04:43.612+0000] {standard_task_runner.py:63} INFO - Started process 165 to run task
[2026-05-09T15:04:43.621+0000] {standard_task_runner.py:90} INFO - Running: ['***', 'tasks', 'run', 'weekly_data_pipeline', 'run_booking_scraper', 'scheduled__2026-04-27T08:00:00+00:00', '--job-id', '14', '--raw', '--subdir', 'DAGS_FOLDER/weekly_pipeline.py', '--cfg-path', '/tmp/tmpkfsy9axv']
[2026-05-09T15:04:43.630+0000] {standard_task_runner.py:91} INFO - Job 14: Subtask run_booking_scraper
[2026-05-09T15:04:44.686+0000] {task_command.py:426} INFO - Running <TaskInstance: weekly_data_pipeline.run_booking_scraper scheduled__2026-04-27T08:00:00+00:00 [running]> on host 710e9dbf822b
[2026-05-09T15:04:45.517+0000] {taskinstance.py:2648} INFO - Exporting env vars: AIRFLOW_CTX_DAG_OWNER='koka' AIRFLOW_CTX_DAG_ID='weekly_data_pipeline' AIRFLOW_CTX_TASK_ID='run_booking_scraper' AIRFLOW_CTX_EXECUTION_DATE='2026-04-27T08:00:00+00:00' AIRFLOW_CTX_TRY_NUMBER='1' AIRFLOW_CTX_DAG_RUN_ID='scheduled__2026-04-27T08:00:00+00:00'
[2026-05-09T15:04:45.529+0000] {taskinstance.py:430} INFO - ::endgroup::
[2026-05-09T15:04:45.537+0000] {subprocess.py:63} INFO - Tmp dir root location: /tmp
[2026-05-09T15:04:45.542+0000] {subprocess.py:75} INFO - Running command: ['/usr/bin/bash', '-c', 'python /opt/***/scripts/booking_scraper.py']
[2026-05-09T15:04:45.596+0000] {subprocess.py:86} INFO - Output:
[2026-05-09T15:04:53.095+0000] {subprocess.py:93} INFO - Traceback (most recent call last):
[2026-05-09T15:04:53.101+0000] {subprocess.py:93} INFO -   File "/opt/***/scripts/booking_scraper.py", line 19, in <module>
[2026-05-09T15:04:53.120+0000] {subprocess.py:93} INFO -     from geopy.distance import geodesic
[2026-05-09T15:04:53.134+0000] {subprocess.py:93} INFO - ModuleNotFoundError: No module named 'geopy'
[2026-05-09T15:04:53.446+0000] {subprocess.py:97} INFO - Command exited with return code 1
[2026-05-09T15:04:53.448+0000] {taskinstance.py:441} INFO - ::group::Post task execution logs
[2026-05-09T15:04:53.515+0000] {taskinstance.py:2905} ERROR - Task failed with exception
Traceback (most recent call last):
  File "/home/airflow/.local/lib/python3.12/site-packages/airflow/models/taskinstance.py", line 465, in _execute_task
    result = _execute_callable(context=context, **execute_callable_kwargs)
             ^^^^^^^^^^^^^^^^^^^^^^^^^^^^^^^^^^^^^^^^^^^^^^^^^^^^^^^^^^^^^
  File "/home/airflow/.local/lib/python3.12/site-packages/airflow/models/taskinstance.py", line 432, in _execute_callable
    return execute_callable(context=context, **execute_callable_kwargs)
           ^^^^^^^^^^^^^^^^^^^^^^^^^^^^^^^^^^^^^^^^^^^^^^^^^^^^^^^^^^^^
  File "/home/airflow/.local/lib/python3.12/site-packages/airflow/models/baseoperator.py", line 400, in wrapper
    return func(self, *args, **kwargs)
           ^^^^^^^^^^^^^^^^^^^^^^^^^^^
  File "/home/airflow/.local/lib/python3.12/site-packages/airflow/operators/bash.py", line 243, in execute
    raise AirflowException(
airflow.exceptions.AirflowException: Bash command failed. The command returned a non-zero exit code 1.
[2026-05-09T15:04:53.545+0000] {taskinstance.py:1206} INFO - Marking task as UP_FOR_RETRY. dag_id=weekly_data_pipeline, task_id=run_booking_scraper, run_id=scheduled__2026-04-27T08:00:00+00:00, execution_date=20260427T080000, start_date=20260509T150443, end_date=20260509T150453
[2026-05-09T15:04:53.632+0000] {standard_task_runner.py:110} ERROR - Failed to execute job 14 for task run_booking_scraper (Bash command failed. The command returned a non-zero exit code 1.; 165)
[2026-05-09T15:04:53.680+0000] {local_task_job_runner.py:240} INFO - Task exited with return code 1
[2026-05-09T15:04:53.710+0000] {local_task_job_runner.py:222} INFO - ::endgroup::
[2026-05-09T18:56:48.644+0000] {local_task_job_runner.py:120} INFO - ::group::Pre task execution logs
[2026-05-09T18:56:48.730+0000] {taskinstance.py:2076} INFO - Dependencies all met for dep_context=non-requeueable deps ti=<TaskInstance: weekly_data_pipeline.run_booking_scraper scheduled__2026-04-27T08:00:00+00:00 [queued]>
[2026-05-09T18:56:48.752+0000] {taskinstance.py:2076} INFO - Dependencies all met for dep_context=requeueable deps ti=<TaskInstance: weekly_data_pipeline.run_booking_scraper scheduled__2026-04-27T08:00:00+00:00 [queued]>
[2026-05-09T18:56:48.753+0000] {taskinstance.py:2306} INFO - Starting attempt 1 of 2
[2026-05-09T18:56:48.796+0000] {taskinstance.py:2330} INFO - Executing <Task(BashOperator): run_booking_scraper> on 2026-04-27 08:00:00+00:00
[2026-05-09T18:56:48.811+0000] {warnings.py:110} WARNING - /home/***/.local/lib/python3.12/site-packages/***/task/task_runner/standard_task_runner.py:61: DeprecationWarning: This process (pid=165) is multi-threaded, use of fork() may lead to deadlocks in the child.
  pid = os.fork()

[2026-05-09T18:56:48.819+0000] {standard_task_runner.py:63} INFO - Started process 169 to run task
[2026-05-09T18:56:48.816+0000] {standard_task_runner.py:90} INFO - Running: ['***', 'tasks', 'run', 'weekly_data_pipeline', 'run_booking_scraper', 'scheduled__2026-04-27T08:00:00+00:00', '--job-id', '45', '--raw', '--subdir', 'DAGS_FOLDER/weekly_pipeline.py', '--cfg-path', '/tmp/tmp3dnjxwdv']
[2026-05-09T18:56:48.823+0000] {standard_task_runner.py:91} INFO - Job 45: Subtask run_booking_scraper
[2026-05-09T18:56:49.101+0000] {task_command.py:426} INFO - Running <TaskInstance: weekly_data_pipeline.run_booking_scraper scheduled__2026-04-27T08:00:00+00:00 [running]> on host b1f1eeb5f7fc
[2026-05-09T18:56:49.366+0000] {taskinstance.py:2648} INFO - Exporting env vars: AIRFLOW_CTX_DAG_OWNER='koka' AIRFLOW_CTX_DAG_ID='weekly_data_pipeline' AIRFLOW_CTX_TASK_ID='run_booking_scraper' AIRFLOW_CTX_EXECUTION_DATE='2026-04-27T08:00:00+00:00' AIRFLOW_CTX_TRY_NUMBER='1' AIRFLOW_CTX_DAG_RUN_ID='scheduled__2026-04-27T08:00:00+00:00'
[2026-05-09T18:56:49.371+0000] {taskinstance.py:430} INFO - ::endgroup::
[2026-05-09T18:56:49.415+0000] {subprocess.py:63} INFO - Tmp dir root location: /tmp
[2026-05-09T18:56:49.419+0000] {subprocess.py:75} INFO - Running command: ['/usr/bin/bash', '-c', 'python /opt/***/scripts/booking_scraper.py']
[2026-05-09T18:56:49.444+0000] {subprocess.py:86} INFO - Output:
[2026-05-09T18:57:30.214+0000] {local_task_job_runner.py:310} WARNING - State of this instance has been externally set to failed. Terminating instance.
[2026-05-09T18:57:30.219+0000] {local_task_job_runner.py:222} INFO - ::endgroup::
[2026-05-09T18:57:30.230+0000] {process_utils.py:132} INFO - Sending 15 to group 169. PIDs of all processes in the group: [173, 169]
[2026-05-09T18:57:30.231+0000] {process_utils.py:87} INFO - Sending the signal 15 to group 169
[2026-05-09T18:57:30.233+0000] {taskinstance.py:2611} ERROR - Received SIGTERM. Terminating subprocesses.
[2026-05-09T18:57:30.235+0000] {subprocess.py:104} INFO - Sending SIGTERM signal to process group
[2026-05-09T18:57:30.258+0000] {taskinstance.py:441} INFO - ::group::Post task execution logs
[2026-05-09T18:57:30.417+0000] {process_utils.py:80} INFO - Process psutil.Process(pid=169, status='terminated', exitcode=0, started='18:56:48') (169) terminated with exit code 0
[2026-05-09T18:57:30.419+0000] {process_utils.py:80} INFO - Process psutil.Process(pid=173, status='terminated', started='18:56:48') (173) terminated with exit code None
