[2026-05-10T08:43:41.361+0000] {local_task_job_runner.py:120} INFO - ::group::Pre task execution logs
[2026-05-10T08:43:41.536+0000] {taskinstance.py:2076} INFO - Dependencies all met for dep_context=non-requeueable deps ti=<TaskInstance: weekly_data_pipeline.run_booking_scraper manual__2026-05-10T08:43:36.375143+00:00 [queued]>
[2026-05-10T08:43:41.579+0000] {taskinstance.py:2076} INFO - Dependencies all met for dep_context=requeueable deps ti=<TaskInstance: weekly_data_pipeline.run_booking_scraper manual__2026-05-10T08:43:36.375143+00:00 [queued]>
[2026-05-10T08:43:41.580+0000] {taskinstance.py:2306} INFO - Starting attempt 1 of 2
[2026-05-10T08:43:41.633+0000] {taskinstance.py:2330} INFO - Executing <Task(BashOperator): run_booking_scraper> on 2026-05-10 08:43:36.375143+00:00
[2026-05-10T08:43:41.684+0000] {warnings.py:110} WARNING - /home/***/.local/lib/python3.12/site-packages/***/task/task_runner/standard_task_runner.py:61: DeprecationWarning: This process (pid=183) is multi-threaded, use of fork() may lead to deadlocks in the child.
  pid = os.fork()

[2026-05-10T08:43:41.671+0000] {standard_task_runner.py:90} INFO - Running: ['***', 'tasks', 'run', 'weekly_data_pipeline', 'run_booking_scraper', 'manual__2026-05-10T08:43:36.375143+00:00', '--job-id', '54', '--raw', '--subdir', 'DAGS_FOLDER/weekly_pipeline.py', '--cfg-path', '/tmp/tmpu4ijo2r1']
[2026-05-10T08:43:41.734+0000] {standard_task_runner.py:91} INFO - Job 54: Subtask run_booking_scraper
[2026-05-10T08:43:41.733+0000] {standard_task_runner.py:63} INFO - Started process 185 to run task
[2026-05-10T08:43:42.358+0000] {task_command.py:426} INFO - Running <TaskInstance: weekly_data_pipeline.run_booking_scraper manual__2026-05-10T08:43:36.375143+00:00 [running]> on host fa47b9e616ba
[2026-05-10T08:43:42.905+0000] {taskinstance.py:2648} INFO - Exporting env vars: AIRFLOW_CTX_DAG_OWNER='koka' AIRFLOW_CTX_DAG_ID='weekly_data_pipeline' AIRFLOW_CTX_TASK_ID='run_booking_scraper' AIRFLOW_CTX_EXECUTION_DATE='2026-05-10T08:43:36.375143+00:00' AIRFLOW_CTX_TRY_NUMBER='1' AIRFLOW_CTX_DAG_RUN_ID='manual__2026-05-10T08:43:36.375143+00:00'
[2026-05-10T08:43:42.907+0000] {taskinstance.py:430} INFO - ::endgroup::
[2026-05-10T08:43:43.055+0000] {subprocess.py:63} INFO - Tmp dir root location: /tmp
[2026-05-10T08:43:43.058+0000] {subprocess.py:75} INFO - Running command: ['/usr/bin/bash', '-c', 'python /opt/***/scripts/booking_scraper.py']
[2026-05-10T08:43:43.118+0000] {subprocess.py:86} INFO - Output:
[2026-05-10T09:16:03.729+0000] {subprocess.py:93} INFO - 
[2026-05-10T09:16:03.836+0000] {subprocess.py:93} INFO - ==================================================
[2026-05-10T09:16:03.842+0000] {subprocess.py:93} INFO - 🏙️  Scraping: Alexandria
[2026-05-10T09:16:03.845+0000] {subprocess.py:93} INFO - ==================================================
[2026-05-10T09:16:03.849+0000] {subprocess.py:93} INFO - 🔌 Connecting to Selenium Grid (attempt 1/5)...
[2026-05-10T09:16:03.851+0000] {subprocess.py:93} INFO - ✅ Connected to Selenium Grid.
[2026-05-10T09:16:03.855+0000] {subprocess.py:93} INFO - 🌍 Opening search: https://www.booking.com/searchresults.html?ss=Alexandria&checkin=2026-07-10&checkout=2026-07-15&group_adults=2&no_rooms=1&group_children=0&selected_currency=USD&lang=en-us&soz=1
[2026-05-10T09:16:03.858+0000] {subprocess.py:93} INFO - 🏨 Loaded cards: 25
[2026-05-10T09:16:03.862+0000] {subprocess.py:93} INFO - ✅ Reached target of 25 hotels.
[2026-05-10T09:16:03.864+0000] {subprocess.py:93} INFO - 🔍 Found 25 hotel cards on current page
[2026-05-10T09:16:03.866+0000] {subprocess.py:93} INFO - 🔌 Connecting to Selenium Grid (attempt 1/5)...
[2026-05-10T09:16:03.869+0000] {subprocess.py:93} INFO - 🔌 Connecting to Selenium Grid (attempt 1/5)...
[2026-05-10T09:16:03.870+0000] {subprocess.py:93} INFO - 🔌 Connecting to Selenium Grid (attempt 1/5)...
[2026-05-10T09:16:03.872+0000] {subprocess.py:93} INFO - ✅ Connected to Selenium Grid.
[2026-05-10T09:16:03.873+0000] {subprocess.py:93} INFO - ✅ Connected to Selenium Grid.
[2026-05-10T09:16:03.875+0000] {subprocess.py:93} INFO - ✅ Connected to Selenium Grid.
[2026-05-10T09:16:03.877+0000] {subprocess.py:93} INFO - 🔌 Connecting to Selenium Grid (attempt 1/5)...
[2026-05-10T09:16:03.880+0000] {subprocess.py:93} INFO - ✅ Connected to Selenium Grid.
[2026-05-10T09:16:03.881+0000] {subprocess.py:93} INFO - 🔌 Connecting to Selenium Grid (attempt 1/5)...
[2026-05-10T09:16:03.882+0000] {subprocess.py:93} INFO - ✅ Connected to Selenium Grid.
[2026-05-10T09:16:03.884+0000] {subprocess.py:93} INFO - 🔌 Connecting to Selenium Grid (attempt 1/5)...
[2026-05-10T09:16:03.887+0000] {subprocess.py:93} INFO - ✅ Connected to Selenium Grid.
[2026-05-10T09:16:03.889+0000] {subprocess.py:93} INFO - 🔌 Connecting to Selenium Grid (attempt 1/5)...
[2026-05-10T09:16:03.891+0000] {subprocess.py:93} INFO - 🔌 Connecting to Selenium Grid (attempt 1/5)...
[2026-05-10T09:16:03.892+0000] {subprocess.py:93} INFO - ✅ Connected to Selenium Grid.
[2026-05-10T09:16:03.893+0000] {subprocess.py:93} INFO - ✅ Connected to Selenium Grid.
[2026-05-10T09:16:03.894+0000] {subprocess.py:93} INFO - 🔌 Connecting to Selenium Grid (attempt 1/5)...
[2026-05-10T09:16:03.896+0000] {subprocess.py:93} INFO - ✅ Connected to Selenium Grid.
[2026-05-10T09:16:03.897+0000] {subprocess.py:93} INFO - 🔌 Connecting to Selenium Grid (attempt 1/5)...
[2026-05-10T09:16:03.898+0000] {subprocess.py:93} INFO - ✅ Connected to Selenium Grid.
[2026-05-10T09:16:03.899+0000] {subprocess.py:93} INFO - 🔌 Connecting to Selenium Grid (attempt 1/5)...
[2026-05-10T09:16:03.901+0000] {subprocess.py:93} INFO - ✅ Connected to Selenium Grid.
[2026-05-10T09:16:03.902+0000] {subprocess.py:93} INFO - 🔌 Connecting to Selenium Grid (attempt 1/5)...
[2026-05-10T09:16:03.904+0000] {subprocess.py:93} INFO - ✅ Connected to Selenium Grid.
[2026-05-10T09:16:03.906+0000] {subprocess.py:93} INFO - 🔌 Connecting to Selenium Grid (attempt 1/5)...
[2026-05-10T09:16:03.907+0000] {subprocess.py:93} INFO - ✅ Connected to Selenium Grid.
[2026-05-10T09:16:03.908+0000] {subprocess.py:93} INFO - 🔌 Connecting to Selenium Grid (attempt 1/5)...
[2026-05-10T09:16:03.909+0000] {subprocess.py:93} INFO - ✅ Connected to Selenium Grid.
[2026-05-10T09:16:03.910+0000] {subprocess.py:93} INFO - 🔌 Connecting to Selenium Grid (attempt 1/5)...
[2026-05-10T09:16:03.911+0000] {subprocess.py:93} INFO - ✅ Connected to Selenium Grid.
[2026-05-10T09:16:03.913+0000] {subprocess.py:93} INFO - 🔌 Connecting to Selenium Grid (attempt 1/5)...
[2026-05-10T09:16:03.914+0000] {subprocess.py:93} INFO - ✅ Connected to Selenium Grid.
[2026-05-10T09:16:03.916+0000] {subprocess.py:93} INFO - 🔌 Connecting to Selenium Grid (attempt 1/5)...
[2026-05-10T09:16:03.917+0000] {subprocess.py:93} INFO - ✅ Connected to Selenium Grid.
[2026-05-10T09:16:03.917+0000] {subprocess.py:93} INFO - 🔌 Connecting to Selenium Grid (attempt 1/5)...
[2026-05-10T09:16:03.918+0000] {subprocess.py:93} INFO - ✅ Connected to Selenium Grid.
[2026-05-10T09:16:03.919+0000] {subprocess.py:93} INFO - 🔌 Connecting to Selenium Grid (attempt 1/5)...
[2026-05-10T09:16:03.920+0000] {subprocess.py:93} INFO - ✅ Connected to Selenium Grid.
[2026-05-10T09:16:03.921+0000] {subprocess.py:93} INFO - 🔌 Connecting to Selenium Grid (attempt 1/5)...
[2026-05-10T09:16:03.922+0000] {subprocess.py:93} INFO - 🔌 Connecting to Selenium Grid (attempt 1/5)...
[2026-05-10T09:16:03.923+0000] {subprocess.py:93} INFO - ✅ Connected to Selenium Grid.
[2026-05-10T09:16:03.924+0000] {subprocess.py:93} INFO - ✅ Connected to Selenium Grid.
[2026-05-10T09:16:03.925+0000] {subprocess.py:93} INFO - 🔌 Connecting to Selenium Grid (attempt 1/5)...
[2026-05-10T09:16:03.927+0000] {subprocess.py:93} INFO - ✅ Connected to Selenium Grid.
[2026-05-10T09:16:03.928+0000] {subprocess.py:93} INFO - 🔌 Connecting to Selenium Grid (attempt 1/5)...
[2026-05-10T09:16:03.928+0000] {subprocess.py:93} INFO - ✅ Connected to Selenium Grid.
[2026-05-10T09:16:03.930+0000] {subprocess.py:93} INFO - 🔌 Connecting to Selenium Grid (attempt 1/5)...
[2026-05-10T09:16:03.931+0000] {subprocess.py:93} INFO - ✅ Connected to Selenium Grid.
[2026-05-10T09:16:03.932+0000] {subprocess.py:93} INFO - 🔌 Connecting to Selenium Grid (attempt 1/5)...
[2026-05-10T09:16:03.933+0000] {subprocess.py:93} INFO - ✅ Connected to Selenium Grid.
[2026-05-10T09:16:03.935+0000] {subprocess.py:93} INFO - 
[2026-05-10T09:16:03.937+0000] {subprocess.py:93} INFO - 💾 Saved 25 hotels   → Alexandria_2026-05-10_booking.csv
[2026-05-10T09:16:03.939+0000] {subprocess.py:93} INFO - 💾 Saved 142 room rows → Alexandria_2026-05-10_booking_rooms.csv
[2026-05-10T09:16:03.941+0000] {subprocess.py:93} INFO -                                      Hotel Name  ...  Distance (km)
[2026-05-10T09:16:03.943+0000] {subprocess.py:93} INFO - 0                        Tolip Hotel Alexandria  ...         180.59
[2026-05-10T09:16:03.944+0000] {subprocess.py:93} INFO - 1  grey l studio apartments Corniche Alexandria  ...         181.23
[2026-05-10T09:16:03.945+0000] {subprocess.py:93} INFO - 2                     Royal jewel Al-Raml Hotel  ...         181.11
[2026-05-10T09:16:03.947+0000] {subprocess.py:93} INFO - 3                      Rixos Montaza Alexandria  ...         180.78
[2026-05-10T09:16:03.948+0000] {subprocess.py:93} INFO - 4                                 ابراج المنتزه  ...         180.63
[2026-05-10T09:16:03.949+0000] {subprocess.py:93} INFO - 
[2026-05-10T09:16:03.950+0000] {subprocess.py:93} INFO - [5 rows x 8 columns]
[2026-05-10T09:16:03.951+0000] {subprocess.py:93} INFO - 
[2026-05-10T09:16:03.952+0000] {subprocess.py:93} INFO - --- Rooms preview ---
[2026-05-10T09:16:03.953+0000] {subprocess.py:93} INFO -                                      Hotel Name  ...                                       Your choices
[2026-05-10T09:16:03.955+0000] {subprocess.py:93} INFO - 0                     Royal jewel Al-Raml Hotel  ...  Good breakfast included Free cancellation befo...
[2026-05-10T09:16:03.956+0000] {subprocess.py:93} INFO - 1                     Royal jewel Al-Raml Hotel  ...  Good breakfast included Free cancellation befo...
[2026-05-10T09:16:03.957+0000] {subprocess.py:93} INFO - 2                     Royal jewel Al-Raml Hotel  ...  Good breakfast included Free cancellation befo...
[2026-05-10T09:16:03.958+0000] {subprocess.py:93} INFO - 3  grey l studio apartments Corniche Alexandria  ...                                                N/A
[2026-05-10T09:16:03.960+0000] {subprocess.py:93} INFO - 4  grey l studio apartments Corniche Alexandria  ...                                                N/A
[2026-05-10T09:16:03.964+0000] {subprocess.py:93} INFO - 
[2026-05-10T09:16:03.964+0000] {subprocess.py:93} INFO - [5 rows x 6 columns]
[2026-05-10T09:16:03.967+0000] {subprocess.py:93} INFO - 
[2026-05-10T09:16:03.968+0000] {subprocess.py:93} INFO - ==================================================
[2026-05-10T09:16:03.970+0000] {subprocess.py:93} INFO - 🏙️  Scraping: Cairo
[2026-05-10T09:16:03.971+0000] {subprocess.py:93} INFO - ==================================================
[2026-05-10T09:16:03.973+0000] {subprocess.py:93} INFO - 🔌 Connecting to Selenium Grid (attempt 1/5)...
[2026-05-10T09:16:03.974+0000] {subprocess.py:93} INFO - ✅ Connected to Selenium Grid.
[2026-05-10T09:16:03.976+0000] {subprocess.py:93} INFO - 🌍 Opening search: https://www.booking.com/searchresults.html?ss=Cairo&checkin=2026-07-10&checkout=2026-07-15&group_adults=2&no_rooms=1&group_children=0&selected_currency=USD&lang=en-us&soz=1
[2026-05-10T09:16:03.978+0000] {subprocess.py:93} INFO - 🏨 Loaded cards: 26
[2026-05-10T09:16:03.979+0000] {subprocess.py:93} INFO - ✅ Reached target of 25 hotels.
[2026-05-10T09:16:03.980+0000] {subprocess.py:93} INFO - 🔍 Found 26 hotel cards on current page
[2026-05-10T09:16:03.981+0000] {subprocess.py:93} INFO - 🔌 Connecting to Selenium Grid (attempt 1/5)...
[2026-05-10T09:16:03.982+0000] {subprocess.py:93} INFO - 🔌 Connecting to Selenium Grid (attempt 1/5)...
[2026-05-10T09:16:03.984+0000] {subprocess.py:93} INFO - 🔌 Connecting to Selenium Grid (attempt 1/5)...
[2026-05-10T09:16:03.985+0000] {subprocess.py:93} INFO - ✅ Connected to Selenium Grid.
[2026-05-10T09:16:03.987+0000] {subprocess.py:93} INFO - ✅ Connected to Selenium Grid.
[2026-05-10T09:16:03.989+0000] {subprocess.py:93} INFO - ✅ Connected to Selenium Grid.
[2026-05-10T09:16:03.990+0000] {subprocess.py:93} INFO - 🔌 Connecting to Selenium Grid (attempt 1/5)...
[2026-05-10T09:16:03.991+0000] {subprocess.py:93} INFO - ✅ Connected to Selenium Grid.
[2026-05-10T09:16:03.992+0000] {subprocess.py:93} INFO - 🔌 Connecting to Selenium Grid (attempt 1/5)...
[2026-05-10T09:16:03.993+0000] {subprocess.py:93} INFO - ✅ Connected to Selenium Grid.
[2026-05-10T09:16:03.994+0000] {subprocess.py:93} INFO - 🔌 Connecting to Selenium Grid (attempt 1/5)...
[2026-05-10T09:16:03.995+0000] {subprocess.py:93} INFO - ✅ Connected to Selenium Grid.
[2026-05-10T09:16:03.996+0000] {subprocess.py:93} INFO - 🔌 Connecting to Selenium Grid (attempt 1/5)...
[2026-05-10T09:16:03.997+0000] {subprocess.py:93} INFO - ✅ Connected to Selenium Grid.
[2026-05-10T09:16:03.998+0000] {subprocess.py:93} INFO - 🔌 Connecting to Selenium Grid (attempt 1/5)...
[2026-05-10T09:16:03.999+0000] {subprocess.py:93} INFO - ✅ Connected to Selenium Grid.
[2026-05-10T09:16:04.000+0000] {subprocess.py:93} INFO - 🔌 Connecting to Selenium Grid (attempt 1/5)...
[2026-05-10T09:16:04.001+0000] {subprocess.py:93} INFO - ✅ Connected to Selenium Grid.
[2026-05-10T09:16:04.004+0000] {subprocess.py:93} INFO - 🔌 Connecting to Selenium Grid (attempt 1/5)...
[2026-05-10T09:16:04.007+0000] {subprocess.py:93} INFO - ✅ Connected to Selenium Grid.
[2026-05-10T09:16:04.008+0000] {subprocess.py:93} INFO - 🔌 Connecting to Selenium Grid (attempt 1/5)...
[2026-05-10T09:16:04.008+0000] {subprocess.py:93} INFO - ✅ Connected to Selenium Grid.
[2026-05-10T09:16:04.009+0000] {subprocess.py:93} INFO - 🔌 Connecting to Selenium Grid (attempt 1/5)...
[2026-05-10T09:16:04.010+0000] {subprocess.py:93} INFO - ✅ Connected to Selenium Grid.
[2026-05-10T09:16:04.012+0000] {subprocess.py:93} INFO - 🔌 Connecting to Selenium Grid (attempt 1/5)...
[2026-05-10T09:16:04.013+0000] {subprocess.py:93} INFO - ✅ Connected to Selenium Grid.
[2026-05-10T09:16:04.013+0000] {subprocess.py:93} INFO - 🔌 Connecting to Selenium Grid (attempt 1/5)...
[2026-05-10T09:16:04.014+0000] {subprocess.py:93} INFO - ✅ Connected to Selenium Grid.
[2026-05-10T09:16:04.015+0000] {subprocess.py:93} INFO - 🔌 Connecting to Selenium Grid (attempt 1/5)...
[2026-05-10T09:16:04.015+0000] {subprocess.py:93} INFO - ✅ Connected to Selenium Grid.
[2026-05-10T09:16:04.016+0000] {subprocess.py:93} INFO - 🔌 Connecting to Selenium Grid (attempt 1/5)...
[2026-05-10T09:16:04.017+0000] {subprocess.py:93} INFO - ✅ Connected to Selenium Grid.
[2026-05-10T09:16:04.018+0000] {subprocess.py:93} INFO - 🔌 Connecting to Selenium Grid (attempt 1/5)...
[2026-05-10T09:16:04.019+0000] {subprocess.py:93} INFO - ✅ Connected to Selenium Grid.
[2026-05-10T09:16:04.020+0000] {subprocess.py:93} INFO - 🔌 Connecting to Selenium Grid (attempt 1/5)...
[2026-05-10T09:16:04.021+0000] {subprocess.py:93} INFO - ✅ Connected to Selenium Grid.
[2026-05-10T09:16:04.023+0000] {subprocess.py:93} INFO - 🔌 Connecting to Selenium Grid (attempt 1/5)...
[2026-05-10T09:16:04.024+0000] {subprocess.py:93} INFO - 🔌 Connecting to Selenium Grid (attempt 1/5)...
[2026-05-10T09:16:04.025+0000] {subprocess.py:93} INFO - ✅ Connected to Selenium Grid.
[2026-05-10T09:16:04.027+0000] {subprocess.py:93} INFO - ✅ Connected to Selenium Grid.
[2026-05-10T09:16:04.028+0000] {subprocess.py:93} INFO - 🔌 Connecting to Selenium Grid (attempt 1/5)...
[2026-05-10T09:16:04.029+0000] {subprocess.py:93} INFO - ✅ Connected to Selenium Grid.
[2026-05-10T09:16:04.030+0000] {subprocess.py:93} INFO - 🔌 Connecting to Selenium Grid (attempt 1/5)...
[2026-05-10T09:16:04.031+0000] {subprocess.py:93} INFO - ✅ Connected to Selenium Grid.
[2026-05-10T09:16:04.032+0000] {subprocess.py:93} INFO - 🔌 Connecting to Selenium Grid (attempt 1/5)...
[2026-05-10T09:16:04.034+0000] {subprocess.py:93} INFO - ✅ Connected to Selenium Grid.
[2026-05-10T09:16:04.035+0000] {subprocess.py:93} INFO - 🔌 Connecting to Selenium Grid (attempt 1/5)...
[2026-05-10T09:16:04.036+0000] {subprocess.py:93} INFO - ✅ Connected to Selenium Grid.
[2026-05-10T09:16:04.037+0000] {subprocess.py:93} INFO - 
[2026-05-10T09:16:04.038+0000] {subprocess.py:93} INFO - 💾 Saved 25 hotels   → Cairo_2026-05-10_booking.csv
[2026-05-10T09:16:04.041+0000] {subprocess.py:93} INFO - 💾 Saved 186 room rows → Cairo_2026-05-10_booking_rooms.csv
[2026-05-10T09:16:04.042+0000] {subprocess.py:93} INFO -                      Hotel Name Price  ...  Longitude Distance (km)
[2026-05-10T09:16:04.043+0000] {subprocess.py:93} INFO - 0       Hilton Cairo Grand Nile   510  ...  31.227007          1.44
[2026-05-10T09:16:04.044+0000] {subprocess.py:93} INFO - 1                           N/A   N/A  ...        NaN           N/A
[2026-05-10T09:16:04.045+0000] {subprocess.py:93} INFO - 2  Ramses Hilton Hotel & Casino   N/A  ...  31.232007          0.73
[2026-05-10T09:16:04.046+0000] {subprocess.py:93} INFO - 3      Glow Pyramids View Hotel   140  ...  31.139911         11.46
[2026-05-10T09:16:04.046+0000] {subprocess.py:93} INFO - 4   Alivia Scarab Pyramids View    74  ...  31.141169         11.89
[2026-05-10T09:16:04.047+0000] {subprocess.py:93} INFO - 
[2026-05-10T09:16:04.048+0000] {subprocess.py:93} INFO - [5 rows x 8 columns]
[2026-05-10T09:16:04.052+0000] {subprocess.py:93} INFO - 
[2026-05-10T09:16:04.054+0000] {subprocess.py:93} INFO - --- Rooms preview ---
[2026-05-10T09:16:04.055+0000] {subprocess.py:93} INFO -                  Hotel Name  ... Your choices
[2026-05-10T09:16:04.056+0000] {subprocess.py:93} INFO - 0  Glow Pyramids View Hotel  ...          N/A
[2026-05-10T09:16:04.056+0000] {subprocess.py:93} INFO - 1  Glow Pyramids View Hotel  ...          N/A
[2026-05-10T09:16:04.057+0000] {subprocess.py:93} INFO - 2  Glow Pyramids View Hotel  ...          N/A
[2026-05-10T09:16:04.058+0000] {subprocess.py:93} INFO - 3  Glow Pyramids View Hotel  ...          N/A
[2026-05-10T09:16:04.059+0000] {subprocess.py:93} INFO - 4  Glow Pyramids View Hotel  ...          N/A
[2026-05-10T09:16:04.060+0000] {subprocess.py:93} INFO - 
[2026-05-10T09:16:04.060+0000] {subprocess.py:93} INFO - [5 rows x 6 columns]
[2026-05-10T09:16:04.063+0000] {subprocess.py:93} INFO - 
[2026-05-10T09:16:04.064+0000] {subprocess.py:93} INFO - ==================================================
[2026-05-10T09:16:04.065+0000] {subprocess.py:93} INFO - 🏙️  Scraping: Luxor
[2026-05-10T09:16:04.067+0000] {subprocess.py:93} INFO - ==================================================
[2026-05-10T09:16:04.069+0000] {subprocess.py:93} INFO - 🔌 Connecting to Selenium Grid (attempt 1/5)...
[2026-05-10T09:16:04.070+0000] {subprocess.py:93} INFO - ✅ Connected to Selenium Grid.
[2026-05-10T09:16:04.071+0000] {subprocess.py:93} INFO - 🌍 Opening search: https://www.booking.com/searchresults.html?ss=Luxor&checkin=2026-07-10&checkout=2026-07-15&group_adults=2&no_rooms=1&group_children=0&selected_currency=USD&lang=en-us&soz=1
[2026-05-10T09:16:04.073+0000] {subprocess.py:93} INFO - 🏨 Loaded cards: 25
[2026-05-10T09:16:04.074+0000] {subprocess.py:93} INFO - ✅ Reached target of 25 hotels.
[2026-05-10T09:16:04.077+0000] {subprocess.py:93} INFO - 🔍 Found 25 hotel cards on current page
[2026-05-10T09:16:04.078+0000] {subprocess.py:93} INFO - 🔌 Connecting to Selenium Grid (attempt 1/5)...
[2026-05-10T09:16:04.080+0000] {subprocess.py:93} INFO - 🔌 Connecting to Selenium Grid (attempt 1/5)...
[2026-05-10T09:16:04.083+0000] {subprocess.py:93} INFO - 🔌 Connecting to Selenium Grid (attempt 1/5)...
[2026-05-10T09:16:04.084+0000] {subprocess.py:93} INFO - ✅ Connected to Selenium Grid.
[2026-05-10T09:16:04.087+0000] {subprocess.py:93} INFO - ✅ Connected to Selenium Grid.
[2026-05-10T09:16:04.089+0000] {subprocess.py:93} INFO - ✅ Connected to Selenium Grid.
[2026-05-10T09:16:04.091+0000] {subprocess.py:93} INFO - 🔌 Connecting to Selenium Grid (attempt 1/5)...
[2026-05-10T09:16:04.091+0000] {subprocess.py:93} INFO - ✅ Connected to Selenium Grid.
[2026-05-10T09:16:04.092+0000] {subprocess.py:93} INFO - 🔌 Connecting to Selenium Grid (attempt 1/5)...
[2026-05-10T09:16:04.093+0000] {subprocess.py:93} INFO - ✅ Connected to Selenium Grid.
[2026-05-10T09:16:04.094+0000] {subprocess.py:93} INFO - 🔌 Connecting to Selenium Grid (attempt 1/5)...
[2026-05-10T09:16:04.095+0000] {subprocess.py:93} INFO - ✅ Connected to Selenium Grid.
[2026-05-10T09:16:04.096+0000] {subprocess.py:93} INFO - 🔌 Connecting to Selenium Grid (attempt 1/5)...
[2026-05-10T09:32:21.936+0000] {subprocess.py:93} INFO - ✅ Connected to Selenium Grid.
[2026-05-10T09:32:22.000+0000] {subprocess.py:93} INFO - 🔌 Connecting to Selenium Grid (attempt 1/5)...
[2026-05-10T09:32:22.002+0000] {subprocess.py:93} INFO - ✅ Connected to Selenium Grid.
[2026-05-10T09:32:22.003+0000] {subprocess.py:93} INFO - 🔌 Connecting to Selenium Grid (attempt 1/5)...
[2026-05-10T09:32:22.005+0000] {subprocess.py:93} INFO - ✅ Connected to Selenium Grid.
[2026-05-10T09:32:22.006+0000] {subprocess.py:93} INFO - 🔌 Connecting to Selenium Grid (attempt 1/5)...
[2026-05-10T09:32:22.008+0000] {subprocess.py:93} INFO - ✅ Connected to Selenium Grid.
[2026-05-10T09:32:22.009+0000] {subprocess.py:93} INFO - 🔌 Connecting to Selenium Grid (attempt 1/5)...
[2026-05-10T09:32:22.009+0000] {subprocess.py:93} INFO - ✅ Connected to Selenium Grid.
[2026-05-10T09:32:22.010+0000] {subprocess.py:93} INFO - 🔌 Connecting to Selenium Grid (attempt 1/5)...
[2026-05-10T09:32:22.010+0000] {subprocess.py:93} INFO - ✅ Connected to Selenium Grid.
[2026-05-10T09:32:22.011+0000] {subprocess.py:93} INFO - 🔌 Connecting to Selenium Grid (attempt 1/5)...
[2026-05-10T09:32:22.013+0000] {subprocess.py:93} INFO - ✅ Connected to Selenium Grid.
[2026-05-10T09:32:22.014+0000] {subprocess.py:93} INFO - 🔌 Connecting to Selenium Grid (attempt 1/5)...
[2026-05-10T09:32:22.015+0000] {subprocess.py:93} INFO - ✅ Connected to Selenium Grid.
[2026-05-10T09:32:22.016+0000] {subprocess.py:93} INFO - 🔌 Connecting to Selenium Grid (attempt 1/5)...
[2026-05-10T09:32:22.017+0000] {subprocess.py:93} INFO - ✅ Connected to Selenium Grid.
[2026-05-10T09:32:22.018+0000] {subprocess.py:93} INFO - 🔌 Connecting to Selenium Grid (attempt 1/5)...
[2026-05-10T09:32:22.018+0000] {subprocess.py:93} INFO - 🔌 Connecting to Selenium Grid (attempt 1/5)...
[2026-05-10T09:32:22.019+0000] {subprocess.py:93} INFO - ✅ Connected to Selenium Grid.
[2026-05-10T09:32:22.020+0000] {subprocess.py:93} INFO - ✅ Connected to Selenium Grid.
[2026-05-10T09:32:22.021+0000] {subprocess.py:93} INFO - 🔌 Connecting to Selenium Grid (attempt 1/5)...
[2026-05-10T09:32:22.021+0000] {subprocess.py:93} INFO - ✅ Connected to Selenium Grid.
[2026-05-10T09:32:22.022+0000] {subprocess.py:93} INFO - 🔌 Connecting to Selenium Grid (attempt 1/5)...
[2026-05-10T09:32:22.023+0000] {subprocess.py:93} INFO - ✅ Connected to Selenium Grid.
[2026-05-10T09:32:22.023+0000] {subprocess.py:93} INFO - 🔌 Connecting to Selenium Grid (attempt 1/5)...
[2026-05-10T09:32:22.024+0000] {subprocess.py:93} INFO - ✅ Connected to Selenium Grid.
[2026-05-10T09:32:22.025+0000] {subprocess.py:93} INFO - 🔌 Connecting to Selenium Grid (attempt 1/5)...
[2026-05-10T09:32:22.026+0000] {subprocess.py:93} INFO - ✅ Connected to Selenium Grid.
[2026-05-10T09:32:22.027+0000] {subprocess.py:93} INFO - 🔌 Connecting to Selenium Grid (attempt 1/5)...
[2026-05-10T09:32:22.027+0000] {subprocess.py:93} INFO - ✅ Connected to Selenium Grid.
[2026-05-10T09:32:22.028+0000] {subprocess.py:93} INFO - 🔌 Connecting to Selenium Grid (attempt 1/5)...
[2026-05-10T09:32:22.029+0000] {subprocess.py:93} INFO - ✅ Connected to Selenium Grid.
[2026-05-10T09:32:22.031+0000] {subprocess.py:93} INFO - 🔌 Connecting to Selenium Grid (attempt 1/5)...
[2026-05-10T09:32:22.032+0000] {subprocess.py:93} INFO - ✅ Connected to Selenium Grid.
[2026-05-10T09:32:22.033+0000] {subprocess.py:93} INFO - 🔌 Connecting to Selenium Grid (attempt 1/5)...
[2026-05-10T09:32:22.034+0000] {subprocess.py:93} INFO - ✅ Connected to Selenium Grid.
[2026-05-10T09:32:22.034+0000] {subprocess.py:93} INFO - 
[2026-05-10T09:32:22.035+0000] {subprocess.py:93} INFO - 💾 Saved 25 hotels   → Luxor_2026-05-10_booking.csv
[2026-05-10T09:32:22.037+0000] {subprocess.py:93} INFO - 💾 Saved 143 room rows → Luxor_2026-05-10_booking_rooms.csv
[2026-05-10T09:32:22.038+0000] {subprocess.py:93} INFO -                                    Hotel Name  Price  ...  Longitude Distance (km)
[2026-05-10T09:32:22.039+0000] {subprocess.py:93} INFO - 0  Jolie Ville Hotel & Spa Kings Island Luxor    392  ...  32.622984        503.81
[2026-05-10T09:32:22.039+0000] {subprocess.py:93} INFO - 1                   Hilton Luxor Resort & Spa    693  ...  32.655730        498.12
[2026-05-10T09:32:22.040+0000] {subprocess.py:93} INFO - 2                       Nefertiti Hotel Luxor    190  ...  32.641967        500.79
[2026-05-10T09:32:22.041+0000] {subprocess.py:93} INFO - 3                  Steigenberger Resort Achti    337  ...  32.627514        502.32
[2026-05-10T09:32:22.041+0000] {subprocess.py:93} INFO - 4                        Pyramisa Hotel Luxor    308  ...  32.629865        502.01
[2026-05-10T09:32:22.042+0000] {subprocess.py:93} INFO - 
[2026-05-10T09:32:22.043+0000] {subprocess.py:93} INFO - [5 rows x 8 columns]
[2026-05-10T09:32:22.043+0000] {subprocess.py:93} INFO - 
[2026-05-10T09:32:22.044+0000] {subprocess.py:93} INFO - --- Rooms preview ---
[2026-05-10T09:32:22.044+0000] {subprocess.py:93} INFO -               Hotel Name  ... Your choices
[2026-05-10T09:32:22.044+0000] {subprocess.py:93} INFO - 0  Nefertiti Hotel Luxor  ...          N/A
[2026-05-10T09:32:22.045+0000] {subprocess.py:93} INFO - 1  Nefertiti Hotel Luxor  ...          N/A
[2026-05-10T09:32:22.046+0000] {subprocess.py:93} INFO - 2  Nefertiti Hotel Luxor  ...          N/A
[2026-05-10T09:32:22.047+0000] {subprocess.py:93} INFO - 3  Nefertiti Hotel Luxor  ...          N/A
[2026-05-10T09:32:22.048+0000] {subprocess.py:93} INFO - 4  Nefertiti Hotel Luxor  ...          N/A
[2026-05-10T09:32:22.049+0000] {subprocess.py:93} INFO - 
[2026-05-10T09:32:22.050+0000] {subprocess.py:93} INFO - [5 rows x 6 columns]
[2026-05-10T09:32:22.050+0000] {subprocess.py:93} INFO - 
[2026-05-10T09:32:22.051+0000] {subprocess.py:93} INFO - ==================================================
[2026-05-10T09:32:22.051+0000] {subprocess.py:93} INFO - 🏙️  Scraping: Sharm El Sheikh
[2026-05-10T09:32:22.052+0000] {subprocess.py:93} INFO - ==================================================
[2026-05-10T09:32:22.053+0000] {subprocess.py:93} INFO - 🔌 Connecting to Selenium Grid (attempt 1/5)...
[2026-05-10T09:32:22.053+0000] {subprocess.py:93} INFO - ✅ Connected to Selenium Grid.
[2026-05-10T09:32:22.055+0000] {subprocess.py:93} INFO - 🌍 Opening search: https://www.booking.com/searchresults.html?ss=Sharm+El+Sheikh&checkin=2026-07-10&checkout=2026-07-15&group_adults=2&no_rooms=1&group_children=0&selected_currency=USD&lang=en-us&soz=1
[2026-05-10T09:32:22.056+0000] {subprocess.py:93} INFO - 🏨 Loaded cards: 25
[2026-05-10T09:32:22.057+0000] {subprocess.py:93} INFO - ✅ Reached target of 25 hotels.
[2026-05-10T09:32:22.057+0000] {subprocess.py:93} INFO - 🔍 Found 25 hotel cards on current page
[2026-05-10T09:32:22.058+0000] {subprocess.py:93} INFO - 🔌 Connecting to Selenium Grid (attempt 1/5)...
[2026-05-10T09:32:22.058+0000] {subprocess.py:93} INFO - 🔌 Connecting to Selenium Grid (attempt 1/5)...
[2026-05-10T09:32:22.059+0000] {subprocess.py:93} INFO - 🔌 Connecting to Selenium Grid (attempt 1/5)...
[2026-05-10T09:32:22.059+0000] {subprocess.py:93} INFO - ✅ Connected to Selenium Grid.
[2026-05-10T09:32:22.060+0000] {subprocess.py:93} INFO - ✅ Connected to Selenium Grid.
[2026-05-10T09:32:22.060+0000] {subprocess.py:93} INFO - ✅ Connected to Selenium Grid.
[2026-05-10T09:32:22.060+0000] {subprocess.py:93} INFO - 🔌 Connecting to Selenium Grid (attempt 1/5)...
[2026-05-10T09:32:22.061+0000] {subprocess.py:93} INFO - ✅ Connected to Selenium Grid.
[2026-05-10T09:32:22.061+0000] {subprocess.py:93} INFO - 🔌 Connecting to Selenium Grid (attempt 1/5)...
[2026-05-10T09:32:22.062+0000] {subprocess.py:93} INFO - ✅ Connected to Selenium Grid.
[2026-05-10T09:32:22.063+0000] {subprocess.py:93} INFO - 🔌 Connecting to Selenium Grid (attempt 1/5)...
[2026-05-10T09:32:22.064+0000] {subprocess.py:93} INFO - ✅ Connected to Selenium Grid.
[2026-05-10T09:32:22.065+0000] {subprocess.py:93} INFO - 🔌 Connecting to Selenium Grid (attempt 1/5)...
[2026-05-10T09:32:22.065+0000] {subprocess.py:93} INFO - ✅ Connected to Selenium Grid.
[2026-05-10T09:32:22.066+0000] {subprocess.py:93} INFO - 🔌 Connecting to Selenium Grid (attempt 1/5)...
[2026-05-10T09:32:22.067+0000] {subprocess.py:93} INFO - ✅ Connected to Selenium Grid.
[2026-05-10T09:32:22.067+0000] {subprocess.py:93} INFO - 🔌 Connecting to Selenium Grid (attempt 1/5)...
[2026-05-10T09:32:22.068+0000] {subprocess.py:93} INFO - ✅ Connected to Selenium Grid.
[2026-05-10T09:32:22.069+0000] {subprocess.py:93} INFO - 🔌 Connecting to Selenium Grid (attempt 1/5)...
[2026-05-10T09:32:22.069+0000] {subprocess.py:93} INFO - ✅ Connected to Selenium Grid.
[2026-05-10T09:32:22.070+0000] {subprocess.py:93} INFO - 🔌 Connecting to Selenium Grid (attempt 1/5)...
[2026-05-10T09:32:22.071+0000] {subprocess.py:93} INFO - ✅ Connected to Selenium Grid.
[2026-05-10T09:32:22.072+0000] {subprocess.py:93} INFO - 🔌 Connecting to Selenium Grid (attempt 1/5)...
[2026-05-10T09:32:22.073+0000] {subprocess.py:93} INFO - ✅ Connected to Selenium Grid.
[2026-05-10T09:32:22.074+0000] {subprocess.py:93} INFO - 🔌 Connecting to Selenium Grid (attempt 1/5)...
[2026-05-10T09:32:22.074+0000] {subprocess.py:93} INFO - ✅ Connected to Selenium Grid.
[2026-05-10T09:32:22.075+0000] {subprocess.py:93} INFO - 🔌 Connecting to Selenium Grid (attempt 1/5)...
[2026-05-10T09:32:22.076+0000] {subprocess.py:93} INFO - ✅ Connected to Selenium Grid.
[2026-05-10T09:32:22.077+0000] {subprocess.py:93} INFO - 🔌 Connecting to Selenium Grid (attempt 1/5)...
[2026-05-10T09:32:22.077+0000] {subprocess.py:93} INFO - ✅ Connected to Selenium Grid.
[2026-05-10T09:32:22.078+0000] {subprocess.py:93} INFO - 🔌 Connecting to Selenium Grid (attempt 1/5)...
[2026-05-10T09:32:22.079+0000] {subprocess.py:93} INFO - ✅ Connected to Selenium Grid.
[2026-05-10T09:32:22.080+0000] {subprocess.py:93} INFO - 🔌 Connecting to Selenium Grid (attempt 1/5)...
[2026-05-10T09:32:22.080+0000] {subprocess.py:93} INFO - ✅ Connected to Selenium Grid.
[2026-05-10T09:32:22.081+0000] {subprocess.py:93} INFO - 🔌 Connecting to Selenium Grid (attempt 1/5)...
[2026-05-10T09:32:22.082+0000] {subprocess.py:93} INFO - ✅ Connected to Selenium Grid.
[2026-05-10T09:32:22.082+0000] {subprocess.py:93} INFO - 🔌 Connecting to Selenium Grid (attempt 1/5)...
[2026-05-10T09:32:22.083+0000] {subprocess.py:93} INFO - ✅ Connected to Selenium Grid.
[2026-05-10T09:32:22.083+0000] {subprocess.py:93} INFO - 🔌 Connecting to Selenium Grid (attempt 1/5)...
[2026-05-10T09:32:22.084+0000] {subprocess.py:93} INFO - ✅ Connected to Selenium Grid.
[2026-05-10T09:32:22.085+0000] {subprocess.py:93} INFO - 🔌 Connecting to Selenium Grid (attempt 1/5)...
[2026-05-10T09:32:22.085+0000] {subprocess.py:93} INFO - ✅ Connected to Selenium Grid.
[2026-05-10T09:32:22.086+0000] {subprocess.py:93} INFO - 🔌 Connecting to Selenium Grid (attempt 1/5)...
[2026-05-10T09:32:22.087+0000] {subprocess.py:93} INFO - ✅ Connected to Selenium Grid.
[2026-05-10T09:32:22.087+0000] {subprocess.py:93} INFO - 🔌 Connecting to Selenium Grid (attempt 1/5)...
[2026-05-10T09:32:22.088+0000] {subprocess.py:93} INFO - ✅ Connected to Selenium Grid.
[2026-05-10T09:32:22.088+0000] {subprocess.py:93} INFO - 🔌 Connecting to Selenium Grid (attempt 1/5)...
[2026-05-10T09:32:22.089+0000] {subprocess.py:93} INFO - ✅ Connected to Selenium Grid.
[2026-05-10T09:32:22.090+0000] {subprocess.py:93} INFO - 🔌 Connecting to Selenium Grid (attempt 1/5)...
[2026-05-10T09:32:22.090+0000] {subprocess.py:93} INFO - ✅ Connected to Selenium Grid.
[2026-05-10T09:32:22.091+0000] {subprocess.py:93} INFO - 
[2026-05-10T09:32:22.092+0000] {subprocess.py:93} INFO - 💾 Saved 25 hotels   → Sharm El Sheikh_2026-05-10_booking.csv
[2026-05-10T09:32:22.093+0000] {subprocess.py:93} INFO - 💾 Saved 222 room rows → Sharm El Sheikh_2026-05-10_booking_rooms.csv
[2026-05-10T09:32:22.094+0000] {subprocess.py:93} INFO -                                        Hotel Name  ... Distance (km)
[2026-05-10T09:32:22.095+0000] {subprocess.py:93} INFO - 0  DoubleTree by Hilton Sharm El Sheikh Sharm Bay  ...        384.83
[2026-05-10T09:32:22.096+0000] {subprocess.py:93} INFO - 1                   Hotel Novotel Sharm El-Sheikh  ...        382.92
[2026-05-10T09:32:22.097+0000] {subprocess.py:93} INFO - 2                                   JAZ Belvedere  ...        385.52
[2026-05-10T09:32:22.098+0000] {subprocess.py:93} INFO - 3                                                  ...        383.52
[2026-05-10T09:32:22.098+0000] {subprocess.py:93} INFO - 4                                                  ...        385.33
[2026-05-10T09:32:22.099+0000] {subprocess.py:93} INFO - 
[2026-05-10T09:32:22.099+0000] {subprocess.py:93} INFO - [5 rows x 8 columns]
[2026-05-10T09:32:22.100+0000] {subprocess.py:93} INFO - 
[2026-05-10T09:32:22.101+0000] {subprocess.py:93} INFO - --- Rooms preview ---
[2026-05-10T09:32:22.104+0000] {subprocess.py:93} INFO -       Hotel Name  ...                                       Your choices
[2026-05-10T09:32:22.105+0000] {subprocess.py:93} INFO - 0  JAZ Belvedere  ...  All-Inclusive Includes 1 parking spot Free can...
[2026-05-10T09:32:22.105+0000] {subprocess.py:93} INFO - 1  JAZ Belvedere  ...  All-Inclusive Includes 1 parking spot Free can...
[2026-05-10T09:32:22.106+0000] {subprocess.py:93} INFO - 2  JAZ Belvedere  ...  All-Inclusive Includes 1 parking spot Free can...
[2026-05-10T09:32:22.106+0000] {subprocess.py:93} INFO - 3  JAZ Belvedere  ...  All-Inclusive Includes 1 parking spot Free can...
[2026-05-10T09:32:22.107+0000] {subprocess.py:93} INFO - 4  JAZ Belvedere  ...  All-Inclusive Includes 1 parking spot Free can...
[2026-05-10T09:32:22.108+0000] {subprocess.py:93} INFO - 
[2026-05-10T09:32:22.108+0000] {subprocess.py:93} INFO - [5 rows x 6 columns]
[2026-05-10T09:32:22.109+0000] {subprocess.py:93} INFO - 
[2026-05-10T09:32:22.109+0000] {subprocess.py:93} INFO - ✅ Booking scraping complete.
[2026-05-10T09:32:22.593+0000] {subprocess.py:97} INFO - Command exited with return code 0
[2026-05-10T09:32:22.647+0000] {taskinstance.py:441} INFO - ::group::Post task execution logs
[2026-05-10T09:32:23.170+0000] {taskinstance.py:1206} INFO - Marking task as SUCCESS. dag_id=weekly_data_pipeline, task_id=run_booking_scraper, run_id=manual__2026-05-10T08:43:36.375143+00:00, execution_date=20260510T084336, start_date=20260510T084341, end_date=20260510T093223
[2026-05-10T09:32:23.501+0000] {local_task_job_runner.py:240} INFO - Task exited with return code 0
[2026-05-10T09:32:23.832+0000] {taskinstance.py:3498} INFO - 0 downstream tasks scheduled from follow-on schedule check
[2026-05-10T09:32:23.834+0000] {local_task_job_runner.py:222} INFO - ::endgroup::
