[2026-05-09T15:41:32.772+0000] {local_task_job_runner.py:120} INFO - ::group::Pre task execution logs
[2026-05-09T15:41:32.824+0000] {taskinstance.py:2076} INFO - Dependencies all met for dep_context=non-requeueable deps ti=<TaskInstance: weekly_data_pipeline.run_booking_scraper manual__2026-05-09T15:41:22.879953+00:00 [queued]>
[2026-05-09T15:41:32.840+0000] {taskinstance.py:2076} INFO - Dependencies all met for dep_context=requeueable deps ti=<TaskInstance: weekly_data_pipeline.run_booking_scraper manual__2026-05-09T15:41:22.879953+00:00 [queued]>
[2026-05-09T15:41:32.841+0000] {taskinstance.py:2306} INFO - Starting attempt 1 of 2
[2026-05-09T15:41:32.859+0000] {taskinstance.py:2330} INFO - Executing <Task(BashOperator): run_booking_scraper> on 2026-05-09 15:41:22.879953+00:00
[2026-05-09T15:41:32.880+0000] {warnings.py:110} WARNING - /home/***/.local/lib/python3.12/site-packages/***/task/task_runner/standard_task_runner.py:61: DeprecationWarning: This process (pid=274) is multi-threaded, use of fork() may lead to deadlocks in the child.
  pid = os.fork()

[2026-05-09T15:41:32.887+0000] {standard_task_runner.py:63} INFO - Started process 279 to run task
[2026-05-09T15:41:32.888+0000] {standard_task_runner.py:90} INFO - Running: ['***', 'tasks', 'run', 'weekly_data_pipeline', 'run_booking_scraper', 'manual__2026-05-09T15:41:22.879953+00:00', '--job-id', '22', '--raw', '--subdir', 'DAGS_FOLDER/weekly_pipeline.py', '--cfg-path', '/tmp/tmpftx687rs']
[2026-05-09T15:41:32.892+0000] {standard_task_runner.py:91} INFO - Job 22: Subtask run_booking_scraper
[2026-05-09T15:41:33.156+0000] {task_command.py:426} INFO - Running <TaskInstance: weekly_data_pipeline.run_booking_scraper manual__2026-05-09T15:41:22.879953+00:00 [running]> on host 84265488cf33
[2026-05-09T15:41:33.427+0000] {taskinstance.py:2648} INFO - Exporting env vars: AIRFLOW_CTX_DAG_OWNER='koka' AIRFLOW_CTX_DAG_ID='weekly_data_pipeline' AIRFLOW_CTX_TASK_ID='run_booking_scraper' AIRFLOW_CTX_EXECUTION_DATE='2026-05-09T15:41:22.879953+00:00' AIRFLOW_CTX_TRY_NUMBER='1' AIRFLOW_CTX_DAG_RUN_ID='manual__2026-05-09T15:41:22.879953+00:00'
[2026-05-09T15:41:33.431+0000] {taskinstance.py:430} INFO - ::endgroup::
[2026-05-09T15:41:33.432+0000] {subprocess.py:63} INFO - Tmp dir root location: /tmp
[2026-05-09T15:41:33.435+0000] {subprocess.py:75} INFO - Running command: ['/usr/bin/bash', '-c', 'python /opt/***/scripts/booking_scraper.py']
[2026-05-09T15:41:33.463+0000] {subprocess.py:86} INFO - Output:
[2026-05-09T15:42:39.692+0000] {local_task_job_runner.py:310} WARNING - State of this instance has been externally set to failed. Terminating instance.
[2026-05-09T15:42:39.695+0000] {local_task_job_runner.py:222} INFO - ::endgroup::
[2026-05-09T15:42:39.698+0000] {process_utils.py:132} INFO - Sending 15 to group 279. PIDs of all processes in the group: [280, 279]
[2026-05-09T15:42:39.699+0000] {process_utils.py:87} INFO - Sending the signal 15 to group 279
[2026-05-09T15:42:39.700+0000] {taskinstance.py:2611} ERROR - Received SIGTERM. Terminating subprocesses.
[2026-05-09T15:42:39.702+0000] {subprocess.py:104} INFO - Sending SIGTERM signal to process group
[2026-05-09T15:42:39.718+0000] {taskinstance.py:441} INFO - ::group::Post task execution logs
[2026-05-09T15:42:39.842+0000] {process_utils.py:80} INFO - Process psutil.Process(pid=279, status='terminated', exitcode=0, started='15:41:32') (279) terminated with exit code 0
[2026-05-09T15:42:39.844+0000] {process_utils.py:80} INFO - Process psutil.Process(pid=280, status='terminated', started='15:41:32') (280) terminated with exit code None
