[2026-05-09T23:40:38.991+0000] {local_task_job_runner.py:120} INFO - ::group::Pre task execution logs
[2026-05-09T23:40:39.095+0000] {taskinstance.py:2076} INFO - Dependencies all met for dep_context=non-requeueable deps ti=<TaskInstance: weekly_data_pipeline.run_booking_scraper manual__2026-05-09T23:40:35.039580+00:00 [queued]>
[2026-05-09T23:40:39.118+0000] {taskinstance.py:2076} INFO - Dependencies all met for dep_context=requeueable deps ti=<TaskInstance: weekly_data_pipeline.run_booking_scraper manual__2026-05-09T23:40:35.039580+00:00 [queued]>
[2026-05-09T23:40:39.120+0000] {taskinstance.py:2306} INFO - Starting attempt 1 of 2
[2026-05-09T23:40:39.156+0000] {taskinstance.py:2330} INFO - Executing <Task(BashOperator): run_booking_scraper> on 2026-05-09 23:40:35.039580+00:00
[2026-05-09T23:40:39.173+0000] {warnings.py:110} WARNING - /home/***/.local/lib/python3.12/site-packages/***/task/task_runner/standard_task_runner.py:61: DeprecationWarning: This process (pid=2392) is multi-threaded, use of fork() may lead to deadlocks in the child.
  pid = os.fork()

[2026-05-09T23:40:39.173+0000] {standard_task_runner.py:90} INFO - Running: ['***', 'tasks', 'run', 'weekly_data_pipeline', 'run_booking_scraper', 'manual__2026-05-09T23:40:35.039580+00:00', '--job-id', '48', '--raw', '--subdir', 'DAGS_FOLDER/weekly_pipeline.py', '--cfg-path', '/tmp/tmp7pmt6y51']
[2026-05-09T23:40:39.177+0000] {standard_task_runner.py:63} INFO - Started process 2393 to run task
[2026-05-09T23:40:39.178+0000] {standard_task_runner.py:91} INFO - Job 48: Subtask run_booking_scraper
[2026-05-09T23:40:39.602+0000] {task_command.py:426} INFO - Running <TaskInstance: weekly_data_pipeline.run_booking_scraper manual__2026-05-09T23:40:35.039580+00:00 [running]> on host b1f1eeb5f7fc
[2026-05-09T23:40:39.860+0000] {taskinstance.py:2648} INFO - Exporting env vars: AIRFLOW_CTX_DAG_OWNER='koka' AIRFLOW_CTX_DAG_ID='weekly_data_pipeline' AIRFLOW_CTX_TASK_ID='run_booking_scraper' AIRFLOW_CTX_EXECUTION_DATE='2026-05-09T23:40:35.039580+00:00' AIRFLOW_CTX_TRY_NUMBER='1' AIRFLOW_CTX_DAG_RUN_ID='manual__2026-05-09T23:40:35.039580+00:00'
[2026-05-09T23:40:39.863+0000] {taskinstance.py:430} INFO - ::endgroup::
[2026-05-09T23:40:39.954+0000] {subprocess.py:63} INFO - Tmp dir root location: /tmp
[2026-05-09T23:40:39.957+0000] {subprocess.py:75} INFO - Running command: ['/usr/bin/bash', '-c', 'python /opt/***/scripts/booking_scraper.py']
[2026-05-09T23:40:39.980+0000] {subprocess.py:86} INFO - Output:
[2026-05-10T00:08:20.174+0000] {subprocess.py:93} INFO - 
[2026-05-10T00:08:20.239+0000] {subprocess.py:93} INFO - ==================================================
[2026-05-10T00:08:20.241+0000] {subprocess.py:93} INFO - 🏙️  Scraping: Alexandria
[2026-05-10T00:08:20.247+0000] {subprocess.py:93} INFO - ==================================================
[2026-05-10T00:08:20.251+0000] {subprocess.py:93} INFO - 🔌 Connecting to Selenium Grid (attempt 1/5)...
[2026-05-10T00:08:20.261+0000] {subprocess.py:93} INFO - ✅ Connected to Selenium Grid.
[2026-05-10T00:08:20.264+0000] {subprocess.py:93} INFO - 🌍 Opening search: https://www.booking.com/searchresults.html?ss=Alexandria&checkin=2026-07-10&checkout=2026-07-15&group_adults=2&no_rooms=1&group_children=0&selected_currency=USD&lang=en-us&soz=1
[2026-05-10T00:08:20.271+0000] {subprocess.py:93} INFO - 🏨 Loaded cards: 25
[2026-05-10T00:08:20.275+0000] {subprocess.py:93} INFO - ✅ Reached target of 25 hotels.
[2026-05-10T00:08:20.281+0000] {subprocess.py:93} INFO - 🔍 Found 25 hotel cards on current page
[2026-05-10T00:08:20.282+0000] {subprocess.py:93} INFO - 🔌 Connecting to Selenium Grid (attempt 1/5)...
[2026-05-10T00:08:20.285+0000] {subprocess.py:93} INFO - 🔌 Connecting to Selenium Grid (attempt 1/5)...
[2026-05-10T00:08:20.287+0000] {subprocess.py:93} INFO - 🔌 Connecting to Selenium Grid (attempt 1/5)...
[2026-05-10T00:08:20.289+0000] {subprocess.py:93} INFO - ✅ Connected to Selenium Grid.
[2026-05-10T00:08:20.291+0000] {subprocess.py:93} INFO - ✅ Connected to Selenium Grid.
[2026-05-10T00:08:20.293+0000] {subprocess.py:93} INFO - 🔌 Connecting to Selenium Grid (attempt 1/5)...
[2026-05-10T00:08:20.294+0000] {subprocess.py:93} INFO - ✅ Connected to Selenium Grid.
[2026-05-10T00:08:20.295+0000] {subprocess.py:93} INFO - 🔌 Connecting to Selenium Grid (attempt 1/5)...
[2026-05-10T00:08:20.302+0000] {subprocess.py:93} INFO - ✅ Connected to Selenium Grid.
[2026-05-10T00:08:20.303+0000] {subprocess.py:93} INFO - 🔌 Connecting to Selenium Grid (attempt 1/5)...
[2026-05-10T00:08:20.306+0000] {subprocess.py:93} INFO - ✅ Connected to Selenium Grid.
[2026-05-10T00:08:20.308+0000] {subprocess.py:93} INFO - 🔌 Connecting to Selenium Grid (attempt 1/5)...
[2026-05-10T00:08:20.309+0000] {subprocess.py:93} INFO - ✅ Connected to Selenium Grid.
[2026-05-10T00:08:20.311+0000] {subprocess.py:93} INFO - 🔌 Connecting to Selenium Grid (attempt 1/5)...
[2026-05-10T00:08:20.316+0000] {subprocess.py:93} INFO - 🔌 Connecting to Selenium Grid (attempt 1/5)...
[2026-05-10T00:08:20.318+0000] {subprocess.py:93} INFO - ✅ Connected to Selenium Grid.
[2026-05-10T00:08:20.319+0000] {subprocess.py:93} INFO - ✅ Connected to Selenium Grid.
[2026-05-10T00:08:20.323+0000] {subprocess.py:93} INFO - 🔌 Connecting to Selenium Grid (attempt 1/5)...
[2026-05-10T00:08:20.326+0000] {subprocess.py:93} INFO - ✅ Connected to Selenium Grid.
[2026-05-10T00:08:20.327+0000] {subprocess.py:93} INFO - 🔌 Connecting to Selenium Grid (attempt 1/5)...
[2026-05-10T00:08:20.329+0000] {subprocess.py:93} INFO - ✅ Connected to Selenium Grid.
[2026-05-10T00:08:20.329+0000] {subprocess.py:93} INFO - 🔌 Connecting to Selenium Grid (attempt 1/5)...
[2026-05-10T00:08:20.331+0000] {subprocess.py:93} INFO - ✅ Connected to Selenium Grid.
[2026-05-10T00:08:20.332+0000] {subprocess.py:93} INFO - ✅ Connected to Selenium Grid.
[2026-05-10T00:08:20.334+0000] {subprocess.py:93} INFO - 🔌 Connecting to Selenium Grid (attempt 1/5)...
[2026-05-10T00:08:20.335+0000] {subprocess.py:93} INFO - 🔌 Connecting to Selenium Grid (attempt 1/5)...
[2026-05-10T00:08:20.337+0000] {subprocess.py:93} INFO - ✅ Connected to Selenium Grid.
[2026-05-10T00:08:20.339+0000] {subprocess.py:93} INFO - 🔌 Connecting to Selenium Grid (attempt 1/5)...
[2026-05-10T00:08:20.341+0000] {subprocess.py:93} INFO - ✅ Connected to Selenium Grid.
[2026-05-10T00:08:20.347+0000] {subprocess.py:93} INFO - 🔌 Connecting to Selenium Grid (attempt 1/5)...
[2026-05-10T00:08:20.348+0000] {subprocess.py:93} INFO - ✅ Connected to Selenium Grid.
[2026-05-10T00:08:20.349+0000] {subprocess.py:93} INFO - 🔌 Connecting to Selenium Grid (attempt 1/5)...
[2026-05-10T00:08:20.350+0000] {subprocess.py:93} INFO - ✅ Connected to Selenium Grid.
[2026-05-10T00:08:20.351+0000] {subprocess.py:93} INFO - 🔌 Connecting to Selenium Grid (attempt 1/5)...
[2026-05-10T00:08:20.356+0000] {subprocess.py:93} INFO - ✅ Connected to Selenium Grid.
[2026-05-10T00:08:20.357+0000] {subprocess.py:93} INFO - 🔌 Connecting to Selenium Grid (attempt 1/5)...
[2026-05-10T00:08:20.358+0000] {subprocess.py:93} INFO - ✅ Connected to Selenium Grid.
[2026-05-10T00:08:20.359+0000] {subprocess.py:93} INFO - 🔌 Connecting to Selenium Grid (attempt 1/5)...
[2026-05-10T00:08:20.360+0000] {subprocess.py:93} INFO - ✅ Connected to Selenium Grid.
[2026-05-10T00:08:20.360+0000] {subprocess.py:93} INFO - 🔌 Connecting to Selenium Grid (attempt 1/5)...
[2026-05-10T00:08:20.361+0000] {subprocess.py:93} INFO - ✅ Connected to Selenium Grid.
[2026-05-10T00:08:20.363+0000] {subprocess.py:93} INFO - 🔌 Connecting to Selenium Grid (attempt 1/5)...
[2026-05-10T00:08:20.364+0000] {subprocess.py:93} INFO - ✅ Connected to Selenium Grid.
[2026-05-10T00:08:20.366+0000] {subprocess.py:93} INFO - 🔌 Connecting to Selenium Grid (attempt 1/5)...
[2026-05-10T00:08:20.367+0000] {subprocess.py:93} INFO - ✅ Connected to Selenium Grid.
[2026-05-10T00:08:20.368+0000] {subprocess.py:93} INFO - 🔌 Connecting to Selenium Grid (attempt 1/5)...
[2026-05-10T00:08:20.369+0000] {subprocess.py:93} INFO - ✅ Connected to Selenium Grid.
[2026-05-10T00:08:20.369+0000] {subprocess.py:93} INFO - 🔌 Connecting to Selenium Grid (attempt 1/5)...
[2026-05-10T00:08:20.370+0000] {subprocess.py:93} INFO - ✅ Connected to Selenium Grid.
[2026-05-10T00:08:20.371+0000] {subprocess.py:93} INFO - ✅ Connected to Selenium Grid.
[2026-05-10T00:08:20.372+0000] {subprocess.py:93} INFO - 
[2026-05-10T00:08:20.374+0000] {subprocess.py:93} INFO - 💾 Saved 25 hotels   → Alexandria_2026-05-09_booking.csv
[2026-05-10T00:08:20.376+0000] {subprocess.py:93} INFO - 💾 Saved 176 room rows → Alexandria_2026-05-09_booking_rooms.csv
[2026-05-10T00:08:20.377+0000] {subprocess.py:93} INFO -                                      Hotel Name  ...  Distance (km)
[2026-05-10T00:08:20.379+0000] {subprocess.py:93} INFO - 0                        Tolip Hotel Alexandria  ...         180.59
[2026-05-10T00:08:20.380+0000] {subprocess.py:93} INFO - 1                      Rixos Montaza Alexandria  ...         180.78
[2026-05-10T00:08:20.382+0000] {subprocess.py:93} INFO - 2  grey l studio apartments Corniche Alexandria  ...         181.23
[2026-05-10T00:08:20.383+0000] {subprocess.py:93} INFO - 3                       Hayah Waterfalls Hotels  ...         180.76
[2026-05-10T00:08:20.385+0000] {subprocess.py:93} INFO - 4                  Palestine Montaza Alexandria  ...         180.63
[2026-05-10T00:08:20.386+0000] {subprocess.py:93} INFO - 
[2026-05-10T00:08:20.386+0000] {subprocess.py:93} INFO - [5 rows x 8 columns]
[2026-05-10T00:08:20.387+0000] {subprocess.py:93} INFO - 
[2026-05-10T00:08:20.389+0000] {subprocess.py:93} INFO - --- Rooms preview ---
[2026-05-10T00:08:20.390+0000] {subprocess.py:93} INFO -                                      Hotel Name  ... Your choices
[2026-05-10T00:08:20.390+0000] {subprocess.py:93} INFO - 0  grey l studio apartments Corniche Alexandria  ...          N/A
[2026-05-10T00:08:20.391+0000] {subprocess.py:93} INFO - 1  grey l studio apartments Corniche Alexandria  ...          N/A
[2026-05-10T00:08:20.391+0000] {subprocess.py:93} INFO - 2  grey l studio apartments Corniche Alexandria  ...          N/A
[2026-05-10T00:08:20.392+0000] {subprocess.py:93} INFO - 3  grey l studio apartments Corniche Alexandria  ...          N/A
[2026-05-10T00:08:20.392+0000] {subprocess.py:93} INFO - 4  grey l studio apartments Corniche Alexandria  ...          N/A
[2026-05-10T00:08:20.393+0000] {subprocess.py:93} INFO - 
[2026-05-10T00:08:20.393+0000] {subprocess.py:93} INFO - [5 rows x 6 columns]
[2026-05-10T00:08:20.394+0000] {subprocess.py:93} INFO - 
[2026-05-10T00:08:20.395+0000] {subprocess.py:93} INFO - ==================================================
[2026-05-10T00:08:20.395+0000] {subprocess.py:93} INFO - 🏙️  Scraping: Cairo
[2026-05-10T00:08:20.396+0000] {subprocess.py:93} INFO - ==================================================
[2026-05-10T00:08:20.397+0000] {subprocess.py:93} INFO - 🔌 Connecting to Selenium Grid (attempt 1/5)...
[2026-05-10T00:08:20.397+0000] {subprocess.py:93} INFO - ✅ Connected to Selenium Grid.
[2026-05-10T00:08:20.398+0000] {subprocess.py:93} INFO - 🌍 Opening search: https://www.booking.com/searchresults.html?ss=Cairo&checkin=2026-07-10&checkout=2026-07-15&group_adults=2&no_rooms=1&group_children=0&selected_currency=USD&lang=en-us&soz=1
[2026-05-10T00:08:20.399+0000] {subprocess.py:93} INFO - 🏨 Loaded cards: 25
[2026-05-10T00:08:20.400+0000] {subprocess.py:93} INFO - ✅ Reached target of 25 hotels.
[2026-05-10T00:08:20.400+0000] {subprocess.py:93} INFO - 🔍 Found 25 hotel cards on current page
[2026-05-10T00:08:20.401+0000] {subprocess.py:93} INFO - 🔌 Connecting to Selenium Grid (attempt 1/5)...
[2026-05-10T00:08:20.402+0000] {subprocess.py:93} INFO - 🔌 Connecting to Selenium Grid (attempt 1/5)...
[2026-05-10T00:08:20.402+0000] {subprocess.py:93} INFO - 🔌 Connecting to Selenium Grid (attempt 1/5)...
[2026-05-10T00:08:20.403+0000] {subprocess.py:93} INFO - ✅ Connected to Selenium Grid.
[2026-05-10T00:08:20.403+0000] {subprocess.py:93} INFO - ✅ Connected to Selenium Grid.
[2026-05-10T00:08:20.404+0000] {subprocess.py:93} INFO - ✅ Connected to Selenium Grid.
[2026-05-10T00:08:20.404+0000] {subprocess.py:93} INFO - 🔌 Connecting to Selenium Grid (attempt 1/5)...
[2026-05-10T00:08:20.429+0000] {subprocess.py:93} INFO - ✅ Connected to Selenium Grid.
[2026-05-10T00:08:20.429+0000] {subprocess.py:93} INFO - 🔌 Connecting to Selenium Grid (attempt 1/5)...
[2026-05-10T00:08:20.430+0000] {subprocess.py:93} INFO - ✅ Connected to Selenium Grid.
[2026-05-10T00:08:20.431+0000] {subprocess.py:93} INFO - 🔌 Connecting to Selenium Grid (attempt 1/5)...
[2026-05-10T00:08:20.431+0000] {subprocess.py:93} INFO - ✅ Connected to Selenium Grid.
[2026-05-10T00:08:20.432+0000] {subprocess.py:93} INFO - 🔌 Connecting to Selenium Grid (attempt 1/5)...
[2026-05-10T00:08:20.432+0000] {subprocess.py:93} INFO - ✅ Connected to Selenium Grid.
[2026-05-10T00:08:20.432+0000] {subprocess.py:93} INFO - 🔌 Connecting to Selenium Grid (attempt 1/5)...
[2026-05-10T00:08:20.433+0000] {subprocess.py:93} INFO - ✅ Connected to Selenium Grid.
[2026-05-10T00:08:20.433+0000] {subprocess.py:93} INFO - 🔌 Connecting to Selenium Grid (attempt 1/5)...
[2026-05-10T00:08:20.434+0000] {subprocess.py:93} INFO - ✅ Connected to Selenium Grid.
[2026-05-10T00:08:20.435+0000] {subprocess.py:93} INFO - 🔌 Connecting to Selenium Grid (attempt 1/5)...
[2026-05-10T00:08:20.435+0000] {subprocess.py:93} INFO - ✅ Connected to Selenium Grid.
[2026-05-10T00:08:20.436+0000] {subprocess.py:93} INFO - 🔌 Connecting to Selenium Grid (attempt 1/5)...
[2026-05-10T00:08:20.436+0000] {subprocess.py:93} INFO - ✅ Connected to Selenium Grid.
[2026-05-10T00:08:20.437+0000] {subprocess.py:93} INFO - 🔌 Connecting to Selenium Grid (attempt 1/5)...
[2026-05-10T00:08:20.438+0000] {subprocess.py:93} INFO - ✅ Connected to Selenium Grid.
[2026-05-10T00:08:20.439+0000] {subprocess.py:93} INFO - 🔌 Connecting to Selenium Grid (attempt 1/5)...
[2026-05-10T00:08:20.441+0000] {subprocess.py:93} INFO - ✅ Connected to Selenium Grid.
[2026-05-10T00:08:20.442+0000] {subprocess.py:93} INFO - 🔌 Connecting to Selenium Grid (attempt 1/5)...
[2026-05-10T00:08:20.442+0000] {subprocess.py:93} INFO - ✅ Connected to Selenium Grid.
[2026-05-10T00:08:20.443+0000] {subprocess.py:93} INFO - 🔌 Connecting to Selenium Grid (attempt 1/5)...
[2026-05-10T00:08:20.444+0000] {subprocess.py:93} INFO - ✅ Connected to Selenium Grid.
[2026-05-10T00:08:20.444+0000] {subprocess.py:93} INFO - 🔌 Connecting to Selenium Grid (attempt 1/5)...
[2026-05-10T00:08:20.445+0000] {subprocess.py:93} INFO - ✅ Connected to Selenium Grid.
[2026-05-10T00:08:20.445+0000] {subprocess.py:93} INFO - 🔌 Connecting to Selenium Grid (attempt 1/5)...
[2026-05-10T00:08:20.446+0000] {subprocess.py:93} INFO - ✅ Connected to Selenium Grid.
[2026-05-10T00:08:20.447+0000] {subprocess.py:93} INFO - 🔌 Connecting to Selenium Grid (attempt 1/5)...
[2026-05-10T00:08:20.448+0000] {subprocess.py:93} INFO - ✅ Connected to Selenium Grid.
[2026-05-10T00:08:20.448+0000] {subprocess.py:93} INFO - 🔌 Connecting to Selenium Grid (attempt 1/5)...
[2026-05-10T00:08:20.449+0000] {subprocess.py:93} INFO - ✅ Connected to Selenium Grid.
[2026-05-10T00:08:20.450+0000] {subprocess.py:93} INFO - 🔌 Connecting to Selenium Grid (attempt 1/5)...
[2026-05-10T00:08:20.450+0000] {subprocess.py:93} INFO - ✅ Connected to Selenium Grid.
[2026-05-10T00:08:20.451+0000] {subprocess.py:93} INFO - 🔌 Connecting to Selenium Grid (attempt 1/5)...
[2026-05-10T00:08:20.452+0000] {subprocess.py:93} INFO - ✅ Connected to Selenium Grid.
[2026-05-10T00:08:20.453+0000] {subprocess.py:93} INFO - 🔌 Connecting to Selenium Grid (attempt 1/5)...
[2026-05-10T00:08:20.453+0000] {subprocess.py:93} INFO - ✅ Connected to Selenium Grid.
[2026-05-10T00:08:20.454+0000] {subprocess.py:93} INFO - 🔌 Connecting to Selenium Grid (attempt 1/5)...
[2026-05-10T00:08:20.454+0000] {subprocess.py:93} INFO - ✅ Connected to Selenium Grid.
[2026-05-10T00:08:20.456+0000] {subprocess.py:93} INFO - 🔌 Connecting to Selenium Grid (attempt 1/5)...
[2026-05-10T00:08:20.457+0000] {subprocess.py:93} INFO - ✅ Connected to Selenium Grid.
[2026-05-10T00:08:20.458+0000] {subprocess.py:93} INFO - 🔌 Connecting to Selenium Grid (attempt 1/5)...
[2026-05-10T00:08:20.458+0000] {subprocess.py:93} INFO - ✅ Connected to Selenium Grid.
[2026-05-10T00:08:20.459+0000] {subprocess.py:93} INFO - 
[2026-05-10T00:08:20.460+0000] {subprocess.py:93} INFO - 💾 Saved 25 hotels   → Cairo_2026-05-10_booking.csv
[2026-05-10T00:08:20.461+0000] {subprocess.py:93} INFO - 💾 Saved 260 room rows → Cairo_2026-05-10_booking_rooms.csv
[2026-05-10T00:08:20.462+0000] {subprocess.py:93} INFO -                      Hotel Name  Price  ...  Longitude Distance (km)
[2026-05-10T00:08:20.462+0000] {subprocess.py:93} INFO - 0       Hilton Cairo Grand Nile    510  ...  31.227007          1.44
[2026-05-10T00:08:20.463+0000] {subprocess.py:93} INFO - 1           Azor pyramids hotel     55  ...  31.143220         11.62
[2026-05-10T00:08:20.464+0000] {subprocess.py:93} INFO - 2   Pyramisa Suites Hotel Cairo    349  ...  31.218648          1.80
[2026-05-10T00:08:20.464+0000] {subprocess.py:93} INFO - 3  Ramses Hilton Hotel & Casino    506  ...  31.232007          0.73
[2026-05-10T00:08:20.465+0000] {subprocess.py:93} INFO - 4            Pyramids Tower INN     56  ...  31.154102         11.12
[2026-05-10T00:08:20.465+0000] {subprocess.py:93} INFO - 
[2026-05-10T00:08:20.466+0000] {subprocess.py:93} INFO - [5 rows x 8 columns]
[2026-05-10T00:08:20.466+0000] {subprocess.py:93} INFO - 
[2026-05-10T00:08:20.467+0000] {subprocess.py:93} INFO - --- Rooms preview ---
[2026-05-10T00:08:20.468+0000] {subprocess.py:93} INFO -                     Hotel Name  ... Your choices
[2026-05-10T00:08:20.468+0000] {subprocess.py:93} INFO - 0  Pyramisa Suites Hotel Cairo  ...          N/A
[2026-05-10T00:08:20.468+0000] {subprocess.py:93} INFO - 1  Pyramisa Suites Hotel Cairo  ...          N/A
[2026-05-10T00:08:20.469+0000] {subprocess.py:93} INFO - 2  Pyramisa Suites Hotel Cairo  ...          N/A
[2026-05-10T00:08:20.469+0000] {subprocess.py:93} INFO - 3  Pyramisa Suites Hotel Cairo  ...          N/A
[2026-05-10T00:08:20.470+0000] {subprocess.py:93} INFO - 4  Pyramisa Suites Hotel Cairo  ...          N/A
[2026-05-10T00:08:20.470+0000] {subprocess.py:93} INFO - 
[2026-05-10T00:08:20.471+0000] {subprocess.py:93} INFO - [5 rows x 6 columns]
[2026-05-10T00:08:20.474+0000] {subprocess.py:93} INFO - 
[2026-05-10T00:08:20.475+0000] {subprocess.py:93} INFO - ==================================================
[2026-05-10T00:08:20.476+0000] {subprocess.py:93} INFO - 🏙️  Scraping: Luxor
[2026-05-10T00:08:20.477+0000] {subprocess.py:93} INFO - ==================================================
[2026-05-10T00:08:20.477+0000] {subprocess.py:93} INFO - 🔌 Connecting to Selenium Grid (attempt 1/5)...
[2026-05-10T00:08:20.478+0000] {subprocess.py:93} INFO - ✅ Connected to Selenium Grid.
[2026-05-10T00:08:20.479+0000] {subprocess.py:93} INFO - 🌍 Opening search: https://www.booking.com/searchresults.html?ss=Luxor&checkin=2026-07-10&checkout=2026-07-15&group_adults=2&no_rooms=1&group_children=0&selected_currency=USD&lang=en-us&soz=1
[2026-05-10T00:08:20.481+0000] {subprocess.py:93} INFO - 🏨 Loaded cards: 25
[2026-05-10T00:08:20.482+0000] {subprocess.py:93} INFO - ✅ Reached target of 25 hotels.
[2026-05-10T00:08:20.483+0000] {subprocess.py:93} INFO - 🔍 Found 25 hotel cards on current page
[2026-05-10T00:08:20.484+0000] {subprocess.py:93} INFO - 🔌 Connecting to Selenium Grid (attempt 1/5)...
[2026-05-10T00:08:20.485+0000] {subprocess.py:93} INFO - 🔌 Connecting to Selenium Grid (attempt 1/5)...
[2026-05-10T00:08:20.486+0000] {subprocess.py:93} INFO - 🔌 Connecting to Selenium Grid (attempt 1/5)...
[2026-05-10T00:08:20.487+0000] {subprocess.py:93} INFO - ✅ Connected to Selenium Grid.
[2026-05-10T00:08:20.488+0000] {subprocess.py:93} INFO - ✅ Connected to Selenium Grid.
[2026-05-10T00:08:20.492+0000] {subprocess.py:93} INFO - ✅ Connected to Selenium Grid.
[2026-05-10T00:08:20.492+0000] {subprocess.py:93} INFO - 🔌 Connecting to Selenium Grid (attempt 1/5)...
[2026-05-10T00:08:20.493+0000] {subprocess.py:93} INFO - ✅ Connected to Selenium Grid.
[2026-05-10T00:08:20.493+0000] {subprocess.py:93} INFO - 🔌 Connecting to Selenium Grid (attempt 1/5)...
[2026-05-10T00:08:20.494+0000] {subprocess.py:93} INFO - ✅ Connected to Selenium Grid.
[2026-05-10T00:08:20.494+0000] {subprocess.py:93} INFO - 🔌 Connecting to Selenium Grid (attempt 1/5)...
[2026-05-10T00:08:20.495+0000] {subprocess.py:93} INFO - ✅ Connected to Selenium Grid.
[2026-05-10T00:08:20.497+0000] {subprocess.py:93} INFO - 🔌 Connecting to Selenium Grid (attempt 1/5)...
[2026-05-10T00:08:20.499+0000] {subprocess.py:93} INFO - ✅ Connected to Selenium Grid.
[2026-05-10T00:08:20.500+0000] {subprocess.py:93} INFO - 🔌 Connecting to Selenium Grid (attempt 1/5)...
[2026-05-10T00:08:20.502+0000] {subprocess.py:93} INFO - 🔌 Connecting to Selenium Grid (attempt 1/5)...
[2026-05-10T00:24:48.739+0000] {subprocess.py:93} INFO - ✅ Connected to Selenium Grid.
[2026-05-10T00:24:48.741+0000] {subprocess.py:93} INFO - ✅ Connected to Selenium Grid.
[2026-05-10T00:24:48.742+0000] {subprocess.py:93} INFO - 🔌 Connecting to Selenium Grid (attempt 1/5)...
[2026-05-10T00:24:48.743+0000] {subprocess.py:93} INFO - ✅ Connected to Selenium Grid.
[2026-05-10T00:24:48.744+0000] {subprocess.py:93} INFO - 🔌 Connecting to Selenium Grid (attempt 1/5)...
[2026-05-10T00:24:48.745+0000] {subprocess.py:93} INFO - ✅ Connected to Selenium Grid.
[2026-05-10T00:24:48.746+0000] {subprocess.py:93} INFO - 🔌 Connecting to Selenium Grid (attempt 1/5)...
[2026-05-10T00:24:48.747+0000] {subprocess.py:93} INFO - ✅ Connected to Selenium Grid.
[2026-05-10T00:24:48.748+0000] {subprocess.py:93} INFO - 🔌 Connecting to Selenium Grid (attempt 1/5)...
[2026-05-10T00:24:48.749+0000] {subprocess.py:93} INFO - ✅ Connected to Selenium Grid.
[2026-05-10T00:24:48.751+0000] {subprocess.py:93} INFO - 🔌 Connecting to Selenium Grid (attempt 1/5)...
[2026-05-10T00:24:48.752+0000] {subprocess.py:93} INFO - ✅ Connected to Selenium Grid.
[2026-05-10T00:24:48.755+0000] {subprocess.py:93} INFO - 🔌 Connecting to Selenium Grid (attempt 1/5)...
[2026-05-10T00:24:48.756+0000] {subprocess.py:93} INFO - ✅ Connected to Selenium Grid.
[2026-05-10T00:24:48.758+0000] {subprocess.py:93} INFO - 🔌 Connecting to Selenium Grid (attempt 1/5)...
[2026-05-10T00:24:48.760+0000] {subprocess.py:93} INFO - ✅ Connected to Selenium Grid.
[2026-05-10T00:24:48.761+0000] {subprocess.py:93} INFO - 🔌 Connecting to Selenium Grid (attempt 1/5)...
[2026-05-10T00:24:48.762+0000] {subprocess.py:93} INFO - ✅ Connected to Selenium Grid.
[2026-05-10T00:24:48.764+0000] {subprocess.py:93} INFO - 🔌 Connecting to Selenium Grid (attempt 1/5)...
[2026-05-10T00:24:48.764+0000] {subprocess.py:93} INFO - ✅ Connected to Selenium Grid.
[2026-05-10T00:24:48.765+0000] {subprocess.py:93} INFO - 🔌 Connecting to Selenium Grid (attempt 1/5)...
[2026-05-10T00:24:48.766+0000] {subprocess.py:93} INFO - ✅ Connected to Selenium Grid.
[2026-05-10T00:24:48.766+0000] {subprocess.py:93} INFO - 🔌 Connecting to Selenium Grid (attempt 1/5)...
[2026-05-10T00:24:48.767+0000] {subprocess.py:93} INFO - ✅ Connected to Selenium Grid.
[2026-05-10T00:24:48.768+0000] {subprocess.py:93} INFO - 🔌 Connecting to Selenium Grid (attempt 1/5)...
[2026-05-10T00:24:48.769+0000] {subprocess.py:93} INFO - ✅ Connected to Selenium Grid.
[2026-05-10T00:24:48.770+0000] {subprocess.py:93} INFO - 🔌 Connecting to Selenium Grid (attempt 1/5)...
[2026-05-10T00:24:48.771+0000] {subprocess.py:93} INFO - ✅ Connected to Selenium Grid.
[2026-05-10T00:24:48.771+0000] {subprocess.py:93} INFO - 🔌 Connecting to Selenium Grid (attempt 1/5)...
[2026-05-10T00:24:48.773+0000] {subprocess.py:93} INFO - ✅ Connected to Selenium Grid.
[2026-05-10T00:24:48.773+0000] {subprocess.py:93} INFO - 🔌 Connecting to Selenium Grid (attempt 1/5)...
[2026-05-10T00:24:48.774+0000] {subprocess.py:93} INFO - ✅ Connected to Selenium Grid.
[2026-05-10T00:24:48.775+0000] {subprocess.py:93} INFO - 🔌 Connecting to Selenium Grid (attempt 1/5)...
[2026-05-10T00:24:48.776+0000] {subprocess.py:93} INFO - ✅ Connected to Selenium Grid.
[2026-05-10T00:24:48.776+0000] {subprocess.py:93} INFO - 
[2026-05-10T00:24:48.777+0000] {subprocess.py:93} INFO - 💾 Saved 25 hotels   → Luxor_2026-05-10_booking.csv
[2026-05-10T00:24:48.778+0000] {subprocess.py:93} INFO - 💾 Saved 161 room rows → Luxor_2026-05-10_booking_rooms.csv
[2026-05-10T00:24:48.779+0000] {subprocess.py:93} INFO -                                    Hotel Name  Price  ...  Longitude Distance (km)
[2026-05-10T00:24:48.780+0000] {subprocess.py:93} INFO - 0                          Ramla Palace House    160  ...  32.632147        500.33
[2026-05-10T00:24:48.780+0000] {subprocess.py:93} INFO - 1                       Nefertiti Hotel Luxor    190  ...  32.641967        500.79
[2026-05-10T00:24:48.781+0000] {subprocess.py:93} INFO - 2                  Steigenberger Resort Achti    337  ...  32.627514        502.32
[2026-05-10T00:24:48.781+0000] {subprocess.py:93} INFO - 3  Jolie Ville Hotel & Spa Kings Island Luxor    392  ...  32.622984        503.81
[2026-05-10T00:24:48.782+0000] {subprocess.py:93} INFO - 4                   Hilton Luxor Resort & Spa    693  ...  32.655730        498.12
[2026-05-10T00:24:48.783+0000] {subprocess.py:93} INFO - 
[2026-05-10T00:24:48.783+0000] {subprocess.py:93} INFO - [5 rows x 8 columns]
[2026-05-10T00:24:48.784+0000] {subprocess.py:93} INFO - 
[2026-05-10T00:24:48.784+0000] {subprocess.py:93} INFO - --- Rooms preview ---
[2026-05-10T00:24:48.785+0000] {subprocess.py:93} INFO -               Hotel Name  ... Your choices
[2026-05-10T00:24:48.785+0000] {subprocess.py:93} INFO - 0     Ramla Palace House  ...          N/A
[2026-05-10T00:24:48.786+0000] {subprocess.py:93} INFO - 1     Ramla Palace House  ...          N/A
[2026-05-10T00:24:48.787+0000] {subprocess.py:93} INFO - 2     Ramla Palace House  ...          N/A
[2026-05-10T00:24:48.787+0000] {subprocess.py:93} INFO - 3     Ramla Palace House  ...          N/A
[2026-05-10T00:24:48.788+0000] {subprocess.py:93} INFO - 4  Nefertiti Hotel Luxor  ...          N/A
[2026-05-10T00:24:48.788+0000] {subprocess.py:93} INFO - 
[2026-05-10T00:24:48.789+0000] {subprocess.py:93} INFO - [5 rows x 6 columns]
[2026-05-10T00:24:48.789+0000] {subprocess.py:93} INFO - 
[2026-05-10T00:24:48.790+0000] {subprocess.py:93} INFO - ==================================================
[2026-05-10T00:24:48.790+0000] {subprocess.py:93} INFO - 🏙️  Scraping: Sharm El Sheikh
[2026-05-10T00:24:48.791+0000] {subprocess.py:93} INFO - ==================================================
[2026-05-10T00:24:48.791+0000] {subprocess.py:93} INFO - 🔌 Connecting to Selenium Grid (attempt 1/5)...
[2026-05-10T00:24:48.791+0000] {subprocess.py:93} INFO - ✅ Connected to Selenium Grid.
[2026-05-10T00:24:48.792+0000] {subprocess.py:93} INFO - 🌍 Opening search: https://www.booking.com/searchresults.html?ss=Sharm+El+Sheikh&checkin=2026-07-10&checkout=2026-07-15&group_adults=2&no_rooms=1&group_children=0&selected_currency=USD&lang=en-us&soz=1
[2026-05-10T00:24:48.793+0000] {subprocess.py:93} INFO - 🏨 Loaded cards: 25
[2026-05-10T00:24:48.794+0000] {subprocess.py:93} INFO - ✅ Reached target of 25 hotels.
[2026-05-10T00:24:48.794+0000] {subprocess.py:93} INFO - 🔍 Found 25 hotel cards on current page
[2026-05-10T00:24:48.795+0000] {subprocess.py:93} INFO - 🔌 Connecting to Selenium Grid (attempt 1/5)...
[2026-05-10T00:24:48.795+0000] {subprocess.py:93} INFO - 🔌 Connecting to Selenium Grid (attempt 1/5)...
[2026-05-10T00:24:48.796+0000] {subprocess.py:93} INFO - 🔌 Connecting to Selenium Grid (attempt 1/5)...
[2026-05-10T00:24:48.796+0000] {subprocess.py:93} INFO - ✅ Connected to Selenium Grid.
[2026-05-10T00:24:48.797+0000] {subprocess.py:93} INFO - ✅ Connected to Selenium Grid.
[2026-05-10T00:24:48.797+0000] {subprocess.py:93} INFO - ✅ Connected to Selenium Grid.
[2026-05-10T00:24:48.797+0000] {subprocess.py:93} INFO - 🔌 Connecting to Selenium Grid (attempt 1/5)...
[2026-05-10T00:24:48.798+0000] {subprocess.py:93} INFO - ✅ Connected to Selenium Grid.
[2026-05-10T00:24:48.798+0000] {subprocess.py:93} INFO - 🔌 Connecting to Selenium Grid (attempt 1/5)...
[2026-05-10T00:24:48.799+0000] {subprocess.py:93} INFO - ✅ Connected to Selenium Grid.
[2026-05-10T00:24:48.799+0000] {subprocess.py:93} INFO - 🔌 Connecting to Selenium Grid (attempt 1/5)...
[2026-05-10T00:24:48.800+0000] {subprocess.py:93} INFO - ✅ Connected to Selenium Grid.
[2026-05-10T00:24:48.800+0000] {subprocess.py:93} INFO - 🔌 Connecting to Selenium Grid (attempt 1/5)...
[2026-05-10T00:24:48.800+0000] {subprocess.py:93} INFO - ✅ Connected to Selenium Grid.
[2026-05-10T00:24:48.801+0000] {subprocess.py:93} INFO - 🔌 Connecting to Selenium Grid (attempt 1/5)...
[2026-05-10T00:24:48.801+0000] {subprocess.py:93} INFO - ✅ Connected to Selenium Grid.
[2026-05-10T00:24:48.802+0000] {subprocess.py:93} INFO - 🔌 Connecting to Selenium Grid (attempt 1/5)...
[2026-05-10T00:24:48.802+0000] {subprocess.py:93} INFO - ✅ Connected to Selenium Grid.
[2026-05-10T00:24:48.803+0000] {subprocess.py:93} INFO - 🔌 Connecting to Selenium Grid (attempt 1/5)...
[2026-05-10T00:24:48.803+0000] {subprocess.py:93} INFO - ✅ Connected to Selenium Grid.
[2026-05-10T00:24:48.804+0000] {subprocess.py:93} INFO - 🔌 Connecting to Selenium Grid (attempt 1/5)...
[2026-05-10T00:24:48.804+0000] {subprocess.py:93} INFO - ✅ Connected to Selenium Grid.
[2026-05-10T00:24:48.804+0000] {subprocess.py:93} INFO - 🔌 Connecting to Selenium Grid (attempt 1/5)...
[2026-05-10T00:24:48.805+0000] {subprocess.py:93} INFO - ✅ Connected to Selenium Grid.
[2026-05-10T00:24:48.805+0000] {subprocess.py:93} INFO - 🔌 Connecting to Selenium Grid (attempt 1/5)...
[2026-05-10T00:24:48.806+0000] {subprocess.py:93} INFO - ✅ Connected to Selenium Grid.
[2026-05-10T00:24:48.806+0000] {subprocess.py:93} INFO - 🔌 Connecting to Selenium Grid (attempt 1/5)...
[2026-05-10T00:24:48.806+0000] {subprocess.py:93} INFO - ✅ Connected to Selenium Grid.
[2026-05-10T00:24:48.807+0000] {subprocess.py:93} INFO - 🔌 Connecting to Selenium Grid (attempt 1/5)...
[2026-05-10T00:24:48.807+0000] {subprocess.py:93} INFO - ✅ Connected to Selenium Grid.
[2026-05-10T00:24:48.808+0000] {subprocess.py:93} INFO - 🔌 Connecting to Selenium Grid (attempt 1/5)...
[2026-05-10T00:24:48.808+0000] {subprocess.py:93} INFO - ✅ Connected to Selenium Grid.
[2026-05-10T00:24:48.809+0000] {subprocess.py:93} INFO - 🔌 Connecting to Selenium Grid (attempt 1/5)...
[2026-05-10T00:24:48.809+0000] {subprocess.py:93} INFO - ✅ Connected to Selenium Grid.
[2026-05-10T00:24:48.809+0000] {subprocess.py:93} INFO - 🔌 Connecting to Selenium Grid (attempt 1/5)...
[2026-05-10T00:24:48.810+0000] {subprocess.py:93} INFO - ✅ Connected to Selenium Grid.
[2026-05-10T00:24:48.810+0000] {subprocess.py:93} INFO - 🔌 Connecting to Selenium Grid (attempt 1/5)...
[2026-05-10T00:24:48.811+0000] {subprocess.py:93} INFO - ✅ Connected to Selenium Grid.
[2026-05-10T00:24:48.811+0000] {subprocess.py:93} INFO - 🔌 Connecting to Selenium Grid (attempt 1/5)...
[2026-05-10T00:24:48.812+0000] {subprocess.py:93} INFO - ✅ Connected to Selenium Grid.
[2026-05-10T00:24:48.812+0000] {subprocess.py:93} INFO - 🔌 Connecting to Selenium Grid (attempt 1/5)...
[2026-05-10T00:24:48.813+0000] {subprocess.py:93} INFO - ✅ Connected to Selenium Grid.
[2026-05-10T00:24:48.813+0000] {subprocess.py:93} INFO - 🔌 Connecting to Selenium Grid (attempt 1/5)...
[2026-05-10T00:24:48.814+0000] {subprocess.py:93} INFO - ✅ Connected to Selenium Grid.
[2026-05-10T00:24:48.814+0000] {subprocess.py:93} INFO - 🔌 Connecting to Selenium Grid (attempt 1/5)...
[2026-05-10T00:24:48.815+0000] {subprocess.py:93} INFO - ✅ Connected to Selenium Grid.
[2026-05-10T00:24:48.815+0000] {subprocess.py:93} INFO - 🔌 Connecting to Selenium Grid (attempt 1/5)...
[2026-05-10T00:24:48.816+0000] {subprocess.py:93} INFO - ✅ Connected to Selenium Grid.
[2026-05-10T00:24:48.816+0000] {subprocess.py:93} INFO - 
[2026-05-10T00:24:48.816+0000] {subprocess.py:93} INFO - 💾 Saved 25 hotels   → Sharm El Sheikh_2026-05-10_booking.csv
[2026-05-10T00:24:48.817+0000] {subprocess.py:93} INFO - 💾 Saved 221 room rows → Sharm El Sheikh_2026-05-10_booking_rooms.csv
[2026-05-10T00:24:48.817+0000] {subprocess.py:93} INFO -                                        Hotel Name  ... Distance (km)
[2026-05-10T00:24:48.818+0000] {subprocess.py:93} INFO - 0                                Sharm Glow Villa  ...        382.35
[2026-05-10T00:24:48.818+0000] {subprocess.py:93} INFO - 1  DoubleTree by Hilton Sharm El Sheikh Sharm Bay  ...           N/A
[2026-05-10T00:24:48.819+0000] {subprocess.py:93} INFO - 2                   Hotel Novotel Sharm El-Sheikh  ...        382.92
[2026-05-10T00:24:48.819+0000] {subprocess.py:93} INFO - 3                                                  ...        385.52
[2026-05-10T00:24:48.820+0000] {subprocess.py:93} INFO - 4                                                  ...        385.26
[2026-05-10T00:24:48.820+0000] {subprocess.py:93} INFO - 
[2026-05-10T00:24:48.821+0000] {subprocess.py:93} INFO - [5 rows x 8 columns]
[2026-05-10T00:24:48.821+0000] {subprocess.py:93} INFO - 
[2026-05-10T00:24:48.822+0000] {subprocess.py:93} INFO - --- Rooms preview ---
[2026-05-10T00:24:48.822+0000] {subprocess.py:93} INFO -          Hotel Name  ...                                       Your choices
[2026-05-10T00:24:48.823+0000] {subprocess.py:93} INFO - 0  Sharm Glow Villa  ...  Includes early check-in + late check-in Free c...
[2026-05-10T00:24:48.824+0000] {subprocess.py:93} INFO - 1  Sharm Glow Villa  ...  Includes early check-in + late check-in Free c...
[2026-05-10T00:24:48.824+0000] {subprocess.py:93} INFO - 2                    ...                                                N/A
[2026-05-10T00:24:48.825+0000] {subprocess.py:93} INFO - 3                    ...  All-Inclusive Includes 1 parking spot Free can...
[2026-05-10T00:24:48.826+0000] {subprocess.py:93} INFO - 4                    ...  All-Inclusive Includes 1 parking spot Free can...
[2026-05-10T00:24:48.826+0000] {subprocess.py:93} INFO - 
[2026-05-10T00:24:48.827+0000] {subprocess.py:93} INFO - [5 rows x 6 columns]
[2026-05-10T00:24:48.828+0000] {subprocess.py:93} INFO - 
[2026-05-10T00:24:48.828+0000] {subprocess.py:93} INFO - ✅ Booking scraping complete.
[2026-05-10T00:24:49.828+0000] {subprocess.py:97} INFO - Command exited with return code 0
[2026-05-10T00:24:49.848+0000] {taskinstance.py:441} INFO - ::group::Post task execution logs
[2026-05-10T00:24:50.105+0000] {taskinstance.py:1206} INFO - Marking task as SUCCESS. dag_id=weekly_data_pipeline, task_id=run_booking_scraper, run_id=manual__2026-05-09T23:40:35.039580+00:00, execution_date=20260509T234035, start_date=20260509T234039, end_date=20260510T002450
[2026-05-10T00:24:50.267+0000] {local_task_job_runner.py:240} INFO - Task exited with return code 0
[2026-05-10T00:24:50.473+0000] {taskinstance.py:3498} INFO - 1 downstream tasks scheduled from follow-on schedule check
[2026-05-10T00:24:50.476+0000] {local_task_job_runner.py:222} INFO - ::endgroup::
