[2026-05-10T09:32:26.856+0000] {local_task_job_runner.py:120} INFO - ::group::Pre task execution logs
[2026-05-10T09:32:26.960+0000] {taskinstance.py:2076} INFO - Dependencies all met for dep_context=non-requeueable deps ti=<TaskInstance: weekly_data_pipeline.run_transform manual__2026-05-10T08:43:36.375143+00:00 [queued]>
[2026-05-10T09:32:26.982+0000] {taskinstance.py:2076} INFO - Dependencies all met for dep_context=requeueable deps ti=<TaskInstance: weekly_data_pipeline.run_transform manual__2026-05-10T08:43:36.375143+00:00 [queued]>
[2026-05-10T09:32:26.983+0000] {taskinstance.py:2306} INFO - Starting attempt 1 of 2
[2026-05-10T09:32:27.010+0000] {taskinstance.py:2330} INFO - Executing <Task(BashOperator): run_transform> on 2026-05-10 08:43:36.375143+00:00
[2026-05-10T09:32:27.023+0000] {warnings.py:110} WARNING - /home/***/.local/lib/python3.12/site-packages/***/task/task_runner/standard_task_runner.py:61: DeprecationWarning: This process (pid=756) is multi-threaded, use of fork() may lead to deadlocks in the child.
  pid = os.fork()

[2026-05-10T09:32:27.030+0000] {standard_task_runner.py:63} INFO - Started process 757 to run task
[2026-05-10T09:32:27.028+0000] {standard_task_runner.py:90} INFO - Running: ['***', 'tasks', 'run', 'weekly_data_pipeline', 'run_transform', 'manual__2026-05-10T08:43:36.375143+00:00', '--job-id', '56', '--raw', '--subdir', 'DAGS_FOLDER/weekly_pipeline.py', '--cfg-path', '/tmp/tmpqsv187rs']
[2026-05-10T09:32:27.031+0000] {standard_task_runner.py:91} INFO - Job 56: Subtask run_transform
[2026-05-10T09:32:27.131+0000] {task_command.py:426} INFO - Running <TaskInstance: weekly_data_pipeline.run_transform manual__2026-05-10T08:43:36.375143+00:00 [running]> on host fa47b9e616ba
[2026-05-10T09:32:27.301+0000] {taskinstance.py:2648} INFO - Exporting env vars: AIRFLOW_CTX_DAG_OWNER='koka' AIRFLOW_CTX_DAG_ID='weekly_data_pipeline' AIRFLOW_CTX_TASK_ID='run_transform' AIRFLOW_CTX_EXECUTION_DATE='2026-05-10T08:43:36.375143+00:00' AIRFLOW_CTX_TRY_NUMBER='1' AIRFLOW_CTX_DAG_RUN_ID='manual__2026-05-10T08:43:36.375143+00:00'
[2026-05-10T09:32:27.303+0000] {taskinstance.py:430} INFO - ::endgroup::
[2026-05-10T09:32:27.394+0000] {subprocess.py:63} INFO - Tmp dir root location: /tmp
[2026-05-10T09:32:27.398+0000] {subprocess.py:75} INFO - Running command: ['/usr/bin/bash', '-c', 'python /opt/***/scripts/transformation_script.py']
[2026-05-10T09:32:27.417+0000] {subprocess.py:86} INFO - Output:
[2026-05-10T09:32:29.598+0000] {subprocess.py:93} INFO - 🚀 Starting transformation pipeline...
[2026-05-10T09:32:29.599+0000] {subprocess.py:93} INFO -    Scraping dir : /opt/***/scraping_scripts/Data_files
[2026-05-10T09:32:29.600+0000] {subprocess.py:93} INFO -    Database dir : /opt/***/database/Data_files
[2026-05-10T09:32:29.601+0000] {subprocess.py:93} INFO - 
[2026-05-10T09:32:29.601+0000] {subprocess.py:93} INFO - 📂 Preparing: restaurants
[2026-05-10T09:32:29.602+0000] {subprocess.py:93} INFO -   ✔ Loaded [alexandria]: alex_2026-05-10_talabat.csv
[2026-05-10T09:32:29.603+0000] {subprocess.py:93} INFO -   ✔ Loaded [cairo]: cairo_2026-05-10_talabat.csv
[2026-05-10T09:32:29.604+0000] {subprocess.py:93} INFO -   ✔ Saved 60 rows → restaurants.csv
[2026-05-10T09:32:29.604+0000] {subprocess.py:93} INFO - 
[2026-05-10T09:32:29.605+0000] {subprocess.py:93} INFO - 📂 Preparing: hotels
[2026-05-10T09:32:29.606+0000] {subprocess.py:93} INFO -   ✔ Loaded [alexandria]: Alexandria_2026-05-10_booking.csv
[2026-05-10T09:32:29.607+0000] {subprocess.py:93} INFO -   ✔ Loaded [cairo]: Cairo_2026-05-10_booking.csv
[2026-05-10T09:32:29.608+0000] {subprocess.py:93} INFO -   ✔ Loaded [luxor]: Luxor_2026-05-10_booking.csv
[2026-05-10T09:32:29.608+0000] {subprocess.py:93} INFO -   ✔ Loaded [sharm]: Sharm El Sheikh_2026-05-10_booking.csv
[2026-05-10T09:32:29.609+0000] {subprocess.py:93} INFO -   ✔ Saved 100 rows → hotels.csv
[2026-05-10T09:32:29.610+0000] {subprocess.py:93} INFO - 
[2026-05-10T09:32:29.610+0000] {subprocess.py:93} INFO - 📂 Preparing: room_hotels
[2026-05-10T09:32:29.611+0000] {subprocess.py:93} INFO -   ✔ Loaded [alexandria]: Alexandria_2026-05-10_booking_rooms.csv
[2026-05-10T09:32:29.612+0000] {subprocess.py:93} INFO -   ✔ Loaded [cairo]: Cairo_2026-05-10_booking_rooms.csv
[2026-05-10T09:32:29.612+0000] {subprocess.py:93} INFO -   ✔ Loaded [luxor]: Luxor_2026-05-10_booking_rooms.csv
[2026-05-10T09:32:29.613+0000] {subprocess.py:93} INFO -   ✔ Loaded [sharm]: Sharm El Sheikh_2026-05-10_booking_rooms.csv
[2026-05-10T09:32:29.613+0000] {subprocess.py:93} INFO -   ✔ Saved 693 rows → room_hotels.csv
[2026-05-10T09:32:29.614+0000] {subprocess.py:93} INFO - 
[2026-05-10T09:32:29.615+0000] {subprocess.py:93} INFO - 📂 Preparing: places (column rename only)
[2026-05-10T09:32:29.615+0000] {subprocess.py:93} INFO -   ✔ Saved 391 rows → places.csv
[2026-05-10T09:32:29.616+0000] {subprocess.py:93} INFO - 
[2026-05-10T09:32:29.617+0000] {subprocess.py:93} INFO - ✅ All transformations complete.
[2026-05-10T09:32:29.726+0000] {subprocess.py:97} INFO - Command exited with return code 0
[2026-05-10T09:32:29.728+0000] {taskinstance.py:441} INFO - ::group::Post task execution logs
[2026-05-10T09:32:29.770+0000] {taskinstance.py:1206} INFO - Marking task as SUCCESS. dag_id=weekly_data_pipeline, task_id=run_transform, run_id=manual__2026-05-10T08:43:36.375143+00:00, execution_date=20260510T084336, start_date=20260510T093226, end_date=20260510T093229
[2026-05-10T09:32:29.838+0000] {local_task_job_runner.py:240} INFO - Task exited with return code 0
[2026-05-10T09:32:29.881+0000] {taskinstance.py:3498} INFO - 1 downstream tasks scheduled from follow-on schedule check
[2026-05-10T09:32:29.884+0000] {local_task_job_runner.py:222} INFO - ::endgroup::
