[2026-05-19T10:37:16.681+0000] {local_task_job_runner.py:120} INFO - ::group::Pre task execution logs
[2026-05-19T10:37:16.803+0000] {taskinstance.py:2076} INFO - Dependencies all met for dep_context=non-requeueable deps ti=<TaskInstance: weekly_data_pipeline.run_talabat_scraper manual__2026-05-19T10:37:08.828281+00:00 [queued]>
[2026-05-19T10:37:16.828+0000] {taskinstance.py:2076} INFO - Dependencies all met for dep_context=requeueable deps ti=<TaskInstance: weekly_data_pipeline.run_talabat_scraper manual__2026-05-19T10:37:08.828281+00:00 [queued]>
[2026-05-19T10:37:16.832+0000] {taskinstance.py:2306} INFO - Starting attempt 1 of 2
[2026-05-19T10:37:17.424+0000] {taskinstance.py:2330} INFO - Executing <Task(BashOperator): run_talabat_scraper> on 2026-05-19 10:37:08.828281+00:00
[2026-05-19T10:37:17.456+0000] {standard_task_runner.py:90} INFO - Running: ['***', 'tasks', 'run', 'weekly_data_pipeline', 'run_talabat_scraper', 'manual__2026-05-19T10:37:08.828281+00:00', '--job-id', '5', '--raw', '--subdir', 'DAGS_FOLDER/weekly_pipeline.py', '--cfg-path', '/tmp/tmphscresd5']
[2026-05-19T10:37:17.456+0000] {warnings.py:110} WARNING - /home/***/.local/lib/python3.12/site-packages/***/task/task_runner/standard_task_runner.py:61: DeprecationWarning: This process (pid=200) is multi-threaded, use of fork() may lead to deadlocks in the child.
  pid = os.fork()

[2026-05-19T10:37:17.472+0000] {standard_task_runner.py:91} INFO - Job 5: Subtask run_talabat_scraper
[2026-05-19T10:37:17.477+0000] {standard_task_runner.py:63} INFO - Started process 203 to run task
[2026-05-19T10:37:17.846+0000] {task_command.py:426} INFO - Running <TaskInstance: weekly_data_pipeline.run_talabat_scraper manual__2026-05-19T10:37:08.828281+00:00 [running]> on host 241dc414be10
[2026-05-19T10:37:18.321+0000] {taskinstance.py:2648} INFO - Exporting env vars: AIRFLOW_CTX_DAG_OWNER='koka' AIRFLOW_CTX_DAG_ID='weekly_data_pipeline' AIRFLOW_CTX_TASK_ID='run_talabat_scraper' AIRFLOW_CTX_EXECUTION_DATE='2026-05-19T10:37:08.828281+00:00' AIRFLOW_CTX_TRY_NUMBER='1' AIRFLOW_CTX_DAG_RUN_ID='manual__2026-05-19T10:37:08.828281+00:00'
[2026-05-19T10:37:18.327+0000] {taskinstance.py:430} INFO - ::endgroup::
[2026-05-19T10:37:18.987+0000] {subprocess.py:63} INFO - Tmp dir root location: /tmp
[2026-05-19T10:37:18.992+0000] {subprocess.py:75} INFO - Running command: ['/usr/bin/bash', '-c', 'python /opt/***/scripts/talabat_scraper.py']
[2026-05-19T10:37:19.888+0000] {subprocess.py:86} INFO - Output:
[2026-05-19T10:49:06.881+0000] {subprocess.py:93} INFO - 
[2026-05-19T10:49:07.020+0000] {subprocess.py:93} INFO - ==================================================
[2026-05-19T10:49:07.026+0000] {subprocess.py:93} INFO - 🍽️  Scraping Talabat: CAIRO
[2026-05-19T10:49:07.029+0000] {subprocess.py:93} INFO - ==================================================
[2026-05-19T10:49:07.034+0000] {subprocess.py:93} INFO -   📄 Scraping page 1...
[2026-05-19T10:49:07.039+0000] {subprocess.py:93} INFO -      Found 15 restaurants on page 1
[2026-05-19T10:49:07.043+0000] {subprocess.py:93} INFO -   📄 Scraping page 2...
[2026-05-19T10:49:07.046+0000] {subprocess.py:93} INFO -      Found 15 restaurants on page 2
[2026-05-19T10:49:07.050+0000] {subprocess.py:93} INFO - 
[2026-05-19T10:49:07.053+0000] {subprocess.py:93} INFO - ✅ Total unique restaurants found: 30
[2026-05-19T10:49:07.055+0000] {subprocess.py:93} INFO - 
[2026-05-19T10:49:07.058+0000] {subprocess.py:93} INFO -   🔍 [1/30] https://www.talabat.com/egypt/restaurant/658817/kfc-manial-kfc-tmp?aid=7766
[2026-05-19T10:49:07.063+0000] {subprocess.py:93} INFO -      Found 131 menu items
[2026-05-19T10:49:07.066+0000] {subprocess.py:93} INFO -      ✔ KFC | 131 items
[2026-05-19T10:49:07.070+0000] {subprocess.py:93} INFO - 
[2026-05-19T10:49:07.077+0000] {subprocess.py:93} INFO -   🔍 [2/30] https://www.talabat.com/egypt/restaurant/518625/pizza-master-downtown-magales-el-shaab?aid=7766
[2026-05-19T10:49:07.081+0000] {subprocess.py:93} INFO -      Found 65 menu items
[2026-05-19T10:49:07.084+0000] {subprocess.py:93} INFO -      ✔ Pizza Master | 65 items
[2026-05-19T10:49:07.087+0000] {subprocess.py:93} INFO - 
[2026-05-19T10:49:07.092+0000] {subprocess.py:93} INFO -   🔍 [3/30] https://www.talabat.com/egypt/restaurant/685459/awlad-ali-pizza-shobra-rod-el-farg?aid=7766
[2026-05-19T10:49:07.094+0000] {subprocess.py:93} INFO -      Found 195 menu items
[2026-05-19T10:49:07.102+0000] {subprocess.py:93} INFO -      ✔ Awlad Ali | 195 items
[2026-05-19T10:49:07.108+0000] {subprocess.py:93} INFO - 
[2026-05-19T10:49:07.110+0000] {subprocess.py:93} INFO -   🔍 [4/30] https://www.talabat.com/egypt/restaurant/508082/recota-al-manial?aid=7766
[2026-05-19T10:49:07.112+0000] {subprocess.py:93} INFO -      Found 83 menu items
[2026-05-19T10:49:07.114+0000] {subprocess.py:93} INFO -      ✔ Recota | 83 items
[2026-05-19T10:49:07.118+0000] {subprocess.py:93} INFO - 
[2026-05-19T10:49:07.127+0000] {subprocess.py:93} INFO -   🔍 [5/30] https://www.talabat.com/egypt/restaurant/735810/mashwyat-bobos-downtown-el-sayeda-zeinab?aid=7766
[2026-05-19T10:49:07.131+0000] {subprocess.py:93} INFO -      Found 71 menu items
[2026-05-19T10:49:07.136+0000] {subprocess.py:93} INFO -      ✔ Bobos Grills | 71 items
[2026-05-19T10:49:07.137+0000] {subprocess.py:93} INFO - 
[2026-05-19T10:49:07.139+0000] {subprocess.py:93} INFO -   🔍 [6/30] https://www.talabat.com/egypt/restaurant/502267/wafflicious-dokki-tmp?aid=7766
[2026-05-19T10:49:07.142+0000] {subprocess.py:93} INFO -      Found 109 menu items
[2026-05-19T10:49:07.143+0000] {subprocess.py:93} INFO -      ✔ WAFFLICIOUS | 109 items
[2026-05-19T10:49:07.144+0000] {subprocess.py:93} INFO - 
[2026-05-19T10:49:07.146+0000] {subprocess.py:93} INFO -   🔍 [7/30] https://www.talabat.com/egypt/restaurant/755466/original-al-manial?aid=7766
[2026-05-19T10:49:07.147+0000] {subprocess.py:93} INFO -      Found 135 menu items
[2026-05-19T10:49:07.150+0000] {subprocess.py:93} INFO -      ✔ Original | 135 items
[2026-05-19T10:49:07.151+0000] {subprocess.py:93} INFO - 
[2026-05-19T10:49:07.153+0000] {subprocess.py:93} INFO -   🔍 [8/30] https://www.talabat.com/egypt/restaurant/513728/cinnamon-chocolate-al-manial?aid=7766
[2026-05-19T10:49:07.156+0000] {subprocess.py:93} INFO -      Found 69 menu items
[2026-05-19T10:49:07.159+0000] {subprocess.py:93} INFO -      ✔ Cinnamon & Chocolate | 69 items
[2026-05-19T10:49:07.161+0000] {subprocess.py:93} INFO - 
[2026-05-19T10:49:07.163+0000] {subprocess.py:93} INFO -   🔍 [9/30] https://www.talabat.com/egypt/restaurant/510616/cook-door-al-manial-tgo?aid=7766
[2026-05-19T10:49:07.167+0000] {subprocess.py:93} INFO -      Found 72 menu items
[2026-05-19T10:49:07.171+0000] {subprocess.py:93} INFO -      ✔ Cook Door | 72 items
[2026-05-19T10:49:07.173+0000] {subprocess.py:93} INFO - 
[2026-05-19T10:49:07.174+0000] {subprocess.py:93} INFO -   🔍 [10/30] https://www.talabat.com/egypt/restaurant/788002/smoothie-paradise-downtown-magales-el-shaab?aid=7766
[2026-05-19T10:49:07.176+0000] {subprocess.py:93} INFO -      Found 90 menu items
[2026-05-19T10:49:07.177+0000] {subprocess.py:93} INFO -      ✔ Smoothie Paradise | 90 items
[2026-05-19T10:49:07.178+0000] {subprocess.py:93} INFO - 
[2026-05-19T10:49:07.179+0000] {subprocess.py:93} INFO -   🔍 [11/30] https://www.talabat.com/egypt/restaurant/749191/burger-king-downtown-talaat-harab?aid=7766
[2026-05-19T10:49:07.184+0000] {subprocess.py:93} INFO -      Found 88 menu items
[2026-05-19T10:49:07.185+0000] {subprocess.py:93} INFO -      ✔ Burger King | 88 items
[2026-05-19T10:49:07.187+0000] {subprocess.py:93} INFO - 
[2026-05-19T10:49:07.188+0000] {subprocess.py:93} INFO -   🔍 [12/30] https://www.talabat.com/egypt/restaurant/799375/kher-el-sham-al-manial?aid=7766
[2026-05-19T10:49:07.190+0000] {subprocess.py:93} INFO -      Found 78 menu items
[2026-05-19T10:49:07.193+0000] {subprocess.py:93} INFO -      ✔ Kher El Sham | 78 items
[2026-05-19T10:49:07.195+0000] {subprocess.py:93} INFO - 
[2026-05-19T10:49:07.196+0000] {subprocess.py:93} INFO -   🔍 [13/30] https://www.talabat.com/egypt/restaurant/700435/buffalo-burger-al-manial-tgo?aid=7766
[2026-05-19T10:49:07.198+0000] {subprocess.py:93} INFO -      Found 75 menu items
[2026-05-19T10:49:07.202+0000] {subprocess.py:93} INFO -      ✔ Buffalo Burger | 75 items
[2026-05-19T10:49:07.205+0000] {subprocess.py:93} INFO - 
[2026-05-19T10:49:07.206+0000] {subprocess.py:93} INFO -   🔍 [14/30] https://www.talabat.com/egypt/restaurant/505206/happy-dolphin-al-manial?aid=7766
[2026-05-19T10:49:07.209+0000] {subprocess.py:93} INFO -      Found 130 menu items
[2026-05-19T10:49:07.210+0000] {subprocess.py:93} INFO -      ✔ Happy Dolphin | 130 items
[2026-05-19T10:49:07.211+0000] {subprocess.py:93} INFO - 
[2026-05-19T10:49:07.213+0000] {subprocess.py:93} INFO -   🔍 [15/30] https://www.talabat.com/egypt/restaurant/505157/misr-el-kheir?aid=7766
[2026-05-19T10:49:07.221+0000] {subprocess.py:93} INFO -      Found 18 menu items
[2026-05-19T10:49:07.222+0000] {subprocess.py:93} INFO -      ✔ Misr El-Kheir | 18 items
[2026-05-19T10:49:07.224+0000] {subprocess.py:93} INFO - 
[2026-05-19T10:49:07.228+0000] {subprocess.py:93} INFO -   🔍 [16/30] https://www.talabat.com/egypt/restaurant/779910/daddys-burger-downtown-tahrir?aid=7766
[2026-05-19T10:49:07.229+0000] {subprocess.py:93} INFO -      Found 45 menu items
[2026-05-19T10:49:07.230+0000] {subprocess.py:93} INFO -      ✔ Daddy's Burger | 45 items
[2026-05-19T10:49:07.231+0000] {subprocess.py:93} INFO - 
[2026-05-19T10:49:07.232+0000] {subprocess.py:93} INFO -   🔍 [17/30] https://www.talabat.com/egypt/restaurant/503502/vinnys-pizza-zamalek?aid=7766
[2026-05-19T10:49:07.233+0000] {subprocess.py:93} INFO -      Found 86 menu items
[2026-05-19T10:49:07.235+0000] {subprocess.py:93} INFO -      ✔ Vinny's Pizzeria | 86 items
[2026-05-19T10:49:07.236+0000] {subprocess.py:93} INFO - 
[2026-05-19T10:49:07.243+0000] {subprocess.py:93} INFO -   🔍 [18/30] https://www.talabat.com/egypt/restaurant/513366/mr-lee-zamalek?aid=7766
[2026-05-19T10:49:07.246+0000] {subprocess.py:93} INFO -      Found 101 menu items
[2026-05-19T10:49:07.247+0000] {subprocess.py:93} INFO -      ✔ Mr. Lee | 101 items
[2026-05-19T10:49:07.248+0000] {subprocess.py:93} INFO - 
[2026-05-19T10:49:07.250+0000] {subprocess.py:93} INFO -   🔍 [19/30] https://www.talabat.com/egypt/restaurant/502417/cairo-kitchen-zamalek?aid=7766
[2026-05-19T10:49:07.252+0000] {subprocess.py:93} INFO -      Found 81 menu items
[2026-05-19T10:49:07.254+0000] {subprocess.py:93} INFO -      ✔ Cairo Kitchen | 81 items
[2026-05-19T10:49:07.259+0000] {subprocess.py:93} INFO - 
[2026-05-19T10:49:07.260+0000] {subprocess.py:93} INFO -   🔍 [20/30] https://www.talabat.com/egypt/restaurant/515548/red-elephant-mohandesin-jazerat-el-arab?aid=7766
[2026-05-19T10:49:07.261+0000] {subprocess.py:93} INFO -      Found 178 menu items
[2026-05-19T10:49:07.262+0000] {subprocess.py:93} INFO -      ✔ Red Elephant | 178 items
[2026-05-19T10:49:07.275+0000] {subprocess.py:93} INFO - 
[2026-05-19T10:49:07.279+0000] {subprocess.py:93} INFO -   🔍 [21/30] https://www.talabat.com/egypt/restaurant/649438/kyoto-sushi-dokki-mosaddak?aid=7766
[2026-05-19T10:49:07.280+0000] {subprocess.py:93} INFO -      Found 254 menu items
[2026-05-19T10:49:07.281+0000] {subprocess.py:93} INFO -      ✔ Kyoto Sushi | 254 items
[2026-05-19T10:49:07.283+0000] {subprocess.py:93} INFO - 
[2026-05-19T10:49:07.283+0000] {subprocess.py:93} INFO -   🔍 [22/30] https://www.talabat.com/egypt/restaurant/714356/gad-el-sayeda-zeinab?aid=7766
[2026-05-19T10:49:07.285+0000] {subprocess.py:93} INFO -      Found 209 menu items
[2026-05-19T10:49:07.292+0000] {subprocess.py:93} INFO -      ✔ GAD | 209 items
[2026-05-19T10:49:07.293+0000] {subprocess.py:93} INFO - 
[2026-05-19T10:49:07.295+0000] {subprocess.py:93} INFO -   🔍 [23/30] https://www.talabat.com/egypt/restaurant/510268/amir-el-domiaty-al-manial?aid=7766
[2026-05-19T10:49:07.296+0000] {subprocess.py:93} INFO -      Found 378 menu items
[2026-05-19T10:49:07.297+0000] {subprocess.py:93} INFO -      ✔ Amir El Domiaty | 378 items
[2026-05-19T10:49:07.299+0000] {subprocess.py:93} INFO - 
[2026-05-19T10:49:07.300+0000] {subprocess.py:93} INFO -   🔍 [24/30] https://www.talabat.com/egypt/restaurant/687594/abdel-rahim-koueider-al-manial?aid=7766
[2026-05-19T10:49:07.301+0000] {subprocess.py:93} INFO -      Found 171 menu items
[2026-05-19T10:49:07.302+0000] {subprocess.py:93} INFO -      ✔ Abdel Rahim Koueider | 171 items
[2026-05-19T10:49:07.304+0000] {subprocess.py:93} INFO - 
[2026-05-19T10:49:07.305+0000] {subprocess.py:93} INFO -   🔍 [25/30] https://www.talabat.com/egypt/restaurant/771138/mawlay-garden-city?aid=7766
[2026-05-19T10:49:07.307+0000] {subprocess.py:93} INFO -      Found 84 menu items
[2026-05-19T10:49:07.309+0000] {subprocess.py:93} INFO -      ✔ Mawlay | 84 items
[2026-05-19T10:49:07.311+0000] {subprocess.py:93} INFO - 
[2026-05-19T10:49:07.312+0000] {subprocess.py:93} INFO -   🔍 [26/30] https://www.talabat.com/egypt/restaurant/702872/abu-auf-al-manial?aid=7766
[2026-05-19T10:49:07.313+0000] {subprocess.py:93} INFO -      Found 172 menu items
[2026-05-19T10:49:07.314+0000] {subprocess.py:93} INFO -      ✔ Abu Auf | 172 items
[2026-05-19T10:49:07.315+0000] {subprocess.py:93} INFO - 
[2026-05-19T10:49:07.316+0000] {subprocess.py:93} INFO -   🔍 [27/30] https://www.talabat.com/egypt/restaurant/503182/spectra-shooting-club-street-dokki?aid=7766
[2026-05-19T10:49:07.317+0000] {subprocess.py:93} INFO -      Found 325 menu items
[2026-05-19T10:49:07.318+0000] {subprocess.py:93} INFO -      ✔ Spectra | 325 items
[2026-05-19T10:49:07.320+0000] {subprocess.py:93} INFO - 
[2026-05-19T10:49:07.320+0000] {subprocess.py:93} INFO -   🔍 [28/30] https://www.talabat.com/egypt/restaurant/639933/heart-attack-al-manial-tgo?aid=7766
[2026-05-19T10:49:07.323+0000] {subprocess.py:93} INFO -      Found 110 menu items
[2026-05-19T10:49:07.325+0000] {subprocess.py:93} INFO -      ✔ Heart Attack | 110 items
[2026-05-19T10:49:07.326+0000] {subprocess.py:93} INFO - 
[2026-05-19T10:49:07.327+0000] {subprocess.py:93} INFO -   🔍 [29/30] https://www.talabat.com/egypt/restaurant/502884/papa-johns-pizza-el-mesaha?aid=7766
[2026-05-19T10:49:07.330+0000] {subprocess.py:93} INFO -      Found 73 menu items
[2026-05-19T10:49:07.331+0000] {subprocess.py:93} INFO -      ✔ Papa John's Pizza | 73 items
[2026-05-19T10:49:07.332+0000] {subprocess.py:93} INFO - 
[2026-05-19T10:49:07.334+0000] {subprocess.py:93} INFO -   🔍 [30/30] https://www.talabat.com/egypt/restaurant/792374/era-indian-restaurant-al-manial?aid=7766
[2026-05-19T10:49:07.335+0000] {subprocess.py:93} INFO -      Found 148 menu items
[2026-05-19T10:49:07.338+0000] {subprocess.py:93} INFO -      ✔ Era Indian Restaurant | 148 items
[2026-05-19T10:49:07.341+0000] {subprocess.py:93} INFO - 
[2026-05-19T10:49:07.344+0000] {subprocess.py:93} INFO - 💾 Saved 30 restaurants → cairo_2026-05-19_talabat.csv
[2026-05-19T10:49:07.345+0000] {subprocess.py:93} INFO - 
[2026-05-19T10:49:07.347+0000] {subprocess.py:93} INFO - ==================================================
[2026-05-19T10:49:07.349+0000] {subprocess.py:93} INFO - 🍽️  Scraping Talabat: ALEX
[2026-05-19T10:49:07.350+0000] {subprocess.py:93} INFO - ==================================================
[2026-05-19T10:49:07.354+0000] {subprocess.py:93} INFO -   📄 Scraping page 1...
[2026-05-19T10:49:07.356+0000] {subprocess.py:93} INFO -      Found 15 restaurants on page 1
[2026-05-19T10:49:07.358+0000] {subprocess.py:93} INFO -   📄 Scraping page 2...
[2026-05-19T10:49:07.359+0000] {subprocess.py:93} INFO -      Found 15 restaurants on page 2
[2026-05-19T10:49:07.360+0000] {subprocess.py:93} INFO - 
[2026-05-19T10:49:07.360+0000] {subprocess.py:93} INFO - ✅ Total unique restaurants found: 30
[2026-05-19T10:49:07.361+0000] {subprocess.py:93} INFO - 
[2026-05-19T10:49:07.362+0000] {subprocess.py:93} INFO -   🔍 [1/30] https://www.talabat.com/egypt/restaurant/502330/momen-raml-station?aid=7177
[2026-05-19T10:49:07.363+0000] {subprocess.py:93} INFO -      Found 117 menu items
[2026-05-19T10:49:07.364+0000] {subprocess.py:93} INFO -      ✔ Mo'men | 117 items
[2026-05-19T10:49:07.365+0000] {subprocess.py:93} INFO - 
[2026-05-19T10:49:07.366+0000] {subprocess.py:93} INFO -   🔍 [2/30] https://www.talabat.com/egypt/restaurant/502291/pastaweesy-mostafa-kamel?aid=7177
[2026-05-19T10:49:07.367+0000] {subprocess.py:93} INFO -      Found 85 menu items
[2026-05-19T10:49:07.368+0000] {subprocess.py:93} INFO -      ✔ Pastaweesy | 85 items
[2026-05-19T10:49:07.368+0000] {subprocess.py:93} INFO - 
[2026-05-19T10:49:07.369+0000] {subprocess.py:93} INFO -   🔍 [3/30] https://www.talabat.com/egypt/restaurant/778778/shehab-glim?aid=7177
[2026-05-19T10:49:07.371+0000] {subprocess.py:93} INFO -      Found 117 menu items
[2026-05-19T10:49:07.373+0000] {subprocess.py:93} INFO -      ✔ Shehab | 117 items
[2026-05-19T10:49:07.374+0000] {subprocess.py:93} INFO - 
[2026-05-19T10:49:07.377+0000] {subprocess.py:93} INFO -   🔍 [4/30] https://www.talabat.com/egypt/restaurant/624994/costa-coffeefouad-street-tgo?aid=7177
[2026-05-19T10:49:07.378+0000] {subprocess.py:93} INFO -      Found 112 menu items
[2026-05-19T10:49:07.380+0000] {subprocess.py:93} INFO -      ✔ Costa Coffee | 112 items
[2026-05-19T10:49:07.381+0000] {subprocess.py:93} INFO - 
[2026-05-19T10:49:07.382+0000] {subprocess.py:93} INFO -   🔍 [5/30] https://www.talabat.com/egypt/restaurant/502903/papa-johns-pizza-raml-station?aid=7177
[2026-05-19T10:49:07.384+0000] {subprocess.py:93} INFO -      Found 74 menu items
[2026-05-19T10:49:07.385+0000] {subprocess.py:93} INFO -      ✔ Papa John's Pizza | 74 items
[2026-05-19T10:49:07.389+0000] {subprocess.py:93} INFO - 
[2026-05-19T10:49:07.391+0000] {subprocess.py:93} INFO -   🔍 [6/30] https://www.talabat.com/egypt/restaurant/513759/hadra-mout?aid=7177
[2026-05-19T10:49:07.396+0000] {subprocess.py:93} INFO -      Found 118 menu items
[2026-05-19T10:49:07.397+0000] {subprocess.py:93} INFO -      ✔ Hadramout | 118 items
[2026-05-19T10:49:07.398+0000] {subprocess.py:93} INFO - 
[2026-05-19T10:49:07.399+0000] {subprocess.py:93} INFO -   🔍 [7/30] https://www.talabat.com/egypt/restaurant/627975/pizza-roma-sporting?aid=7177
[2026-05-19T10:49:07.400+0000] {subprocess.py:93} INFO -      Found 235 menu items
[2026-05-19T10:49:07.401+0000] {subprocess.py:93} INFO -      ✔ Pizza Roma | 235 items
[2026-05-19T10:49:07.402+0000] {subprocess.py:93} INFO - 
[2026-05-19T10:49:07.403+0000] {subprocess.py:93} INFO -   🔍 [8/30] https://www.talabat.com/egypt/restaurant/503415/buffalo-burger-mostafa-kamel-tgo?aid=7177
[2026-05-19T10:49:07.403+0000] {subprocess.py:93} INFO -      Found 78 menu items
[2026-05-19T10:49:07.404+0000] {subprocess.py:93} INFO -      ✔ Buffalo Burger | 78 items
[2026-05-19T10:49:07.406+0000] {subprocess.py:93} INFO - 
[2026-05-19T10:49:07.408+0000] {subprocess.py:93} INFO -   🔍 [9/30] https://www.talabat.com/egypt/restaurant/628131/crepe-club-sporting-sporting?aid=7177
[2026-05-19T10:49:07.410+0000] {subprocess.py:93} INFO -      Found 153 menu items
[2026-05-19T10:49:07.411+0000] {subprocess.py:93} INFO -      ✔ Crepe Club - Sporting | 153 items
[2026-05-19T10:49:07.412+0000] {subprocess.py:93} INFO - 
[2026-05-19T10:49:07.413+0000] {subprocess.py:93} INFO -   🔍 [10/30] https://www.talabat.com/egypt/restaurant/725214/cook-door-sporting-cleopatra-tgo?aid=7177
[2026-05-19T10:49:07.414+0000] {subprocess.py:93} INFO -      Found 46 menu items
[2026-05-19T10:49:07.414+0000] {subprocess.py:93} INFO -      ✔ Cook Door | 46 items
[2026-05-19T10:49:07.415+0000] {subprocess.py:93} INFO - 
[2026-05-19T10:49:07.416+0000] {subprocess.py:93} INFO -   🔍 [11/30] https://www.talabat.com/egypt/restaurant/751942/firey-nash-sidi-gaber?aid=7177
[2026-05-19T10:49:07.418+0000] {subprocess.py:93} INFO -      Found 66 menu items
[2026-05-19T10:49:07.419+0000] {subprocess.py:93} INFO -      ✔ Firey Nash | 66 items
[2026-05-19T10:49:07.421+0000] {subprocess.py:93} INFO - 
[2026-05-19T10:49:07.422+0000] {subprocess.py:93} INFO -   🔍 [12/30] https://www.talabat.com/egypt/restaurant/503087/hardees-carfour-alex-hard?aid=7177
[2026-05-19T10:49:07.423+0000] {subprocess.py:93} INFO -      Found 93 menu items
[2026-05-19T10:49:07.424+0000] {subprocess.py:93} INFO -      ✔ Hardee's | 93 items
[2026-05-19T10:49:07.425+0000] {subprocess.py:93} INFO - 
[2026-05-19T10:49:07.426+0000] {subprocess.py:93} INFO -   🔍 [13/30] https://www.talabat.com/egypt/restaurant/765219/burger-republic-shatby?aid=7177
[2026-05-19T10:49:07.427+0000] {subprocess.py:93} INFO -      Found 37 menu items
[2026-05-19T10:49:07.428+0000] {subprocess.py:93} INFO -      ✔ Burger Republic | 37 items
[2026-05-19T10:49:07.429+0000] {subprocess.py:93} INFO - 
[2026-05-19T10:49:07.430+0000] {subprocess.py:93} INFO -   🔍 [14/30] https://www.talabat.com/egypt/restaurant/647601/pizza-hut-carrefour-alex-ph?aid=7177
[2026-05-19T10:49:07.431+0000] {subprocess.py:93} INFO -      Found 90 menu items
[2026-05-19T10:49:07.432+0000] {subprocess.py:93} INFO -      ✔ Pizza Hut | 90 items
[2026-05-19T10:49:07.432+0000] {subprocess.py:93} INFO - 
[2026-05-19T10:49:07.434+0000] {subprocess.py:93} INFO -   🔍 [15/30] https://www.talabat.com/egypt/restaurant/516086/crave-shatby?aid=7177
[2026-05-19T10:49:07.435+0000] {subprocess.py:93} INFO -      Found 116 menu items
[2026-05-19T10:49:07.436+0000] {subprocess.py:93} INFO -      ✔ Crave | 116 items
[2026-05-19T10:49:07.437+0000] {subprocess.py:93} INFO - 
[2026-05-19T10:49:07.443+0000] {subprocess.py:93} INFO -   🔍 [16/30] https://www.talabat.com/egypt/restaurant/508160/nutopia-raml-station?aid=7177
[2026-05-19T10:49:07.445+0000] {subprocess.py:93} INFO -      Found 134 menu items
[2026-05-19T10:49:07.446+0000] {subprocess.py:93} INFO -      ✔ Nutopia | 134 items
[2026-05-19T10:49:07.447+0000] {subprocess.py:93} INFO - 
[2026-05-19T10:49:07.448+0000] {subprocess.py:93} INFO -   🔍 [17/30] https://www.talabat.com/egypt/restaurant/501605/dokan-samak-sidi-gaber?aid=7177
[2026-05-19T10:49:07.449+0000] {subprocess.py:93} INFO -      Found 74 menu items
[2026-05-19T10:49:07.449+0000] {subprocess.py:93} INFO -      ✔ Dokan Samak - Sidi Gaber | 74 items
[2026-05-19T10:49:07.451+0000] {subprocess.py:93} INFO - 
[2026-05-19T10:49:07.452+0000] {subprocess.py:93} INFO -   🔍 [18/30] https://www.talabat.com/egypt/restaurant/730085/shamy-elbait-elkeber-semouha-victor-emanouil?aid=7177
[2026-05-19T10:49:07.453+0000] {subprocess.py:93} INFO -      Found 123 menu items
[2026-05-19T10:51:27.935+0000] {subprocess.py:93} INFO -      ✔ Shamy Elbait elkeber | 123 items
[2026-05-19T10:51:27.937+0000] {subprocess.py:93} INFO - 
[2026-05-19T10:51:27.942+0000] {subprocess.py:93} INFO -   🔍 [19/30] https://www.talabat.com/egypt/restaurant/679502/burger-king-semouha?aid=7177
[2026-05-19T10:51:27.949+0000] {subprocess.py:93} INFO -      Found 98 menu items
[2026-05-19T10:51:27.950+0000] {subprocess.py:93} INFO -      ✔ Burger King | 98 items
[2026-05-19T10:51:27.951+0000] {subprocess.py:93} INFO - 
[2026-05-19T10:51:27.952+0000] {subprocess.py:93} INFO -   🔍 [20/30] https://www.talabat.com/egypt/restaurant/771378/balbaa-karmus?aid=7177
[2026-05-19T10:51:27.954+0000] {subprocess.py:93} INFO -      Found 69 menu items
[2026-05-19T10:51:27.957+0000] {subprocess.py:93} INFO -      ✔ Balbaa | 69 items
[2026-05-19T10:51:27.967+0000] {subprocess.py:93} INFO - 
[2026-05-19T10:51:27.968+0000] {subprocess.py:93} INFO -   🔍 [21/30] https://www.talabat.com/egypt/restaurant/652008/the-chocolate-factory-semouha-victor-emanouil?aid=7177
[2026-05-19T10:51:27.969+0000] {subprocess.py:93} INFO -      Found 152 menu items
[2026-05-19T10:51:27.970+0000] {subprocess.py:93} INFO -      ✔ The Chocolate Factory | 152 items
[2026-05-19T10:51:27.971+0000] {subprocess.py:93} INFO - 
[2026-05-19T10:51:27.971+0000] {subprocess.py:93} INFO -   🔍 [22/30] https://www.talabat.com/egypt/restaurant/730471/ciao-pizza-semouha-semouha-sporting-club?aid=7177
[2026-05-19T10:51:27.973+0000] {subprocess.py:93} INFO -      Found 41 menu items
[2026-05-19T10:51:27.974+0000] {subprocess.py:93} INFO -      ✔ Ciao Pizza | 41 items
[2026-05-19T10:51:27.975+0000] {subprocess.py:93} INFO - 
[2026-05-19T10:51:27.976+0000] {subprocess.py:93} INFO -   🔍 [23/30] https://www.talabat.com/egypt/restaurant/635669/china-house-green-plaza?aid=7177
[2026-05-19T10:51:27.977+0000] {subprocess.py:93} INFO -      Found 153 menu items
[2026-05-19T10:51:27.985+0000] {subprocess.py:93} INFO -      ✔ China House - Semouha | 153 items
[2026-05-19T10:51:27.986+0000] {subprocess.py:93} INFO - 
[2026-05-19T10:51:27.987+0000] {subprocess.py:93} INFO -   🔍 [24/30] https://www.talabat.com/egypt/restaurant/737012/kfc-semoha-kfctgo?aid=7177
[2026-05-19T10:51:27.988+0000] {subprocess.py:93} INFO -      Found 131 menu items
[2026-05-19T10:51:27.989+0000] {subprocess.py:93} INFO -      ✔ KFC | 131 items
[2026-05-19T10:51:27.990+0000] {subprocess.py:93} INFO - 
[2026-05-19T10:51:27.990+0000] {subprocess.py:93} INFO -   🔍 [25/30] https://www.talabat.com/egypt/restaurant/684884/wok-of-fame?aid=7177
[2026-05-19T10:51:27.992+0000] {subprocess.py:93} INFO -      Found 43 menu items
[2026-05-19T10:51:27.993+0000] {subprocess.py:93} INFO -      ✔ Wok Of Fame | 43 items
[2026-05-19T10:51:27.994+0000] {subprocess.py:93} INFO - 
[2026-05-19T10:51:27.995+0000] {subprocess.py:93} INFO -   🔍 [26/30] https://www.talabat.com/egypt/restaurant/678299/pizza-king-raml-station-el-ataren?aid=7177
[2026-05-19T10:51:27.998+0000] {subprocess.py:93} INFO -      Found 168 menu items
[2026-05-19T10:51:28.001+0000] {subprocess.py:93} INFO -      ✔ Pizza King | 168 items
[2026-05-19T10:51:28.003+0000] {subprocess.py:93} INFO - 
[2026-05-19T10:51:28.005+0000] {subprocess.py:93} INFO -   🔍 [27/30] https://www.talabat.com/egypt/restaurant/616232/chocolate-shotazarita?aid=7177
[2026-05-19T10:51:28.006+0000] {subprocess.py:93} INFO -      Found 158 menu items
[2026-05-19T10:51:28.010+0000] {subprocess.py:93} INFO -      ✔ Chocolate Shot | 158 items
[2026-05-19T10:51:28.011+0000] {subprocess.py:93} INFO - 
[2026-05-19T10:51:28.020+0000] {subprocess.py:93} INFO -   🔍 [28/30] https://www.talabat.com/egypt/restaurant/502521/chicken-tikka-green-plazatgo?aid=7177
[2026-05-19T10:51:28.023+0000] {subprocess.py:93} INFO -      Found 99 menu items
[2026-05-19T10:51:28.024+0000] {subprocess.py:93} INFO -      ✔ Chicken Tikka | 99 items
[2026-05-19T10:51:28.025+0000] {subprocess.py:93} INFO - 
[2026-05-19T10:51:28.026+0000] {subprocess.py:93} INFO -   🔍 [29/30] https://www.talabat.com/egypt/restaurant/509430/cilantro-shatby?aid=7177
[2026-05-19T10:51:28.027+0000] {subprocess.py:93} INFO -      Found 135 menu items
[2026-05-19T10:51:28.029+0000] {subprocess.py:93} INFO -      ✔ Cilantro | 135 items
[2026-05-19T10:51:28.030+0000] {subprocess.py:93} INFO - 
[2026-05-19T10:51:28.035+0000] {subprocess.py:93} INFO -   🔍 [30/30] https://www.talabat.com/egypt/restaurant/798917/3m-essa-green-plaza?aid=7177
[2026-05-19T10:51:28.037+0000] {subprocess.py:93} INFO -      Found 121 menu items
[2026-05-19T10:51:28.040+0000] {subprocess.py:93} INFO -      ✔ 3m Essa | 121 items
[2026-05-19T10:51:28.041+0000] {subprocess.py:93} INFO - 
[2026-05-19T10:51:28.042+0000] {subprocess.py:93} INFO - 💾 Saved 30 restaurants → alex_2026-05-19_talabat.csv
[2026-05-19T10:51:28.043+0000] {subprocess.py:93} INFO - 
[2026-05-19T10:51:28.044+0000] {subprocess.py:93} INFO - ✅ Talabat scraping complete.
[2026-05-19T10:51:28.939+0000] {subprocess.py:97} INFO - Command exited with return code 0
[2026-05-19T10:51:29.007+0000] {taskinstance.py:441} INFO - ::group::Post task execution logs
[2026-05-19T10:51:29.924+0000] {taskinstance.py:1206} INFO - Marking task as SUCCESS. dag_id=weekly_data_pipeline, task_id=run_talabat_scraper, run_id=manual__2026-05-19T10:37:08.828281+00:00, execution_date=20260519T103708, start_date=20260519T103716, end_date=20260519T105129
[2026-05-19T10:51:30.503+0000] {local_task_job_runner.py:240} INFO - Task exited with return code 0
[2026-05-19T10:51:30.958+0000] {taskinstance.py:3498} INFO - 0 downstream tasks scheduled from follow-on schedule check
[2026-05-19T10:51:30.964+0000] {local_task_job_runner.py:222} INFO - ::endgroup::
