[2026-05-10T00:24:53.330+0000] {local_task_job_runner.py:120} INFO - ::group::Pre task execution logs
[2026-05-10T00:24:53.414+0000] {taskinstance.py:2076} INFO - Dependencies all met for dep_context=non-requeueable deps ti=<TaskInstance: weekly_data_pipeline.run_transform manual__2026-05-09T23:40:35.039580+00:00 [queued]>
[2026-05-10T00:24:53.432+0000] {taskinstance.py:2076} INFO - Dependencies all met for dep_context=requeueable deps ti=<TaskInstance: weekly_data_pipeline.run_transform manual__2026-05-09T23:40:35.039580+00:00 [queued]>
[2026-05-10T00:24:53.433+0000] {taskinstance.py:2306} INFO - Starting attempt 1 of 2
[2026-05-10T00:24:53.458+0000] {taskinstance.py:2330} INFO - Executing <Task(BashOperator): run_transform> on 2026-05-09 23:40:35.039580+00:00
[2026-05-10T00:24:53.467+0000] {warnings.py:110} WARNING - /home/***/.local/lib/python3.12/site-packages/***/task/task_runner/standard_task_runner.py:61: DeprecationWarning: This process (pid=2910) is multi-threaded, use of fork() may lead to deadlocks in the child.
  pid = os.fork()

[2026-05-10T00:24:53.471+0000] {standard_task_runner.py:63} INFO - Started process 2911 to run task
[2026-05-10T00:24:53.470+0000] {standard_task_runner.py:90} INFO - Running: ['***', 'tasks', 'run', 'weekly_data_pipeline', 'run_transform', 'manual__2026-05-09T23:40:35.039580+00:00', '--job-id', '50', '--raw', '--subdir', 'DAGS_FOLDER/weekly_pipeline.py', '--cfg-path', '/tmp/tmplexfrtth']
[2026-05-10T00:24:53.472+0000] {standard_task_runner.py:91} INFO - Job 50: Subtask run_transform
[2026-05-10T00:24:53.549+0000] {task_command.py:426} INFO - Running <TaskInstance: weekly_data_pipeline.run_transform manual__2026-05-09T23:40:35.039580+00:00 [running]> on host b1f1eeb5f7fc
[2026-05-10T00:24:53.689+0000] {taskinstance.py:2648} INFO - Exporting env vars: AIRFLOW_CTX_DAG_OWNER='koka' AIRFLOW_CTX_DAG_ID='weekly_data_pipeline' AIRFLOW_CTX_TASK_ID='run_transform' AIRFLOW_CTX_EXECUTION_DATE='2026-05-09T23:40:35.039580+00:00' AIRFLOW_CTX_TRY_NUMBER='1' AIRFLOW_CTX_DAG_RUN_ID='manual__2026-05-09T23:40:35.039580+00:00'
[2026-05-10T00:24:53.692+0000] {taskinstance.py:430} INFO - ::endgroup::
[2026-05-10T00:24:53.751+0000] {subprocess.py:63} INFO - Tmp dir root location: /tmp
[2026-05-10T00:24:53.754+0000] {subprocess.py:75} INFO - Running command: ['/usr/bin/bash', '-c', 'python /opt/***/scripts/transformation_script.py']
[2026-05-10T00:24:53.772+0000] {subprocess.py:86} INFO - Output:
[2026-05-10T00:24:55.407+0000] {subprocess.py:93} INFO - 🚀 Starting transformation pipeline...
[2026-05-10T00:24:55.409+0000] {subprocess.py:93} INFO - 
[2026-05-10T00:24:55.410+0000] {subprocess.py:93} INFO - 📂 Preparing: restaurants
[2026-05-10T00:24:55.411+0000] {subprocess.py:93} INFO -   ⚠️  File not found, skipping: /opt/***/scraping_scripts/Data_files/alex_2026-05-10_talabat.csv
[2026-05-10T00:24:55.412+0000] {subprocess.py:93} INFO -   ⚠️  File not found, skipping: /opt/***/scraping_scripts/Data_files/cairo_2026-05-10_talabat.csv
[2026-05-10T00:24:55.413+0000] {subprocess.py:93} INFO - Traceback (most recent call last):
[2026-05-10T00:24:55.413+0000] {subprocess.py:93} INFO -   File "/opt/***/scripts/transformation_script.py", line 191, in <module>
[2026-05-10T00:24:55.414+0000] {subprocess.py:93} INFO -     prepare_restaurants()
[2026-05-10T00:24:55.415+0000] {subprocess.py:93} INFO -   File "/opt/***/scripts/transformation_script.py", line 86, in prepare_restaurants
[2026-05-10T00:24:55.416+0000] {subprocess.py:93} INFO -     df = merge_and_prepare(files, output)
[2026-05-10T00:24:55.418+0000] {subprocess.py:93} INFO -          ^^^^^^^^^^^^^^^^^^^^^^^^^^^^^^^^
[2026-05-10T00:24:55.419+0000] {subprocess.py:93} INFO -   File "/opt/***/scripts/transformation_script.py", line 60, in merge_and_prepare
[2026-05-10T00:24:55.421+0000] {subprocess.py:93} INFO -     raise RuntimeError("No files were loaded. Check that scraping ran successfully.")
[2026-05-10T00:24:55.422+0000] {subprocess.py:93} INFO - RuntimeError: No files were loaded. Check that scraping ran successfully.
[2026-05-10T00:24:55.519+0000] {subprocess.py:97} INFO - Command exited with return code 1
[2026-05-10T00:24:55.520+0000] {taskinstance.py:441} INFO - ::group::Post task execution logs
[2026-05-10T00:24:55.538+0000] {taskinstance.py:2905} ERROR - Task failed with exception
Traceback (most recent call last):
  File "/home/airflow/.local/lib/python3.12/site-packages/airflow/models/taskinstance.py", line 465, in _execute_task
    result = _execute_callable(context=context, **execute_callable_kwargs)
             ^^^^^^^^^^^^^^^^^^^^^^^^^^^^^^^^^^^^^^^^^^^^^^^^^^^^^^^^^^^^^
  File "/home/airflow/.local/lib/python3.12/site-packages/airflow/models/taskinstance.py", line 432, in _execute_callable
    return execute_callable(context=context, **execute_callable_kwargs)
           ^^^^^^^^^^^^^^^^^^^^^^^^^^^^^^^^^^^^^^^^^^^^^^^^^^^^^^^^^^^^
  File "/home/airflow/.local/lib/python3.12/site-packages/airflow/models/baseoperator.py", line 400, in wrapper
    return func(self, *args, **kwargs)
           ^^^^^^^^^^^^^^^^^^^^^^^^^^^
  File "/home/airflow/.local/lib/python3.12/site-packages/airflow/operators/bash.py", line 243, in execute
    raise AirflowException(
airflow.exceptions.AirflowException: Bash command failed. The command returned a non-zero exit code 1.
[2026-05-10T00:24:55.550+0000] {taskinstance.py:1206} INFO - Marking task as UP_FOR_RETRY. dag_id=weekly_data_pipeline, task_id=run_transform, run_id=manual__2026-05-09T23:40:35.039580+00:00, execution_date=20260509T234035, start_date=20260510T002453, end_date=20260510T002455
[2026-05-10T00:24:55.573+0000] {standard_task_runner.py:110} ERROR - Failed to execute job 50 for task run_transform (Bash command failed. The command returned a non-zero exit code 1.; 2911)
[2026-05-10T00:24:55.621+0000] {local_task_job_runner.py:240} INFO - Task exited with return code 1
[2026-05-10T00:24:55.652+0000] {taskinstance.py:3498} INFO - 0 downstream tasks scheduled from follow-on schedule check
[2026-05-10T00:24:55.655+0000] {local_task_job_runner.py:222} INFO - ::endgroup::
