[2026-05-10T00:29:56.233+0000] {local_task_job_runner.py:120} INFO - ::group::Pre task execution logs
[2026-05-10T00:29:56.263+0000] {taskinstance.py:2076} INFO - Dependencies all met for dep_context=non-requeueable deps ti=<TaskInstance: weekly_data_pipeline.run_transform manual__2026-05-09T23:40:35.039580+00:00 [queued]>
[2026-05-10T00:29:56.274+0000] {taskinstance.py:2076} INFO - Dependencies all met for dep_context=requeueable deps ti=<TaskInstance: weekly_data_pipeline.run_transform manual__2026-05-09T23:40:35.039580+00:00 [queued]>
[2026-05-10T00:29:56.275+0000] {taskinstance.py:2306} INFO - Starting attempt 2 of 2
[2026-05-10T00:29:56.296+0000] {taskinstance.py:2330} INFO - Executing <Task(BashOperator): run_transform> on 2026-05-09 23:40:35.039580+00:00
[2026-05-10T00:29:56.305+0000] {warnings.py:110} WARNING - /home/***/.local/lib/python3.12/site-packages/***/task/task_runner/standard_task_runner.py:61: DeprecationWarning: This process (pid=2985) is multi-threaded, use of fork() may lead to deadlocks in the child.
  pid = os.fork()

[2026-05-10T00:29:56.307+0000] {standard_task_runner.py:63} INFO - Started process 2986 to run task
[2026-05-10T00:29:56.308+0000] {standard_task_runner.py:90} INFO - Running: ['***', 'tasks', 'run', 'weekly_data_pipeline', 'run_transform', 'manual__2026-05-09T23:40:35.039580+00:00', '--job-id', '51', '--raw', '--subdir', 'DAGS_FOLDER/weekly_pipeline.py', '--cfg-path', '/tmp/tmplssfgfyn']
[2026-05-10T00:29:56.310+0000] {standard_task_runner.py:91} INFO - Job 51: Subtask run_transform
[2026-05-10T00:29:56.388+0000] {task_command.py:426} INFO - Running <TaskInstance: weekly_data_pipeline.run_transform manual__2026-05-09T23:40:35.039580+00:00 [running]> on host b1f1eeb5f7fc
[2026-05-10T00:29:56.499+0000] {taskinstance.py:2648} INFO - Exporting env vars: AIRFLOW_CTX_DAG_OWNER='koka' AIRFLOW_CTX_DAG_ID='weekly_data_pipeline' AIRFLOW_CTX_TASK_ID='run_transform' AIRFLOW_CTX_EXECUTION_DATE='2026-05-09T23:40:35.039580+00:00' AIRFLOW_CTX_TRY_NUMBER='2' AIRFLOW_CTX_DAG_RUN_ID='manual__2026-05-09T23:40:35.039580+00:00'
[2026-05-10T00:29:56.501+0000] {taskinstance.py:430} INFO - ::endgroup::
[2026-05-10T00:29:56.522+0000] {subprocess.py:63} INFO - Tmp dir root location: /tmp
[2026-05-10T00:29:56.524+0000] {subprocess.py:75} INFO - Running command: ['/usr/bin/bash', '-c', 'python /opt/***/scripts/transformation_script.py']
[2026-05-10T00:29:56.539+0000] {subprocess.py:86} INFO - Output:
[2026-05-10T00:29:57.632+0000] {subprocess.py:93} INFO - 🚀 Starting transformation pipeline...
[2026-05-10T00:29:57.633+0000] {subprocess.py:93} INFO - 
[2026-05-10T00:29:57.633+0000] {subprocess.py:93} INFO - 📂 Preparing: restaurants
[2026-05-10T00:29:57.634+0000] {subprocess.py:93} INFO -   ⚠️  File not found, skipping: /opt/***/scraping_scripts/Data_files/alex_2026-05-10_talabat.csv
[2026-05-10T00:29:57.634+0000] {subprocess.py:93} INFO -   ⚠️  File not found, skipping: /opt/***/scraping_scripts/Data_files/cairo_2026-05-10_talabat.csv
[2026-05-10T00:29:57.635+0000] {subprocess.py:93} INFO - Traceback (most recent call last):
[2026-05-10T00:29:57.636+0000] {subprocess.py:93} INFO -   File "/opt/***/scripts/transformation_script.py", line 191, in <module>
[2026-05-10T00:29:57.637+0000] {subprocess.py:93} INFO -     prepare_restaurants()
[2026-05-10T00:29:57.637+0000] {subprocess.py:93} INFO -   File "/opt/***/scripts/transformation_script.py", line 86, in prepare_restaurants
[2026-05-10T00:29:57.638+0000] {subprocess.py:93} INFO -     df = merge_and_prepare(files, output)
[2026-05-10T00:29:57.639+0000] {subprocess.py:93} INFO -          ^^^^^^^^^^^^^^^^^^^^^^^^^^^^^^^^
[2026-05-10T00:29:57.639+0000] {subprocess.py:93} INFO -   File "/opt/***/scripts/transformation_script.py", line 60, in merge_and_prepare
[2026-05-10T00:29:57.640+0000] {subprocess.py:93} INFO -     raise RuntimeError("No files were loaded. Check that scraping ran successfully.")
[2026-05-10T00:29:57.640+0000] {subprocess.py:93} INFO - RuntimeError: No files were loaded. Check that scraping ran successfully.
[2026-05-10T00:29:57.715+0000] {subprocess.py:97} INFO - Command exited with return code 1
[2026-05-10T00:29:57.717+0000] {taskinstance.py:441} INFO - ::group::Post task execution logs
[2026-05-10T00:29:57.732+0000] {taskinstance.py:2905} ERROR - Task failed with exception
Traceback (most recent call last):
  File "/home/airflow/.local/lib/python3.12/site-packages/airflow/models/taskinstance.py", line 465, in _execute_task
    result = _execute_callable(context=context, **execute_callable_kwargs)
             ^^^^^^^^^^^^^^^^^^^^^^^^^^^^^^^^^^^^^^^^^^^^^^^^^^^^^^^^^^^^^
  File "/home/airflow/.local/lib/python3.12/site-packages/airflow/models/taskinstance.py", line 432, in _execute_callable
    return execute_callable(context=context, **execute_callable_kwargs)
           ^^^^^^^^^^^^^^^^^^^^^^^^^^^^^^^^^^^^^^^^^^^^^^^^^^^^^^^^^^^^
  File "/home/airflow/.local/lib/python3.12/site-packages/airflow/models/baseoperator.py", line 400, in wrapper
    return func(self, *args, **kwargs)
           ^^^^^^^^^^^^^^^^^^^^^^^^^^^
  File "/home/airflow/.local/lib/python3.12/site-packages/airflow/operators/bash.py", line 243, in execute
    raise AirflowException(
airflow.exceptions.AirflowException: Bash command failed. The command returned a non-zero exit code 1.
[2026-05-10T00:29:57.738+0000] {taskinstance.py:1206} INFO - Marking task as FAILED. dag_id=weekly_data_pipeline, task_id=run_transform, run_id=manual__2026-05-09T23:40:35.039580+00:00, execution_date=20260509T234035, start_date=20260510T002956, end_date=20260510T002957
[2026-05-10T00:29:57.758+0000] {standard_task_runner.py:110} ERROR - Failed to execute job 51 for task run_transform (Bash command failed. The command returned a non-zero exit code 1.; 2986)
[2026-05-10T00:29:57.809+0000] {local_task_job_runner.py:240} INFO - Task exited with return code 1
[2026-05-10T00:29:57.843+0000] {taskinstance.py:3498} INFO - 0 downstream tasks scheduled from follow-on schedule check
[2026-05-10T00:29:57.849+0000] {local_task_job_runner.py:222} INFO - ::endgroup::
