[2026-05-19T12:03:01.414+0000] {local_task_job_runner.py:120} INFO - ::group::Pre task execution logs
[2026-05-19T12:03:01.673+0000] {taskinstance.py:2076} INFO - Dependencies all met for dep_context=non-requeueable deps ti=<TaskInstance: weekly_data_pipeline.run_transform manual__2026-05-19T10:37:08.828281+00:00 [queued]>
[2026-05-19T12:03:01.744+0000] {taskinstance.py:2076} INFO - Dependencies all met for dep_context=requeueable deps ti=<TaskInstance: weekly_data_pipeline.run_transform manual__2026-05-19T10:37:08.828281+00:00 [queued]>
[2026-05-19T12:03:01.746+0000] {taskinstance.py:2306} INFO - Starting attempt 1 of 2
[2026-05-19T12:03:01.814+0000] {taskinstance.py:2330} INFO - Executing <Task(BashOperator): run_transform> on 2026-05-19 10:37:08.828281+00:00
[2026-05-19T12:03:01.853+0000] {warnings.py:110} WARNING - /home/***/.local/lib/python3.12/site-packages/***/task/task_runner/standard_task_runner.py:61: DeprecationWarning: This process (pid=1174) is multi-threaded, use of fork() may lead to deadlocks in the child.
  pid = os.fork()

[2026-05-19T12:03:01.858+0000] {standard_task_runner.py:90} INFO - Running: ['***', 'tasks', 'run', 'weekly_data_pipeline', 'run_transform', 'manual__2026-05-19T10:37:08.828281+00:00', '--job-id', '9', '--raw', '--subdir', 'DAGS_FOLDER/weekly_pipeline.py', '--cfg-path', '/tmp/tmpjcnpb4_s']
[2026-05-19T12:03:01.871+0000] {standard_task_runner.py:63} INFO - Started process 1182 to run task
[2026-05-19T12:03:01.872+0000] {standard_task_runner.py:91} INFO - Job 9: Subtask run_transform
[2026-05-19T12:03:02.401+0000] {task_command.py:426} INFO - Running <TaskInstance: weekly_data_pipeline.run_transform manual__2026-05-19T10:37:08.828281+00:00 [running]> on host 241dc414be10
[2026-05-19T12:03:02.762+0000] {taskinstance.py:2648} INFO - Exporting env vars: AIRFLOW_CTX_DAG_OWNER='koka' AIRFLOW_CTX_DAG_ID='weekly_data_pipeline' AIRFLOW_CTX_TASK_ID='run_transform' AIRFLOW_CTX_EXECUTION_DATE='2026-05-19T10:37:08.828281+00:00' AIRFLOW_CTX_TRY_NUMBER='1' AIRFLOW_CTX_DAG_RUN_ID='manual__2026-05-19T10:37:08.828281+00:00'
[2026-05-19T12:03:02.764+0000] {taskinstance.py:430} INFO - ::endgroup::
[2026-05-19T12:03:02.942+0000] {subprocess.py:63} INFO - Tmp dir root location: /tmp
[2026-05-19T12:03:02.965+0000] {subprocess.py:75} INFO - Running command: ['/usr/bin/bash', '-c', 'python /opt/***/scripts/transformation_script.py']
[2026-05-19T12:03:03.018+0000] {subprocess.py:86} INFO - Output:
[2026-05-19T12:03:08.609+0000] {subprocess.py:93} INFO - 🚀 Starting transformation pipeline...
[2026-05-19T12:03:08.614+0000] {subprocess.py:93} INFO -    Scraping dir : /opt/***/scraping_scripts/Data_files
[2026-05-19T12:03:08.621+0000] {subprocess.py:93} INFO -    Database dir : /opt/***/database/Data_files
[2026-05-19T12:03:08.623+0000] {subprocess.py:93} INFO - 
[2026-05-19T12:03:08.625+0000] {subprocess.py:93} INFO - 📂 Preparing: restaurants
[2026-05-19T12:03:08.626+0000] {subprocess.py:93} INFO -   ✔ Loaded [alexandria]: alex_2026-05-19_talabat.csv
[2026-05-19T12:03:08.633+0000] {subprocess.py:93} INFO -   ✔ Loaded [cairo]: cairo_2026-05-19_talabat.csv
[2026-05-19T12:03:08.634+0000] {subprocess.py:93} INFO -   ✔ Saved 60 rows → restaurants.csv
[2026-05-19T12:03:08.636+0000] {subprocess.py:93} INFO - 
[2026-05-19T12:03:08.638+0000] {subprocess.py:93} INFO - 📂 Preparing: hotels
[2026-05-19T12:03:08.639+0000] {subprocess.py:93} INFO -   ✔ Loaded [alexandria]: Alexandria_2026-05-19_booking.csv
[2026-05-19T12:03:08.640+0000] {subprocess.py:93} INFO -   ✔ Loaded [cairo]: Cairo_2026-05-19_booking.csv
[2026-05-19T12:03:08.645+0000] {subprocess.py:93} INFO -   ✔ Loaded [luxor]: Luxor_2026-05-19_booking.csv
[2026-05-19T12:03:08.646+0000] {subprocess.py:93} INFO -   ✔ Loaded [sharm]: Sharm El Sheikh_2026-05-19_booking.csv
[2026-05-19T12:03:08.647+0000] {subprocess.py:93} INFO -   ✔ Saved 100 rows → hotels.csv
[2026-05-19T12:03:08.648+0000] {subprocess.py:93} INFO - 
[2026-05-19T12:03:08.649+0000] {subprocess.py:93} INFO - 📂 Preparing: room_hotels
[2026-05-19T12:03:08.650+0000] {subprocess.py:93} INFO -   ✔ Loaded [alexandria]: Alexandria_2026-05-19_booking_rooms.csv
[2026-05-19T12:03:08.651+0000] {subprocess.py:93} INFO -   ✔ Loaded [cairo]: Cairo_2026-05-19_booking_rooms.csv
[2026-05-19T12:03:08.652+0000] {subprocess.py:93} INFO -   ✔ Loaded [luxor]: Luxor_2026-05-19_booking_rooms.csv
[2026-05-19T12:03:08.654+0000] {subprocess.py:93} INFO -   ✔ Loaded [sharm]: Sharm El Sheikh_2026-05-19_booking_rooms.csv
[2026-05-19T12:03:08.661+0000] {subprocess.py:93} INFO -   ✔ Saved 701 rows → room_hotels.csv
[2026-05-19T12:03:08.664+0000] {subprocess.py:93} INFO - 
[2026-05-19T12:03:08.665+0000] {subprocess.py:93} INFO - 📂 Preparing: places (column rename only)
[2026-05-19T12:03:08.666+0000] {subprocess.py:93} INFO -   ✔ Saved 391 rows → places.csv
[2026-05-19T12:03:08.667+0000] {subprocess.py:93} INFO - 
[2026-05-19T12:03:08.673+0000] {subprocess.py:93} INFO - ✅ All transformations complete.
[2026-05-19T12:03:08.999+0000] {subprocess.py:97} INFO - Command exited with return code 0
[2026-05-19T12:03:09.003+0000] {taskinstance.py:441} INFO - ::group::Post task execution logs
[2026-05-19T12:03:09.081+0000] {taskinstance.py:1206} INFO - Marking task as SUCCESS. dag_id=weekly_data_pipeline, task_id=run_transform, run_id=manual__2026-05-19T10:37:08.828281+00:00, execution_date=20260519T103708, start_date=20260519T120301, end_date=20260519T120309
[2026-05-19T12:03:09.195+0000] {local_task_job_runner.py:240} INFO - Task exited with return code 0
[2026-05-19T12:03:09.253+0000] {taskinstance.py:3498} INFO - 1 downstream tasks scheduled from follow-on schedule check
[2026-05-19T12:03:09.256+0000] {local_task_job_runner.py:222} INFO - ::endgroup::
