[2026-05-09T16:52:36.003+0000] {local_task_job_runner.py:120} INFO - ::group::Pre task execution logs
[2026-05-09T16:52:36.046+0000] {taskinstance.py:2076} INFO - Dependencies all met for dep_context=non-requeueable deps ti=<TaskInstance: weekly_data_pipeline.run_booking_scraper manual__2026-05-09T16:16:51.772300+00:00 [queued]>
[2026-05-09T16:52:36.057+0000] {taskinstance.py:2076} INFO - Dependencies all met for dep_context=requeueable deps ti=<TaskInstance: weekly_data_pipeline.run_booking_scraper manual__2026-05-09T16:16:51.772300+00:00 [queued]>
[2026-05-09T16:52:36.057+0000] {taskinstance.py:2306} INFO - Starting attempt 2 of 2
[2026-05-09T16:52:36.083+0000] {taskinstance.py:2330} INFO - Executing <Task(BashOperator): run_booking_scraper> on 2026-05-09 16:16:51.772300+00:00
[2026-05-09T16:52:36.095+0000] {warnings.py:110} WARNING - /home/***/.local/lib/python3.12/site-packages/***/task/task_runner/standard_task_runner.py:61: DeprecationWarning: This process (pid=965) is multi-threaded, use of fork() may lead to deadlocks in the child.
  pid = os.fork()

[2026-05-09T16:52:36.099+0000] {standard_task_runner.py:63} INFO - Started process 967 to run task
[2026-05-09T16:52:36.100+0000] {standard_task_runner.py:90} INFO - Running: ['***', 'tasks', 'run', 'weekly_data_pipeline', 'run_booking_scraper', 'manual__2026-05-09T16:16:51.772300+00:00', '--job-id', '30', '--raw', '--subdir', 'DAGS_FOLDER/weekly_pipeline.py', '--cfg-path', '/tmp/tmp8f4au3gp']
[2026-05-09T16:52:36.106+0000] {standard_task_runner.py:91} INFO - Job 30: Subtask run_booking_scraper
[2026-05-09T16:52:36.205+0000] {task_command.py:426} INFO - Running <TaskInstance: weekly_data_pipeline.run_booking_scraper manual__2026-05-09T16:16:51.772300+00:00 [running]> on host 557cc5cdfec8
[2026-05-09T16:52:36.338+0000] {taskinstance.py:2648} INFO - Exporting env vars: AIRFLOW_CTX_DAG_OWNER='koka' AIRFLOW_CTX_DAG_ID='weekly_data_pipeline' AIRFLOW_CTX_TASK_ID='run_booking_scraper' AIRFLOW_CTX_EXECUTION_DATE='2026-05-09T16:16:51.772300+00:00' AIRFLOW_CTX_TRY_NUMBER='2' AIRFLOW_CTX_DAG_RUN_ID='manual__2026-05-09T16:16:51.772300+00:00'
[2026-05-09T16:52:36.342+0000] {taskinstance.py:430} INFO - ::endgroup::
[2026-05-09T16:52:36.344+0000] {subprocess.py:63} INFO - Tmp dir root location: /tmp
[2026-05-09T16:52:36.347+0000] {subprocess.py:75} INFO - Running command: ['/usr/bin/bash', '-c', 'python /opt/***/scripts/booking_scraper.py']
[2026-05-09T16:52:36.374+0000] {subprocess.py:86} INFO - Output:
[2026-05-09T16:57:38.734+0000] {subprocess.py:93} INFO - 
[2026-05-09T16:57:38.735+0000] {subprocess.py:93} INFO - ==================================================
[2026-05-09T16:57:38.736+0000] {subprocess.py:93} INFO - 🏙️  Scraping: Alexandria
[2026-05-09T16:57:38.737+0000] {subprocess.py:93} INFO - ==================================================
[2026-05-09T16:57:38.738+0000] {subprocess.py:93} INFO - Traceback (most recent call last):
[2026-05-09T16:57:38.739+0000] {subprocess.py:93} INFO -   File "/opt/***/scripts/booking_scraper.py", line 593, in <module>
[2026-05-09T16:57:38.740+0000] {subprocess.py:93} INFO -     hotels_df, rooms_df = run_scraping(city, CHECKIN, CHECKOUT, hotel_limit=LIMIT)
[2026-05-09T16:57:38.740+0000] {subprocess.py:93} INFO -                           ^^^^^^^^^^^^^^^^^^^^^^^^^^^^^^^^^^^^^^^^^^^^^^^^^^^^^^^^
[2026-05-09T16:57:38.741+0000] {subprocess.py:93} INFO -   File "/opt/***/scripts/booking_scraper.py", line 528, in run_scraping
[2026-05-09T16:57:38.744+0000] {subprocess.py:93} INFO -     driver = create_driver()
[2026-05-09T16:57:38.745+0000] {subprocess.py:93} INFO -              ^^^^^^^^^^^^^^^
[2026-05-09T16:57:38.746+0000] {subprocess.py:93} INFO -   File "/opt/***/scripts/booking_scraper.py", line 57, in create_driver
[2026-05-09T16:57:38.747+0000] {subprocess.py:93} INFO -     driver = webdriver.Remote(command_executor="http://selenium-chrome:4444/wd/hub", options=options)
[2026-05-09T16:57:38.748+0000] {subprocess.py:93} INFO -              ^^^^^^^^^^^^^^^^^^^^^^^^^^^^^^^^^^^^^^^^^^^^^^^^^^^^^^^^^^^^^^^^^^^^^^^^^^^^^^^^^^^^^^^^
[2026-05-09T16:57:38.749+0000] {subprocess.py:93} INFO -   File "/home/***/.local/lib/python3.12/site-packages/selenium/webdriver/remote/webdriver.py", line 274, in __init__
[2026-05-09T16:57:38.750+0000] {subprocess.py:93} INFO -     self.start_session(capabilities)
[2026-05-09T16:57:38.751+0000] {subprocess.py:93} INFO -   File "/home/***/.local/lib/python3.12/site-packages/selenium/webdriver/remote/webdriver.py", line 370, in start_session
[2026-05-09T16:57:38.751+0000] {subprocess.py:93} INFO -     response = self.execute(Command.NEW_SESSION, caps)["value"]
[2026-05-09T16:57:38.752+0000] {subprocess.py:93} INFO -                ^^^^^^^^^^^^^^^^^^^^^^^^^^^^^^^^^^^^^^^
[2026-05-09T16:57:38.753+0000] {subprocess.py:93} INFO -   File "/home/***/.local/lib/python3.12/site-packages/selenium/webdriver/remote/webdriver.py", line 450, in execute
[2026-05-09T16:57:38.753+0000] {subprocess.py:93} INFO -     self.error_handler.check_response(response)
[2026-05-09T16:57:38.754+0000] {subprocess.py:93} INFO -   File "/home/***/.local/lib/python3.12/site-packages/selenium/webdriver/remote/errorhandler.py", line 232, in check_response
[2026-05-09T16:57:38.754+0000] {subprocess.py:93} INFO -     raise exception_class(message, screen, stacktrace)
[2026-05-09T16:57:38.755+0000] {subprocess.py:93} INFO - selenium.common.exceptions.SessionNotCreatedException: Message: Could not start a new session. New session request timed out
[2026-05-09T16:57:38.756+0000] {subprocess.py:93} INFO - Host info: host: '84e2b706bd58', ip: '172.18.0.4'
[2026-05-09T16:57:38.757+0000] {subprocess.py:93} INFO - Build info: version: '4.43.0', revision: 'dd0f534'
[2026-05-09T16:57:38.757+0000] {subprocess.py:93} INFO - System info: os.name: 'Linux', os.arch: 'amd64', os.version: '6.6.87.2-microsoft-standard-WSL2', java.version: '21.0.10'
[2026-05-09T16:57:38.758+0000] {subprocess.py:93} INFO - Driver info: driver.version: unknown; For documentation on this error, please visit: https://www.selenium.dev/documentation/webdriver/troubleshooting/errors#sessionnotcreatedexception
[2026-05-09T16:57:38.759+0000] {subprocess.py:93} INFO - Stacktrace:
[2026-05-09T16:57:38.759+0000] {subprocess.py:93} INFO -     at org.openqa.selenium.grid.sessionqueue.local.LocalNewSessionQueue.addToQueue (LocalNewSessionQueue.java:228)
[2026-05-09T16:57:38.760+0000] {subprocess.py:93} INFO -     at org.openqa.selenium.grid.sessionqueue.NewSessionQueue.lambda$new$1 (NewSessionQueue.java:68)
[2026-05-09T16:57:38.761+0000] {subprocess.py:93} INFO -     at org.openqa.selenium.remote.http.Route$TemplatizedRoute.handle (Route.java:192)
[2026-05-09T16:57:38.762+0000] {subprocess.py:93} INFO -     at org.openqa.selenium.remote.http.Route.execute (Route.java:69)
[2026-05-09T16:57:38.762+0000] {subprocess.py:93} INFO -     at org.openqa.selenium.remote.http.Route$CombinedRoute.handle (Route.java:361)
[2026-05-09T16:57:38.763+0000] {subprocess.py:93} INFO -     at org.openqa.selenium.remote.http.Route.execute (Route.java:69)
[2026-05-09T16:57:38.764+0000] {subprocess.py:93} INFO -     at org.openqa.selenium.grid.sessionqueue.NewSessionQueue.execute (NewSessionQueue.java:128)
[2026-05-09T16:57:38.765+0000] {subprocess.py:93} INFO -     at org.openqa.selenium.remote.tracing.SpanWrappedHttpHandler.execute (SpanWrappedHttpHandler.java:87)
[2026-05-09T16:57:38.766+0000] {subprocess.py:93} INFO -     at org.openqa.selenium.remote.http.Filter$1.execute (Filter.java:63)
[2026-05-09T16:57:38.767+0000] {subprocess.py:93} INFO -     at org.openqa.selenium.remote.http.Route$CombinedRoute.handle (Route.java:361)
[2026-05-09T16:57:38.770+0000] {subprocess.py:93} INFO -     at org.openqa.selenium.remote.http.Route.execute (Route.java:69)
[2026-05-09T16:57:38.770+0000] {subprocess.py:93} INFO -     at org.openqa.selenium.grid.router.Router.execute (Router.java:89)
[2026-05-09T16:57:38.771+0000] {subprocess.py:93} INFO -     at org.openqa.selenium.grid.web.EnsureSpecCompliantResponseHeaders.lambda$apply$0 (EnsureSpecCompliantResponseHeaders.java:34)
[2026-05-09T16:57:38.772+0000] {subprocess.py:93} INFO -     at org.openqa.selenium.remote.http.Filter$1.execute (Filter.java:63)
[2026-05-09T16:57:38.773+0000] {subprocess.py:93} INFO -     at org.openqa.selenium.remote.http.Route$CombinedRoute.handle (Route.java:361)
[2026-05-09T16:57:38.774+0000] {subprocess.py:93} INFO -     at org.openqa.selenium.remote.http.Route.execute (Route.java:69)
[2026-05-09T16:57:38.774+0000] {subprocess.py:93} INFO -     at org.openqa.selenium.remote.http.Route$NestedRoute.handle (Route.java:271)
[2026-05-09T16:57:38.775+0000] {subprocess.py:93} INFO -     at org.openqa.selenium.remote.http.Route.execute (Route.java:69)
[2026-05-09T16:57:38.776+0000] {subprocess.py:93} INFO -     at org.openqa.selenium.remote.http.Route$CombinedRoute.handle (Route.java:361)
[2026-05-09T16:57:38.776+0000] {subprocess.py:93} INFO -     at org.openqa.selenium.remote.http.Route.execute (Route.java:69)
[2026-05-09T16:57:38.777+0000] {subprocess.py:93} INFO -     at org.openqa.selenium.remote.AddWebDriverSpecHeaders.lambda$apply$0 (AddWebDriverSpecHeaders.java:35)
[2026-05-09T16:57:38.778+0000] {subprocess.py:93} INFO -     at org.openqa.selenium.remote.ErrorFilter.lambda$apply$0 (ErrorFilter.java:44)
[2026-05-09T16:57:38.779+0000] {subprocess.py:93} INFO -     at org.openqa.selenium.remote.http.Filter$1.execute (Filter.java:63)
[2026-05-09T16:57:38.779+0000] {subprocess.py:93} INFO -     at org.openqa.selenium.remote.ErrorFilter.lambda$apply$0 (ErrorFilter.java:44)
[2026-05-09T16:57:38.780+0000] {subprocess.py:93} INFO -     at org.openqa.selenium.remote.http.Filter$1.execute (Filter.java:63)
[2026-05-09T16:57:38.781+0000] {subprocess.py:93} INFO -     at org.openqa.selenium.netty.server.SeleniumHandler.lambda$channelRead0$0 (SeleniumHandler.java:49)
[2026-05-09T16:57:38.781+0000] {subprocess.py:93} INFO -     at java.util.concurrent.Executors$RunnableAdapter.call (Executors.java:572)
[2026-05-09T16:57:38.782+0000] {subprocess.py:93} INFO -     at java.util.concurrent.FutureTask.run (FutureTask.java:317)
[2026-05-09T16:57:38.783+0000] {subprocess.py:93} INFO -     at java.util.concurrent.ThreadPoolExecutor.runWorker (ThreadPoolExecutor.java:1144)
[2026-05-09T16:57:38.784+0000] {subprocess.py:93} INFO -     at java.util.concurrent.ThreadPoolExecutor$Worker.run (ThreadPoolExecutor.java:642)
[2026-05-09T16:57:38.784+0000] {subprocess.py:93} INFO -     at java.lang.Thread.run (Thread.java:1583)
[2026-05-09T16:57:39.003+0000] {subprocess.py:97} INFO - Command exited with return code 1
[2026-05-09T16:57:39.004+0000] {taskinstance.py:441} INFO - ::group::Post task execution logs
[2026-05-09T16:57:39.029+0000] {taskinstance.py:2905} ERROR - Task failed with exception
Traceback (most recent call last):
  File "/home/airflow/.local/lib/python3.12/site-packages/airflow/models/taskinstance.py", line 465, in _execute_task
    result = _execute_callable(context=context, **execute_callable_kwargs)
             ^^^^^^^^^^^^^^^^^^^^^^^^^^^^^^^^^^^^^^^^^^^^^^^^^^^^^^^^^^^^^
  File "/home/airflow/.local/lib/python3.12/site-packages/airflow/models/taskinstance.py", line 432, in _execute_callable
    return execute_callable(context=context, **execute_callable_kwargs)
           ^^^^^^^^^^^^^^^^^^^^^^^^^^^^^^^^^^^^^^^^^^^^^^^^^^^^^^^^^^^^
  File "/home/airflow/.local/lib/python3.12/site-packages/airflow/models/baseoperator.py", line 400, in wrapper
    return func(self, *args, **kwargs)
           ^^^^^^^^^^^^^^^^^^^^^^^^^^^
  File "/home/airflow/.local/lib/python3.12/site-packages/airflow/operators/bash.py", line 243, in execute
    raise AirflowException(
airflow.exceptions.AirflowException: Bash command failed. The command returned a non-zero exit code 1.
[2026-05-09T16:57:39.042+0000] {taskinstance.py:1206} INFO - Marking task as FAILED. dag_id=weekly_data_pipeline, task_id=run_booking_scraper, run_id=manual__2026-05-09T16:16:51.772300+00:00, execution_date=20260509T161651, start_date=20260509T165236, end_date=20260509T165739
[2026-05-09T16:57:39.077+0000] {standard_task_runner.py:110} ERROR - Failed to execute job 30 for task run_booking_scraper (Bash command failed. The command returned a non-zero exit code 1.; 967)
[2026-05-09T16:57:39.108+0000] {local_task_job_runner.py:240} INFO - Task exited with return code 1
[2026-05-09T16:57:39.165+0000] {taskinstance.py:3498} INFO - 0 downstream tasks scheduled from follow-on schedule check
[2026-05-09T16:57:39.173+0000] {local_task_job_runner.py:222} INFO - ::endgroup::
