[2026-05-09T16:17:04.476+0000] {local_task_job_runner.py:120} INFO - ::group::Pre task execution logs
[2026-05-09T16:17:04.573+0000] {taskinstance.py:2076} INFO - Dependencies all met for dep_context=non-requeueable deps ti=<TaskInstance: weekly_data_pipeline.run_booking_scraper manual__2026-05-09T16:16:51.772300+00:00 [queued]>
[2026-05-09T16:17:04.595+0000] {taskinstance.py:2076} INFO - Dependencies all met for dep_context=requeueable deps ti=<TaskInstance: weekly_data_pipeline.run_booking_scraper manual__2026-05-09T16:16:51.772300+00:00 [queued]>
[2026-05-09T16:17:04.596+0000] {taskinstance.py:2306} INFO - Starting attempt 1 of 2
[2026-05-09T16:17:04.630+0000] {taskinstance.py:2330} INFO - Executing <Task(BashOperator): run_booking_scraper> on 2026-05-09 16:16:51.772300+00:00
[2026-05-09T16:17:04.654+0000] {warnings.py:110} WARNING - /home/***/.local/lib/python3.12/site-packages/***/task/task_runner/standard_task_runner.py:61: DeprecationWarning: This process (pid=494) is multi-threaded, use of fork() may lead to deadlocks in the child.
  pid = os.fork()

[2026-05-09T16:17:04.657+0000] {standard_task_runner.py:63} INFO - Started process 505 to run task
[2026-05-09T16:17:04.657+0000] {standard_task_runner.py:90} INFO - Running: ['***', 'tasks', 'run', 'weekly_data_pipeline', 'run_booking_scraper', 'manual__2026-05-09T16:16:51.772300+00:00', '--job-id', '27', '--raw', '--subdir', 'DAGS_FOLDER/weekly_pipeline.py', '--cfg-path', '/tmp/tmp71skdrmd']
[2026-05-09T16:17:04.662+0000] {standard_task_runner.py:91} INFO - Job 27: Subtask run_booking_scraper
[2026-05-09T16:17:04.837+0000] {task_command.py:426} INFO - Running <TaskInstance: weekly_data_pipeline.run_booking_scraper manual__2026-05-09T16:16:51.772300+00:00 [running]> on host 557cc5cdfec8
[2026-05-09T16:17:04.990+0000] {taskinstance.py:2648} INFO - Exporting env vars: AIRFLOW_CTX_DAG_OWNER='koka' AIRFLOW_CTX_DAG_ID='weekly_data_pipeline' AIRFLOW_CTX_TASK_ID='run_booking_scraper' AIRFLOW_CTX_EXECUTION_DATE='2026-05-09T16:16:51.772300+00:00' AIRFLOW_CTX_TRY_NUMBER='1' AIRFLOW_CTX_DAG_RUN_ID='manual__2026-05-09T16:16:51.772300+00:00'
[2026-05-09T16:17:04.993+0000] {taskinstance.py:430} INFO - ::endgroup::
[2026-05-09T16:17:04.995+0000] {subprocess.py:63} INFO - Tmp dir root location: /tmp
[2026-05-09T16:17:04.998+0000] {subprocess.py:75} INFO - Running command: ['/usr/bin/bash', '-c', 'python /opt/***/scripts/booking_scraper.py']
[2026-05-09T16:17:05.025+0000] {subprocess.py:86} INFO - Output:
[2026-05-09T16:47:31.843+0000] {subprocess.py:93} INFO - 
[2026-05-09T16:47:31.876+0000] {subprocess.py:93} INFO - ==================================================
[2026-05-09T16:47:31.882+0000] {subprocess.py:93} INFO - 🏙️  Scraping: Alexandria
[2026-05-09T16:47:31.884+0000] {subprocess.py:93} INFO - ==================================================
[2026-05-09T16:47:31.886+0000] {subprocess.py:93} INFO - 🌍 Opening search: https://www.booking.com/searchresults.html?ss=Alexandria&checkin=2026-07-10&checkout=2026-07-15&group_adults=2&no_rooms=1&group_children=0&selected_currency=USD&lang=en-us&soz=1
[2026-05-09T16:47:31.889+0000] {subprocess.py:93} INFO - 🏨 Loaded cards: 25
[2026-05-09T16:47:31.891+0000] {subprocess.py:93} INFO - ✅ Reached target of 25 hotels.
[2026-05-09T16:47:31.893+0000] {subprocess.py:93} INFO - 🔍 Found 25 hotel cards on current page
[2026-05-09T16:47:31.899+0000] {subprocess.py:93} INFO - 
[2026-05-09T16:47:31.901+0000] {subprocess.py:93} INFO - 💾 Saved 25 hotels  → Alexandria_2026-05-09_booking.csv
[2026-05-09T16:47:31.905+0000] {subprocess.py:93} INFO - 💾 Saved 70 room rows → Alexandria_2026-05-09_booking_rooms.csv
[2026-05-09T16:47:31.907+0000] {subprocess.py:93} INFO - Traceback (most recent call last):
[2026-05-09T16:47:31.909+0000] {subprocess.py:93} INFO -   File "/opt/***/scripts/booking_scraper.py", line 593, in <module>
[2026-05-09T16:47:31.913+0000] {subprocess.py:93} INFO -     hotels_df, rooms_df = run_scraping(city, CHECKIN, CHECKOUT, hotel_limit=LIMIT)
[2026-05-09T16:47:31.914+0000] {subprocess.py:93} INFO -                           ^^^^^^^^^^^^^^^^^^^^^^^^^^^^^^^^^^^^^^^^^^^^^^^^^^^^^^^^
[2026-05-09T16:47:31.916+0000] {subprocess.py:93} INFO -   File "/opt/***/scripts/booking_scraper.py", line 580, in run_scraping
[2026-05-09T16:47:31.917+0000] {subprocess.py:93} INFO -     driver.quit()
[2026-05-09T16:47:31.918+0000] {subprocess.py:93} INFO -   File "/home/***/.local/lib/python3.12/site-packages/selenium/webdriver/remote/webdriver.py", line 574, in quit
[2026-05-09T16:47:31.919+0000] {subprocess.py:93} INFO -     self.execute(Command.QUIT)
[2026-05-09T16:47:31.920+0000] {subprocess.py:93} INFO -   File "/home/***/.local/lib/python3.12/site-packages/selenium/webdriver/remote/webdriver.py", line 450, in execute
[2026-05-09T16:47:31.921+0000] {subprocess.py:93} INFO -     self.error_handler.check_response(response)
[2026-05-09T16:47:31.922+0000] {subprocess.py:93} INFO -   File "/home/***/.local/lib/python3.12/site-packages/selenium/webdriver/remote/errorhandler.py", line 232, in check_response
[2026-05-09T16:47:31.923+0000] {subprocess.py:93} INFO -     raise exception_class(message, screen, stacktrace)
[2026-05-09T16:47:31.924+0000] {subprocess.py:93} INFO - selenium.common.exceptions.InvalidSessionIdException: Message: Unable to find session with ID: cea3a3f3d2f66a2a3a908f260b182ec5. Session was removed at 2026-05-09T16:22:47.033772075Z (1484 seconds ago), reason: session timed out due to inactivity, node: http://172.18.0.4:4444
[2026-05-09T16:47:31.926+0000] {subprocess.py:93} INFO - Build info: version: '4.43.0', revision: 'dd0f534'
[2026-05-09T16:47:31.928+0000] {subprocess.py:93} INFO - System info: os.name: 'Linux', os.arch: 'amd64', os.version: '6.6.87.2-microsoft-standard-WSL2', java.version: '21.0.10'
[2026-05-09T16:47:31.929+0000] {subprocess.py:93} INFO - Driver info: driver.version: unknown; For documentation on this error, please visit: https://www.selenium.dev/documentation/webdriver/troubleshooting/errors#invalidsessionidexception
[2026-05-09T16:47:31.933+0000] {subprocess.py:93} INFO - Stacktrace:
[2026-05-09T16:47:31.934+0000] {subprocess.py:93} INFO - org.openqa.selenium.NoSuchSessionException: Unable to find session with ID: cea3a3f3d2f66a2a3a908f260b182ec5. Session was removed at 2026-05-09T16:22:47.033772075Z (1484 seconds ago), reason: session timed out due to inactivity, node: http://172.18.0.4:4444
[2026-05-09T16:47:31.935+0000] {subprocess.py:93} INFO - Build info: version: '4.43.0', revision: 'dd0f534'
[2026-05-09T16:47:31.936+0000] {subprocess.py:93} INFO - System info: os.name: 'Linux', os.arch: 'amd64', os.version: '6.6.87.2-microsoft-standard-WSL2', java.version: '21.0.10'
[2026-05-09T16:47:31.937+0000] {subprocess.py:93} INFO - Driver info: driver.version: unknown
[2026-05-09T16:47:31.938+0000] {subprocess.py:93} INFO - 	at org.openqa.selenium.grid.sessionmap.local.LocalSessionMap.get(LocalSessionMap.java:139)
[2026-05-09T16:47:31.940+0000] {subprocess.py:93} INFO - 	at org.openqa.selenium.grid.router.HandleSession.lambda$loadSessionId$0(HandleSession.java:274)
[2026-05-09T16:47:31.940+0000] {subprocess.py:93} INFO - 	at org.openqa.selenium.grid.router.HandleSession.execute(HandleSession.java:230)
[2026-05-09T16:47:31.941+0000] {subprocess.py:93} INFO - 	at org.openqa.selenium.remote.http.Route$PredicatedRoute.handle(Route.java:398)
[2026-05-09T16:47:31.943+0000] {subprocess.py:93} INFO - 	at org.openqa.selenium.remote.http.Route.execute(Route.java:69)
[2026-05-09T16:47:31.945+0000] {subprocess.py:93} INFO - 	at org.openqa.selenium.remote.http.Route$CombinedRoute.handle(Route.java:361)
[2026-05-09T16:47:31.945+0000] {subprocess.py:93} INFO - 	at org.openqa.selenium.remote.http.Route.execute(Route.java:69)
[2026-05-09T16:47:31.947+0000] {subprocess.py:93} INFO - 	at org.openqa.selenium.grid.router.Router.execute(Router.java:89)
[2026-05-09T16:47:31.948+0000] {subprocess.py:93} INFO - 	at org.openqa.selenium.grid.web.EnsureSpecCompliantResponseHeaders.lambda$apply$0(EnsureSpecCompliantResponseHeaders.java:34)
[2026-05-09T16:47:31.949+0000] {subprocess.py:93} INFO - 	at org.openqa.selenium.remote.http.Filter$1.execute(Filter.java:63)
[2026-05-09T16:47:31.950+0000] {subprocess.py:93} INFO - 	at org.openqa.selenium.remote.http.Route$CombinedRoute.handle(Route.java:361)
[2026-05-09T16:47:31.951+0000] {subprocess.py:93} INFO - 	at org.openqa.selenium.remote.http.Route.execute(Route.java:69)
[2026-05-09T16:47:31.953+0000] {subprocess.py:93} INFO - 	at org.openqa.selenium.remote.http.Route$NestedRoute.handle(Route.java:271)
[2026-05-09T16:47:31.954+0000] {subprocess.py:93} INFO - 	at org.openqa.selenium.remote.http.Route.execute(Route.java:69)
[2026-05-09T16:47:31.955+0000] {subprocess.py:93} INFO - 	at org.openqa.selenium.remote.http.Route$CombinedRoute.handle(Route.java:361)
[2026-05-09T16:47:31.956+0000] {subprocess.py:93} INFO - 	at org.openqa.selenium.remote.http.Route.execute(Route.java:69)
[2026-05-09T16:47:31.957+0000] {subprocess.py:93} INFO - 	at org.openqa.selenium.remote.AddWebDriverSpecHeaders.lambda$apply$0(AddWebDriverSpecHeaders.java:35)
[2026-05-09T16:47:31.961+0000] {subprocess.py:93} INFO - 	at org.openqa.selenium.remote.ErrorFilter.lambda$apply$0(ErrorFilter.java:44)
[2026-05-09T16:47:31.962+0000] {subprocess.py:93} INFO - 	at org.openqa.selenium.remote.http.Filter$1.execute(Filter.java:63)
[2026-05-09T16:47:31.963+0000] {subprocess.py:93} INFO - 	at org.openqa.selenium.remote.ErrorFilter.lambda$apply$0(ErrorFilter.java:44)
[2026-05-09T16:47:31.964+0000] {subprocess.py:93} INFO - 	at org.openqa.selenium.remote.http.Filter$1.execute(Filter.java:63)
[2026-05-09T16:47:31.965+0000] {subprocess.py:93} INFO - 	at org.openqa.selenium.netty.server.SeleniumHandler.lambda$channelRead0$0(SeleniumHandler.java:49)
[2026-05-09T16:47:31.967+0000] {subprocess.py:93} INFO - 	at java.base/java.util.concurrent.Executors$RunnableAdapter.call(Executors.java:572)
[2026-05-09T16:47:31.968+0000] {subprocess.py:93} INFO - 	at java.base/java.util.concurrent.FutureTask.run(FutureTask.java:317)
[2026-05-09T16:47:31.969+0000] {subprocess.py:93} INFO - 	at java.base/java.util.concurrent.ThreadPoolExecutor.runWorker(ThreadPoolExecutor.java:1144)
[2026-05-09T16:47:31.970+0000] {subprocess.py:93} INFO - 	at java.base/java.util.concurrent.ThreadPoolExecutor$Worker.run(ThreadPoolExecutor.java:642)
[2026-05-09T16:47:31.971+0000] {subprocess.py:93} INFO - 	at java.base/java.lang.Thread.run(Thread.java:1583)
[2026-05-09T16:47:31.972+0000] {subprocess.py:93} INFO - 
[2026-05-09T16:47:32.720+0000] {subprocess.py:97} INFO - Command exited with return code 1
[2026-05-09T16:47:32.728+0000] {taskinstance.py:441} INFO - ::group::Post task execution logs
[2026-05-09T16:47:32.840+0000] {taskinstance.py:2905} ERROR - Task failed with exception
Traceback (most recent call last):
  File "/home/airflow/.local/lib/python3.12/site-packages/airflow/models/taskinstance.py", line 465, in _execute_task
    result = _execute_callable(context=context, **execute_callable_kwargs)
             ^^^^^^^^^^^^^^^^^^^^^^^^^^^^^^^^^^^^^^^^^^^^^^^^^^^^^^^^^^^^^
  File "/home/airflow/.local/lib/python3.12/site-packages/airflow/models/taskinstance.py", line 432, in _execute_callable
    return execute_callable(context=context, **execute_callable_kwargs)
           ^^^^^^^^^^^^^^^^^^^^^^^^^^^^^^^^^^^^^^^^^^^^^^^^^^^^^^^^^^^^
  File "/home/airflow/.local/lib/python3.12/site-packages/airflow/models/baseoperator.py", line 400, in wrapper
    return func(self, *args, **kwargs)
           ^^^^^^^^^^^^^^^^^^^^^^^^^^^
  File "/home/airflow/.local/lib/python3.12/site-packages/airflow/operators/bash.py", line 243, in execute
    raise AirflowException(
airflow.exceptions.AirflowException: Bash command failed. The command returned a non-zero exit code 1.
[2026-05-09T16:47:32.881+0000] {taskinstance.py:1206} INFO - Marking task as UP_FOR_RETRY. dag_id=weekly_data_pipeline, task_id=run_booking_scraper, run_id=manual__2026-05-09T16:16:51.772300+00:00, execution_date=20260509T161651, start_date=20260509T161704, end_date=20260509T164732
[2026-05-09T16:47:32.984+0000] {standard_task_runner.py:110} ERROR - Failed to execute job 27 for task run_booking_scraper (Bash command failed. The command returned a non-zero exit code 1.; 505)
[2026-05-09T16:47:33.054+0000] {local_task_job_runner.py:240} INFO - Task exited with return code 1
[2026-05-09T16:47:33.217+0000] {taskinstance.py:3498} INFO - 0 downstream tasks scheduled from follow-on schedule check
[2026-05-09T16:47:33.219+0000] {local_task_job_runner.py:222} INFO - ::endgroup::
