[2026-05-09T14:52:03.910+0000] {local_task_job_runner.py:120} INFO - ::group::Pre task execution logs
[2026-05-09T14:52:03.955+0000] {taskinstance.py:2076} INFO - Dependencies all met for dep_context=non-requeueable deps ti=<TaskInstance: weekly_data_pipeline.run_talabat_scraper scheduled__2026-04-27T08:00:00+00:00 [queued]>
[2026-05-09T14:52:03.973+0000] {taskinstance.py:2076} INFO - Dependencies all met for dep_context=requeueable deps ti=<TaskInstance: weekly_data_pipeline.run_talabat_scraper scheduled__2026-04-27T08:00:00+00:00 [queued]>
[2026-05-09T14:52:03.973+0000] {taskinstance.py:2306} INFO - Starting attempt 1 of 2
[2026-05-09T14:52:04.009+0000] {taskinstance.py:2330} INFO - Executing <Task(BashOperator): run_talabat_scraper> on 2026-04-27 08:00:00+00:00
[2026-05-09T14:52:04.025+0000] {warnings.py:110} WARNING - /home/***/.local/lib/python3.12/site-packages/***/task/task_runner/standard_task_runner.py:61: DeprecationWarning: This process (pid=371) is multi-threaded, use of fork() may lead to deadlocks in the child.
  pid = os.fork()

[2026-05-09T14:52:04.030+0000] {standard_task_runner.py:63} INFO - Started process 381 to run task
[2026-05-09T14:52:04.030+0000] {standard_task_runner.py:90} INFO - Running: ['***', 'tasks', 'run', 'weekly_data_pipeline', 'run_talabat_scraper', 'scheduled__2026-04-27T08:00:00+00:00', '--job-id', '5', '--raw', '--subdir', 'DAGS_FOLDER/weekly_pipeline.py', '--cfg-path', '/tmp/tmp0ooi4ep1']
[2026-05-09T14:52:04.039+0000] {standard_task_runner.py:91} INFO - Job 5: Subtask run_talabat_scraper
[2026-05-09T14:52:04.282+0000] {task_command.py:426} INFO - Running <TaskInstance: weekly_data_pipeline.run_talabat_scraper scheduled__2026-04-27T08:00:00+00:00 [running]> on host 2d60b0fb0b5b
[2026-05-09T14:52:04.543+0000] {taskinstance.py:2648} INFO - Exporting env vars: AIRFLOW_CTX_DAG_OWNER='koka' AIRFLOW_CTX_DAG_ID='weekly_data_pipeline' AIRFLOW_CTX_TASK_ID='run_talabat_scraper' AIRFLOW_CTX_EXECUTION_DATE='2026-04-27T08:00:00+00:00' AIRFLOW_CTX_TRY_NUMBER='1' AIRFLOW_CTX_DAG_RUN_ID='scheduled__2026-04-27T08:00:00+00:00'
[2026-05-09T14:52:04.547+0000] {taskinstance.py:430} INFO - ::endgroup::
[2026-05-09T14:52:04.550+0000] {subprocess.py:63} INFO - Tmp dir root location: /tmp
[2026-05-09T14:52:04.553+0000] {subprocess.py:75} INFO - Running command: ['/usr/bin/bash', '-c', 'python /opt/***/scripts/talabat_scraper.py']
[2026-05-09T14:52:04.575+0000] {subprocess.py:86} INFO - Output:
[2026-05-09T14:52:06.770+0000] {subprocess.py:93} INFO - Traceback (most recent call last):
[2026-05-09T14:52:06.771+0000] {subprocess.py:93} INFO -   File "/opt/***/scripts/talabat_scraper.py", line 15, in <module>
[2026-05-09T14:52:06.774+0000] {subprocess.py:93} INFO -     from selenium import webdriver
[2026-05-09T14:52:06.775+0000] {subprocess.py:93} INFO - ModuleNotFoundError: No module named 'selenium'
[2026-05-09T14:52:06.919+0000] {subprocess.py:97} INFO - Command exited with return code 1
[2026-05-09T14:52:06.920+0000] {taskinstance.py:441} INFO - ::group::Post task execution logs
[2026-05-09T14:52:06.942+0000] {taskinstance.py:2905} ERROR - Task failed with exception
Traceback (most recent call last):
  File "/home/airflow/.local/lib/python3.12/site-packages/airflow/models/taskinstance.py", line 465, in _execute_task
    result = _execute_callable(context=context, **execute_callable_kwargs)
             ^^^^^^^^^^^^^^^^^^^^^^^^^^^^^^^^^^^^^^^^^^^^^^^^^^^^^^^^^^^^^
  File "/home/airflow/.local/lib/python3.12/site-packages/airflow/models/taskinstance.py", line 432, in _execute_callable
    return execute_callable(context=context, **execute_callable_kwargs)
           ^^^^^^^^^^^^^^^^^^^^^^^^^^^^^^^^^^^^^^^^^^^^^^^^^^^^^^^^^^^^
  File "/home/airflow/.local/lib/python3.12/site-packages/airflow/models/baseoperator.py", line 400, in wrapper
    return func(self, *args, **kwargs)
           ^^^^^^^^^^^^^^^^^^^^^^^^^^^
  File "/home/airflow/.local/lib/python3.12/site-packages/airflow/operators/bash.py", line 243, in execute
    raise AirflowException(
airflow.exceptions.AirflowException: Bash command failed. The command returned a non-zero exit code 1.
[2026-05-09T14:52:06.952+0000] {taskinstance.py:1206} INFO - Marking task as UP_FOR_RETRY. dag_id=weekly_data_pipeline, task_id=run_talabat_scraper, run_id=scheduled__2026-04-27T08:00:00+00:00, execution_date=20260427T080000, start_date=20260509T145203, end_date=20260509T145206
[2026-05-09T14:52:06.982+0000] {standard_task_runner.py:110} ERROR - Failed to execute job 5 for task run_talabat_scraper (Bash command failed. The command returned a non-zero exit code 1.; 381)
[2026-05-09T14:52:07.060+0000] {local_task_job_runner.py:240} INFO - Task exited with return code 1
[2026-05-09T14:52:07.114+0000] {local_task_job_runner.py:222} INFO - ::endgroup::
[2026-05-09T15:04:43.431+0000] {local_task_job_runner.py:120} INFO - ::group::Pre task execution logs
[2026-05-09T15:04:43.522+0000] {taskinstance.py:2076} INFO - Dependencies all met for dep_context=non-requeueable deps ti=<TaskInstance: weekly_data_pipeline.run_talabat_scraper scheduled__2026-04-27T08:00:00+00:00 [queued]>
[2026-05-09T15:04:43.539+0000] {taskinstance.py:2076} INFO - Dependencies all met for dep_context=requeueable deps ti=<TaskInstance: weekly_data_pipeline.run_talabat_scraper scheduled__2026-04-27T08:00:00+00:00 [queued]>
[2026-05-09T15:04:43.540+0000] {taskinstance.py:2306} INFO - Starting attempt 1 of 2
[2026-05-09T15:04:43.578+0000] {taskinstance.py:2330} INFO - Executing <Task(BashOperator): run_talabat_scraper> on 2026-04-27 08:00:00+00:00
[2026-05-09T15:04:43.597+0000] {warnings.py:110} WARNING - /home/***/.local/lib/python3.12/site-packages/***/task/task_runner/standard_task_runner.py:61: DeprecationWarning: This process (pid=159) is multi-threaded, use of fork() may lead to deadlocks in the child.
  pid = os.fork()

[2026-05-09T15:04:43.604+0000] {standard_task_runner.py:63} INFO - Started process 166 to run task
[2026-05-09T15:04:43.602+0000] {standard_task_runner.py:90} INFO - Running: ['***', 'tasks', 'run', 'weekly_data_pipeline', 'run_talabat_scraper', 'scheduled__2026-04-27T08:00:00+00:00', '--job-id', '13', '--raw', '--subdir', 'DAGS_FOLDER/weekly_pipeline.py', '--cfg-path', '/tmp/tmpskwne3_g']
[2026-05-09T15:04:43.615+0000] {standard_task_runner.py:91} INFO - Job 13: Subtask run_talabat_scraper
[2026-05-09T15:04:44.718+0000] {task_command.py:426} INFO - Running <TaskInstance: weekly_data_pipeline.run_talabat_scraper scheduled__2026-04-27T08:00:00+00:00 [running]> on host 710e9dbf822b
[2026-05-09T15:04:45.481+0000] {taskinstance.py:2648} INFO - Exporting env vars: AIRFLOW_CTX_DAG_OWNER='koka' AIRFLOW_CTX_DAG_ID='weekly_data_pipeline' AIRFLOW_CTX_TASK_ID='run_talabat_scraper' AIRFLOW_CTX_EXECUTION_DATE='2026-04-27T08:00:00+00:00' AIRFLOW_CTX_TRY_NUMBER='1' AIRFLOW_CTX_DAG_RUN_ID='scheduled__2026-04-27T08:00:00+00:00'
[2026-05-09T15:04:45.494+0000] {taskinstance.py:430} INFO - ::endgroup::
[2026-05-09T15:04:45.500+0000] {subprocess.py:63} INFO - Tmp dir root location: /tmp
[2026-05-09T15:04:45.509+0000] {subprocess.py:75} INFO - Running command: ['/usr/bin/bash', '-c', 'python /opt/***/scripts/talabat_scraper.py']
[2026-05-09T15:04:45.588+0000] {subprocess.py:86} INFO - Output:
[2026-05-09T15:04:53.030+0000] {subprocess.py:93} INFO - Traceback (most recent call last):
[2026-05-09T15:04:53.036+0000] {subprocess.py:93} INFO -   File "/opt/***/scripts/talabat_scraper.py", line 15, in <module>
[2026-05-09T15:04:53.048+0000] {subprocess.py:93} INFO -     from selenium import webdriver
[2026-05-09T15:04:53.053+0000] {subprocess.py:93} INFO - ModuleNotFoundError: No module named 'selenium'
[2026-05-09T15:04:53.446+0000] {subprocess.py:97} INFO - Command exited with return code 1
[2026-05-09T15:04:53.448+0000] {taskinstance.py:441} INFO - ::group::Post task execution logs
[2026-05-09T15:04:53.502+0000] {taskinstance.py:2905} ERROR - Task failed with exception
Traceback (most recent call last):
  File "/home/airflow/.local/lib/python3.12/site-packages/airflow/models/taskinstance.py", line 465, in _execute_task
    result = _execute_callable(context=context, **execute_callable_kwargs)
             ^^^^^^^^^^^^^^^^^^^^^^^^^^^^^^^^^^^^^^^^^^^^^^^^^^^^^^^^^^^^^
  File "/home/airflow/.local/lib/python3.12/site-packages/airflow/models/taskinstance.py", line 432, in _execute_callable
    return execute_callable(context=context, **execute_callable_kwargs)
           ^^^^^^^^^^^^^^^^^^^^^^^^^^^^^^^^^^^^^^^^^^^^^^^^^^^^^^^^^^^^
  File "/home/airflow/.local/lib/python3.12/site-packages/airflow/models/baseoperator.py", line 400, in wrapper
    return func(self, *args, **kwargs)
           ^^^^^^^^^^^^^^^^^^^^^^^^^^^
  File "/home/airflow/.local/lib/python3.12/site-packages/airflow/operators/bash.py", line 243, in execute
    raise AirflowException(
airflow.exceptions.AirflowException: Bash command failed. The command returned a non-zero exit code 1.
[2026-05-09T15:04:53.527+0000] {taskinstance.py:1206} INFO - Marking task as UP_FOR_RETRY. dag_id=weekly_data_pipeline, task_id=run_talabat_scraper, run_id=scheduled__2026-04-27T08:00:00+00:00, execution_date=20260427T080000, start_date=20260509T150443, end_date=20260509T150453
[2026-05-09T15:04:53.589+0000] {standard_task_runner.py:110} ERROR - Failed to execute job 13 for task run_talabat_scraper (Bash command failed. The command returned a non-zero exit code 1.; 166)
[2026-05-09T15:04:53.636+0000] {local_task_job_runner.py:240} INFO - Task exited with return code 1
[2026-05-09T15:04:53.717+0000] {taskinstance.py:3498} INFO - 0 downstream tasks scheduled from follow-on schedule check
[2026-05-09T15:04:53.741+0000] {local_task_job_runner.py:222} INFO - ::endgroup::
[2026-05-09T18:56:50.229+0000] {local_task_job_runner.py:120} INFO - ::group::Pre task execution logs
[2026-05-09T18:56:50.518+0000] {taskinstance.py:2076} INFO - Dependencies all met for dep_context=non-requeueable deps ti=<TaskInstance: weekly_data_pipeline.run_talabat_scraper scheduled__2026-04-27T08:00:00+00:00 [queued]>
[2026-05-09T18:56:50.574+0000] {taskinstance.py:2076} INFO - Dependencies all met for dep_context=requeueable deps ti=<TaskInstance: weekly_data_pipeline.run_talabat_scraper scheduled__2026-04-27T08:00:00+00:00 [queued]>
[2026-05-09T18:56:50.577+0000] {taskinstance.py:2306} INFO - Starting attempt 1 of 2
[2026-05-09T18:56:50.629+0000] {taskinstance.py:2330} INFO - Executing <Task(BashOperator): run_talabat_scraper> on 2026-04-27 08:00:00+00:00
[2026-05-09T18:56:50.655+0000] {warnings.py:110} WARNING - /home/***/.local/lib/python3.12/site-packages/***/task/task_runner/standard_task_runner.py:61: DeprecationWarning: This process (pid=167) is multi-threaded, use of fork() may lead to deadlocks in the child.
  pid = os.fork()

[2026-05-09T18:56:50.662+0000] {standard_task_runner.py:63} INFO - Started process 202 to run task
[2026-05-09T18:56:50.665+0000] {standard_task_runner.py:90} INFO - Running: ['***', 'tasks', 'run', 'weekly_data_pipeline', 'run_talabat_scraper', 'scheduled__2026-04-27T08:00:00+00:00', '--job-id', '46', '--raw', '--subdir', 'DAGS_FOLDER/weekly_pipeline.py', '--cfg-path', '/tmp/tmpfkou9xhs']
[2026-05-09T18:56:50.668+0000] {standard_task_runner.py:91} INFO - Job 46: Subtask run_talabat_scraper
[2026-05-09T18:56:51.014+0000] {task_command.py:426} INFO - Running <TaskInstance: weekly_data_pipeline.run_talabat_scraper scheduled__2026-04-27T08:00:00+00:00 [running]> on host b1f1eeb5f7fc
[2026-05-09T18:56:51.432+0000] {taskinstance.py:2648} INFO - Exporting env vars: AIRFLOW_CTX_DAG_OWNER='koka' AIRFLOW_CTX_DAG_ID='weekly_data_pipeline' AIRFLOW_CTX_TASK_ID='run_talabat_scraper' AIRFLOW_CTX_EXECUTION_DATE='2026-04-27T08:00:00+00:00' AIRFLOW_CTX_TRY_NUMBER='1' AIRFLOW_CTX_DAG_RUN_ID='scheduled__2026-04-27T08:00:00+00:00'
[2026-05-09T18:56:51.433+0000] {taskinstance.py:430} INFO - ::endgroup::
[2026-05-09T18:56:51.904+0000] {subprocess.py:63} INFO - Tmp dir root location: /tmp
[2026-05-09T18:56:51.910+0000] {subprocess.py:75} INFO - Running command: ['/usr/bin/bash', '-c', 'python /opt/***/scripts/talabat_scraper.py']
[2026-05-09T18:56:51.951+0000] {subprocess.py:86} INFO - Output:
[2026-05-09T18:57:40.643+0000] {local_task_job_runner.py:310} WARNING - State of this instance has been externally set to failed. Terminating instance.
[2026-05-09T18:57:40.670+0000] {local_task_job_runner.py:222} INFO - ::endgroup::
[2026-05-09T18:57:40.735+0000] {process_utils.py:132} INFO - Sending 15 to group 202. PIDs of all processes in the group: [206, 202]
[2026-05-09T18:57:40.752+0000] {process_utils.py:87} INFO - Sending the signal 15 to group 202
[2026-05-09T18:57:40.769+0000] {taskinstance.py:2611} ERROR - Received SIGTERM. Terminating subprocesses.
[2026-05-09T18:57:40.783+0000] {subprocess.py:104} INFO - Sending SIGTERM signal to process group
[2026-05-09T18:57:40.841+0000] {taskinstance.py:441} INFO - ::group::Post task execution logs
[2026-05-09T18:57:41.420+0000] {process_utils.py:80} INFO - Process psutil.Process(pid=202, status='terminated', exitcode=0, started='18:56:50') (202) terminated with exit code 0
[2026-05-09T18:57:41.434+0000] {process_utils.py:80} INFO - Process psutil.Process(pid=206, status='terminated', started='18:56:51') (206) terminated with exit code None
