[2026-05-10T09:32:30.754+0000] {local_task_job_runner.py:120} INFO - ::group::Pre task execution logs
[2026-05-10T09:32:30.800+0000] {taskinstance.py:2076} INFO - Dependencies all met for dep_context=non-requeueable deps ti=<TaskInstance: weekly_data_pipeline.run_save_to_supabase manual__2026-05-10T08:43:36.375143+00:00 [queued]>
[2026-05-10T09:32:30.816+0000] {taskinstance.py:2076} INFO - Dependencies all met for dep_context=requeueable deps ti=<TaskInstance: weekly_data_pipeline.run_save_to_supabase manual__2026-05-10T08:43:36.375143+00:00 [queued]>
[2026-05-10T09:32:30.816+0000] {taskinstance.py:2306} INFO - Starting attempt 1 of 2
[2026-05-10T09:32:30.841+0000] {taskinstance.py:2330} INFO - Executing <Task(BashOperator): run_save_to_supabase> on 2026-05-10 08:43:36.375143+00:00
[2026-05-10T09:32:30.852+0000] {warnings.py:110} WARNING - /home/***/.local/lib/python3.12/site-packages/***/task/task_runner/standard_task_runner.py:61: DeprecationWarning: This process (pid=767) is multi-threaded, use of fork() may lead to deadlocks in the child.
  pid = os.fork()

[2026-05-10T09:32:30.854+0000] {standard_task_runner.py:63} INFO - Started process 768 to run task
[2026-05-10T09:32:30.854+0000] {standard_task_runner.py:90} INFO - Running: ['***', 'tasks', 'run', 'weekly_data_pipeline', 'run_save_to_supabase', 'manual__2026-05-10T08:43:36.375143+00:00', '--job-id', '57', '--raw', '--subdir', 'DAGS_FOLDER/weekly_pipeline.py', '--cfg-path', '/tmp/tmp4llayk85']
[2026-05-10T09:32:30.856+0000] {standard_task_runner.py:91} INFO - Job 57: Subtask run_save_to_supabase
[2026-05-10T09:32:30.946+0000] {task_command.py:426} INFO - Running <TaskInstance: weekly_data_pipeline.run_save_to_supabase manual__2026-05-10T08:43:36.375143+00:00 [running]> on host fa47b9e616ba
[2026-05-10T09:32:31.071+0000] {taskinstance.py:2648} INFO - Exporting env vars: AIRFLOW_CTX_DAG_OWNER='koka' AIRFLOW_CTX_DAG_ID='weekly_data_pipeline' AIRFLOW_CTX_TASK_ID='run_save_to_supabase' AIRFLOW_CTX_EXECUTION_DATE='2026-05-10T08:43:36.375143+00:00' AIRFLOW_CTX_TRY_NUMBER='1' AIRFLOW_CTX_DAG_RUN_ID='manual__2026-05-10T08:43:36.375143+00:00'
[2026-05-10T09:32:31.072+0000] {taskinstance.py:430} INFO - ::endgroup::
[2026-05-10T09:32:31.090+0000] {subprocess.py:63} INFO - Tmp dir root location: /tmp
[2026-05-10T09:32:31.092+0000] {subprocess.py:75} INFO - Running command: ['/usr/bin/bash', '-c', 'python /opt/***/supabase/supabase_loader.py']
[2026-05-10T09:32:31.109+0000] {subprocess.py:86} INFO - Output:
[2026-05-10T09:32:41.275+0000] {subprocess.py:93} INFO - Loading dim_hotels...
[2026-05-10T09:32:41.276+0000] {subprocess.py:93} INFO -   ✅ dim_hotels — 100 rows loaded
[2026-05-10T09:32:41.277+0000] {subprocess.py:93} INFO - Loading dim_room_hotel...
[2026-05-10T09:32:41.278+0000] {subprocess.py:93} INFO -   ✅ dim_room_hotel — 693 rows loaded
[2026-05-10T09:32:41.278+0000] {subprocess.py:93} INFO - Loading dim_restaurants...
[2026-05-10T09:32:41.279+0000] {subprocess.py:93} INFO -   ✅ dim_restaurants — 60 rows loaded
[2026-05-10T09:32:41.279+0000] {subprocess.py:93} INFO - Loading dim_places...
[2026-05-10T09:32:41.280+0000] {subprocess.py:93} INFO -   ✅ dim_places — 391 rows loaded
[2026-05-10T09:32:41.281+0000] {subprocess.py:93} INFO - 
[2026-05-10T09:32:41.281+0000] {subprocess.py:93} INFO - 🎉 All 4 tables loaded successfully!
[2026-05-10T09:32:41.590+0000] {subprocess.py:97} INFO - Command exited with return code 0
[2026-05-10T09:32:41.592+0000] {taskinstance.py:441} INFO - ::group::Post task execution logs
[2026-05-10T09:32:41.629+0000] {taskinstance.py:1206} INFO - Marking task as SUCCESS. dag_id=weekly_data_pipeline, task_id=run_save_to_supabase, run_id=manual__2026-05-10T08:43:36.375143+00:00, execution_date=20260510T084336, start_date=20260510T093230, end_date=20260510T093241
[2026-05-10T09:32:41.693+0000] {local_task_job_runner.py:240} INFO - Task exited with return code 0
[2026-05-10T09:32:41.713+0000] {taskinstance.py:3498} INFO - 0 downstream tasks scheduled from follow-on schedule check
[2026-05-10T09:32:41.715+0000] {local_task_job_runner.py:222} INFO - ::endgroup::
