[2026-05-19T12:03:11.090+0000] {local_task_job_runner.py:120} INFO - ::group::Pre task execution logs
[2026-05-19T12:03:11.182+0000] {taskinstance.py:2076} INFO - Dependencies all met for dep_context=non-requeueable deps ti=<TaskInstance: weekly_data_pipeline.run_save_to_supabase manual__2026-05-19T10:37:08.828281+00:00 [queued]>
[2026-05-19T12:03:11.205+0000] {taskinstance.py:2076} INFO - Dependencies all met for dep_context=requeueable deps ti=<TaskInstance: weekly_data_pipeline.run_save_to_supabase manual__2026-05-19T10:37:08.828281+00:00 [queued]>
[2026-05-19T12:03:11.205+0000] {taskinstance.py:2306} INFO - Starting attempt 1 of 2
[2026-05-19T12:03:11.247+0000] {taskinstance.py:2330} INFO - Executing <Task(BashOperator): run_save_to_supabase> on 2026-05-19 10:37:08.828281+00:00
[2026-05-19T12:03:11.264+0000] {warnings.py:110} WARNING - /home/***/.local/lib/python3.12/site-packages/***/task/task_runner/standard_task_runner.py:61: DeprecationWarning: This process (pid=1192) is multi-threaded, use of fork() may lead to deadlocks in the child.
  pid = os.fork()

[2026-05-19T12:03:11.269+0000] {standard_task_runner.py:63} INFO - Started process 1193 to run task
[2026-05-19T12:03:11.268+0000] {standard_task_runner.py:90} INFO - Running: ['***', 'tasks', 'run', 'weekly_data_pipeline', 'run_save_to_supabase', 'manual__2026-05-19T10:37:08.828281+00:00', '--job-id', '10', '--raw', '--subdir', 'DAGS_FOLDER/weekly_pipeline.py', '--cfg-path', '/tmp/tmpxmf_2z9l']
[2026-05-19T12:03:11.272+0000] {standard_task_runner.py:91} INFO - Job 10: Subtask run_save_to_supabase
[2026-05-19T12:03:11.405+0000] {task_command.py:426} INFO - Running <TaskInstance: weekly_data_pipeline.run_save_to_supabase manual__2026-05-19T10:37:08.828281+00:00 [running]> on host 241dc414be10
[2026-05-19T12:03:11.627+0000] {taskinstance.py:2648} INFO - Exporting env vars: AIRFLOW_CTX_DAG_OWNER='koka' AIRFLOW_CTX_DAG_ID='weekly_data_pipeline' AIRFLOW_CTX_TASK_ID='run_save_to_supabase' AIRFLOW_CTX_EXECUTION_DATE='2026-05-19T10:37:08.828281+00:00' AIRFLOW_CTX_TRY_NUMBER='1' AIRFLOW_CTX_DAG_RUN_ID='manual__2026-05-19T10:37:08.828281+00:00'
[2026-05-19T12:03:11.629+0000] {taskinstance.py:430} INFO - ::endgroup::
[2026-05-19T12:03:11.678+0000] {subprocess.py:63} INFO - Tmp dir root location: /tmp
[2026-05-19T12:03:11.680+0000] {subprocess.py:75} INFO - Running command: ['/usr/bin/bash', '-c', 'python /opt/***/supabase/supabase_loader.py']
[2026-05-19T12:03:11.709+0000] {subprocess.py:86} INFO - Output:
[2026-05-19T12:03:24.325+0000] {subprocess.py:93} INFO - Loading dim_hotels...
[2026-05-19T12:03:24.327+0000] {subprocess.py:93} INFO -   ✅ dim_hotels — 100 rows loaded
[2026-05-19T12:03:24.327+0000] {subprocess.py:93} INFO - Loading dim_room_hotel...
[2026-05-19T12:03:24.329+0000] {subprocess.py:93} INFO -   ✅ dim_room_hotel — 701 rows loaded
[2026-05-19T12:03:24.329+0000] {subprocess.py:93} INFO - Loading dim_restaurants...
[2026-05-19T12:03:24.330+0000] {subprocess.py:93} INFO -   ✅ dim_restaurants — 60 rows loaded
[2026-05-19T12:03:24.331+0000] {subprocess.py:93} INFO - Loading dim_places...
[2026-05-19T12:03:24.332+0000] {subprocess.py:93} INFO - Traceback (most recent call last):
[2026-05-19T12:03:24.333+0000] {subprocess.py:93} INFO -   File "/opt/***/supabase/supabase_loader.py", line 27, in <module>
[2026-05-19T12:03:24.334+0000] {subprocess.py:93} INFO -     supabase.table(table_name).upsert(data).execute()
[2026-05-19T12:03:24.334+0000] {subprocess.py:93} INFO -   File "/home/***/.local/lib/python3.12/site-packages/postgrest/_sync/request_builder.py", line 96, in execute
[2026-05-19T12:03:24.335+0000] {subprocess.py:93} INFO -     raise APIError(dict(json_obj))
[2026-05-19T12:03:24.336+0000] {subprocess.py:93} INFO - postgrest.exceptions.APIError: {'message': 'numeric field overflow', 'code': '22003', 'hint': None, 'details': 'A field with precision 3, scale 1 must round to an absolute value less than 10^2.'}
[2026-05-19T12:03:24.804+0000] {subprocess.py:97} INFO - Command exited with return code 1
[2026-05-19T12:03:24.807+0000] {taskinstance.py:441} INFO - ::group::Post task execution logs
[2026-05-19T12:03:24.857+0000] {taskinstance.py:2905} ERROR - Task failed with exception
Traceback (most recent call last):
  File "/home/airflow/.local/lib/python3.12/site-packages/airflow/models/taskinstance.py", line 465, in _execute_task
    result = _execute_callable(context=context, **execute_callable_kwargs)
             ^^^^^^^^^^^^^^^^^^^^^^^^^^^^^^^^^^^^^^^^^^^^^^^^^^^^^^^^^^^^^
  File "/home/airflow/.local/lib/python3.12/site-packages/airflow/models/taskinstance.py", line 432, in _execute_callable
    return execute_callable(context=context, **execute_callable_kwargs)
           ^^^^^^^^^^^^^^^^^^^^^^^^^^^^^^^^^^^^^^^^^^^^^^^^^^^^^^^^^^^^
  File "/home/airflow/.local/lib/python3.12/site-packages/airflow/models/baseoperator.py", line 400, in wrapper
    return func(self, *args, **kwargs)
           ^^^^^^^^^^^^^^^^^^^^^^^^^^^
  File "/home/airflow/.local/lib/python3.12/site-packages/airflow/operators/bash.py", line 243, in execute
    raise AirflowException(
airflow.exceptions.AirflowException: Bash command failed. The command returned a non-zero exit code 1.
[2026-05-19T12:03:24.902+0000] {taskinstance.py:1206} INFO - Marking task as UP_FOR_RETRY. dag_id=weekly_data_pipeline, task_id=run_save_to_supabase, run_id=manual__2026-05-19T10:37:08.828281+00:00, execution_date=20260519T103708, start_date=20260519T120311, end_date=20260519T120324
[2026-05-19T12:03:24.959+0000] {standard_task_runner.py:110} ERROR - Failed to execute job 10 for task run_save_to_supabase (Bash command failed. The command returned a non-zero exit code 1.; 1193)
[2026-05-19T12:03:25.017+0000] {local_task_job_runner.py:240} INFO - Task exited with return code 1
[2026-05-19T12:03:25.057+0000] {taskinstance.py:3498} INFO - 0 downstream tasks scheduled from follow-on schedule check
[2026-05-19T12:03:25.061+0000] {local_task_job_runner.py:222} INFO - ::endgroup::
