[2026-05-19T10:37:16.681+0000] {local_task_job_runner.py:120} INFO - ::group::Pre task execution logs
[2026-05-19T10:37:16.807+0000] {taskinstance.py:2076} INFO - Dependencies all met for dep_context=non-requeueable deps ti=<TaskInstance: weekly_data_pipeline.run_talabat_scraper scheduled__2026-05-11T08:00:00+00:00 [queued]>
[2026-05-19T10:37:16.834+0000] {taskinstance.py:2076} INFO - Dependencies all met for dep_context=requeueable deps ti=<TaskInstance: weekly_data_pipeline.run_talabat_scraper scheduled__2026-05-11T08:00:00+00:00 [queued]>
[2026-05-19T10:37:16.836+0000] {taskinstance.py:2306} INFO - Starting attempt 1 of 2
[2026-05-19T10:37:17.424+0000] {taskinstance.py:2330} INFO - Executing <Task(BashOperator): run_talabat_scraper> on 2026-05-11 08:00:00+00:00
[2026-05-19T10:37:17.454+0000] {warnings.py:110} WARNING - /home/***/.local/lib/python3.12/site-packages/***/task/task_runner/standard_task_runner.py:61: DeprecationWarning: This process (pid=199) is multi-threaded, use of fork() may lead to deadlocks in the child.
  pid = os.fork()

[2026-05-19T10:37:17.464+0000] {standard_task_runner.py:90} INFO - Running: ['***', 'tasks', 'run', 'weekly_data_pipeline', 'run_talabat_scraper', 'scheduled__2026-05-11T08:00:00+00:00', '--job-id', '6', '--raw', '--subdir', 'DAGS_FOLDER/weekly_pipeline.py', '--cfg-path', '/tmp/tmpxslpuvx6']
[2026-05-19T10:37:17.472+0000] {standard_task_runner.py:63} INFO - Started process 204 to run task
[2026-05-19T10:37:17.473+0000] {standard_task_runner.py:91} INFO - Job 6: Subtask run_talabat_scraper
[2026-05-19T10:37:17.902+0000] {task_command.py:426} INFO - Running <TaskInstance: weekly_data_pipeline.run_talabat_scraper scheduled__2026-05-11T08:00:00+00:00 [running]> on host 241dc414be10
[2026-05-19T10:37:18.316+0000] {taskinstance.py:2648} INFO - Exporting env vars: AIRFLOW_CTX_DAG_OWNER='koka' AIRFLOW_CTX_DAG_ID='weekly_data_pipeline' AIRFLOW_CTX_TASK_ID='run_talabat_scraper' AIRFLOW_CTX_EXECUTION_DATE='2026-05-11T08:00:00+00:00' AIRFLOW_CTX_TRY_NUMBER='1' AIRFLOW_CTX_DAG_RUN_ID='scheduled__2026-05-11T08:00:00+00:00'
[2026-05-19T10:37:18.320+0000] {taskinstance.py:430} INFO - ::endgroup::
[2026-05-19T10:37:18.984+0000] {subprocess.py:63} INFO - Tmp dir root location: /tmp
[2026-05-19T10:37:18.989+0000] {subprocess.py:75} INFO - Running command: ['/usr/bin/bash', '-c', 'python /opt/***/scripts/talabat_scraper.py']
[2026-05-19T10:37:19.888+0000] {subprocess.py:86} INFO - Output:
[2026-05-19T10:49:15.054+0000] {subprocess.py:93} INFO - 
[2026-05-19T10:49:15.199+0000] {subprocess.py:93} INFO - ==================================================
[2026-05-19T10:49:15.206+0000] {subprocess.py:93} INFO - 🍽️  Scraping Talabat: CAIRO
[2026-05-19T10:49:15.215+0000] {subprocess.py:93} INFO - ==================================================
[2026-05-19T10:49:15.217+0000] {subprocess.py:93} INFO -   📄 Scraping page 1...
[2026-05-19T10:49:15.224+0000] {subprocess.py:93} INFO -      Found 15 restaurants on page 1
[2026-05-19T10:49:15.232+0000] {subprocess.py:93} INFO -   📄 Scraping page 2...
[2026-05-19T10:49:15.240+0000] {subprocess.py:93} INFO -      Found 15 restaurants on page 2
[2026-05-19T10:49:15.252+0000] {subprocess.py:93} INFO - 
[2026-05-19T10:49:15.255+0000] {subprocess.py:93} INFO - ✅ Total unique restaurants found: 30
[2026-05-19T10:49:15.262+0000] {subprocess.py:93} INFO - 
[2026-05-19T10:49:15.280+0000] {subprocess.py:93} INFO -   🔍 [1/30] https://www.talabat.com/egypt/restaurant/714356/gad-el-sayeda-zeinab?aid=7766
[2026-05-19T10:49:15.287+0000] {subprocess.py:93} INFO -      Found 209 menu items
[2026-05-19T10:49:15.299+0000] {subprocess.py:93} INFO -      ✔ GAD | 209 items
[2026-05-19T10:49:15.307+0000] {subprocess.py:93} INFO - 
[2026-05-19T10:49:15.313+0000] {subprocess.py:93} INFO -   🔍 [2/30] https://www.talabat.com/egypt/restaurant/502417/cairo-kitchen-zamalek?aid=7766
[2026-05-19T10:49:15.317+0000] {subprocess.py:93} INFO -      Found 81 menu items
[2026-05-19T10:49:15.319+0000] {subprocess.py:93} INFO -      ✔ Cairo Kitchen | 81 items
[2026-05-19T10:49:15.323+0000] {subprocess.py:93} INFO - 
[2026-05-19T10:49:15.326+0000] {subprocess.py:93} INFO -   🔍 [3/30] https://www.talabat.com/egypt/restaurant/508082/recota-al-manial?aid=7766
[2026-05-19T10:49:15.331+0000] {subprocess.py:93} INFO -      Found 83 menu items
[2026-05-19T10:49:15.333+0000] {subprocess.py:93} INFO -      ✔ Recota | 83 items
[2026-05-19T10:49:15.335+0000] {subprocess.py:93} INFO - 
[2026-05-19T10:49:15.337+0000] {subprocess.py:93} INFO -   🔍 [4/30] https://www.talabat.com/egypt/restaurant/503182/spectra-shooting-club-street-dokki?aid=7766
[2026-05-19T10:49:15.340+0000] {subprocess.py:93} INFO -      Found 325 menu items
[2026-05-19T10:49:15.342+0000] {subprocess.py:93} INFO -      ✔ Spectra | 325 items
[2026-05-19T10:49:15.343+0000] {subprocess.py:93} INFO - 
[2026-05-19T10:49:15.344+0000] {subprocess.py:93} INFO -   🔍 [5/30] https://www.talabat.com/egypt/restaurant/702872/abu-auf-al-manial?aid=7766
[2026-05-19T10:49:15.349+0000] {subprocess.py:93} INFO -      Found 172 menu items
[2026-05-19T10:49:15.355+0000] {subprocess.py:93} INFO -      ✔ Abu Auf | 172 items
[2026-05-19T10:49:15.360+0000] {subprocess.py:93} INFO - 
[2026-05-19T10:49:15.364+0000] {subprocess.py:93} INFO -   🔍 [6/30] https://www.talabat.com/egypt/restaurant/513366/mr-lee-zamalek?aid=7766
[2026-05-19T10:49:15.366+0000] {subprocess.py:93} INFO -      Found 101 menu items
[2026-05-19T10:49:15.369+0000] {subprocess.py:93} INFO -      ✔ Mr. Lee | 101 items
[2026-05-19T10:49:15.374+0000] {subprocess.py:93} INFO - 
[2026-05-19T10:49:15.375+0000] {subprocess.py:93} INFO -   🔍 [7/30] https://www.talabat.com/egypt/restaurant/502267/wafflicious-dokki-tmp?aid=7766
[2026-05-19T10:49:15.379+0000] {subprocess.py:93} INFO -      Found 109 menu items
[2026-05-19T10:49:15.383+0000] {subprocess.py:93} INFO -      ✔ WAFFLICIOUS | 109 items
[2026-05-19T10:49:15.385+0000] {subprocess.py:93} INFO - 
[2026-05-19T10:49:15.387+0000] {subprocess.py:93} INFO -   🔍 [8/30] https://www.talabat.com/egypt/restaurant/799375/kher-el-sham-al-manial?aid=7766
[2026-05-19T10:49:15.389+0000] {subprocess.py:93} INFO -      Found 78 menu items
[2026-05-19T10:49:15.390+0000] {subprocess.py:93} INFO -      ✔ Kher El Sham | 78 items
[2026-05-19T10:49:15.392+0000] {subprocess.py:93} INFO - 
[2026-05-19T10:49:15.394+0000] {subprocess.py:93} INFO -   🔍 [9/30] https://www.talabat.com/egypt/restaurant/788002/smoothie-paradise-downtown-magales-el-shaab?aid=7766
[2026-05-19T10:49:15.397+0000] {subprocess.py:93} INFO -      Found 90 menu items
[2026-05-19T10:49:15.400+0000] {subprocess.py:93} INFO -      ✔ Smoothie Paradise | 90 items
[2026-05-19T10:49:15.402+0000] {subprocess.py:93} INFO - 
[2026-05-19T10:49:15.403+0000] {subprocess.py:93} INFO -   🔍 [10/30] https://www.talabat.com/egypt/restaurant/513728/cinnamon-chocolate-al-manial?aid=7766
[2026-05-19T10:49:15.405+0000] {subprocess.py:93} INFO -      Found 69 menu items
[2026-05-19T10:49:15.407+0000] {subprocess.py:93} INFO -      ✔ Cinnamon & Chocolate | 69 items
[2026-05-19T10:49:15.409+0000] {subprocess.py:93} INFO - 
[2026-05-19T10:49:15.411+0000] {subprocess.py:93} INFO -   🔍 [11/30] https://www.talabat.com/egypt/restaurant/510270/amir-el-domiaty-giza?aid=7766
[2026-05-19T10:49:15.416+0000] {subprocess.py:93} INFO -      Found 371 menu items
[2026-05-19T10:49:15.418+0000] {subprocess.py:93} INFO -      ✔ Amir El Domiaty | 371 items
[2026-05-19T10:49:15.421+0000] {subprocess.py:93} INFO - 
[2026-05-19T10:49:15.423+0000] {subprocess.py:93} INFO -   🔍 [12/30] https://www.talabat.com/egypt/restaurant/505157/misr-el-kheir?aid=7766
[2026-05-19T10:49:15.427+0000] {subprocess.py:93} INFO -      Found 18 menu items
[2026-05-19T10:49:15.435+0000] {subprocess.py:93} INFO -      ✔ Misr El-Kheir | 18 items
[2026-05-19T10:49:15.439+0000] {subprocess.py:93} INFO - 
[2026-05-19T10:49:15.441+0000] {subprocess.py:93} INFO -   🔍 [13/30] https://www.talabat.com/egypt/restaurant/779910/daddys-burger-downtown-tahrir?aid=7766
[2026-05-19T10:49:15.443+0000] {subprocess.py:93} INFO -      Found 45 menu items
[2026-05-19T10:49:15.448+0000] {subprocess.py:93} INFO -      ✔ Daddy's Burger | 45 items
[2026-05-19T10:49:15.449+0000] {subprocess.py:93} INFO - 
[2026-05-19T10:49:15.450+0000] {subprocess.py:93} INFO -   🔍 [14/30] https://www.talabat.com/egypt/restaurant/639933/heart-attack-al-manial-tgo?aid=7766
[2026-05-19T10:49:15.453+0000] {subprocess.py:93} INFO -      Found 110 menu items
[2026-05-19T10:49:15.458+0000] {subprocess.py:93} INFO -      ✔ Heart Attack | 110 items
[2026-05-19T10:49:15.459+0000] {subprocess.py:93} INFO - 
[2026-05-19T10:49:15.460+0000] {subprocess.py:93} INFO -   🔍 [15/30] https://www.talabat.com/egypt/restaurant/749191/burger-king-downtown-talaat-harab?aid=7766
[2026-05-19T10:49:15.461+0000] {subprocess.py:93} INFO -      Found 88 menu items
[2026-05-19T10:49:15.462+0000] {subprocess.py:93} INFO -      ✔ Burger King | 88 items
[2026-05-19T10:49:15.465+0000] {subprocess.py:93} INFO - 
[2026-05-19T10:49:15.468+0000] {subprocess.py:93} INFO -   🔍 [16/30] https://www.talabat.com/egypt/restaurant/518625/pizza-master-downtown-magales-el-shaab?aid=7766
[2026-05-19T10:49:15.474+0000] {subprocess.py:93} INFO -      Found 65 menu items
[2026-05-19T10:49:15.481+0000] {subprocess.py:93} INFO -      ✔ Pizza Master | 65 items
[2026-05-19T10:49:15.484+0000] {subprocess.py:93} INFO - 
[2026-05-19T10:49:15.494+0000] {subprocess.py:93} INFO -   🔍 [17/30] https://www.talabat.com/egypt/restaurant/502884/papa-johns-pizza-el-mesaha?aid=7766
[2026-05-19T10:49:15.499+0000] {subprocess.py:93} INFO -      Found 73 menu items
[2026-05-19T10:49:15.500+0000] {subprocess.py:93} INFO -      ✔ Papa John's Pizza | 73 items
[2026-05-19T10:49:15.501+0000] {subprocess.py:93} INFO - 
[2026-05-19T10:49:15.507+0000] {subprocess.py:93} INFO -   🔍 [18/30] https://www.talabat.com/egypt/restaurant/658817/kfc-manial-kfc-tmp?aid=7766
[2026-05-19T10:49:15.576+0000] {subprocess.py:93} INFO -      Found 131 menu items
[2026-05-19T10:49:15.578+0000] {subprocess.py:93} INFO -      ✔ KFC | 131 items
[2026-05-19T10:49:15.580+0000] {subprocess.py:93} INFO - 
[2026-05-19T10:49:15.581+0000] {subprocess.py:93} INFO -   🔍 [19/30] https://www.talabat.com/egypt/restaurant/687594/abdel-rahim-koueider-al-manial?aid=7766
[2026-05-19T10:49:15.582+0000] {subprocess.py:93} INFO -      Found 171 menu items
[2026-05-19T10:49:15.583+0000] {subprocess.py:93} INFO -      ✔ Abdel Rahim Koueider | 171 items
[2026-05-19T10:49:15.584+0000] {subprocess.py:93} INFO - 
[2026-05-19T10:49:15.585+0000] {subprocess.py:93} INFO -   🔍 [20/30] https://www.talabat.com/egypt/restaurant/685459/awlad-ali-pizza-shobra-rod-el-farg?aid=7766
[2026-05-19T10:49:15.586+0000] {subprocess.py:93} INFO -      Found 195 menu items
[2026-05-19T10:49:15.587+0000] {subprocess.py:93} INFO -      ✔ Awlad Ali | 195 items
[2026-05-19T10:49:15.590+0000] {subprocess.py:93} INFO - 
[2026-05-19T10:49:15.591+0000] {subprocess.py:93} INFO -   🔍 [21/30] https://www.talabat.com/egypt/restaurant/649438/kyoto-sushi-dokki-mosaddak?aid=7766
[2026-05-19T10:49:15.592+0000] {subprocess.py:93} INFO -      Found 254 menu items
[2026-05-19T10:49:15.595+0000] {subprocess.py:93} INFO -      ✔ Kyoto Sushi | 254 items
[2026-05-19T10:49:15.596+0000] {subprocess.py:93} INFO - 
[2026-05-19T10:49:15.597+0000] {subprocess.py:93} INFO -   🔍 [22/30] https://www.talabat.com/egypt/restaurant/771138/mawlay-garden-city?aid=7766
[2026-05-19T10:49:15.598+0000] {subprocess.py:93} INFO -      Found 84 menu items
[2026-05-19T10:49:15.599+0000] {subprocess.py:93} INFO -      ✔ Mawlay | 84 items
[2026-05-19T10:49:15.600+0000] {subprocess.py:93} INFO - 
[2026-05-19T10:49:15.602+0000] {subprocess.py:93} INFO -   🔍 [23/30] https://www.talabat.com/egypt/restaurant/700435/buffalo-burger-al-manial-tgo?aid=7766
[2026-05-19T10:49:15.603+0000] {subprocess.py:93} INFO -      Found 75 menu items
[2026-05-19T10:49:15.604+0000] {subprocess.py:93} INFO -      ✔ Buffalo Burger | 75 items
[2026-05-19T10:49:15.606+0000] {subprocess.py:93} INFO - 
[2026-05-19T10:49:15.606+0000] {subprocess.py:93} INFO -   🔍 [24/30] https://www.talabat.com/egypt/restaurant/515548/red-elephant-mohandesin-jazerat-el-arab?aid=7766
[2026-05-19T10:49:15.607+0000] {subprocess.py:93} INFO -      Found 178 menu items
[2026-05-19T10:49:15.609+0000] {subprocess.py:93} INFO -      ✔ Red Elephant | 178 items
[2026-05-19T10:49:15.611+0000] {subprocess.py:93} INFO - 
[2026-05-19T10:49:15.615+0000] {subprocess.py:93} INFO -   🔍 [25/30] https://www.talabat.com/egypt/restaurant/510616/cook-door-al-manial-tgo?aid=7766
[2026-05-19T10:49:15.617+0000] {subprocess.py:93} INFO -      Found 72 menu items
[2026-05-19T10:49:15.620+0000] {subprocess.py:93} INFO -      ✔ Cook Door | 72 items
[2026-05-19T10:49:15.621+0000] {subprocess.py:93} INFO - 
[2026-05-19T10:49:15.623+0000] {subprocess.py:93} INFO -   🔍 [26/30] https://www.talabat.com/egypt/restaurant/755466/original-al-manial?aid=7766
[2026-05-19T10:49:15.624+0000] {subprocess.py:93} INFO -      Found 135 menu items
[2026-05-19T10:49:15.626+0000] {subprocess.py:93} INFO -      ✔ Original | 135 items
[2026-05-19T10:49:15.627+0000] {subprocess.py:93} INFO - 
[2026-05-19T10:49:15.629+0000] {subprocess.py:93} INFO -   🔍 [27/30] https://www.talabat.com/egypt/restaurant/505206/happy-dolphin-al-manial?aid=7766
[2026-05-19T10:49:15.630+0000] {subprocess.py:93} INFO -      Found 130 menu items
[2026-05-19T10:49:15.631+0000] {subprocess.py:93} INFO -      ✔ Happy Dolphin | 130 items
[2026-05-19T10:49:15.632+0000] {subprocess.py:93} INFO - 
[2026-05-19T10:49:15.633+0000] {subprocess.py:93} INFO -   🔍 [28/30] https://www.talabat.com/egypt/restaurant/792374/era-indian-restaurant-al-manial?aid=7766
[2026-05-19T10:49:15.634+0000] {subprocess.py:93} INFO -      Found 148 menu items
[2026-05-19T10:49:15.635+0000] {subprocess.py:93} INFO -      ✔ Era Indian Restaurant | 148 items
[2026-05-19T10:49:15.636+0000] {subprocess.py:93} INFO - 
[2026-05-19T10:49:15.637+0000] {subprocess.py:93} INFO -   🔍 [29/30] https://www.talabat.com/egypt/restaurant/503502/vinnys-pizza-zamalek?aid=7766
[2026-05-19T10:49:15.641+0000] {subprocess.py:93} INFO -      Found 86 menu items
[2026-05-19T10:49:15.641+0000] {subprocess.py:93} INFO -      ✔ Vinny's Pizzeria | 86 items
[2026-05-19T10:49:15.645+0000] {subprocess.py:93} INFO - 
[2026-05-19T10:49:15.647+0000] {subprocess.py:93} INFO -   🔍 [30/30] https://www.talabat.com/egypt/restaurant/735810/mashwyat-bobos-downtown-el-sayeda-zeinab?aid=7766
[2026-05-19T10:49:15.653+0000] {subprocess.py:93} INFO -      Found 71 menu items
[2026-05-19T10:49:15.654+0000] {subprocess.py:93} INFO -      ✔ Bobos Grills | 71 items
[2026-05-19T10:49:15.655+0000] {subprocess.py:93} INFO - 
[2026-05-19T10:49:15.656+0000] {subprocess.py:93} INFO - 💾 Saved 30 restaurants → cairo_2026-05-19_talabat.csv
[2026-05-19T10:49:15.658+0000] {subprocess.py:93} INFO - 
[2026-05-19T10:49:15.660+0000] {subprocess.py:93} INFO - ==================================================
[2026-05-19T10:49:15.661+0000] {subprocess.py:93} INFO - 🍽️  Scraping Talabat: ALEX
[2026-05-19T10:49:15.664+0000] {subprocess.py:93} INFO - ==================================================
[2026-05-19T10:49:15.665+0000] {subprocess.py:93} INFO -   📄 Scraping page 1...
[2026-05-19T10:49:15.666+0000] {subprocess.py:93} INFO -      Found 15 restaurants on page 1
[2026-05-19T10:49:15.667+0000] {subprocess.py:93} INFO -   📄 Scraping page 2...
[2026-05-19T10:49:15.668+0000] {subprocess.py:93} INFO -      Found 15 restaurants on page 2
[2026-05-19T10:49:15.669+0000] {subprocess.py:93} INFO - 
[2026-05-19T10:49:15.672+0000] {subprocess.py:93} INFO - ✅ Total unique restaurants found: 30
[2026-05-19T10:49:15.674+0000] {subprocess.py:93} INFO - 
[2026-05-19T10:49:15.675+0000] {subprocess.py:93} INFO -   🔍 [1/30] https://www.talabat.com/egypt/restaurant/737012/kfc-semoha-kfctgo?aid=7177
[2026-05-19T10:49:15.676+0000] {subprocess.py:93} INFO -      Found 131 menu items
[2026-05-19T10:49:15.678+0000] {subprocess.py:93} INFO -      ✔ KFC | 131 items
[2026-05-19T10:49:15.679+0000] {subprocess.py:93} INFO - 
[2026-05-19T10:49:15.680+0000] {subprocess.py:93} INFO -   🔍 [2/30] https://www.talabat.com/egypt/restaurant/771378/balbaa-karmus?aid=7177
[2026-05-19T10:49:15.682+0000] {subprocess.py:93} INFO -      Found 69 menu items
[2026-05-19T10:49:15.685+0000] {subprocess.py:93} INFO -      ✔ Balbaa | 69 items
[2026-05-19T10:49:15.689+0000] {subprocess.py:93} INFO - 
[2026-05-19T10:49:15.691+0000] {subprocess.py:93} INFO -   🔍 [3/30] https://www.talabat.com/egypt/restaurant/502330/momen-raml-station?aid=7177
[2026-05-19T10:49:15.692+0000] {subprocess.py:93} INFO -      Found 117 menu items
[2026-05-19T10:49:15.693+0000] {subprocess.py:93} INFO -      ✔ Mo'men | 117 items
[2026-05-19T10:49:15.694+0000] {subprocess.py:93} INFO - 
[2026-05-19T10:49:15.695+0000] {subprocess.py:93} INFO -   🔍 [4/30] https://www.talabat.com/egypt/restaurant/508160/nutopia-raml-station?aid=7177
[2026-05-19T10:49:15.697+0000] {subprocess.py:93} INFO -      Found 134 menu items
[2026-05-19T10:49:15.697+0000] {subprocess.py:93} INFO -      ✔ Nutopia | 134 items
[2026-05-19T10:49:15.699+0000] {subprocess.py:93} INFO - 
[2026-05-19T10:49:15.700+0000] {subprocess.py:93} INFO -   🔍 [5/30] https://www.talabat.com/egypt/restaurant/502291/pastaweesy-mostafa-kamel?aid=7177
[2026-05-19T10:49:15.702+0000] {subprocess.py:93} INFO -      Found 85 menu items
[2026-05-19T10:49:15.703+0000] {subprocess.py:93} INFO -      ✔ Pastaweesy | 85 items
[2026-05-19T10:49:15.704+0000] {subprocess.py:93} INFO - 
[2026-05-19T10:49:15.706+0000] {subprocess.py:93} INFO -   🔍 [6/30] https://www.talabat.com/egypt/restaurant/513759/hadra-mout?aid=7177
[2026-05-19T10:49:15.708+0000] {subprocess.py:93} INFO -      Found 118 menu items
[2026-05-19T10:49:15.709+0000] {subprocess.py:93} INFO -      ✔ Hadramout | 118 items
[2026-05-19T10:49:15.712+0000] {subprocess.py:93} INFO - 
[2026-05-19T10:49:15.713+0000] {subprocess.py:93} INFO -   🔍 [7/30] https://www.talabat.com/egypt/restaurant/628131/crepe-club-sporting-sporting?aid=7177
[2026-05-19T10:49:15.716+0000] {subprocess.py:93} INFO -      Found 153 menu items
[2026-05-19T10:49:15.717+0000] {subprocess.py:93} INFO -      ✔ Crepe Club - Sporting | 153 items
[2026-05-19T10:49:15.718+0000] {subprocess.py:93} INFO - 
[2026-05-19T10:49:15.720+0000] {subprocess.py:93} INFO -   🔍 [8/30] https://www.talabat.com/egypt/restaurant/502903/papa-johns-pizza-raml-station?aid=7177
[2026-05-19T10:49:15.729+0000] {subprocess.py:93} INFO -      Found 74 menu items
[2026-05-19T10:49:15.730+0000] {subprocess.py:93} INFO -      ✔ Papa John's Pizza | 74 items
[2026-05-19T10:49:15.731+0000] {subprocess.py:93} INFO - 
[2026-05-19T10:49:15.732+0000] {subprocess.py:93} INFO -   🔍 [9/30] https://www.talabat.com/egypt/restaurant/778778/shehab-glim?aid=7177
[2026-05-19T10:49:15.734+0000] {subprocess.py:93} INFO -      Found 117 menu items
[2026-05-19T10:49:15.736+0000] {subprocess.py:93} INFO -      ✔ Shehab | 117 items
[2026-05-19T10:49:15.737+0000] {subprocess.py:93} INFO - 
[2026-05-19T10:49:15.738+0000] {subprocess.py:93} INFO -   🔍 [10/30] https://www.talabat.com/egypt/restaurant/679502/burger-king-semouha?aid=7177
[2026-05-19T10:49:15.739+0000] {subprocess.py:93} INFO -      Found 98 menu items
[2026-05-19T10:49:15.744+0000] {subprocess.py:93} INFO -      ✔ Burger King | 98 items
[2026-05-19T10:49:15.745+0000] {subprocess.py:93} INFO - 
[2026-05-19T10:49:15.747+0000] {subprocess.py:93} INFO -   🔍 [11/30] https://www.talabat.com/egypt/restaurant/616232/chocolate-shotazarita?aid=7177
[2026-05-19T10:49:15.748+0000] {subprocess.py:93} INFO -      Found 158 menu items
[2026-05-19T10:49:15.749+0000] {subprocess.py:93} INFO -      ✔ Chocolate Shot | 158 items
[2026-05-19T10:49:15.751+0000] {subprocess.py:93} INFO - 
[2026-05-19T10:49:15.752+0000] {subprocess.py:93} INFO -   🔍 [12/30] https://www.talabat.com/egypt/restaurant/503228/tbs-green-plaza?aid=7177
[2026-05-19T10:49:15.753+0000] {subprocess.py:93} INFO -      Found 155 menu items
[2026-05-19T10:49:15.754+0000] {subprocess.py:93} INFO -      ✔ TBS | 155 items
[2026-05-19T10:49:15.759+0000] {subprocess.py:93} INFO - 
[2026-05-19T10:49:15.761+0000] {subprocess.py:93} INFO -   🔍 [13/30] https://www.talabat.com/egypt/restaurant/652008/the-chocolate-factory-semouha-victor-emanouil?aid=7177
[2026-05-19T10:49:15.767+0000] {subprocess.py:93} INFO -      Found 152 menu items
[2026-05-19T10:49:15.768+0000] {subprocess.py:93} INFO -      ✔ The Chocolate Factory | 152 items
[2026-05-19T10:49:15.769+0000] {subprocess.py:93} INFO - 
[2026-05-19T10:49:15.771+0000] {subprocess.py:93} INFO -   🔍 [14/30] https://www.talabat.com/egypt/restaurant/502521/chicken-tikka-green-plazatgo?aid=7177
[2026-05-19T10:49:15.772+0000] {subprocess.py:93} INFO -      Found 99 menu items
[2026-05-19T10:49:15.774+0000] {subprocess.py:93} INFO -      ✔ Chicken Tikka | 99 items
[2026-05-19T10:49:15.776+0000] {subprocess.py:93} INFO - 
[2026-05-19T10:49:15.777+0000] {subprocess.py:93} INFO -   🔍 [15/30] https://www.talabat.com/egypt/restaurant/678299/pizza-king-raml-station-el-ataren?aid=7177
[2026-05-19T10:49:15.779+0000] {subprocess.py:93} INFO -      Found 137 menu items
[2026-05-19T10:49:15.781+0000] {subprocess.py:93} INFO -      ✔ Pizza King | 137 items
[2026-05-19T10:49:15.783+0000] {subprocess.py:93} INFO - 
[2026-05-19T10:49:15.784+0000] {subprocess.py:93} INFO -   🔍 [16/30] https://www.talabat.com/egypt/restaurant/516086/crave-shatby?aid=7177
[2026-05-19T10:49:15.785+0000] {subprocess.py:93} INFO -      Found 116 menu items
[2026-05-19T10:49:15.787+0000] {subprocess.py:93} INFO -      ✔ Crave | 116 items
[2026-05-19T10:49:15.787+0000] {subprocess.py:93} INFO - 
[2026-05-19T10:49:15.788+0000] {subprocess.py:93} INFO -   🔍 [17/30] https://www.talabat.com/egypt/restaurant/765219/burger-republic-shatby?aid=7177
[2026-05-19T10:49:15.789+0000] {subprocess.py:93} INFO -      Found 37 menu items
[2026-05-19T10:49:15.790+0000] {subprocess.py:93} INFO -      ✔ Burger Republic | 37 items
[2026-05-19T10:49:15.791+0000] {subprocess.py:93} INFO - 
[2026-05-19T10:49:15.792+0000] {subprocess.py:93} INFO -   🔍 [18/30] https://www.talabat.com/egypt/restaurant/730085/shamy-elbait-elkeber-semouha-victor-emanouil?aid=7177
[2026-05-19T10:49:15.792+0000] {subprocess.py:93} INFO -      Found 123 menu items
[2026-05-19T10:49:15.793+0000] {subprocess.py:93} INFO -      ✔ Shamy Elbait elkeber | 123 items
[2026-05-19T10:51:40.468+0000] {subprocess.py:93} INFO - 
[2026-05-19T10:51:40.501+0000] {subprocess.py:93} INFO -   🔍 [19/30] https://www.talabat.com/egypt/restaurant/798917/3m-essa-green-plaza?aid=7177
[2026-05-19T10:51:40.514+0000] {subprocess.py:93} INFO -      Found 121 menu items
[2026-05-19T10:51:40.519+0000] {subprocess.py:93} INFO -      ✔ 3m Essa | 121 items
[2026-05-19T10:51:40.529+0000] {subprocess.py:93} INFO - 
[2026-05-19T10:51:40.535+0000] {subprocess.py:93} INFO -   🔍 [20/30] https://www.talabat.com/egypt/restaurant/751942/firey-nash-sidi-gaber?aid=7177
[2026-05-19T10:51:40.536+0000] {subprocess.py:93} INFO -      Found 66 menu items
[2026-05-19T10:51:40.545+0000] {subprocess.py:93} INFO -      ✔ Firey Nash | 66 items
[2026-05-19T10:51:40.547+0000] {subprocess.py:93} INFO - 
[2026-05-19T10:51:40.549+0000] {subprocess.py:93} INFO -   🔍 [21/30] https://www.talabat.com/egypt/restaurant/501605/dokan-samak-sidi-gaber?aid=7177
[2026-05-19T10:51:40.550+0000] {subprocess.py:93} INFO -      Found 74 menu items
[2026-05-19T10:51:40.551+0000] {subprocess.py:93} INFO -      ✔ Dokan Samak - Sidi Gaber | 74 items
[2026-05-19T10:51:40.555+0000] {subprocess.py:93} INFO - 
[2026-05-19T10:51:40.565+0000] {subprocess.py:93} INFO -   🔍 [22/30] https://www.talabat.com/egypt/restaurant/627975/pizza-roma-sporting?aid=7177
[2026-05-19T10:51:40.567+0000] {subprocess.py:93} INFO -      Found 235 menu items
[2026-05-19T10:51:40.569+0000] {subprocess.py:93} INFO -      ✔ Pizza Roma | 235 items
[2026-05-19T10:51:40.570+0000] {subprocess.py:93} INFO - 
[2026-05-19T10:51:40.573+0000] {subprocess.py:93} INFO -   🔍 [23/30] https://www.talabat.com/egypt/restaurant/503087/hardees-carfour-alex-hard?aid=7177
[2026-05-19T10:51:40.574+0000] {subprocess.py:93} INFO -      Found 93 menu items
[2026-05-19T10:51:40.585+0000] {subprocess.py:93} INFO -      ✔ Hardee's | 93 items
[2026-05-19T10:51:40.594+0000] {subprocess.py:93} INFO - 
[2026-05-19T10:51:40.601+0000] {subprocess.py:93} INFO -   🔍 [24/30] https://www.talabat.com/egypt/restaurant/624994/costa-coffeefouad-street-tgo?aid=7177
[2026-05-19T10:51:40.603+0000] {subprocess.py:93} INFO -      Found 112 menu items
[2026-05-19T10:51:40.606+0000] {subprocess.py:93} INFO -      ✔ Costa Coffee | 112 items
[2026-05-19T10:51:40.612+0000] {subprocess.py:93} INFO - 
[2026-05-19T10:51:40.617+0000] {subprocess.py:93} INFO -   🔍 [25/30] https://www.talabat.com/egypt/restaurant/647601/pizza-hut-carrefour-alex-ph?aid=7177
[2026-05-19T10:51:40.619+0000] {subprocess.py:93} INFO -      Found 90 menu items
[2026-05-19T10:51:40.622+0000] {subprocess.py:93} INFO -      ✔ Pizza Hut | 90 items
[2026-05-19T10:51:40.623+0000] {subprocess.py:93} INFO - 
[2026-05-19T10:51:40.631+0000] {subprocess.py:93} INFO -   🔍 [26/30] https://www.talabat.com/egypt/restaurant/725214/cook-door-sporting-cleopatra-tgo?aid=7177
[2026-05-19T10:51:40.636+0000] {subprocess.py:93} INFO -      Found 46 menu items
[2026-05-19T10:51:40.653+0000] {subprocess.py:93} INFO -      ✔ Cook Door | 46 items
[2026-05-19T10:51:40.669+0000] {subprocess.py:93} INFO - 
[2026-05-19T10:51:40.677+0000] {subprocess.py:93} INFO -   🔍 [27/30] https://www.talabat.com/egypt/restaurant/684884/wok-of-fame?aid=7177
[2026-05-19T10:51:40.700+0000] {subprocess.py:93} INFO -      Found 43 menu items
[2026-05-19T10:51:40.703+0000] {subprocess.py:93} INFO -      ✔ Wok Of Fame | 43 items
[2026-05-19T10:51:40.716+0000] {subprocess.py:93} INFO - 
[2026-05-19T10:51:40.749+0000] {subprocess.py:93} INFO -   🔍 [28/30] https://www.talabat.com/egypt/restaurant/730471/ciao-pizza-semouha-semouha-sporting-club?aid=7177
[2026-05-19T10:51:40.764+0000] {subprocess.py:93} INFO -      Found 41 menu items
[2026-05-19T10:51:40.783+0000] {subprocess.py:93} INFO -      ✔ Ciao Pizza | 41 items
[2026-05-19T10:51:40.799+0000] {subprocess.py:93} INFO - 
[2026-05-19T10:51:40.801+0000] {subprocess.py:93} INFO -   🔍 [29/30] https://www.talabat.com/egypt/restaurant/635669/china-house-green-plaza?aid=7177
[2026-05-19T10:51:40.815+0000] {subprocess.py:93} INFO -      Found 153 menu items
[2026-05-19T10:51:40.816+0000] {subprocess.py:93} INFO -      ✔ China House - Semouha | 153 items
[2026-05-19T10:51:40.817+0000] {subprocess.py:93} INFO - 
[2026-05-19T10:51:40.818+0000] {subprocess.py:93} INFO -   🔍 [30/30] https://www.talabat.com/egypt/restaurant/509430/cilantro-shatby?aid=7177
[2026-05-19T10:51:40.819+0000] {subprocess.py:93} INFO -      Found 135 menu items
[2026-05-19T10:51:40.822+0000] {subprocess.py:93} INFO -      ✔ Cilantro | 135 items
[2026-05-19T10:51:40.825+0000] {subprocess.py:93} INFO - 
[2026-05-19T10:51:40.835+0000] {subprocess.py:93} INFO - 💾 Saved 30 restaurants → alex_2026-05-19_talabat.csv
[2026-05-19T10:51:40.848+0000] {subprocess.py:93} INFO - 
[2026-05-19T10:51:40.850+0000] {subprocess.py:93} INFO - ✅ Talabat scraping complete.
[2026-05-19T10:51:41.953+0000] {subprocess.py:97} INFO - Command exited with return code 0
[2026-05-19T10:51:42.155+0000] {taskinstance.py:441} INFO - ::group::Post task execution logs
[2026-05-19T10:51:43.197+0000] {taskinstance.py:1206} INFO - Marking task as SUCCESS. dag_id=weekly_data_pipeline, task_id=run_talabat_scraper, run_id=scheduled__2026-05-11T08:00:00+00:00, execution_date=20260511T080000, start_date=20260519T103716, end_date=20260519T105143
[2026-05-19T10:51:43.713+0000] {local_task_job_runner.py:240} INFO - Task exited with return code 0
[2026-05-19T10:51:44.364+0000] {taskinstance.py:3498} INFO - 0 downstream tasks scheduled from follow-on schedule check
[2026-05-19T10:51:44.379+0000] {local_task_job_runner.py:222} INFO - ::endgroup::
