[2026-05-09T16:17:04.473+0000] {local_task_job_runner.py:120} INFO - ::group::Pre task execution logs
[2026-05-09T16:17:04.571+0000] {taskinstance.py:2076} INFO - Dependencies all met for dep_context=non-requeueable deps ti=<TaskInstance: weekly_data_pipeline.run_talabat_scraper manual__2026-05-09T16:16:51.772300+00:00 [queued]>
[2026-05-09T16:17:04.594+0000] {taskinstance.py:2076} INFO - Dependencies all met for dep_context=requeueable deps ti=<TaskInstance: weekly_data_pipeline.run_talabat_scraper manual__2026-05-09T16:16:51.772300+00:00 [queued]>
[2026-05-09T16:17:04.595+0000] {taskinstance.py:2306} INFO - Starting attempt 1 of 2
[2026-05-09T16:17:04.626+0000] {taskinstance.py:2330} INFO - Executing <Task(BashOperator): run_talabat_scraper> on 2026-05-09 16:16:51.772300+00:00
[2026-05-09T16:17:04.652+0000] {warnings.py:110} WARNING - /home/***/.local/lib/python3.12/site-packages/***/task/task_runner/standard_task_runner.py:61: DeprecationWarning: This process (pid=493) is multi-threaded, use of fork() may lead to deadlocks in the child.
  pid = os.fork()

[2026-05-09T16:17:04.656+0000] {standard_task_runner.py:63} INFO - Started process 504 to run task
[2026-05-09T16:17:04.657+0000] {standard_task_runner.py:90} INFO - Running: ['***', 'tasks', 'run', 'weekly_data_pipeline', 'run_talabat_scraper', 'manual__2026-05-09T16:16:51.772300+00:00', '--job-id', '28', '--raw', '--subdir', 'DAGS_FOLDER/weekly_pipeline.py', '--cfg-path', '/tmp/tmpa21zjkwd']
[2026-05-09T16:17:04.662+0000] {standard_task_runner.py:91} INFO - Job 28: Subtask run_talabat_scraper
[2026-05-09T16:17:04.839+0000] {task_command.py:426} INFO - Running <TaskInstance: weekly_data_pipeline.run_talabat_scraper manual__2026-05-09T16:16:51.772300+00:00 [running]> on host 557cc5cdfec8
[2026-05-09T16:17:04.994+0000] {taskinstance.py:2648} INFO - Exporting env vars: AIRFLOW_CTX_DAG_OWNER='koka' AIRFLOW_CTX_DAG_ID='weekly_data_pipeline' AIRFLOW_CTX_TASK_ID='run_talabat_scraper' AIRFLOW_CTX_EXECUTION_DATE='2026-05-09T16:16:51.772300+00:00' AIRFLOW_CTX_TRY_NUMBER='1' AIRFLOW_CTX_DAG_RUN_ID='manual__2026-05-09T16:16:51.772300+00:00'
[2026-05-09T16:17:04.997+0000] {taskinstance.py:430} INFO - ::endgroup::
[2026-05-09T16:17:04.999+0000] {subprocess.py:63} INFO - Tmp dir root location: /tmp
[2026-05-09T16:17:05.001+0000] {subprocess.py:75} INFO - Running command: ['/usr/bin/bash', '-c', 'python /opt/***/scripts/talabat_scraper.py']
[2026-05-09T16:17:05.025+0000] {subprocess.py:86} INFO - Output:
[2026-05-09T16:22:08.148+0000] {subprocess.py:93} INFO - 
[2026-05-09T16:22:08.149+0000] {subprocess.py:93} INFO - ==================================================
[2026-05-09T16:22:08.150+0000] {subprocess.py:93} INFO - 🍽️  Scraping Talabat: CAIRO
[2026-05-09T16:22:08.151+0000] {subprocess.py:93} INFO - ==================================================
[2026-05-09T16:22:08.152+0000] {subprocess.py:93} INFO - Traceback (most recent call last):
[2026-05-09T16:22:08.153+0000] {subprocess.py:93} INFO -   File "/opt/***/scripts/talabat_scraper.py", line 174, in <module>
[2026-05-09T16:22:08.154+0000] {subprocess.py:93} INFO -     run_city(city_name, base_url, today)
[2026-05-09T16:22:08.154+0000] {subprocess.py:93} INFO -   File "/opt/***/scripts/talabat_scraper.py", line 138, in run_city
[2026-05-09T16:22:08.157+0000] {subprocess.py:93} INFO -     driver = create_driver()
[2026-05-09T16:22:08.157+0000] {subprocess.py:93} INFO -              ^^^^^^^^^^^^^^^
[2026-05-09T16:22:08.158+0000] {subprocess.py:93} INFO -   File "/opt/***/scripts/talabat_scraper.py", line 36, in create_driver
[2026-05-09T16:22:08.161+0000] {subprocess.py:93} INFO -     return webdriver.Remote(command_executor="http://selenium-chrome:4444/wd/hub", options=options)
[2026-05-09T16:22:08.161+0000] {subprocess.py:93} INFO -            ^^^^^^^^^^^^^^^^^^^^^^^^^^^^^^^^^^^^^^^^^^^^^^^^^^^^^^^^^^^^^^^^^^^^^^^^^^^^^^^^^^^^^^^^
[2026-05-09T16:22:08.162+0000] {subprocess.py:93} INFO -   File "/home/***/.local/lib/python3.12/site-packages/selenium/webdriver/remote/webdriver.py", line 274, in __init__
[2026-05-09T16:22:08.162+0000] {subprocess.py:93} INFO -     self.start_session(capabilities)
[2026-05-09T16:22:08.163+0000] {subprocess.py:93} INFO -   File "/home/***/.local/lib/python3.12/site-packages/selenium/webdriver/remote/webdriver.py", line 370, in start_session
[2026-05-09T16:22:08.164+0000] {subprocess.py:93} INFO -     response = self.execute(Command.NEW_SESSION, caps)["value"]
[2026-05-09T16:22:08.164+0000] {subprocess.py:93} INFO -                ^^^^^^^^^^^^^^^^^^^^^^^^^^^^^^^^^^^^^^^
[2026-05-09T16:22:08.165+0000] {subprocess.py:93} INFO -   File "/home/***/.local/lib/python3.12/site-packages/selenium/webdriver/remote/webdriver.py", line 450, in execute
[2026-05-09T16:22:08.166+0000] {subprocess.py:93} INFO -     self.error_handler.check_response(response)
[2026-05-09T16:22:08.166+0000] {subprocess.py:93} INFO -   File "/home/***/.local/lib/python3.12/site-packages/selenium/webdriver/remote/errorhandler.py", line 232, in check_response
[2026-05-09T16:22:08.167+0000] {subprocess.py:93} INFO -     raise exception_class(message, screen, stacktrace)
[2026-05-09T16:22:08.168+0000] {subprocess.py:93} INFO - selenium.common.exceptions.SessionNotCreatedException: Message: Could not start a new session. New session request timed out
[2026-05-09T16:22:08.169+0000] {subprocess.py:93} INFO - Host info: host: '84e2b706bd58', ip: '172.18.0.4'
[2026-05-09T16:22:08.170+0000] {subprocess.py:93} INFO - Build info: version: '4.43.0', revision: 'dd0f534'
[2026-05-09T16:22:08.170+0000] {subprocess.py:93} INFO - System info: os.name: 'Linux', os.arch: 'amd64', os.version: '6.6.87.2-microsoft-standard-WSL2', java.version: '21.0.10'
[2026-05-09T16:22:08.171+0000] {subprocess.py:93} INFO - Driver info: driver.version: unknown; For documentation on this error, please visit: https://www.selenium.dev/documentation/webdriver/troubleshooting/errors#sessionnotcreatedexception
[2026-05-09T16:22:08.172+0000] {subprocess.py:93} INFO - Stacktrace:
[2026-05-09T16:22:08.172+0000] {subprocess.py:93} INFO -     at org.openqa.selenium.grid.sessionqueue.local.LocalNewSessionQueue.addToQueue (LocalNewSessionQueue.java:228)
[2026-05-09T16:22:08.173+0000] {subprocess.py:93} INFO -     at org.openqa.selenium.grid.sessionqueue.NewSessionQueue.lambda$new$1 (NewSessionQueue.java:68)
[2026-05-09T16:22:08.174+0000] {subprocess.py:93} INFO -     at org.openqa.selenium.remote.http.Route$TemplatizedRoute.handle (Route.java:192)
[2026-05-09T16:22:08.174+0000] {subprocess.py:93} INFO -     at org.openqa.selenium.remote.http.Route.execute (Route.java:69)
[2026-05-09T16:22:08.175+0000] {subprocess.py:93} INFO -     at org.openqa.selenium.remote.http.Route$CombinedRoute.handle (Route.java:361)
[2026-05-09T16:22:08.176+0000] {subprocess.py:93} INFO -     at org.openqa.selenium.remote.http.Route.execute (Route.java:69)
[2026-05-09T16:22:08.176+0000] {subprocess.py:93} INFO -     at org.openqa.selenium.grid.sessionqueue.NewSessionQueue.execute (NewSessionQueue.java:128)
[2026-05-09T16:22:08.177+0000] {subprocess.py:93} INFO -     at org.openqa.selenium.remote.tracing.SpanWrappedHttpHandler.execute (SpanWrappedHttpHandler.java:87)
[2026-05-09T16:22:08.178+0000] {subprocess.py:93} INFO -     at org.openqa.selenium.remote.http.Filter$1.execute (Filter.java:63)
[2026-05-09T16:22:08.178+0000] {subprocess.py:93} INFO -     at org.openqa.selenium.remote.http.Route$CombinedRoute.handle (Route.java:361)
[2026-05-09T16:22:08.179+0000] {subprocess.py:93} INFO -     at org.openqa.selenium.remote.http.Route.execute (Route.java:69)
[2026-05-09T16:22:08.180+0000] {subprocess.py:93} INFO -     at org.openqa.selenium.grid.router.Router.execute (Router.java:89)
[2026-05-09T16:22:08.180+0000] {subprocess.py:93} INFO -     at org.openqa.selenium.grid.web.EnsureSpecCompliantResponseHeaders.lambda$apply$0 (EnsureSpecCompliantResponseHeaders.java:34)
[2026-05-09T16:22:08.181+0000] {subprocess.py:93} INFO -     at org.openqa.selenium.remote.http.Filter$1.execute (Filter.java:63)
[2026-05-09T16:22:08.182+0000] {subprocess.py:93} INFO -     at org.openqa.selenium.remote.http.Route$CombinedRoute.handle (Route.java:361)
[2026-05-09T16:22:08.182+0000] {subprocess.py:93} INFO -     at org.openqa.selenium.remote.http.Route.execute (Route.java:69)
[2026-05-09T16:22:08.183+0000] {subprocess.py:93} INFO -     at org.openqa.selenium.remote.http.Route$NestedRoute.handle (Route.java:271)
[2026-05-09T16:22:08.184+0000] {subprocess.py:93} INFO -     at org.openqa.selenium.remote.http.Route.execute (Route.java:69)
[2026-05-09T16:22:08.184+0000] {subprocess.py:93} INFO -     at org.openqa.selenium.remote.http.Route$CombinedRoute.handle (Route.java:361)
[2026-05-09T16:22:08.185+0000] {subprocess.py:93} INFO -     at org.openqa.selenium.remote.http.Route.execute (Route.java:69)
[2026-05-09T16:22:08.186+0000] {subprocess.py:93} INFO -     at org.openqa.selenium.remote.AddWebDriverSpecHeaders.lambda$apply$0 (AddWebDriverSpecHeaders.java:35)
[2026-05-09T16:22:08.187+0000] {subprocess.py:93} INFO -     at org.openqa.selenium.remote.ErrorFilter.lambda$apply$0 (ErrorFilter.java:44)
[2026-05-09T16:22:08.187+0000] {subprocess.py:93} INFO -     at org.openqa.selenium.remote.http.Filter$1.execute (Filter.java:63)
[2026-05-09T16:22:08.188+0000] {subprocess.py:93} INFO -     at org.openqa.selenium.remote.ErrorFilter.lambda$apply$0 (ErrorFilter.java:44)
[2026-05-09T16:22:08.189+0000] {subprocess.py:93} INFO -     at org.openqa.selenium.remote.http.Filter$1.execute (Filter.java:63)
[2026-05-09T16:22:08.189+0000] {subprocess.py:93} INFO -     at org.openqa.selenium.netty.server.SeleniumHandler.lambda$channelRead0$0 (SeleniumHandler.java:49)
[2026-05-09T16:22:08.190+0000] {subprocess.py:93} INFO -     at java.util.concurrent.Executors$RunnableAdapter.call (Executors.java:572)
[2026-05-09T16:22:08.191+0000] {subprocess.py:93} INFO -     at java.util.concurrent.FutureTask.run (FutureTask.java:317)
[2026-05-09T16:22:08.191+0000] {subprocess.py:93} INFO -     at java.util.concurrent.ThreadPoolExecutor.runWorker (ThreadPoolExecutor.java:1144)
[2026-05-09T16:22:08.192+0000] {subprocess.py:93} INFO -     at java.util.concurrent.ThreadPoolExecutor$Worker.run (ThreadPoolExecutor.java:642)
[2026-05-09T16:22:08.193+0000] {subprocess.py:93} INFO -     at java.lang.Thread.run (Thread.java:1583)
[2026-05-09T16:22:08.326+0000] {subprocess.py:97} INFO - Command exited with return code 1
[2026-05-09T16:22:08.330+0000] {taskinstance.py:441} INFO - ::group::Post task execution logs
[2026-05-09T16:22:08.348+0000] {taskinstance.py:2905} ERROR - Task failed with exception
Traceback (most recent call last):
  File "/home/airflow/.local/lib/python3.12/site-packages/airflow/models/taskinstance.py", line 465, in _execute_task
    result = _execute_callable(context=context, **execute_callable_kwargs)
             ^^^^^^^^^^^^^^^^^^^^^^^^^^^^^^^^^^^^^^^^^^^^^^^^^^^^^^^^^^^^^
  File "/home/airflow/.local/lib/python3.12/site-packages/airflow/models/taskinstance.py", line 432, in _execute_callable
    return execute_callable(context=context, **execute_callable_kwargs)
           ^^^^^^^^^^^^^^^^^^^^^^^^^^^^^^^^^^^^^^^^^^^^^^^^^^^^^^^^^^^^
  File "/home/airflow/.local/lib/python3.12/site-packages/airflow/models/baseoperator.py", line 400, in wrapper
    return func(self, *args, **kwargs)
           ^^^^^^^^^^^^^^^^^^^^^^^^^^^
  File "/home/airflow/.local/lib/python3.12/site-packages/airflow/operators/bash.py", line 243, in execute
    raise AirflowException(
airflow.exceptions.AirflowException: Bash command failed. The command returned a non-zero exit code 1.
[2026-05-09T16:22:08.362+0000] {taskinstance.py:1206} INFO - Marking task as UP_FOR_RETRY. dag_id=weekly_data_pipeline, task_id=run_talabat_scraper, run_id=manual__2026-05-09T16:16:51.772300+00:00, execution_date=20260509T161651, start_date=20260509T161704, end_date=20260509T162208
[2026-05-09T16:22:08.392+0000] {standard_task_runner.py:110} ERROR - Failed to execute job 28 for task run_talabat_scraper (Bash command failed. The command returned a non-zero exit code 1.; 504)
[2026-05-09T16:22:08.445+0000] {local_task_job_runner.py:240} INFO - Task exited with return code 1
[2026-05-09T16:22:08.495+0000] {taskinstance.py:3498} INFO - 0 downstream tasks scheduled from follow-on schedule check
[2026-05-09T16:22:08.497+0000] {local_task_job_runner.py:222} INFO - ::endgroup::
