[2026-05-09T15:09:56.571+0000] {local_task_job_runner.py:120} INFO - ::group::Pre task execution logs
[2026-05-09T15:09:56.613+0000] {taskinstance.py:2076} INFO - Dependencies all met for dep_context=non-requeueable deps ti=<TaskInstance: weekly_data_pipeline.run_talabat_scraper manual__2026-05-09T15:04:22.421673+00:00 [queued]>
[2026-05-09T15:09:56.624+0000] {taskinstance.py:2076} INFO - Dependencies all met for dep_context=requeueable deps ti=<TaskInstance: weekly_data_pipeline.run_talabat_scraper manual__2026-05-09T15:04:22.421673+00:00 [queued]>
[2026-05-09T15:09:56.626+0000] {taskinstance.py:2306} INFO - Starting attempt 2 of 2
[2026-05-09T15:09:56.646+0000] {taskinstance.py:2330} INFO - Executing <Task(BashOperator): run_talabat_scraper> on 2026-05-09 15:04:22.421673+00:00
[2026-05-09T15:09:56.663+0000] {warnings.py:110} WARNING - /home/***/.local/lib/python3.12/site-packages/***/task/task_runner/standard_task_runner.py:61: DeprecationWarning: This process (pid=270) is multi-threaded, use of fork() may lead to deadlocks in the child.
  pid = os.fork()

[2026-05-09T15:09:56.667+0000] {standard_task_runner.py:63} INFO - Started process 277 to run task
[2026-05-09T15:09:56.668+0000] {standard_task_runner.py:90} INFO - Running: ['***', 'tasks', 'run', 'weekly_data_pipeline', 'run_talabat_scraper', 'manual__2026-05-09T15:04:22.421673+00:00', '--job-id', '16', '--raw', '--subdir', 'DAGS_FOLDER/weekly_pipeline.py', '--cfg-path', '/tmp/tmp9kw0kwgt']
[2026-05-09T15:09:56.674+0000] {standard_task_runner.py:91} INFO - Job 16: Subtask run_talabat_scraper
[2026-05-09T15:09:56.836+0000] {task_command.py:426} INFO - Running <TaskInstance: weekly_data_pipeline.run_talabat_scraper manual__2026-05-09T15:04:22.421673+00:00 [running]> on host 710e9dbf822b
[2026-05-09T15:09:56.982+0000] {taskinstance.py:2648} INFO - Exporting env vars: AIRFLOW_CTX_DAG_OWNER='koka' AIRFLOW_CTX_DAG_ID='weekly_data_pipeline' AIRFLOW_CTX_TASK_ID='run_talabat_scraper' AIRFLOW_CTX_EXECUTION_DATE='2026-05-09T15:04:22.421673+00:00' AIRFLOW_CTX_TRY_NUMBER='2' AIRFLOW_CTX_DAG_RUN_ID='manual__2026-05-09T15:04:22.421673+00:00'
[2026-05-09T15:09:56.985+0000] {taskinstance.py:430} INFO - ::endgroup::
[2026-05-09T15:09:56.987+0000] {subprocess.py:63} INFO - Tmp dir root location: /tmp
[2026-05-09T15:09:56.989+0000] {subprocess.py:75} INFO - Running command: ['/usr/bin/bash', '-c', 'python /opt/***/scripts/talabat_scraper.py']
[2026-05-09T15:09:57.009+0000] {subprocess.py:86} INFO - Output:
[2026-05-09T15:09:58.736+0000] {subprocess.py:93} INFO - Traceback (most recent call last):
[2026-05-09T15:09:58.737+0000] {subprocess.py:93} INFO -   File "/opt/***/scripts/talabat_scraper.py", line 15, in <module>
[2026-05-09T15:09:58.748+0000] {subprocess.py:93} INFO -     from selenium import webdriver
[2026-05-09T15:09:58.749+0000] {subprocess.py:93} INFO - ModuleNotFoundError: No module named 'selenium'
[2026-05-09T15:09:58.871+0000] {subprocess.py:97} INFO - Command exited with return code 1
[2026-05-09T15:09:58.873+0000] {taskinstance.py:441} INFO - ::group::Post task execution logs
[2026-05-09T15:09:58.892+0000] {taskinstance.py:2905} ERROR - Task failed with exception
Traceback (most recent call last):
  File "/home/airflow/.local/lib/python3.12/site-packages/airflow/models/taskinstance.py", line 465, in _execute_task
    result = _execute_callable(context=context, **execute_callable_kwargs)
             ^^^^^^^^^^^^^^^^^^^^^^^^^^^^^^^^^^^^^^^^^^^^^^^^^^^^^^^^^^^^^
  File "/home/airflow/.local/lib/python3.12/site-packages/airflow/models/taskinstance.py", line 432, in _execute_callable
    return execute_callable(context=context, **execute_callable_kwargs)
           ^^^^^^^^^^^^^^^^^^^^^^^^^^^^^^^^^^^^^^^^^^^^^^^^^^^^^^^^^^^^
  File "/home/airflow/.local/lib/python3.12/site-packages/airflow/models/baseoperator.py", line 400, in wrapper
    return func(self, *args, **kwargs)
           ^^^^^^^^^^^^^^^^^^^^^^^^^^^
  File "/home/airflow/.local/lib/python3.12/site-packages/airflow/operators/bash.py", line 243, in execute
    raise AirflowException(
airflow.exceptions.AirflowException: Bash command failed. The command returned a non-zero exit code 1.
[2026-05-09T15:09:58.902+0000] {taskinstance.py:1206} INFO - Marking task as FAILED. dag_id=weekly_data_pipeline, task_id=run_talabat_scraper, run_id=manual__2026-05-09T15:04:22.421673+00:00, execution_date=20260509T150422, start_date=20260509T150956, end_date=20260509T150958
[2026-05-09T15:09:58.931+0000] {standard_task_runner.py:110} ERROR - Failed to execute job 16 for task run_talabat_scraper (Bash command failed. The command returned a non-zero exit code 1.; 277)
[2026-05-09T15:09:58.972+0000] {local_task_job_runner.py:240} INFO - Task exited with return code 1
[2026-05-09T15:09:59.022+0000] {taskinstance.py:3498} INFO - 0 downstream tasks scheduled from follow-on schedule check
[2026-05-09T15:09:59.032+0000] {local_task_job_runner.py:222} INFO - ::endgroup::
