[2026-05-09T18:12:20.121+0000] {local_task_job_runner.py:120} INFO - ::group::Pre task execution logs
[2026-05-09T18:12:20.398+0000] {taskinstance.py:2076} INFO - Dependencies all met for dep_context=non-requeueable deps ti=<TaskInstance: weekly_data_pipeline.run_talabat_scraper manual__2026-05-09T18:12:13.898928+00:00 [queued]>
[2026-05-09T18:12:20.423+0000] {taskinstance.py:2076} INFO - Dependencies all met for dep_context=requeueable deps ti=<TaskInstance: weekly_data_pipeline.run_talabat_scraper manual__2026-05-09T18:12:13.898928+00:00 [queued]>
[2026-05-09T18:12:20.424+0000] {taskinstance.py:2306} INFO - Starting attempt 1 of 2
[2026-05-09T18:12:20.474+0000] {taskinstance.py:2330} INFO - Executing <Task(BashOperator): run_talabat_scraper> on 2026-05-09 18:12:13.898928+00:00
[2026-05-09T18:12:20.503+0000] {warnings.py:110} WARNING - /home/***/.local/lib/python3.12/site-packages/***/task/task_runner/standard_task_runner.py:61: DeprecationWarning: This process (pid=244) is multi-threaded, use of fork() may lead to deadlocks in the child.
  pid = os.fork()

[2026-05-09T18:12:20.542+0000] {standard_task_runner.py:63} INFO - Started process 255 to run task
[2026-05-09T18:12:20.540+0000] {standard_task_runner.py:90} INFO - Running: ['***', 'tasks', 'run', 'weekly_data_pipeline', 'run_talabat_scraper', 'manual__2026-05-09T18:12:13.898928+00:00', '--job-id', '40', '--raw', '--subdir', 'DAGS_FOLDER/weekly_pipeline.py', '--cfg-path', '/tmp/tmpjvksemgx']
[2026-05-09T18:12:20.545+0000] {standard_task_runner.py:91} INFO - Job 40: Subtask run_talabat_scraper
[2026-05-09T18:12:21.098+0000] {task_command.py:426} INFO - Running <TaskInstance: weekly_data_pipeline.run_talabat_scraper manual__2026-05-09T18:12:13.898928+00:00 [running]> on host 00aef602c10c
[2026-05-09T18:12:21.641+0000] {taskinstance.py:2648} INFO - Exporting env vars: AIRFLOW_CTX_DAG_OWNER='koka' AIRFLOW_CTX_DAG_ID='weekly_data_pipeline' AIRFLOW_CTX_TASK_ID='run_talabat_scraper' AIRFLOW_CTX_EXECUTION_DATE='2026-05-09T18:12:13.898928+00:00' AIRFLOW_CTX_TRY_NUMBER='1' AIRFLOW_CTX_DAG_RUN_ID='manual__2026-05-09T18:12:13.898928+00:00'
[2026-05-09T18:12:21.643+0000] {taskinstance.py:430} INFO - ::endgroup::
[2026-05-09T18:12:22.079+0000] {subprocess.py:63} INFO - Tmp dir root location: /tmp
[2026-05-09T18:12:22.094+0000] {subprocess.py:75} INFO - Running command: ['/usr/bin/bash', '-c', 'python /opt/***/scripts/talabat_scraper.py']
[2026-05-09T18:12:22.156+0000] {subprocess.py:86} INFO - Output:
[2026-05-09T18:24:56.213+0000] {subprocess.py:93} INFO - 
[2026-05-09T18:24:56.281+0000] {subprocess.py:93} INFO - ==================================================
[2026-05-09T18:24:56.284+0000] {subprocess.py:93} INFO - 🍽️  Scraping Talabat: CAIRO
[2026-05-09T18:24:56.287+0000] {subprocess.py:93} INFO - ==================================================
[2026-05-09T18:24:56.288+0000] {subprocess.py:93} INFO -   📄 Scraping page 1...
[2026-05-09T18:24:56.290+0000] {subprocess.py:93} INFO -      Found 15 restaurants on page 1
[2026-05-09T18:24:56.292+0000] {subprocess.py:93} INFO -   📄 Scraping page 2...
[2026-05-09T18:24:56.294+0000] {subprocess.py:93} INFO -      Found 15 restaurants on page 2
[2026-05-09T18:24:56.296+0000] {subprocess.py:93} INFO -   📄 Scraping page 3...
[2026-05-09T18:24:56.298+0000] {subprocess.py:93} INFO -      Found 15 restaurants on page 3
[2026-05-09T18:24:56.299+0000] {subprocess.py:93} INFO -   📄 Scraping page 4...
[2026-05-09T18:24:56.301+0000] {subprocess.py:93} INFO -      Found 15 restaurants on page 4
[2026-05-09T18:24:56.302+0000] {subprocess.py:93} INFO -   📄 Scraping page 5...
[2026-05-09T18:24:56.305+0000] {subprocess.py:93} INFO -      Found 15 restaurants on page 5
[2026-05-09T18:24:56.307+0000] {subprocess.py:93} INFO -   📄 Scraping page 6...
[2026-05-09T18:24:56.310+0000] {subprocess.py:93} INFO -      Found 15 restaurants on page 6
[2026-05-09T18:24:56.311+0000] {subprocess.py:93} INFO -   📄 Scraping page 7...
[2026-05-09T18:24:56.312+0000] {subprocess.py:93} INFO -      Found 15 restaurants on page 7
[2026-05-09T18:24:56.314+0000] {subprocess.py:93} INFO -   📄 Scraping page 8...
[2026-05-09T18:24:56.315+0000] {subprocess.py:93} INFO -      Found 15 restaurants on page 8
[2026-05-09T18:24:56.316+0000] {subprocess.py:93} INFO -   📄 Scraping page 9...
[2026-05-09T18:24:56.317+0000] {subprocess.py:93} INFO -      Found 15 restaurants on page 9
[2026-05-09T18:24:56.318+0000] {subprocess.py:93} INFO -   📄 Scraping page 10...
[2026-05-09T18:24:56.320+0000] {subprocess.py:93} INFO -      Found 15 restaurants on page 10
[2026-05-09T18:24:56.321+0000] {subprocess.py:93} INFO -   📄 Scraping page 11...
[2026-05-09T18:24:56.323+0000] {subprocess.py:93} INFO -      Found 15 restaurants on page 11
[2026-05-09T18:24:56.324+0000] {subprocess.py:93} INFO -   📄 Scraping page 12...
[2026-05-09T18:24:56.325+0000] {subprocess.py:93} INFO -      Found 15 restaurants on page 12
[2026-05-09T18:24:56.327+0000] {subprocess.py:93} INFO -   📄 Scraping page 13...
[2026-05-09T18:24:56.328+0000] {subprocess.py:93} INFO -      Found 15 restaurants on page 13
[2026-05-09T18:24:56.329+0000] {subprocess.py:93} INFO -   📄 Scraping page 14...
[2026-05-09T18:24:56.330+0000] {subprocess.py:93} INFO -      Found 15 restaurants on page 14
[2026-05-09T18:24:56.331+0000] {subprocess.py:93} INFO -   📄 Scraping page 15...
[2026-05-09T18:24:56.332+0000] {subprocess.py:93} INFO -      Found 15 restaurants on page 15
[2026-05-09T18:24:56.333+0000] {subprocess.py:93} INFO -   📄 Scraping page 16...
[2026-05-09T18:24:56.334+0000] {subprocess.py:93} INFO -      Found 15 restaurants on page 16
[2026-05-09T18:24:56.335+0000] {subprocess.py:93} INFO -   📄 Scraping page 17...
[2026-05-09T18:24:56.336+0000] {subprocess.py:93} INFO -      Found 15 restaurants on page 17
[2026-05-09T18:24:56.336+0000] {subprocess.py:93} INFO -   📄 Scraping page 18...
[2026-05-09T18:24:56.337+0000] {subprocess.py:93} INFO -      Found 15 restaurants on page 18
[2026-05-09T18:24:56.338+0000] {subprocess.py:93} INFO -   📄 Scraping page 19...
[2026-05-09T18:24:56.339+0000] {subprocess.py:93} INFO -      Found 15 restaurants on page 19
[2026-05-09T18:24:56.341+0000] {subprocess.py:93} INFO -   📄 Scraping page 20...
[2026-05-09T18:24:56.342+0000] {subprocess.py:93} INFO -      Found 15 restaurants on page 20
[2026-05-09T18:24:56.342+0000] {subprocess.py:93} INFO -   📄 Scraping page 21...
[2026-05-09T18:24:56.345+0000] {subprocess.py:93} INFO -      Found 15 restaurants on page 21
[2026-05-09T18:24:56.346+0000] {subprocess.py:93} INFO -   📄 Scraping page 22...
[2026-05-09T18:24:56.347+0000] {subprocess.py:93} INFO -      Found 15 restaurants on page 22
[2026-05-09T18:24:56.347+0000] {subprocess.py:93} INFO -   📄 Scraping page 23...
[2026-05-09T18:24:56.348+0000] {subprocess.py:93} INFO -      Found 15 restaurants on page 23
[2026-05-09T18:24:56.349+0000] {subprocess.py:93} INFO -   📄 Scraping page 24...
[2026-05-09T18:24:56.350+0000] {subprocess.py:93} INFO -      Found 15 restaurants on page 24
[2026-05-09T18:24:56.351+0000] {subprocess.py:93} INFO -   📄 Scraping page 25...
[2026-05-09T18:24:56.352+0000] {subprocess.py:93} INFO -      Found 15 restaurants on page 25
[2026-05-09T18:24:56.353+0000] {subprocess.py:93} INFO -   📄 Scraping page 26...
[2026-05-09T18:24:56.354+0000] {subprocess.py:93} INFO -      Found 15 restaurants on page 26
[2026-05-09T18:24:56.354+0000] {subprocess.py:93} INFO -   📄 Scraping page 27...
[2026-05-09T18:24:56.355+0000] {subprocess.py:93} INFO -      Found 15 restaurants on page 27
[2026-05-09T18:24:56.356+0000] {subprocess.py:93} INFO -   📄 Scraping page 28...
[2026-05-09T18:24:56.356+0000] {subprocess.py:93} INFO -      Found 15 restaurants on page 28
[2026-05-09T18:24:56.357+0000] {subprocess.py:93} INFO -   📄 Scraping page 29...
[2026-05-09T18:24:56.358+0000] {subprocess.py:93} INFO -      Found 15 restaurants on page 29
[2026-05-09T18:24:56.359+0000] {subprocess.py:93} INFO -   📄 Scraping page 30...
[2026-05-09T18:24:56.360+0000] {subprocess.py:93} INFO -      Found 15 restaurants on page 30
[2026-05-09T18:24:56.361+0000] {subprocess.py:93} INFO -   📄 Scraping page 31...
[2026-05-09T18:24:56.394+0000] {subprocess.py:93} INFO -      Found 15 restaurants on page 31
[2026-05-09T18:24:56.395+0000] {subprocess.py:93} INFO -   📄 Scraping page 32...
[2026-05-09T18:24:56.396+0000] {subprocess.py:93} INFO -      Found 15 restaurants on page 32
[2026-05-09T18:24:56.397+0000] {subprocess.py:93} INFO -   📄 Scraping page 33...
[2026-05-09T18:24:56.398+0000] {subprocess.py:93} INFO -      Found 15 restaurants on page 33
[2026-05-09T18:24:56.399+0000] {subprocess.py:93} INFO -   📄 Scraping page 34...
[2026-05-09T18:24:56.400+0000] {subprocess.py:93} INFO -      Found 15 restaurants on page 34
[2026-05-09T18:24:56.401+0000] {subprocess.py:93} INFO -   📄 Scraping page 35...
[2026-05-09T18:24:56.402+0000] {subprocess.py:93} INFO -      Found 15 restaurants on page 35
[2026-05-09T18:24:56.402+0000] {subprocess.py:93} INFO -   📄 Scraping page 36...
[2026-05-09T18:24:56.404+0000] {subprocess.py:93} INFO -      Found 15 restaurants on page 36
[2026-05-09T18:24:56.404+0000] {subprocess.py:93} INFO -   📄 Scraping page 37...
[2026-05-09T18:24:56.405+0000] {subprocess.py:93} INFO -      Found 15 restaurants on page 37
[2026-05-09T18:24:56.406+0000] {subprocess.py:93} INFO -   📄 Scraping page 38...
[2026-05-09T18:24:56.407+0000] {subprocess.py:93} INFO -      Found 3 restaurants on page 38
[2026-05-09T18:24:56.408+0000] {subprocess.py:93} INFO -   📄 Scraping page 39...
[2026-05-09T18:24:56.409+0000] {subprocess.py:93} INFO -      Found 15 restaurants on page 39
[2026-05-09T18:24:56.410+0000] {subprocess.py:93} INFO -   📄 Scraping page 40...
[2026-05-09T18:24:56.411+0000] {subprocess.py:93} INFO -      Found 15 restaurants on page 40
[2026-05-09T18:24:56.412+0000] {subprocess.py:93} INFO -   📄 Scraping page 41...
[2026-05-09T18:24:56.413+0000] {subprocess.py:93} INFO -      Found 15 restaurants on page 41
[2026-05-09T18:24:56.414+0000] {subprocess.py:93} INFO -   📄 Scraping page 42...
[2026-05-09T18:24:56.414+0000] {subprocess.py:93} INFO -      Found 15 restaurants on page 42
[2026-05-09T18:24:56.415+0000] {subprocess.py:93} INFO -   📄 Scraping page 43...
[2026-05-09T18:24:56.416+0000] {subprocess.py:93} INFO -      Found 15 restaurants on page 43
[2026-05-09T18:24:56.417+0000] {subprocess.py:93} INFO -   📄 Scraping page 44...
[2026-05-09T18:24:56.417+0000] {subprocess.py:93} INFO -      Found 15 restaurants on page 44
[2026-05-09T18:24:56.418+0000] {subprocess.py:93} INFO -   📄 Scraping page 45...
[2026-05-09T18:24:56.419+0000] {subprocess.py:93} INFO -      Found 15 restaurants on page 45
[2026-05-09T18:24:56.420+0000] {subprocess.py:93} INFO -   📄 Scraping page 46...
[2026-05-09T18:24:56.421+0000] {subprocess.py:93} INFO -      Found 15 restaurants on page 46
[2026-05-09T18:24:56.422+0000] {subprocess.py:93} INFO -   📄 Scraping page 47...
[2026-05-09T18:24:56.423+0000] {subprocess.py:93} INFO -      Found 15 restaurants on page 47
[2026-05-09T18:24:56.424+0000] {subprocess.py:93} INFO -   📄 Scraping page 48...
[2026-05-09T18:24:56.424+0000] {subprocess.py:93} INFO -      Found 15 restaurants on page 48
[2026-05-09T18:24:56.425+0000] {subprocess.py:93} INFO -   📄 Scraping page 49...
[2026-05-09T18:24:56.426+0000] {subprocess.py:93} INFO -      Found 15 restaurants on page 49
[2026-05-09T18:24:56.427+0000] {subprocess.py:93} INFO -   📄 Scraping page 50...
[2026-05-09T18:24:56.427+0000] {subprocess.py:93} INFO -      Found 15 restaurants on page 50
[2026-05-09T18:24:56.428+0000] {subprocess.py:93} INFO -   📄 Scraping page 51...
[2026-05-09T18:24:56.429+0000] {subprocess.py:93} INFO -      Found 15 restaurants on page 51
[2026-05-09T18:24:56.429+0000] {subprocess.py:93} INFO -   📄 Scraping page 52...
[2026-05-09T18:24:56.430+0000] {subprocess.py:93} INFO -      Found 15 restaurants on page 52
[2026-05-09T18:24:56.431+0000] {subprocess.py:93} INFO -   📄 Scraping page 53...
[2026-05-09T18:24:56.431+0000] {subprocess.py:93} INFO -      Found 15 restaurants on page 53
[2026-05-09T18:24:56.432+0000] {subprocess.py:93} INFO -   📄 Scraping page 54...
[2026-05-09T18:24:56.433+0000] {subprocess.py:93} INFO -      Found 15 restaurants on page 54
[2026-05-09T18:24:56.433+0000] {subprocess.py:93} INFO -   📄 Scraping page 55...
[2026-05-09T18:24:56.435+0000] {subprocess.py:93} INFO -      Found 15 restaurants on page 55
[2026-05-09T18:24:56.435+0000] {subprocess.py:93} INFO -   📄 Scraping page 56...
[2026-05-09T18:24:56.436+0000] {subprocess.py:93} INFO -      Found 15 restaurants on page 56
[2026-05-09T18:24:56.437+0000] {subprocess.py:93} INFO - 
[2026-05-09T18:24:56.438+0000] {subprocess.py:93} INFO - ✅ Total unique restaurants found: 551
[2026-05-09T18:24:56.439+0000] {subprocess.py:93} INFO - 
[2026-05-09T18:24:56.440+0000] {subprocess.py:93} INFO -   🔍 [1/551] https://www.talabat.com/egypt/restaurant/502884/papa-johns-pizza--el-mesaha?aid=7766
[2026-05-09T18:24:56.441+0000] {subprocess.py:93} INFO -      Found 74 menu items
[2026-05-09T18:24:56.443+0000] {subprocess.py:93} INFO -      ✔ Papa John's Pizza | 74 items
[2026-05-09T18:24:56.443+0000] {subprocess.py:93} INFO - 
[2026-05-09T18:24:56.445+0000] {subprocess.py:93} INFO -   🔍 [2/551] https://www.talabat.com/egypt/restaurant/761427/laroma-gourmet-coffee-downtown--abdin?aid=7766
[2026-05-09T18:24:56.446+0000] {subprocess.py:93} INFO -      Found 46 menu items
[2026-05-09T18:24:56.447+0000] {subprocess.py:93} INFO -      ✔ L'aroma Gourmet Coffee | 46 items
[2026-05-09T18:24:56.447+0000] {subprocess.py:93} INFO - 
[2026-05-09T18:24:56.449+0000] {subprocess.py:93} INFO -   🔍 [3/551] https://www.talabat.com/egypt/pharmacy/695689/fayek-pharmacies-al-manial?aid=7766
[2026-05-09T18:24:56.450+0000] {subprocess.py:93} INFO -      Found 0 menu items
[2026-05-09T18:24:56.450+0000] {subprocess.py:93} INFO -      ✔ Fayek PharmaciesinDowntown - Magra El Ouyon,Egypt | 0 items
[2026-05-09T18:24:56.451+0000] {subprocess.py:93} INFO - 
[2026-05-09T18:24:56.452+0000] {subprocess.py:93} INFO -   🔍 [4/551] https://www.talabat.com/egypt/restaurant/801505/griix-zamalek--mohamed-mazhar?aid=7766
[2026-05-09T18:24:56.453+0000] {subprocess.py:93} INFO -      Found 40 menu items
[2026-05-09T18:24:56.454+0000] {subprocess.py:93} INFO -      ✔ GRIIX | 40 items
[2026-05-09T18:24:56.455+0000] {subprocess.py:93} INFO - 
[2026-05-09T18:24:56.456+0000] {subprocess.py:93} INFO -   🔍 [5/551] https://www.talabat.com/egypt/restaurant/732672/wok-tasa-maadi-old-tmp?aid=7766
[2026-05-09T18:24:56.458+0000] {subprocess.py:93} INFO -      Found 51 menu items
[2026-05-09T18:24:56.459+0000] {subprocess.py:93} INFO -      ✔ Wok & Tasa | 51 items
[2026-05-09T18:24:56.460+0000] {subprocess.py:93} INFO - 
[2026-05-09T18:24:56.461+0000] {subprocess.py:93} INFO -   🔍 [6/551] https://www.talabat.com/egypt/restaurant/787288/grill-park-al-manial?aid=7766
[2026-05-09T18:24:56.462+0000] {subprocess.py:93} INFO -      Found 30 menu items
[2026-05-09T18:24:56.463+0000] {subprocess.py:93} INFO -      ✔ Grill park | 30 items
[2026-05-09T18:24:56.464+0000] {subprocess.py:93} INFO - 
[2026-05-09T18:24:56.464+0000] {subprocess.py:93} INFO -   🔍 [7/551] https://www.talabat.com/egypt/restaurant/732798/blaban-downtown--el-sayeda-zeinab?aid=7766
[2026-05-09T18:24:56.466+0000] {subprocess.py:93} INFO -      Found 62 menu items
[2026-05-09T18:24:56.467+0000] {subprocess.py:93} INFO -      ✔ B.LABAN | 62 items
[2026-05-09T18:24:56.467+0000] {subprocess.py:93} INFO - 
[2026-05-09T18:24:56.468+0000] {subprocess.py:93} INFO -   🔍 [8/551] https://www.talabat.com/egypt/restaurant/723508/ama-sushi-zamalek--cairo-tower?aid=7766
[2026-05-09T18:24:56.469+0000] {subprocess.py:93} INFO -      Found 168 menu items
[2026-05-09T18:24:56.470+0000] {subprocess.py:93} INFO -      ✔ Ama Sushi | 168 items
[2026-05-09T18:24:56.471+0000] {subprocess.py:93} INFO - 
[2026-05-09T18:24:56.472+0000] {subprocess.py:93} INFO -   🔍 [9/551] https://www.talabat.com/egypt/restaurant/506185/cairoma--downtown?aid=7766
[2026-05-09T18:24:56.472+0000] {subprocess.py:93} INFO -      Found 40 menu items
[2026-05-09T18:24:56.474+0000] {subprocess.py:93} INFO -      ✔ Cairoma | 40 items
[2026-05-09T18:24:56.475+0000] {subprocess.py:93} INFO - 
[2026-05-09T18:24:56.475+0000] {subprocess.py:93} INFO -   🔍 [10/551] https://www.talabat.com/egypt/restaurant/723473/zstop-zamalek--gezira-club?aid=7766
[2026-05-09T18:24:56.476+0000] {subprocess.py:93} INFO -      Found 128 menu items
[2026-05-09T18:24:56.477+0000] {subprocess.py:93} INFO -      ✔ ZStop | 128 items
[2026-05-09T18:24:56.478+0000] {subprocess.py:93} INFO - 
[2026-05-09T18:24:56.478+0000] {subprocess.py:93} INFO -   🔍 [11/551] https://www.talabat.com/egypt/restaurant/747014/launa-downtown--boulaq-abu-el-ela?aid=7766
[2026-05-09T18:24:56.479+0000] {subprocess.py:93} INFO -      Found 49 menu items
[2026-05-09T18:24:56.480+0000] {subprocess.py:93} INFO -      ✔ Launa | 49 items
[2026-05-09T18:24:56.481+0000] {subprocess.py:93} INFO - 
[2026-05-09T18:24:56.481+0000] {subprocess.py:93} INFO -   🔍 [12/551] https://www.talabat.com/egypt/restaurant/664263/more-in-al-manial?aid=7766
[2026-05-09T18:24:56.482+0000] {subprocess.py:93} INFO -      Found 148 menu items
[2026-05-09T18:24:56.483+0000] {subprocess.py:93} INFO -      ✔ More In | 148 items
[2026-05-09T18:24:56.484+0000] {subprocess.py:93} INFO - 
[2026-05-09T18:24:56.484+0000] {subprocess.py:93} INFO -   🔍 [13/551] https://www.talabat.com/egypt/restaurant/719095/elmobarakia-restaurant-mohandesin--jazerat-el-arab?aid=7766
[2026-05-09T18:24:56.486+0000] {subprocess.py:93} INFO -      Found 97 menu items
[2026-05-09T18:24:56.488+0000] {subprocess.py:93} INFO -      ✔ Elmobarakia Restaurant | 97 items
[2026-05-09T18:24:56.489+0000] {subprocess.py:93} INFO - 
[2026-05-09T18:24:56.490+0000] {subprocess.py:93} INFO -   🔍 [14/551] https://www.talabat.com/egypt/restaurant/764690/mr-koko-downtown--abdin?aid=7766
[2026-05-09T18:24:56.491+0000] {subprocess.py:93} INFO -      Found 73 menu items
[2026-05-09T18:24:56.492+0000] {subprocess.py:93} INFO -      ✔ Mr. Koko | 73 items
[2026-05-09T18:24:56.493+0000] {subprocess.py:93} INFO - 
[2026-05-09T18:24:56.494+0000] {subprocess.py:93} INFO -   🔍 [15/551] https://www.talabat.com/egypt/restaurant/518829/baba-abdudowntown--el-gomhorya?aid=7766
[2026-05-09T18:24:56.496+0000] {subprocess.py:93} INFO -      Found 0 menu items
[2026-05-09T18:24:56.497+0000] {subprocess.py:93} INFO -      ✔ baba Abdu | 0 items
[2026-05-09T18:24:56.498+0000] {subprocess.py:93} INFO - 
[2026-05-09T18:24:56.499+0000] {subprocess.py:93} INFO -   🔍 [16/551] https://www.talabat.com/egypt/restaurant/685031/casa-della-pasta-zamalek--gezira-club?aid=7766
[2026-05-09T18:24:56.500+0000] {subprocess.py:93} INFO -      Found 82 menu items
[2026-05-09T18:24:56.501+0000] {subprocess.py:93} INFO -      ✔ Casa Della Pasta | 82 items
[2026-05-09T18:24:56.502+0000] {subprocess.py:93} INFO - 
[2026-05-09T18:24:56.503+0000] {subprocess.py:93} INFO -   🔍 [17/551] https://www.talabat.com/egypt/restaurant/626879/alban-el-shenawy-downtown--el-sayeda-zeinab?aid=7766
[2026-05-09T18:24:56.505+0000] {subprocess.py:93} INFO -      Found 31 menu items
[2026-05-09T18:24:56.506+0000] {subprocess.py:93} INFO -      ✔ Alban El Shenawy | 31 items
[2026-05-09T18:24:56.506+0000] {subprocess.py:93} INFO - 
[2026-05-09T18:24:56.507+0000] {subprocess.py:93} INFO -   🔍 [18/551] https://www.talabat.com/egypt/restaurant/769978/sham-el-ezz-downtown--qasr-el-nile?aid=7766
[2026-05-09T18:24:56.508+0000] {subprocess.py:93} INFO -      Found 106 menu items
[2026-05-09T18:24:56.509+0000] {subprocess.py:93} INFO -      ✔ Sham El Ezz | 106 items
[2026-05-09T18:24:56.510+0000] {subprocess.py:93} INFO - 
[2026-05-09T18:24:56.511+0000] {subprocess.py:93} INFO -   🔍 [19/551] https://www.talabat.com/egypt/restaurant/744604/ahl-cairo-zamalek--abo-el-feda?aid=7766
[2026-05-09T18:24:56.512+0000] {subprocess.py:93} INFO -      Found 132 menu items
[2026-05-09T18:24:56.513+0000] {subprocess.py:93} INFO -      ✔ Ahl Cairo | 132 items
[2026-05-09T18:24:56.514+0000] {subprocess.py:93} INFO - 
[2026-05-09T18:24:56.514+0000] {subprocess.py:93} INFO -   🔍 [20/551] https://www.talabat.com/egypt/restaurant/799440/beats-beans-zamalek--el-ahly-club?aid=7766
[2026-05-09T18:24:56.515+0000] {subprocess.py:93} INFO -      Found 70 menu items
[2026-05-09T18:24:56.516+0000] {subprocess.py:93} INFO -      ✔ beats & beans | 70 items
[2026-05-09T18:24:56.517+0000] {subprocess.py:93} INFO - 
[2026-05-09T18:24:56.518+0000] {subprocess.py:93} INFO -   🔍 [21/551] https://www.talabat.com/egypt/restaurant/515710/lychee-zamalekzamalek--26-july-tgo?aid=7766
[2026-05-09T18:24:56.519+0000] {subprocess.py:93} INFO -      Found 67 menu items
[2026-05-09T18:24:56.520+0000] {subprocess.py:93} INFO -      ✔ Lychee | 67 items
[2026-05-09T18:24:56.520+0000] {subprocess.py:93} INFO - 
[2026-05-09T18:24:56.521+0000] {subprocess.py:93} INFO -   🔍 [22/551] https://www.talabat.com/egypt/restaurant/718065/local-giza--mourad?aid=7766
[2026-05-09T18:24:56.522+0000] {subprocess.py:93} INFO -      Found 53 menu items
[2026-05-09T18:24:56.523+0000] {subprocess.py:93} INFO -      ✔ Local | 53 items
[2026-05-09T18:24:56.524+0000] {subprocess.py:93} INFO - 
[2026-05-09T18:24:56.525+0000] {subprocess.py:93} INFO -   🔍 [23/551] https://www.talabat.com/egypt/restaurant/732729/konafa-w-basbosa-el-saida-zainab?aid=7766
[2026-05-09T18:24:56.526+0000] {subprocess.py:93} INFO -      Found 24 menu items
[2026-05-09T18:24:56.527+0000] {subprocess.py:93} INFO -      ✔ Konafa w basbosa | 24 items
[2026-05-09T18:24:56.528+0000] {subprocess.py:93} INFO - 
[2026-05-09T18:24:56.529+0000] {subprocess.py:93} INFO -   🔍 [24/551] https://www.talabat.com/egypt/restaurant/777902/amwaj-downtown--boulaq-abu-el-ela?aid=7766
[2026-05-09T18:24:56.530+0000] {subprocess.py:93} INFO -      Found 68 menu items
[2026-05-09T18:24:56.531+0000] {subprocess.py:93} INFO -      ✔ Amwaj | 68 items
[2026-05-09T18:24:56.532+0000] {subprocess.py:93} INFO - 
[2026-05-09T18:24:56.532+0000] {subprocess.py:93} INFO -   🔍 [25/551] https://www.talabat.com/egypt/restaurant/701326/soori-bitesdowntown--el-gomhorya?aid=7766
[2026-05-09T18:24:56.534+0000] {subprocess.py:93} INFO -      Found 103 menu items
[2026-05-09T18:24:56.535+0000] {subprocess.py:93} INFO -      ✔ Soori Bites | 103 items
[2026-05-09T18:24:56.541+0000] {subprocess.py:93} INFO - 
[2026-05-09T18:24:56.541+0000] {subprocess.py:93} INFO -   🔍 [26/551] https://www.talabat.com/egypt/restaurant/698753/baskin-robbin-downtown--talaat-harab?aid=7766
[2026-05-09T18:24:56.542+0000] {subprocess.py:93} INFO -      Found 54 menu items
[2026-05-09T18:24:56.543+0000] {subprocess.py:93} INFO -      ✔ Baskin Robbins | 54 items
[2026-05-09T18:24:56.544+0000] {subprocess.py:93} INFO - 
[2026-05-09T18:24:56.545+0000] {subprocess.py:93} INFO -   🔍 [27/551] https://www.talabat.com/egypt/restaurant/749406/karak-boy-downtown--talaat-harab?aid=7766
[2026-05-09T18:24:56.546+0000] {subprocess.py:93} INFO -      Found 109 menu items
[2026-05-09T18:24:56.547+0000] {subprocess.py:93} INFO -      ✔ Karak Boy | 109 items
[2026-05-09T18:33:14.976+0000] {subprocess.py:93} INFO - 
[2026-05-09T18:33:14.977+0000] {subprocess.py:93} INFO -   🔍 [28/551] https://www.talabat.com/egypt/restaurant/775587/abu-el-ghet-restaurant-giza--el-bahr-el-azzam?aid=7766
[2026-05-09T18:33:14.979+0000] {subprocess.py:93} INFO -      Found 7 menu items
[2026-05-09T18:33:14.980+0000] {subprocess.py:93} INFO -      ✔ Abu El Ghet Restaurant | 7 items
[2026-05-09T18:33:14.982+0000] {subprocess.py:93} INFO - 
[2026-05-09T18:33:14.983+0000] {subprocess.py:93} INFO -   🔍 [29/551] https://www.talabat.com/egypt/restaurant/517378/nespresso-zamalek--fenon-gamila?aid=7766
[2026-05-09T18:33:14.984+0000] {subprocess.py:93} INFO -      Found 0 menu items
[2026-05-09T18:33:14.984+0000] {subprocess.py:93} INFO -      ✔ NespressoinDowntown - Magra El Ouyon,Egypt | 0 items
[2026-05-09T18:33:14.986+0000] {subprocess.py:93} INFO - 
[2026-05-09T18:33:14.988+0000] {subprocess.py:93} INFO -   🔍 [30/551] https://www.talabat.com/egypt/restaurant/638087/ahlein-lebanese-restaurantal-manial?aid=7766
[2026-05-09T18:33:14.989+0000] {subprocess.py:93} INFO -      Found 65 menu items
[2026-05-09T18:33:14.990+0000] {subprocess.py:93} INFO -      ✔ Ahlein Lebanese Restaurant | 65 items
[2026-05-09T18:33:14.991+0000] {subprocess.py:93} INFO - 
[2026-05-09T18:33:14.993+0000] {subprocess.py:93} INFO -   🔍 [31/551] https://www.talabat.com/egypt/restaurant/781653/al-amir-pizza-downtown--abdin?aid=7766
[2026-05-09T18:33:14.994+0000] {subprocess.py:93} INFO -      Found 78 menu items
[2026-05-09T18:33:14.995+0000] {subprocess.py:93} INFO -      ✔ Al Amir Pizza | 78 items
[2026-05-09T18:33:14.996+0000] {subprocess.py:93} INFO - 
[2026-05-09T18:33:14.997+0000] {subprocess.py:93} INFO -   🔍 [32/551] https://www.talabat.com/egypt/restaurant/767854/beyond-cafe-zamalek--abo-el-feda?aid=7766
[2026-05-09T18:33:14.999+0000] {subprocess.py:93} INFO -      Found 67 menu items
[2026-05-09T18:33:15.000+0000] {subprocess.py:93} INFO -      ✔ Beyond Cafe | 67 items
[2026-05-09T18:33:15.001+0000] {subprocess.py:93} INFO - 
[2026-05-09T18:33:15.002+0000] {subprocess.py:93} INFO -   🔍 [33/551] https://www.talabat.com/egypt/restaurant/799253/beit-al-ezz-restaurant-cafe-misr-el-kadema?aid=7766
[2026-05-09T18:33:15.004+0000] {subprocess.py:93} INFO -      Found 51 menu items
[2026-05-09T18:33:15.009+0000] {subprocess.py:93} INFO -      ✔ Beit Al Ezz Restaurant and Cafe | 51 items
[2026-05-09T18:33:15.010+0000] {subprocess.py:93} INFO - 
[2026-05-09T18:33:15.011+0000] {subprocess.py:93} INFO -   🔍 [34/551] https://www.talabat.com/egypt/restaurant/637556/elkazaz-restaurants-downtown--talaat-harab?aid=7766
[2026-05-09T18:33:15.012+0000] {subprocess.py:93} INFO -      Found 131 menu items
[2026-05-09T18:33:15.014+0000] {subprocess.py:93} INFO -      ✔ ElKazaz Restaurants | 131 items
[2026-05-09T18:33:15.015+0000] {subprocess.py:93} INFO - 
[2026-05-09T18:33:15.016+0000] {subprocess.py:93} INFO -   🔍 [35/551] https://www.talabat.com/egypt/restaurant/766267/monginis-downtown--el-sayeda-zeinab?aid=7766
[2026-05-09T18:33:15.018+0000] {subprocess.py:93} INFO -      Found 57 menu items
[2026-05-09T18:33:15.020+0000] {subprocess.py:93} INFO -      ✔ Monginis | 57 items
[2026-05-09T18:33:15.022+0000] {subprocess.py:93} INFO - 
[2026-05-09T18:33:15.023+0000] {subprocess.py:93} INFO -   🔍 [36/551] https://www.talabat.com/egypt/restaurant/507781/burger-king-al-manial?aid=7766
[2026-05-09T18:33:15.025+0000] {subprocess.py:93} INFO -      Found 83 menu items
[2026-05-09T18:33:15.027+0000] {subprocess.py:93} INFO -      ✔ Burger King | 83 items
[2026-05-09T18:33:15.028+0000] {subprocess.py:93} INFO - 
[2026-05-09T18:33:15.030+0000] {subprocess.py:93} INFO -   🔍 [37/551] https://www.talabat.com/egypt/restaurant/801421/panzo-zamalek--cairo-tower?aid=7766
[2026-05-09T18:33:15.032+0000] {subprocess.py:93} INFO -      Found 64 menu items
[2026-05-09T18:33:15.033+0000] {subprocess.py:93} INFO -      ✔ Panzo | 64 items
[2026-05-09T18:33:15.034+0000] {subprocess.py:93} INFO - 
[2026-05-09T18:33:15.036+0000] {subprocess.py:93} INFO -   🔍 [38/551] https://www.talabat.com/egypt/restaurant/502438/taboula--garden-city?aid=7766
[2026-05-09T18:33:15.037+0000] {subprocess.py:93} INFO -      Found 103 menu items
[2026-05-09T18:33:15.041+0000] {subprocess.py:93} INFO -      ✔ Taboula | 103 items
[2026-05-09T18:33:15.043+0000] {subprocess.py:93} INFO - 
[2026-05-09T18:33:15.045+0000] {subprocess.py:93} INFO -   🔍 [39/551] https://www.talabat.com/egypt/restaurant/799131/crinkle-downtown--tahrir?aid=7766
[2026-05-09T18:33:15.046+0000] {subprocess.py:93} INFO -      Found 45 menu items
[2026-05-09T18:33:15.048+0000] {subprocess.py:93} INFO -      ✔ Crinkle | 45 items
[2026-05-09T18:33:15.049+0000] {subprocess.py:93} INFO - 
[2026-05-09T18:33:15.050+0000] {subprocess.py:93} INFO -   🔍 [40/551] https://www.talabat.com/egypt/pharmacy/771630/drlotfy-ali-pharmacy-al-manial?aid=7766
[2026-05-09T18:33:15.051+0000] {subprocess.py:93} INFO -      Found 0 menu items
[2026-05-09T18:33:15.052+0000] {subprocess.py:93} INFO -      ✔ DR.LOTFY ALI PHARMACYinDowntown - Magra El Ouyon,Egypt | 0 items
[2026-05-09T18:33:15.053+0000] {subprocess.py:93} INFO - 
[2026-05-09T18:33:15.056+0000] {subprocess.py:93} INFO -   🔍 [41/551] https://www.talabat.com/egypt/restaurant/668317/oldish-zamalek--abo-el-feda?aid=7766
[2026-05-09T18:33:15.057+0000] {subprocess.py:93} INFO -      Found 107 menu items
[2026-05-09T18:33:15.059+0000] {subprocess.py:93} INFO -      ✔ Oldish | 107 items
[2026-05-09T18:33:15.061+0000] {subprocess.py:93} INFO - 
[2026-05-09T18:33:15.062+0000] {subprocess.py:93} INFO -   🔍 [42/551] https://www.talabat.com/egypt/restaurant/751244/karam-el-sham-downtown--talaat-harab?aid=7766
[2026-05-09T18:33:15.063+0000] {subprocess.py:93} INFO -      Found 124 menu items
[2026-05-09T18:33:15.063+0000] {subprocess.py:93} INFO -      ✔ karam el sham | 124 items
[2026-05-09T18:33:15.065+0000] {subprocess.py:93} INFO - 
[2026-05-09T18:33:15.066+0000] {subprocess.py:93} INFO -   🔍 [43/551] https://www.talabat.com/egypt/restaurant/789499/flame-up-shobra--souk-rod-el-farg?aid=7766
[2026-05-09T18:33:15.067+0000] {subprocess.py:93} INFO -      Found 43 menu items
[2026-05-09T18:33:15.068+0000] {subprocess.py:93} INFO -      ✔ Flame up | 43 items
[2026-05-09T18:33:15.069+0000] {subprocess.py:93} INFO - 
[2026-05-09T18:33:15.070+0000] {subprocess.py:93} INFO -   🔍 [44/551] https://www.talabat.com/egypt/restaurant/799436/bon-elgharabawy-giza--el-omraneya-el-sharkeya?aid=7766
[2026-05-09T18:33:15.073+0000] {subprocess.py:93} INFO -      Found 46 menu items
[2026-05-09T18:33:15.074+0000] {subprocess.py:93} INFO -      ✔ Bon Elgharabawy | 46 items
[2026-05-09T18:33:15.075+0000] {subprocess.py:93} INFO - 
[2026-05-09T18:33:15.077+0000] {subprocess.py:93} INFO -   🔍 [45/551] https://www.talabat.com/egypt/restaurant/760546/scent-of-coffee-zamalek--abo-el-feda?aid=7766
[2026-05-09T18:33:15.079+0000] {subprocess.py:93} INFO -      Found 50 menu items
[2026-05-09T18:33:15.080+0000] {subprocess.py:93} INFO -      ✔ Scent of coffee | 50 items
[2026-05-09T18:33:15.082+0000] {subprocess.py:93} INFO - 
[2026-05-09T18:33:15.083+0000] {subprocess.py:93} INFO -   🔍 [46/551] https://www.talabat.com/egypt/restaurant/789449/geziret-el-hamam-zamalek--gezira-club?aid=7766
[2026-05-09T18:33:15.084+0000] {subprocess.py:93} INFO -      Found 62 menu items
[2026-05-09T18:33:15.085+0000] {subprocess.py:93} INFO -      ✔ Geziret El Hamam | 62 items
[2026-05-09T18:33:15.087+0000] {subprocess.py:93} INFO - 
[2026-05-09T18:33:15.088+0000] {subprocess.py:93} INFO -   🔍 [47/551] https://www.talabat.com/egypt/restaurant/761857/coffeeholics-downtown--tahrir?aid=7766
[2026-05-09T18:33:15.089+0000] {subprocess.py:93} INFO -      Found 69 menu items
[2026-05-09T18:33:15.090+0000] {subprocess.py:93} INFO -      ✔ Coffeeholics | 69 items
[2026-05-09T18:33:15.092+0000] {subprocess.py:93} INFO - 
[2026-05-09T18:33:15.093+0000] {subprocess.py:93} INFO -   🔍 [48/551] https://www.talabat.com/egypt/restaurant/785888/pizza-elroda-al-manial?aid=7766
[2026-05-09T18:33:15.094+0000] {subprocess.py:93} INFO -      Found 77 menu items
[2026-05-09T18:33:15.095+0000] {subprocess.py:93} INFO -      ✔ PIZZA ELRODA | 77 items
[2026-05-09T18:33:15.096+0000] {subprocess.py:93} INFO - 
[2026-05-09T18:33:15.097+0000] {subprocess.py:93} INFO -   🔍 [49/551] https://www.talabat.com/egypt/restaurant/716795/roma-pizza-to-go-zamalek--mohamed-mazhar--tgo?aid=7766
[2026-05-09T18:33:15.098+0000] {subprocess.py:93} INFO -      Found 55 menu items
[2026-05-09T18:33:15.099+0000] {subprocess.py:93} INFO -      ✔ Roma Pizza To Go | 55 items
[2026-05-09T18:33:15.101+0000] {subprocess.py:93} INFO - 
[2026-05-09T18:33:15.101+0000] {subprocess.py:93} INFO -   🔍 [50/551] https://www.talabat.com/egypt/restaurant/738314/city-crepe-downtown--talaat-harab?aid=7766
[2026-05-09T18:33:15.103+0000] {subprocess.py:93} INFO -      Found 71 menu items
[2026-05-09T18:33:15.103+0000] {subprocess.py:93} INFO -      ✔ City Crepe | 71 items
[2026-05-09T18:33:15.105+0000] {subprocess.py:93} INFO - 
[2026-05-09T18:33:15.107+0000] {subprocess.py:93} INFO -   🔍 [51/551] https://www.talabat.com/egypt/restaurant/782109/gambrika-downtown--bab-ash-shariyah?aid=7766
[2026-05-09T18:33:15.108+0000] {subprocess.py:93} INFO -      Found 77 menu items
[2026-05-09T18:33:15.109+0000] {subprocess.py:93} INFO -      ✔ Gambrika | 77 items
[2026-05-09T18:33:15.111+0000] {subprocess.py:93} INFO - 
[2026-05-09T18:33:15.112+0000] {subprocess.py:93} INFO -   🔍 [52/551] https://www.talabat.com/egypt/restaurant/654556/el-shabrawy-restaurant-downtown--el-sayeda-zeinab?aid=7766
[2026-05-09T18:33:15.118+0000] {subprocess.py:93} INFO -      Found 181 menu items
[2026-05-09T18:33:15.119+0000] {subprocess.py:93} INFO -      ✔ El Shabrawy Restaurant | 181 items
[2026-05-09T18:33:15.123+0000] {subprocess.py:93} INFO - 
[2026-05-09T18:33:15.124+0000] {subprocess.py:93} INFO -   🔍 [53/551] https://www.talabat.com/egypt/restaurant/782943/abo-samra-el-sharkawy-downtown--qasr-el-ainy?aid=7766
[2026-05-09T18:33:15.126+0000] {subprocess.py:93} INFO -      Found 68 menu items
[2026-05-09T18:33:15.127+0000] {subprocess.py:93} INFO -      ✔ Abo Samra El Sharkawy | 68 items
[2026-05-09T18:33:15.128+0000] {subprocess.py:93} INFO - 
[2026-05-09T18:33:15.129+0000] {subprocess.py:93} INFO -   🔍 [54/551] https://www.talabat.com/egypt/grocery/791986/aswaq-elmaghraby-giza--giza-square?aid=7766
[2026-05-09T18:33:15.131+0000] {subprocess.py:93} INFO -      Found 0 menu items
[2026-05-09T18:33:15.132+0000] {subprocess.py:93} INFO -      ✔ Aswaq ElMaghrabyinDowntown - Magra El Ouyon,Egypt | 0 items
[2026-05-09T18:33:15.133+0000] {subprocess.py:93} INFO - 
[2026-05-09T18:33:15.135+0000] {subprocess.py:93} INFO -   🔍 [55/551] https://www.talabat.com/egypt/restaurant/724336/stavolta-gelato-zamalek--marashly?aid=7766
[2026-05-09T18:33:15.136+0000] {subprocess.py:93} INFO -      Found 38 menu items
[2026-05-09T18:33:15.139+0000] {subprocess.py:93} INFO -      ✔ Stavolta Gelato | 38 items
[2026-05-09T18:33:15.141+0000] {subprocess.py:93} INFO - 
[2026-05-09T18:33:15.143+0000] {subprocess.py:93} INFO -   🔍 [56/551] https://www.talabat.com/egypt/restaurant/708673/fotour-breakfast-giza--mourad?aid=7766
[2026-05-09T18:33:15.144+0000] {subprocess.py:93} INFO -      Found 85 menu items
[2026-05-09T18:33:15.145+0000] {subprocess.py:93} INFO -      ✔ Fotour Breakfast | 85 items
[2026-05-09T18:33:15.146+0000] {subprocess.py:93} INFO - 
[2026-05-09T18:33:15.147+0000] {subprocess.py:93} INFO -   🔍 [57/551] https://www.talabat.com/egypt/restaurant/754830/el-qodwa-dokki?aid=7766
[2026-05-09T18:33:15.148+0000] {subprocess.py:93} INFO -      Found 69 menu items
[2026-05-09T18:33:15.149+0000] {subprocess.py:93} INFO -      ✔ El Qodwa | 69 items
[2026-05-09T18:33:15.150+0000] {subprocess.py:93} INFO - 
[2026-05-09T18:33:15.151+0000] {subprocess.py:93} INFO -   🔍 [58/551] https://www.talabat.com/egypt/restaurant/786849/top-sushi-downtown--qasr-el-nile?aid=7766
[2026-05-09T18:33:15.153+0000] {subprocess.py:93} INFO -      Found 71 menu items
[2026-05-09T18:33:15.155+0000] {subprocess.py:93} INFO -      ✔ Top sushi | 71 items
[2026-05-09T18:33:15.157+0000] {subprocess.py:93} INFO - 
[2026-05-09T18:33:15.159+0000] {subprocess.py:93} INFO -   🔍 [59/551] https://www.talabat.com/egypt/restaurant/670389/el-killo-grill-zamalek--gezira-club?aid=7766
[2026-05-09T18:33:15.161+0000] {subprocess.py:93} INFO -      Found 62 menu items
[2026-05-09T18:33:15.163+0000] {subprocess.py:93} INFO -      ✔ El Killo Grill | 62 items
[2026-05-09T18:33:15.164+0000] {subprocess.py:93} INFO - 
[2026-05-09T18:33:15.165+0000] {subprocess.py:93} INFO -   🔍 [60/551] https://www.talabat.com/egypt/restaurant/516584/la-poire-cafe-downtown--talaat-harab?aid=7766
[2026-05-09T18:33:15.166+0000] {subprocess.py:93} INFO -      Found 164 menu items
[2026-05-09T18:33:15.167+0000] {subprocess.py:93} INFO -      ✔ La Poire Cafe | 164 items
[2026-05-09T18:33:15.168+0000] {subprocess.py:93} INFO - 
[2026-05-09T18:33:15.168+0000] {subprocess.py:93} INFO -   🔍 [61/551] https://www.talabat.com/egypt/restaurant/795388/al-husseini-juices-downtown--bab-ash-shariyah?aid=7766
[2026-05-09T18:33:15.169+0000] {subprocess.py:93} INFO -      Found 46 menu items
[2026-05-09T18:33:15.170+0000] {subprocess.py:93} INFO -      ✔ Al Husseini Juices | 46 items
[2026-05-09T18:33:15.171+0000] {subprocess.py:93} INFO - 
[2026-05-09T18:33:15.172+0000] {subprocess.py:93} INFO -   🔍 [62/551] https://www.talabat.com/egypt/restaurant/505612/haty-el-sahaba--shobra?aid=7766
[2026-05-09T18:33:15.173+0000] {subprocess.py:93} INFO -      Found 114 menu items
[2026-05-09T18:33:15.174+0000] {subprocess.py:93} INFO -      ✔ Haty Al Sahaba | 114 items
[2026-05-09T18:33:15.175+0000] {subprocess.py:93} INFO - 
[2026-05-09T18:33:15.176+0000] {subprocess.py:93} INFO -   🔍 [63/551] https://www.talabat.com/egypt/restaurant/759944/sushien-sushi-dokki--tmp?aid=7766
[2026-05-09T18:33:15.177+0000] {subprocess.py:93} INFO -      Found 266 menu items
[2026-05-09T18:33:15.178+0000] {subprocess.py:93} INFO -      ✔ Sushien Sushi | 266 items
[2026-05-09T18:33:15.179+0000] {subprocess.py:93} INFO - 
[2026-05-09T18:33:15.180+0000] {subprocess.py:93} INFO -   🔍 [64/551] https://www.talabat.com/egypt/restaurant/789327/presto-cafe-restaurant-downtown--talaat-harab?aid=7766
[2026-05-09T18:33:15.181+0000] {subprocess.py:93} INFO -      Found 94 menu items
[2026-05-09T18:33:15.182+0000] {subprocess.py:93} INFO -      ✔ presto Cafe & Restaurant | 94 items
[2026-05-09T18:33:15.182+0000] {subprocess.py:93} INFO - 
[2026-05-09T18:33:15.183+0000] {subprocess.py:93} INFO -   🔍 [65/551] https://www.talabat.com/egypt/restaurant/710936/el-refaey-restaurant-downtown--el-sayeda-zeinab?aid=7766
[2026-05-09T18:33:15.184+0000] {subprocess.py:93} INFO -      Found 79 menu items
[2026-05-09T18:33:15.184+0000] {subprocess.py:93} INFO -      ✔ El Refaey Restaurant | 79 items
[2026-05-09T18:33:15.185+0000] {subprocess.py:93} INFO - 
[2026-05-09T18:33:15.187+0000] {subprocess.py:93} INFO -   🔍 [66/551] https://www.talabat.com/egypt/restaurant/505157/misr-el-kheir?aid=7766
[2026-05-09T18:33:15.189+0000] {subprocess.py:93} INFO -      Found 18 menu items
[2026-05-09T18:33:15.190+0000] {subprocess.py:93} INFO -      ✔ Misr El-Kheir | 18 items
[2026-05-09T18:33:15.191+0000] {subprocess.py:93} INFO - 
[2026-05-09T18:33:15.192+0000] {subprocess.py:93} INFO -   🔍 [67/551] https://www.talabat.com/egypt/restaurant/785012/poyo-chicken-misr-el-kadema?aid=7766
[2026-05-09T18:33:15.192+0000] {subprocess.py:93} INFO -      Found 35 menu items
[2026-05-09T18:33:15.193+0000] {subprocess.py:93} INFO -      ✔ Poyo chicken | 35 items
[2026-05-09T18:33:15.194+0000] {subprocess.py:93} INFO - 
[2026-05-09T18:33:15.195+0000] {subprocess.py:93} INFO -   🔍 [68/551] https://www.talabat.com/egypt/restaurant/794933/amir-el-domiaty-giza--giza-square--mourad-st?aid=7766
[2026-05-09T18:33:15.195+0000] {subprocess.py:93} INFO -      Found 313 menu items
[2026-05-09T18:33:15.196+0000] {subprocess.py:93} INFO -      ✔ Amir El Domiaty | 313 items
[2026-05-09T18:33:15.197+0000] {subprocess.py:93} INFO - 
[2026-05-09T18:33:15.197+0000] {subprocess.py:93} INFO -   🔍 [69/551] https://www.talabat.com/egypt/restaurant/749112/el-karnak-downtown--abdin?aid=7766
[2026-05-09T18:33:15.198+0000] {subprocess.py:93} INFO -      Found 67 menu items
[2026-05-09T18:33:15.199+0000] {subprocess.py:93} INFO -      ✔ El Karnak | 67 items
[2026-05-09T18:33:15.199+0000] {subprocess.py:93} INFO - 
[2026-05-09T18:33:15.200+0000] {subprocess.py:93} INFO -   🔍 [70/551] https://www.talabat.com/egypt/restaurant/637980/treetopzamalek--abo-el-feda?aid=7766
[2026-05-09T18:33:15.201+0000] {subprocess.py:93} INFO -      Found 16 menu items
[2026-05-09T18:33:15.202+0000] {subprocess.py:93} INFO -      ✔ Treetop | 16 items
[2026-05-09T18:33:15.202+0000] {subprocess.py:93} INFO - 
[2026-05-09T18:33:15.203+0000] {subprocess.py:93} INFO -   🔍 [71/551] https://www.talabat.com/egypt/restaurant/775150/sham-alasill-misr-el-kadema?aid=7766
[2026-05-09T18:33:15.204+0000] {subprocess.py:93} INFO -      Found 179 menu items
[2026-05-09T18:33:15.205+0000] {subprocess.py:93} INFO -      ✔ Sham AlAsill | 179 items
[2026-05-09T18:33:15.206+0000] {subprocess.py:93} INFO - 
[2026-05-09T18:33:15.207+0000] {subprocess.py:93} INFO -   🔍 [72/551] https://www.talabat.com/egypt/restaurant/777999/wadi-el-nile-restaurant-mosmat-w-mashwyat-garden-city?aid=7766
[2026-05-09T18:33:15.208+0000] {subprocess.py:93} INFO -      Found 101 menu items
[2026-05-09T18:33:15.209+0000] {subprocess.py:93} INFO -      ✔ Wadi El Nile Restaurant Mosmat w Mashwyat | 101 items
[2026-05-09T18:33:15.210+0000] {subprocess.py:93} INFO - 
[2026-05-09T18:33:15.211+0000] {subprocess.py:93} INFO -   🔍 [73/551] https://www.talabat.com/egypt/restaurant/502267/wafflicious--dokki--tmp?aid=7766
[2026-05-09T18:33:15.213+0000] {subprocess.py:93} INFO -      Found 111 menu items
[2026-05-09T18:33:15.214+0000] {subprocess.py:93} INFO -      ✔ WAFFLICIOUS | 111 items
[2026-05-09T18:33:15.215+0000] {subprocess.py:93} INFO - 
[2026-05-09T18:33:15.216+0000] {subprocess.py:93} INFO -   🔍 [74/551] https://www.talabat.com/egypt/restaurant/801232/basic-beans-zamalek--mariott?aid=7766
[2026-05-09T18:33:15.217+0000] {subprocess.py:93} INFO -      Found 81 menu items
[2026-05-09T18:33:15.218+0000] {subprocess.py:93} INFO -      ✔ BASIC BEANS | 81 items
[2026-05-09T18:33:15.219+0000] {subprocess.py:93} INFO - 
[2026-05-09T18:33:15.220+0000] {subprocess.py:93} INFO -   🔍 [75/551] https://www.talabat.com/egypt/restaurant/734501/halawa-we-zaatar-al-manial?aid=7766
[2026-05-09T18:33:15.222+0000] {subprocess.py:93} INFO -      Found 93 menu items
[2026-05-09T18:33:15.223+0000] {subprocess.py:93} INFO -      ✔ Halawa We Zaatar | 93 items
[2026-05-09T18:41:10.132+0000] {subprocess.py:93} INFO - 
[2026-05-09T18:41:10.133+0000] {subprocess.py:93} INFO -   🔍 [76/551] https://www.talabat.com/egypt/restaurant/771884/99cups-al-manial?aid=7766
[2026-05-09T18:41:10.134+0000] {subprocess.py:93} INFO -      Found 40 menu items
[2026-05-09T18:41:10.135+0000] {subprocess.py:93} INFO -      ✔ 99CUPS | 40 items
[2026-05-09T18:41:10.135+0000] {subprocess.py:93} INFO - 
[2026-05-09T18:41:10.136+0000] {subprocess.py:93} INFO -   🔍 [77/551] https://www.talabat.com/egypt/restaurant/738232/kababgi-ibn-ezz-al-manial?aid=7766
[2026-05-09T18:41:10.137+0000] {subprocess.py:93} INFO -      Found 141 menu items
[2026-05-09T18:41:10.138+0000] {subprocess.py:93} INFO -      ✔ Kababgi Ibn Ezz | 141 items
[2026-05-09T18:41:10.138+0000] {subprocess.py:93} INFO - 
[2026-05-09T18:41:10.139+0000] {subprocess.py:93} INFO -   🔍 [78/551] https://www.talabat.com/egypt/restaurant/509415/cilantro-downtown--tahrir?aid=7766
[2026-05-09T18:41:10.140+0000] {subprocess.py:93} INFO -      Found 105 menu items
[2026-05-09T18:41:10.141+0000] {subprocess.py:93} INFO -      ✔ Cilantro | 105 items
[2026-05-09T18:41:10.141+0000] {subprocess.py:93} INFO - 
[2026-05-09T18:41:10.142+0000] {subprocess.py:93} INFO -   🔍 [79/551] https://www.talabat.com/egypt/restaurant/518556/haj-arafa-downtown?aid=7766
[2026-05-09T18:41:10.143+0000] {subprocess.py:93} INFO -      Found 0 menu items
[2026-05-09T18:41:10.144+0000] {subprocess.py:93} INFO -      ✔ Haj ArafainDowntown - Magra El Ouyon,Egypt | 0 items
[2026-05-09T18:41:10.145+0000] {subprocess.py:93} INFO - 
[2026-05-09T18:41:10.145+0000] {subprocess.py:93} INFO -   🔍 [80/551] https://www.talabat.com/egypt/restaurant/707823/omar-el-dimashqi-downtown--talaat-harab?aid=7766
[2026-05-09T18:41:10.146+0000] {subprocess.py:93} INFO -      Found 46 menu items
[2026-05-09T18:41:10.147+0000] {subprocess.py:93} INFO -      ✔ Omar El Dimashqi | 46 items
[2026-05-09T18:41:10.148+0000] {subprocess.py:93} INFO - 
[2026-05-09T18:41:10.149+0000] {subprocess.py:93} INFO -   🔍 [81/551] https://www.talabat.com/egypt/restaurant/713791/andy-downtown--abdin?aid=7766
[2026-05-09T18:41:10.150+0000] {subprocess.py:93} INFO -      Found 77 menu items
[2026-05-09T18:41:10.151+0000] {subprocess.py:93} INFO -      ✔ Andy | 77 items
[2026-05-09T18:41:10.151+0000] {subprocess.py:93} INFO - 
[2026-05-09T18:41:10.152+0000] {subprocess.py:93} INFO -   🔍 [82/551] https://www.talabat.com/egypt/restaurant/514551/mince-giza?aid=7766
[2026-05-09T18:41:10.154+0000] {subprocess.py:93} INFO -      Found 85 menu items
[2026-05-09T18:41:10.154+0000] {subprocess.py:93} INFO -      ✔ Mince | 85 items
[2026-05-09T18:41:10.155+0000] {subprocess.py:93} INFO - 
[2026-05-09T18:41:10.156+0000] {subprocess.py:93} INFO -   🔍 [83/551] https://www.talabat.com/egypt/restaurant/508623/el-abd-downtown--abdin?aid=7766
[2026-05-09T18:41:10.157+0000] {subprocess.py:93} INFO -      Found 188 menu items
[2026-05-09T18:41:10.157+0000] {subprocess.py:93} INFO -      ✔ El Abd | 188 items
[2026-05-09T18:41:10.158+0000] {subprocess.py:93} INFO - 
[2026-05-09T18:41:10.159+0000] {subprocess.py:93} INFO -   🔍 [84/551] https://www.talabat.com/egypt/restaurant/771462/zaza-cuisine-zamalek--26-july?aid=7766
[2026-05-09T18:41:10.160+0000] {subprocess.py:93} INFO -      Found 275 menu items
[2026-05-09T18:41:10.161+0000] {subprocess.py:93} INFO -      ✔ Zaza Cuisine | 275 items
[2026-05-09T18:41:10.163+0000] {subprocess.py:93} INFO - 
[2026-05-09T18:41:10.164+0000] {subprocess.py:93} INFO -   🔍 [85/551] https://www.talabat.com/egypt/restaurant/743735/mazaq-haram--tersa--2?aid=7766
[2026-05-09T18:41:10.165+0000] {subprocess.py:93} INFO -      Found 286 menu items
[2026-05-09T18:41:10.166+0000] {subprocess.py:93} INFO -      ✔ Mazaq | 286 items
[2026-05-09T18:41:10.166+0000] {subprocess.py:93} INFO - 
[2026-05-09T18:41:10.167+0000] {subprocess.py:93} INFO -   🔍 [86/551] https://www.talabat.com/egypt/restaurant/767167/shawerma-abu-rafaei-downtown--el-sayeda-zeinab?aid=7766
[2026-05-09T18:41:10.168+0000] {subprocess.py:93} INFO -      Found 117 menu items
[2026-05-09T18:41:10.169+0000] {subprocess.py:93} INFO -      ✔ Shawerma Abu Rafaei | 117 items
[2026-05-09T18:41:10.170+0000] {subprocess.py:93} INFO - 
[2026-05-09T18:41:10.170+0000] {subprocess.py:93} INFO -   🔍 [87/551] https://www.talabat.com/egypt/grocery/775613/hammam-super-market-downtown--talaat-harab?aid=7766
[2026-05-09T18:41:10.171+0000] {subprocess.py:93} INFO -      Found 0 menu items
[2026-05-09T18:41:10.172+0000] {subprocess.py:93} INFO -      ✔ HAMMAM SUPER MARKETinDowntown - Magra El Ouyon,Egypt | 0 items
[2026-05-09T18:41:10.173+0000] {subprocess.py:93} INFO - 
[2026-05-09T18:41:10.174+0000] {subprocess.py:93} INFO -   🔍 [88/551] https://www.talabat.com/egypt/restaurant/673777/magdy-yacoub-foundation-zamalek?aid=7766
[2026-05-09T18:41:10.175+0000] {subprocess.py:93} INFO -      Found 9 menu items
[2026-05-09T18:41:10.176+0000] {subprocess.py:93} INFO -      ✔ Magdi Yacoub Heart Foundation | 9 items
[2026-05-09T18:41:10.177+0000] {subprocess.py:93} INFO - 
[2026-05-09T18:41:10.178+0000] {subprocess.py:93} INFO -   🔍 [89/551] https://www.talabat.com/egypt/restaurant/767066/seif-el-sham-restaurant-downtown--bab-ash-shariyah?aid=7766
[2026-05-09T18:41:10.179+0000] {subprocess.py:93} INFO -      Found 81 menu items
[2026-05-09T18:41:10.179+0000] {subprocess.py:93} INFO -      ✔ Seif El Sham Restaurant | 81 items
[2026-05-09T18:41:10.180+0000] {subprocess.py:93} INFO - 
[2026-05-09T18:41:10.181+0000] {subprocess.py:93} INFO -   🔍 [90/551] https://www.talabat.com/egypt/restaurant/772167/hot-restaurant-zamalek--26-july?aid=7766
[2026-05-09T18:41:10.182+0000] {subprocess.py:93} INFO -      Found 103 menu items
[2026-05-09T18:41:10.183+0000] {subprocess.py:93} INFO -      ✔ Hot Restaurant | 103 items
[2026-05-09T18:41:10.184+0000] {subprocess.py:93} INFO - 
[2026-05-09T18:41:10.185+0000] {subprocess.py:93} INFO -   🔍 [91/551] https://www.talabat.com/egypt/restaurant/749019/elsenousy-restaurant-grills-downtown--el-sayeda-zeinab?aid=7766
[2026-05-09T18:41:10.186+0000] {subprocess.py:93} INFO -      Found 209 menu items
[2026-05-09T18:41:10.187+0000] {subprocess.py:93} INFO -      ✔ ElSenousy Restaurant Grills | 209 items
[2026-05-09T18:41:10.188+0000] {subprocess.py:93} INFO - 
[2026-05-09T18:41:10.189+0000] {subprocess.py:93} INFO -   🔍 [92/551] https://www.talabat.com/egypt/restaurant/742150/3akeed-elsham-downtown--talaat-harab?aid=7766
[2026-05-09T18:41:10.190+0000] {subprocess.py:93} INFO -      Found 29 menu items
[2026-05-09T18:41:10.191+0000] {subprocess.py:93} INFO -      ✔ 3akeed Elsham | 29 items
[2026-05-09T18:41:10.191+0000] {subprocess.py:93} INFO - 
[2026-05-09T18:41:10.192+0000] {subprocess.py:93} INFO -   🔍 [93/551] https://www.talabat.com/egypt/restaurant/765125/asmak-al-bahrain-al-manial?aid=7766
[2026-05-09T18:41:10.193+0000] {subprocess.py:93} INFO -      Found 111 menu items
[2026-05-09T18:41:10.194+0000] {subprocess.py:93} INFO -      ✔ asmak al bahrain | 111 items
[2026-05-09T18:41:10.194+0000] {subprocess.py:93} INFO - 
[2026-05-09T18:41:10.195+0000] {subprocess.py:93} INFO -   🔍 [94/551] https://www.talabat.com/egypt/restaurant/759143/57357-hospital-downtown--el-sayeda-zeinab?aid=7766
[2026-05-09T18:41:10.196+0000] {subprocess.py:93} INFO -      Found 7 menu items
[2026-05-09T18:41:10.196+0000] {subprocess.py:93} INFO -      ✔ 57357 Hospital | 7 items
[2026-05-09T18:41:10.197+0000] {subprocess.py:93} INFO - 
[2026-05-09T18:41:10.198+0000] {subprocess.py:93} INFO -   🔍 [95/551] https://www.talabat.com/egypt/restaurant/789649/abd-elmaboud-el-malek-el-saleh-misr-el-kadema?aid=7766
[2026-05-09T18:41:10.199+0000] {subprocess.py:93} INFO -      Found 27 menu items
[2026-05-09T18:41:10.200+0000] {subprocess.py:93} INFO -      ✔ abd elmaboud El Malek El Saleh | 27 items
[2026-05-09T18:41:10.201+0000] {subprocess.py:93} INFO - 
[2026-05-09T18:41:10.202+0000] {subprocess.py:93} INFO -   🔍 [96/551] https://www.talabat.com/egypt/restaurant/801617/fifty-fifty-5050-specialty-coffee-zamalek--abo-el-feda?aid=7766
[2026-05-09T18:41:10.202+0000] {subprocess.py:93} INFO -      Found 45 menu items
[2026-05-09T18:41:10.203+0000] {subprocess.py:93} INFO -      ✔ Fifty Fifty 50/50 specialty coffee | 45 items
[2026-05-09T18:41:10.204+0000] {subprocess.py:93} INFO - 
[2026-05-09T18:41:10.205+0000] {subprocess.py:93} INFO -   🔍 [97/551] https://www.talabat.com/egypt/pharmacy/752290/farouk-pharmacies-dokki--mohy-el-din-abou-el-ezz?aid=7766
[2026-05-09T18:41:10.205+0000] {subprocess.py:93} INFO -      Found 0 menu items
[2026-05-09T18:41:10.206+0000] {subprocess.py:93} INFO -      ✔ Farouk PharmaciesinDowntown - Magra El Ouyon,Egypt | 0 items
[2026-05-09T18:41:10.207+0000] {subprocess.py:93} INFO - 
[2026-05-09T18:41:10.208+0000] {subprocess.py:93} INFO -   🔍 [98/551] https://www.talabat.com/egypt/restaurant/802613/allam-beit-al-makhbouzat-downtown--el-sayeda-zeinab?aid=7766
[2026-05-09T18:41:10.209+0000] {subprocess.py:93} INFO -      Found 115 menu items
[2026-05-09T18:41:10.210+0000] {subprocess.py:93} INFO -      ✔ Allam Beit Al Makhbouzat | 115 items
[2026-05-09T18:41:10.210+0000] {subprocess.py:93} INFO - 
[2026-05-09T18:41:10.211+0000] {subprocess.py:93} INFO -   🔍 [99/551] https://www.talabat.com/egypt/restaurant/788002/smoothie-paradise-downtown--magales-el-shaab?aid=7766
[2026-05-09T18:41:10.212+0000] {subprocess.py:93} INFO -      Found 84 menu items
[2026-05-09T18:41:10.212+0000] {subprocess.py:93} INFO -      ✔ Smoothie Paradise | 84 items
[2026-05-09T18:41:10.213+0000] {subprocess.py:93} INFO - 
[2026-05-09T18:41:10.214+0000] {subprocess.py:93} INFO -   🔍 [100/551] https://www.talabat.com/egypt/restaurant/717662/alaa-eldin-restaurant-garden-city?aid=7766
[2026-05-09T18:41:10.215+0000] {subprocess.py:93} INFO -      Found 54 menu items
[2026-05-09T18:41:10.215+0000] {subprocess.py:93} INFO -      ✔ Alaa Eldin Restaurant | 54 items
[2026-05-09T18:41:10.216+0000] {subprocess.py:93} INFO - 
[2026-05-09T18:41:10.217+0000] {subprocess.py:93} INFO -   🔍 [101/551] https://www.talabat.com/egypt/restaurant/740831/el-makhbaz-el-lebnany-el-asly-al-manial-tgo?aid=7766
[2026-05-09T18:41:10.217+0000] {subprocess.py:93} INFO -      Found 145 menu items
[2026-05-09T18:41:10.218+0000] {subprocess.py:93} INFO -      ✔ EL Makhbaz El Lebnany El Asly | 145 items
[2026-05-09T18:41:10.219+0000] {subprocess.py:93} INFO - 
[2026-05-09T18:41:10.219+0000] {subprocess.py:93} INFO -   🔍 [102/551] https://www.talabat.com/egypt/restaurant/784101/kilo-dajaj-downtown--abdin?aid=7766
[2026-05-09T18:41:10.220+0000] {subprocess.py:93} INFO -      Found 26 menu items
[2026-05-09T18:41:10.221+0000] {subprocess.py:93} INFO -      ✔ Kilo Dajaj | 26 items
[2026-05-09T18:41:10.221+0000] {subprocess.py:93} INFO - 
[2026-05-09T18:41:10.222+0000] {subprocess.py:93} INFO -   🔍 [103/551] https://www.talabat.com/egypt/restaurant/685459/awlad-ali-pizza-shobra--rod-el-farg?aid=7766
[2026-05-09T18:41:10.223+0000] {subprocess.py:93} INFO -      Found 195 menu items
[2026-05-09T18:41:10.224+0000] {subprocess.py:93} INFO -      ✔ Awlad Ali | 195 items
[2026-05-09T18:41:10.225+0000] {subprocess.py:93} INFO - 
[2026-05-09T18:41:10.225+0000] {subprocess.py:93} INFO -   🔍 [104/551] https://www.talabat.com/egypt/restaurant/779355/yam-specialty-coffee-zamalek--abo-el-feda?aid=7766
[2026-05-09T18:41:10.226+0000] {subprocess.py:93} INFO -      Found 22 menu items
[2026-05-09T18:41:10.227+0000] {subprocess.py:93} INFO -      ✔ Yam Specialty Coffee | 22 items
[2026-05-09T18:41:10.228+0000] {subprocess.py:93} INFO - 
[2026-05-09T18:41:10.229+0000] {subprocess.py:93} INFO -   🔍 [105/551] https://www.talabat.com/egypt/restaurant/729410/mr-foul-downtown--abdin?aid=7766
[2026-05-09T18:41:10.229+0000] {subprocess.py:93} INFO -      Found 128 menu items
[2026-05-09T18:41:10.230+0000] {subprocess.py:93} INFO -      ✔ Mr foul | 128 items
[2026-05-09T18:41:10.231+0000] {subprocess.py:93} INFO - 
[2026-05-09T18:41:10.231+0000] {subprocess.py:93} INFO -   🔍 [106/551] https://www.talabat.com/egypt/restaurant/795191/malek-elrenga-downtown--el-sayeda-zeinab?aid=7766
[2026-05-09T18:41:10.232+0000] {subprocess.py:93} INFO -      Found 30 menu items
[2026-05-09T18:41:10.233+0000] {subprocess.py:93} INFO -      ✔ Malek Elrenga | 30 items
[2026-05-09T18:41:10.234+0000] {subprocess.py:93} INFO - 
[2026-05-09T18:41:10.235+0000] {subprocess.py:93} INFO -   🔍 [107/551] https://www.talabat.com/egypt/restaurant/794520/the-joker-dokki--oman-square?aid=7766
[2026-05-09T18:41:10.235+0000] {subprocess.py:93} INFO -      Found 75 menu items
[2026-05-09T18:41:10.236+0000] {subprocess.py:93} INFO -      ✔ The Joker | 75 items
[2026-05-09T18:41:10.237+0000] {subprocess.py:93} INFO - 
[2026-05-09T18:41:10.238+0000] {subprocess.py:93} INFO -   🔍 [108/551] https://www.talabat.com/egypt/pharmacy/726597/el-khabiry-pharmacy-misr-el-kadema?aid=7766
[2026-05-09T18:41:10.239+0000] {subprocess.py:93} INFO -      Found 0 menu items
[2026-05-09T18:41:10.240+0000] {subprocess.py:93} INFO -      ✔ El Khabiry PharmacyinDowntown - Magra El Ouyon,Egypt | 0 items
[2026-05-09T18:41:10.240+0000] {subprocess.py:93} INFO - 
[2026-05-09T18:41:10.241+0000] {subprocess.py:93} INFO -   🔍 [109/551] https://www.talabat.com/egypt/restaurant/775684/mr-bala-downtown--el-sayeda-zeinab?aid=7766
[2026-05-09T18:41:10.242+0000] {subprocess.py:93} INFO -      Found 14 menu items
[2026-05-09T18:41:10.242+0000] {subprocess.py:93} INFO -      ✔ Mr. Bala | 14 items
[2026-05-09T18:41:10.243+0000] {subprocess.py:93} INFO - 
[2026-05-09T18:41:10.244+0000] {subprocess.py:93} INFO -   🔍 [110/551] https://www.talabat.com/egypt/restaurant/744690/mokhito-al-manial?aid=7766
[2026-05-09T18:41:10.244+0000] {subprocess.py:93} INFO -      Found 187 menu items
[2026-05-09T18:41:10.245+0000] {subprocess.py:93} INFO -      ✔ mokhito | 187 items
[2026-05-09T18:41:10.246+0000] {subprocess.py:93} INFO - 
[2026-05-09T18:41:10.246+0000] {subprocess.py:93} INFO -   🔍 [111/551] https://www.talabat.com/egypt/restaurant/709809/low-calories--zamalek?aid=7766
[2026-05-09T18:41:10.247+0000] {subprocess.py:93} INFO -      Found 50 menu items
[2026-05-09T18:41:10.248+0000] {subprocess.py:93} INFO -      ✔ Low Calories | 50 items
[2026-05-09T18:41:10.249+0000] {subprocess.py:93} INFO - 
[2026-05-09T18:41:10.249+0000] {subprocess.py:93} INFO -   🔍 [112/551] https://www.talabat.com/egypt/restaurant/518625/pizza-master-downtown--magales-el-shaab?aid=7766
[2026-05-09T18:41:10.250+0000] {subprocess.py:93} INFO -      Found 65 menu items
[2026-05-09T18:41:10.251+0000] {subprocess.py:93} INFO -      ✔ Pizza Master | 65 items
[2026-05-09T18:41:10.252+0000] {subprocess.py:93} INFO - 
[2026-05-09T18:41:10.252+0000] {subprocess.py:93} INFO -   🔍 [113/551] https://www.talabat.com/egypt/restaurant/706335/fool-flafel-hekya-abo-mostafa-downtown--el-sayeda-zeinab?aid=7766
[2026-05-09T18:41:10.253+0000] {subprocess.py:93} INFO -      Found 33 menu items
[2026-05-09T18:41:10.254+0000] {subprocess.py:93} INFO -      ✔ Fool Flafel Hekya Abo Mostafa | 33 items
[2026-05-09T18:41:10.254+0000] {subprocess.py:93} INFO - 
[2026-05-09T18:41:10.255+0000] {subprocess.py:93} INFO -   🔍 [114/551] https://www.talabat.com/egypt/restaurant/757538/over-dozzz-al-manial?aid=7766
[2026-05-09T18:41:10.256+0000] {subprocess.py:93} INFO -      Found 75 menu items
[2026-05-09T18:41:10.256+0000] {subprocess.py:93} INFO -      ✔ Over dozzz | 75 items
[2026-05-09T18:41:10.257+0000] {subprocess.py:93} INFO - 
[2026-05-09T18:41:10.258+0000] {subprocess.py:93} INFO -   🔍 [115/551] https://www.talabat.com/egypt/restaurant/732447/koshry-mawlana-al-azbakiyyah?aid=7766
[2026-05-09T18:41:10.259+0000] {subprocess.py:93} INFO -      Found 23 menu items
[2026-05-09T18:41:10.259+0000] {subprocess.py:93} INFO -      ✔ Koshry Mawlana | 23 items
[2026-05-09T18:41:10.260+0000] {subprocess.py:93} INFO - 
[2026-05-09T18:41:10.261+0000] {subprocess.py:93} INFO -   🔍 [116/551] https://www.talabat.com/egypt/restaurant/698889/wimpy-talaat-harbdowntown?aid=7766
[2026-05-09T18:41:10.262+0000] {subprocess.py:93} INFO -      Found 149 menu items
[2026-05-09T18:41:10.263+0000] {subprocess.py:93} INFO -      ✔ Wimpy | 149 items
[2026-05-09T18:41:10.264+0000] {subprocess.py:93} INFO - 
[2026-05-09T18:41:10.264+0000] {subprocess.py:93} INFO -   🔍 [117/551] https://www.talabat.com/egypt/restaurant/796244/hamed-el-eskndrany-shobra--masara--tmp?aid=7766
[2026-05-09T18:41:10.265+0000] {subprocess.py:93} INFO -      Found 239 menu items
[2026-05-09T18:41:10.266+0000] {subprocess.py:93} INFO -      ✔ Hamed El Eskndrany | 239 items
[2026-05-09T18:41:10.267+0000] {subprocess.py:93} INFO - 
[2026-05-09T18:41:10.267+0000] {subprocess.py:93} INFO -   🔍 [118/551] https://www.talabat.com/egypt/restaurant/507624/arigato-zamalek--abo-el-feda?aid=7766
[2026-05-09T18:41:10.268+0000] {subprocess.py:93} INFO -      Found 183 menu items
[2026-05-09T18:41:10.269+0000] {subprocess.py:93} INFO -      ✔ Arigato - Sushi | 183 items
[2026-05-09T18:41:10.269+0000] {subprocess.py:93} INFO - 
[2026-05-09T18:41:10.270+0000] {subprocess.py:93} INFO -   🔍 [119/551] https://www.talabat.com/egypt/restaurant/732116/farghaly-fruit-mohandesin--abdin?aid=7766
[2026-05-09T18:41:10.271+0000] {subprocess.py:93} INFO -      Found 114 menu items
[2026-05-09T18:41:10.272+0000] {subprocess.py:93} INFO -      ✔ Farghaly Fruit | 114 items
[2026-05-09T18:41:10.272+0000] {subprocess.py:93} INFO - 
[2026-05-09T18:41:10.273+0000] {subprocess.py:93} INFO -   🔍 [120/551] https://www.talabat.com/egypt/restaurant/799838/b-to-b-breakfast-to-breakfast-downtown--tahrir?aid=7766
[2026-05-09T18:41:10.274+0000] {subprocess.py:93} INFO -      Found 28 menu items
[2026-05-09T18:41:10.275+0000] {subprocess.py:93} INFO -      ✔ B to B Breakfast to Breakfast | 28 items
[2026-05-09T18:41:10.276+0000] {subprocess.py:93} INFO - 
[2026-05-09T18:41:10.277+0000] {subprocess.py:93} INFO -   🔍 [121/551] https://www.talabat.com/egypt/restaurant/785805/beit-al-deira-shobra--faculty-of-engineering?aid=7766
[2026-05-09T18:41:10.277+0000] {subprocess.py:93} INFO -      Found 20 menu items
[2026-05-09T18:41:10.278+0000] {subprocess.py:93} INFO -      ✔ Beit Al Deira | 20 items
[2026-05-09T18:41:10.279+0000] {subprocess.py:93} INFO - 
[2026-05-09T18:41:10.279+0000] {subprocess.py:93} INFO -   🔍 [122/551] https://www.talabat.com/egypt/restaurant/744030/dawar-west-al-balad-downtown--tahrir?aid=7766
[2026-05-09T18:41:10.280+0000] {subprocess.py:93} INFO -      Found 8 menu items
[2026-05-09T18:41:10.281+0000] {subprocess.py:93} INFO -      ✔ Dawar West Al Balad | 8 items
[2026-05-09T18:47:31.293+0000] {local_task_job_runner.py:310} WARNING - State of this instance has been externally set to failed. Terminating instance.
[2026-05-09T18:47:31.328+0000] {local_task_job_runner.py:222} INFO - ::endgroup::
[2026-05-09T18:47:31.357+0000] {process_utils.py:132} INFO - Sending 15 to group 255. PIDs of all processes in the group: [256, 255]
[2026-05-09T18:47:31.361+0000] {process_utils.py:87} INFO - Sending the signal 15 to group 255
[2026-05-09T18:47:31.366+0000] {taskinstance.py:2611} ERROR - Received SIGTERM. Terminating subprocesses.
[2026-05-09T18:47:31.370+0000] {subprocess.py:104} INFO - Sending SIGTERM signal to process group
[2026-05-09T18:47:31.389+0000] {taskinstance.py:441} INFO - ::group::Post task execution logs
[2026-05-09T18:47:31.825+0000] {process_utils.py:80} INFO - Process psutil.Process(pid=256, status='terminated', started='18:12:21') (256) terminated with exit code None
[2026-05-09T18:47:31.834+0000] {process_utils.py:80} INFO - Process psutil.Process(pid=255, status='terminated', exitcode=0, started='18:12:19') (255) terminated with exit code 0
