[2026-05-09T18:09:40.449+0000] {local_task_job_runner.py:120} INFO - ::group::Pre task execution logs
[2026-05-09T18:09:40.488+0000] {taskinstance.py:2076} INFO - Dependencies all met for dep_context=non-requeueable deps ti=<TaskInstance: weekly_data_pipeline.run_talabat_scraper manual__2026-05-09T17:24:50.690507+00:00 [queued]>
[2026-05-09T18:09:40.501+0000] {taskinstance.py:2076} INFO - Dependencies all met for dep_context=requeueable deps ti=<TaskInstance: weekly_data_pipeline.run_talabat_scraper manual__2026-05-09T17:24:50.690507+00:00 [queued]>
[2026-05-09T18:09:40.502+0000] {taskinstance.py:2306} INFO - Starting attempt 2 of 2
[2026-05-09T18:09:40.524+0000] {taskinstance.py:2330} INFO - Executing <Task(BashOperator): run_talabat_scraper> on 2026-05-09 17:24:50.690507+00:00
[2026-05-09T18:09:40.537+0000] {warnings.py:110} WARNING - /home/***/.local/lib/python3.12/site-packages/***/task/task_runner/standard_task_runner.py:61: DeprecationWarning: This process (pid=203) is multi-threaded, use of fork() may lead to deadlocks in the child.
  pid = os.fork()

[2026-05-09T18:09:40.540+0000] {standard_task_runner.py:63} INFO - Started process 204 to run task
[2026-05-09T18:09:40.539+0000] {standard_task_runner.py:90} INFO - Running: ['***', 'tasks', 'run', 'weekly_data_pipeline', 'run_talabat_scraper', 'manual__2026-05-09T17:24:50.690507+00:00', '--job-id', '38', '--raw', '--subdir', 'DAGS_FOLDER/weekly_pipeline.py', '--cfg-path', '/tmp/tmpykvyio02']
[2026-05-09T18:09:40.541+0000] {standard_task_runner.py:91} INFO - Job 38: Subtask run_talabat_scraper
[2026-05-09T18:09:40.691+0000] {task_command.py:426} INFO - Running <TaskInstance: weekly_data_pipeline.run_talabat_scraper manual__2026-05-09T17:24:50.690507+00:00 [running]> on host 00aef602c10c
[2026-05-09T18:09:40.817+0000] {taskinstance.py:2648} INFO - Exporting env vars: AIRFLOW_CTX_DAG_OWNER='koka' AIRFLOW_CTX_DAG_ID='weekly_data_pipeline' AIRFLOW_CTX_TASK_ID='run_talabat_scraper' AIRFLOW_CTX_EXECUTION_DATE='2026-05-09T17:24:50.690507+00:00' AIRFLOW_CTX_TRY_NUMBER='2' AIRFLOW_CTX_DAG_RUN_ID='manual__2026-05-09T17:24:50.690507+00:00'
[2026-05-09T18:09:40.819+0000] {taskinstance.py:430} INFO - ::endgroup::
[2026-05-09T18:09:40.861+0000] {subprocess.py:63} INFO - Tmp dir root location: /tmp
[2026-05-09T18:09:40.863+0000] {subprocess.py:75} INFO - Running command: ['/usr/bin/bash', '-c', 'python /opt/***/scripts/talabat_scraper.py']
[2026-05-09T18:09:40.877+0000] {subprocess.py:86} INFO - Output:
[2026-05-09T18:12:36.765+0000] {local_task_job_runner.py:310} WARNING - State of this instance has been externally set to failed. Terminating instance.
[2026-05-09T18:12:36.782+0000] {local_task_job_runner.py:222} INFO - ::endgroup::
[2026-05-09T18:12:36.822+0000] {process_utils.py:132} INFO - Sending 15 to group 204. PIDs of all processes in the group: [205, 204]
[2026-05-09T18:12:36.826+0000] {process_utils.py:87} INFO - Sending the signal 15 to group 204
[2026-05-09T18:12:36.829+0000] {taskinstance.py:2611} ERROR - Received SIGTERM. Terminating subprocesses.
[2026-05-09T18:12:36.830+0000] {subprocess.py:104} INFO - Sending SIGTERM signal to process group
[2026-05-09T18:12:36.882+0000] {taskinstance.py:441} INFO - ::group::Post task execution logs
[2026-05-09T18:12:36.963+0000] {process_utils.py:80} INFO - Process psutil.Process(pid=204, status='terminated', exitcode=0, started='18:09:39') (204) terminated with exit code 0
[2026-05-09T18:12:36.965+0000] {process_utils.py:80} INFO - Process psutil.Process(pid=205, status='terminated', started='18:09:39') (205) terminated with exit code None
